

Microchip MPLAB XC8 Assembler V2.31 build 20201012212115 
                                                                                               Thu Sep 23 09:06:46 2021

Microchip MPLAB XC8 C Compiler v2.31 (Free license) build 20201012212115 Og1 
     1                           	processor	16F1827
     2                           	pagewidth 120
     3                           	opt	flic
     4                           	psect	cinit,global,class=CODE,merge=1,delta=2
     5                           	psect	bssCOMMON,global,class=COMMON,space=1,delta=1,noexec
     6                           	psect	cstackCOMMON,global,class=COMMON,space=1,delta=1,noexec
     7                           	psect	maintext,global,class=CODE,merge=1,split=1,delta=2
     8                           	psect	text1,local,class=CODE,merge=1,delta=2
     9                           	psect	text2,local,class=CODE,merge=1,delta=2
    10                           	psect	text3,local,class=CODE,merge=1,delta=2
    11                           	psect	text4,local,class=CODE,merge=1,delta=2
    12                           	psect	text5,local,class=CODE,merge=1,delta=2
    13                           	psect	text6,local,class=CODE,merge=1,delta=2
    14                           	psect	text7,local,class=CODE,merge=1,delta=2
    15                           	psect	config,global,abs,ovrld,class=CONFIG,space=4,delta=2,noexec
    16                           	dabs	1,0x7E,2
    17  0000                     
    18                           ; Version 2.20
    19                           ; Generated 12/02/2020 GMT
    20                           ; 
    21                           ; Copyright © 2020, Microchip Technology Inc. and its subsidiaries ("Microchip")
    22                           ; All rights reserved.
    23                           ; 
    24                           ; This software is developed by Microchip Technology Inc. and its subsidiaries ("Microch
      +                          ip").
    25                           ; 
    26                           ; Redistribution and use in source and binary forms, with or without modification, are
    27                           ; permitted provided that the following conditions are met:
    28                           ; 
    29                           ;     1. Redistributions of source code must retain the above copyright notice, this lis
      +                          t of
    30                           ;        conditions and the following disclaimer.
    31                           ; 
    32                           ;     2. Redistributions in binary form must reproduce the above copyright notice, this 
      +                          list
    33                           ;        of conditions and the following disclaimer in the documentation and/or other
    34                           ;        materials provided with the distribution.
    35                           ; 
    36                           ;     3. Microchip's name may not be used to endorse or promote products derived from th
      +                          is
    37                           ;        software without specific prior written permission.
    38                           ; 
    39                           ; THIS SOFTWARE IS PROVIDED BY MICROCHIP "AS IS" AND ANY EXPRESS OR IMPLIED WARRANTIES,
    40                           ; INCLUDING, BUT NOT LIMITED TO, THE IMPLIED WARRANTIES OF MERCHANTABILITY AND FITNESS F
      +                          OR
    41                           ; PURPOSE ARE DISCLAIMED.  IN NO EVENT SHALL MICROCHIP BE LIABLE FOR ANY DIRECT, INDIREC
      +                          T,
    42                           ; INCIDENTAL, SPECIAL, EXEMPLARY, OR CONSEQUENTIAL DAMAGES (INCLUDING BUT NOT LIMITED TO
    43                           ; PROCUREMENT OF SUBSTITUTE GOODS OR SERVICES; LOSS OF USE, DATA OR PROFITS; OR BUSINESS
    44                           ; INTERRUPTION) HOWSOEVER CAUSED AND ON ANY THEORY OF LIABILITY, WHETHER IN CONTRACT, ST
      +                          RICT
    45                           ; LIABILITY, OR TORT (INCLUDING NEGLIGENCE OR OTHERWISE) ARISING IN ANY WAY OUT OF THE U
      +                          SE OF
    46                           ; THIS SOFTWARE, EVEN IF ADVISED OF THE POSSIBILITY OF SUCH DAMAGE.
    47                           ; 
    48                           ; 
    49                           ; Code-generator required, PIC16F1827 Definitions
    50                           ; 
    51                           ; SFR Addresses
    52  0000                     	;# 
    53  0001                     	;# 
    54  0002                     	;# 
    55  0003                     	;# 
    56  0004                     	;# 
    57  0005                     	;# 
    58  0006                     	;# 
    59  0007                     	;# 
    60  0008                     	;# 
    61  0009                     	;# 
    62  000A                     	;# 
    63  000B                     	;# 
    64  000C                     	;# 
    65  000D                     	;# 
    66  0011                     	;# 
    67  0012                     	;# 
    68  0013                     	;# 
    69  0014                     	;# 
    70  0015                     	;# 
    71  0016                     	;# 
    72  0016                     	;# 
    73  0017                     	;# 
    74  0018                     	;# 
    75  0019                     	;# 
    76  001A                     	;# 
    77  001B                     	;# 
    78  001C                     	;# 
    79  001E                     	;# 
    80  001F                     	;# 
    81  008C                     	;# 
    82  008D                     	;# 
    83  0091                     	;# 
    84  0092                     	;# 
    85  0093                     	;# 
    86  0094                     	;# 
    87  0095                     	;# 
    88  0096                     	;# 
    89  0097                     	;# 
    90  0098                     	;# 
    91  0099                     	;# 
    92  009A                     	;# 
    93  009B                     	;# 
    94  009B                     	;# 
    95  009C                     	;# 
    96  009D                     	;# 
    97  009E                     	;# 
    98  010C                     	;# 
    99  010D                     	;# 
   100  0111                     	;# 
   101  0112                     	;# 
   102  0113                     	;# 
   103  0114                     	;# 
   104  0115                     	;# 
   105  0116                     	;# 
   106  0117                     	;# 
   107  0118                     	;# 
   108  0119                     	;# 
   109  011A                     	;# 
   110  011B                     	;# 
   111  011D                     	;# 
   112  011E                     	;# 
   113  018C                     	;# 
   114  018D                     	;# 
   115  0191                     	;# 
   116  0191                     	;# 
   117  0192                     	;# 
   118  0193                     	;# 
   119  0193                     	;# 
   120  0193                     	;# 
   121  0194                     	;# 
   122  0195                     	;# 
   123  0196                     	;# 
   124  0199                     	;# 
   125  019A                     	;# 
   126  019B                     	;# 
   127  019B                     	;# 
   128  019B                     	;# 
   129  019B                     	;# 
   130  019C                     	;# 
   131  019C                     	;# 
   132  019D                     	;# 
   133  019E                     	;# 
   134  019F                     	;# 
   135  020C                     	;# 
   136  020D                     	;# 
   137  0211                     	;# 
   138  0211                     	;# 
   139  0212                     	;# 
   140  0212                     	;# 
   141  0213                     	;# 
   142  0213                     	;# 
   143  0214                     	;# 
   144  0214                     	;# 
   145  0215                     	;# 
   146  0215                     	;# 
   147  0215                     	;# 
   148  0216                     	;# 
   149  0216                     	;# 
   150  0217                     	;# 
   151  0217                     	;# 
   152  0219                     	;# 
   153  021A                     	;# 
   154  021B                     	;# 
   155  021C                     	;# 
   156  021D                     	;# 
   157  021E                     	;# 
   158  021F                     	;# 
   159  0291                     	;# 
   160  0291                     	;# 
   161  0292                     	;# 
   162  0293                     	;# 
   163  0294                     	;# 
   164  0295                     	;# 
   165  0295                     	;# 
   166  0296                     	;# 
   167  0298                     	;# 
   168  0298                     	;# 
   169  0299                     	;# 
   170  029A                     	;# 
   171  029B                     	;# 
   172  029C                     	;# 
   173  029C                     	;# 
   174  029D                     	;# 
   175  029E                     	;# 
   176  029E                     	;# 
   177  0311                     	;# 
   178  0311                     	;# 
   179  0312                     	;# 
   180  0313                     	;# 
   181  0318                     	;# 
   182  0318                     	;# 
   183  0319                     	;# 
   184  031A                     	;# 
   185  0394                     	;# 
   186  0395                     	;# 
   187  0396                     	;# 
   188  039A                     	;# 
   189  039C                     	;# 
   190  039D                     	;# 
   191  039E                     	;# 
   192  039F                     	;# 
   193  0415                     	;# 
   194  0416                     	;# 
   195  0417                     	;# 
   196  041C                     	;# 
   197  041D                     	;# 
   198  041E                     	;# 
   199  0FE4                     	;# 
   200  0FE5                     	;# 
   201  0FE6                     	;# 
   202  0FE7                     	;# 
   203  0FE8                     	;# 
   204  0FE9                     	;# 
   205  0FEA                     	;# 
   206  0FEB                     	;# 
   207  0FED                     	;# 
   208  0FEE                     	;# 
   209  0FEF                     	;# 
   210  0000                     	;# 
   211  0001                     	;# 
   212  0002                     	;# 
   213  0003                     	;# 
   214  0004                     	;# 
   215  0005                     	;# 
   216  0006                     	;# 
   217  0007                     	;# 
   218  0008                     	;# 
   219  0009                     	;# 
   220  000A                     	;# 
   221  000B                     	;# 
   222  000C                     	;# 
   223  000D                     	;# 
   224  0011                     	;# 
   225  0012                     	;# 
   226  0013                     	;# 
   227  0014                     	;# 
   228  0015                     	;# 
   229  0016                     	;# 
   230  0016                     	;# 
   231  0017                     	;# 
   232  0018                     	;# 
   233  0019                     	;# 
   234  001A                     	;# 
   235  001B                     	;# 
   236  001C                     	;# 
   237  001E                     	;# 
   238  001F                     	;# 
   239  008C                     	;# 
   240  008D                     	;# 
   241  0091                     	;# 
   242  0092                     	;# 
   243  0093                     	;# 
   244  0094                     	;# 
   245  0095                     	;# 
   246  0096                     	;# 
   247  0097                     	;# 
   248  0098                     	;# 
   249  0099                     	;# 
   250  009A                     	;# 
   251  009B                     	;# 
   252  009B                     	;# 
   253  009C                     	;# 
   254  009D                     	;# 
   255  009E                     	;# 
   256  010C                     	;# 
   257  010D                     	;# 
   258  0111                     	;# 
   259  0112                     	;# 
   260  0113                     	;# 
   261  0114                     	;# 
   262  0115                     	;# 
   263  0116                     	;# 
   264  0117                     	;# 
   265  0118                     	;# 
   266  0119                     	;# 
   267  011A                     	;# 
   268  011B                     	;# 
   269  011D                     	;# 
   270  011E                     	;# 
   271  018C                     	;# 
   272  018D                     	;# 
   273  0191                     	;# 
   274  0191                     	;# 
   275  0192                     	;# 
   276  0193                     	;# 
   277  0193                     	;# 
   278  0193                     	;# 
   279  0194                     	;# 
   280  0195                     	;# 
   281  0196                     	;# 
   282  0199                     	;# 
   283  019A                     	;# 
   284  019B                     	;# 
   285  019B                     	;# 
   286  019B                     	;# 
   287  019B                     	;# 
   288  019C                     	;# 
   289  019C                     	;# 
   290  019D                     	;# 
   291  019E                     	;# 
   292  019F                     	;# 
   293  020C                     	;# 
   294  020D                     	;# 
   295  0211                     	;# 
   296  0211                     	;# 
   297  0212                     	;# 
   298  0212                     	;# 
   299  0213                     	;# 
   300  0213                     	;# 
   301  0214                     	;# 
   302  0214                     	;# 
   303  0215                     	;# 
   304  0215                     	;# 
   305  0215                     	;# 
   306  0216                     	;# 
   307  0216                     	;# 
   308  0217                     	;# 
   309  0217                     	;# 
   310  0219                     	;# 
   311  021A                     	;# 
   312  021B                     	;# 
   313  021C                     	;# 
   314  021D                     	;# 
   315  021E                     	;# 
   316  021F                     	;# 
   317  0291                     	;# 
   318  0291                     	;# 
   319  0292                     	;# 
   320  0293                     	;# 
   321  0294                     	;# 
   322  0295                     	;# 
   323  0295                     	;# 
   324  0296                     	;# 
   325  0298                     	;# 
   326  0298                     	;# 
   327  0299                     	;# 
   328  029A                     	;# 
   329  029B                     	;# 
   330  029C                     	;# 
   331  029C                     	;# 
   332  029D                     	;# 
   333  029E                     	;# 
   334  029E                     	;# 
   335  0311                     	;# 
   336  0311                     	;# 
   337  0312                     	;# 
   338  0313                     	;# 
   339  0318                     	;# 
   340  0318                     	;# 
   341  0319                     	;# 
   342  031A                     	;# 
   343  0394                     	;# 
   344  0395                     	;# 
   345  0396                     	;# 
   346  039A                     	;# 
   347  039C                     	;# 
   348  039D                     	;# 
   349  039E                     	;# 
   350  039F                     	;# 
   351  0415                     	;# 
   352  0416                     	;# 
   353  0417                     	;# 
   354  041C                     	;# 
   355  041D                     	;# 
   356  041E                     	;# 
   357  0FE4                     	;# 
   358  0FE5                     	;# 
   359  0FE6                     	;# 
   360  0FE7                     	;# 
   361  0FE8                     	;# 
   362  0FE9                     	;# 
   363  0FEA                     	;# 
   364  0FEB                     	;# 
   365  0FED                     	;# 
   366  0FEE                     	;# 
   367  0FEF                     	;# 
   368  0000                     	;# 
   369  0001                     	;# 
   370  0002                     	;# 
   371  0003                     	;# 
   372  0004                     	;# 
   373  0005                     	;# 
   374  0006                     	;# 
   375  0007                     	;# 
   376  0008                     	;# 
   377  0009                     	;# 
   378  000A                     	;# 
   379  000B                     	;# 
   380  000C                     	;# 
   381  000D                     	;# 
   382  0011                     	;# 
   383  0012                     	;# 
   384  0013                     	;# 
   385  0014                     	;# 
   386  0015                     	;# 
   387  0016                     	;# 
   388  0016                     	;# 
   389  0017                     	;# 
   390  0018                     	;# 
   391  0019                     	;# 
   392  001A                     	;# 
   393  001B                     	;# 
   394  001C                     	;# 
   395  001E                     	;# 
   396  001F                     	;# 
   397  008C                     	;# 
   398  008D                     	;# 
   399  0091                     	;# 
   400  0092                     	;# 
   401  0093                     	;# 
   402  0094                     	;# 
   403  0095                     	;# 
   404  0096                     	;# 
   405  0097                     	;# 
   406  0098                     	;# 
   407  0099                     	;# 
   408  009A                     	;# 
   409  009B                     	;# 
   410  009B                     	;# 
   411  009C                     	;# 
   412  009D                     	;# 
   413  009E                     	;# 
   414  010C                     	;# 
   415  010D                     	;# 
   416  0111                     	;# 
   417  0112                     	;# 
   418  0113                     	;# 
   419  0114                     	;# 
   420  0115                     	;# 
   421  0116                     	;# 
   422  0117                     	;# 
   423  0118                     	;# 
   424  0119                     	;# 
   425  011A                     	;# 
   426  011B                     	;# 
   427  011D                     	;# 
   428  011E                     	;# 
   429  018C                     	;# 
   430  018D                     	;# 
   431  0191                     	;# 
   432  0191                     	;# 
   433  0192                     	;# 
   434  0193                     	;# 
   435  0193                     	;# 
   436  0193                     	;# 
   437  0194                     	;# 
   438  0195                     	;# 
   439  0196                     	;# 
   440  0199                     	;# 
   441  019A                     	;# 
   442  019B                     	;# 
   443  019B                     	;# 
   444  019B                     	;# 
   445  019B                     	;# 
   446  019C                     	;# 
   447  019C                     	;# 
   448  019D                     	;# 
   449  019E                     	;# 
   450  019F                     	;# 
   451  020C                     	;# 
   452  020D                     	;# 
   453  0211                     	;# 
   454  0211                     	;# 
   455  0212                     	;# 
   456  0212                     	;# 
   457  0213                     	;# 
   458  0213                     	;# 
   459  0214                     	;# 
   460  0214                     	;# 
   461  0215                     	;# 
   462  0215                     	;# 
   463  0215                     	;# 
   464  0216                     	;# 
   465  0216                     	;# 
   466  0217                     	;# 
   467  0217                     	;# 
   468  0219                     	;# 
   469  021A                     	;# 
   470  021B                     	;# 
   471  021C                     	;# 
   472  021D                     	;# 
   473  021E                     	;# 
   474  021F                     	;# 
   475  0291                     	;# 
   476  0291                     	;# 
   477  0292                     	;# 
   478  0293                     	;# 
   479  0294                     	;# 
   480  0295                     	;# 
   481  0295                     	;# 
   482  0296                     	;# 
   483  0298                     	;# 
   484  0298                     	;# 
   485  0299                     	;# 
   486  029A                     	;# 
   487  029B                     	;# 
   488  029C                     	;# 
   489  029C                     	;# 
   490  029D                     	;# 
   491  029E                     	;# 
   492  029E                     	;# 
   493  0311                     	;# 
   494  0311                     	;# 
   495  0312                     	;# 
   496  0313                     	;# 
   497  0318                     	;# 
   498  0318                     	;# 
   499  0319                     	;# 
   500  031A                     	;# 
   501  0394                     	;# 
   502  0395                     	;# 
   503  0396                     	;# 
   504  039A                     	;# 
   505  039C                     	;# 
   506  039D                     	;# 
   507  039E                     	;# 
   508  039F                     	;# 
   509  0415                     	;# 
   510  0416                     	;# 
   511  0417                     	;# 
   512  041C                     	;# 
   513  041D                     	;# 
   514  041E                     	;# 
   515  0FE4                     	;# 
   516  0FE5                     	;# 
   517  0FE6                     	;# 
   518  0FE7                     	;# 
   519  0FE8                     	;# 
   520  0FE9                     	;# 
   521  0FEA                     	;# 
   522  0FEB                     	;# 
   523  0FED                     	;# 
   524  0FEE                     	;# 
   525  0FEF                     	;# 
   526  0000                     	;# 
   527  0001                     	;# 
   528  0002                     	;# 
   529  0003                     	;# 
   530  0004                     	;# 
   531  0005                     	;# 
   532  0006                     	;# 
   533  0007                     	;# 
   534  0008                     	;# 
   535  0009                     	;# 
   536  000A                     	;# 
   537  000B                     	;# 
   538  000C                     	;# 
   539  000D                     	;# 
   540  0011                     	;# 
   541  0012                     	;# 
   542  0013                     	;# 
   543  0014                     	;# 
   544  0015                     	;# 
   545  0016                     	;# 
   546  0016                     	;# 
   547  0017                     	;# 
   548  0018                     	;# 
   549  0019                     	;# 
   550  001A                     	;# 
   551  001B                     	;# 
   552  001C                     	;# 
   553  001E                     	;# 
   554  001F                     	;# 
   555  008C                     	;# 
   556  008D                     	;# 
   557  0091                     	;# 
   558  0092                     	;# 
   559  0093                     	;# 
   560  0094                     	;# 
   561  0095                     	;# 
   562  0096                     	;# 
   563  0097                     	;# 
   564  0098                     	;# 
   565  0099                     	;# 
   566  009A                     	;# 
   567  009B                     	;# 
   568  009B                     	;# 
   569  009C                     	;# 
   570  009D                     	;# 
   571  009E                     	;# 
   572  010C                     	;# 
   573  010D                     	;# 
   574  0111                     	;# 
   575  0112                     	;# 
   576  0113                     	;# 
   577  0114                     	;# 
   578  0115                     	;# 
   579  0116                     	;# 
   580  0117                     	;# 
   581  0118                     	;# 
   582  0119                     	;# 
   583  011A                     	;# 
   584  011B                     	;# 
   585  011D                     	;# 
   586  011E                     	;# 
   587  018C                     	;# 
   588  018D                     	;# 
   589  0191                     	;# 
   590  0191                     	;# 
   591  0192                     	;# 
   592  0193                     	;# 
   593  0193                     	;# 
   594  0193                     	;# 
   595  0194                     	;# 
   596  0195                     	;# 
   597  0196                     	;# 
   598  0199                     	;# 
   599  019A                     	;# 
   600  019B                     	;# 
   601  019B                     	;# 
   602  019B                     	;# 
   603  019B                     	;# 
   604  019C                     	;# 
   605  019C                     	;# 
   606  019D                     	;# 
   607  019E                     	;# 
   608  019F                     	;# 
   609  020C                     	;# 
   610  020D                     	;# 
   611  0211                     	;# 
   612  0211                     	;# 
   613  0212                     	;# 
   614  0212                     	;# 
   615  0213                     	;# 
   616  0213                     	;# 
   617  0214                     	;# 
   618  0214                     	;# 
   619  0215                     	;# 
   620  0215                     	;# 
   621  0215                     	;# 
   622  0216                     	;# 
   623  0216                     	;# 
   624  0217                     	;# 
   625  0217                     	;# 
   626  0219                     	;# 
   627  021A                     	;# 
   628  021B                     	;# 
   629  021C                     	;# 
   630  021D                     	;# 
   631  021E                     	;# 
   632  021F                     	;# 
   633  0291                     	;# 
   634  0291                     	;# 
   635  0292                     	;# 
   636  0293                     	;# 
   637  0294                     	;# 
   638  0295                     	;# 
   639  0295                     	;# 
   640  0296                     	;# 
   641  0298                     	;# 
   642  0298                     	;# 
   643  0299                     	;# 
   644  029A                     	;# 
   645  029B                     	;# 
   646  029C                     	;# 
   647  029C                     	;# 
   648  029D                     	;# 
   649  029E                     	;# 
   650  029E                     	;# 
   651  0311                     	;# 
   652  0311                     	;# 
   653  0312                     	;# 
   654  0313                     	;# 
   655  0318                     	;# 
   656  0318                     	;# 
   657  0319                     	;# 
   658  031A                     	;# 
   659  0394                     	;# 
   660  0395                     	;# 
   661  0396                     	;# 
   662  039A                     	;# 
   663  039C                     	;# 
   664  039D                     	;# 
   665  039E                     	;# 
   666  039F                     	;# 
   667  0415                     	;# 
   668  0416                     	;# 
   669  0417                     	;# 
   670  041C                     	;# 
   671  041D                     	;# 
   672  041E                     	;# 
   673  0FE4                     	;# 
   674  0FE5                     	;# 
   675  0FE6                     	;# 
   676  0FE7                     	;# 
   677  0FE8                     	;# 
   678  0FE9                     	;# 
   679  0FEA                     	;# 
   680  0FEB                     	;# 
   681  0FED                     	;# 
   682  0FEE                     	;# 
   683  0FEF                     	;# 
   684  0000                     	;# 
   685  0001                     	;# 
   686  0002                     	;# 
   687  0003                     	;# 
   688  0004                     	;# 
   689  0005                     	;# 
   690  0006                     	;# 
   691  0007                     	;# 
   692  0008                     	;# 
   693  0009                     	;# 
   694  000A                     	;# 
   695  000B                     	;# 
   696  000C                     	;# 
   697  000D                     	;# 
   698  0011                     	;# 
   699  0012                     	;# 
   700  0013                     	;# 
   701  0014                     	;# 
   702  0015                     	;# 
   703  0016                     	;# 
   704  0016                     	;# 
   705  0017                     	;# 
   706  0018                     	;# 
   707  0019                     	;# 
   708  001A                     	;# 
   709  001B                     	;# 
   710  001C                     	;# 
   711  001E                     	;# 
   712  001F                     	;# 
   713  008C                     	;# 
   714  008D                     	;# 
   715  0091                     	;# 
   716  0092                     	;# 
   717  0093                     	;# 
   718  0094                     	;# 
   719  0095                     	;# 
   720  0096                     	;# 
   721  0097                     	;# 
   722  0098                     	;# 
   723  0099                     	;# 
   724  009A                     	;# 
   725  009B                     	;# 
   726  009B                     	;# 
   727  009C                     	;# 
   728  009D                     	;# 
   729  009E                     	;# 
   730  010C                     	;# 
   731  010D                     	;# 
   732  0111                     	;# 
   733  0112                     	;# 
   734  0113                     	;# 
   735  0114                     	;# 
   736  0115                     	;# 
   737  0116                     	;# 
   738  0117                     	;# 
   739  0118                     	;# 
   740  0119                     	;# 
   741  011A                     	;# 
   742  011B                     	;# 
   743  011D                     	;# 
   744  011E                     	;# 
   745  018C                     	;# 
   746  018D                     	;# 
   747  0191                     	;# 
   748  0191                     	;# 
   749  0192                     	;# 
   750  0193                     	;# 
   751  0193                     	;# 
   752  0193                     	;# 
   753  0194                     	;# 
   754  0195                     	;# 
   755  0196                     	;# 
   756  0199                     	;# 
   757  019A                     	;# 
   758  019B                     	;# 
   759  019B                     	;# 
   760  019B                     	;# 
   761  019B                     	;# 
   762  019C                     	;# 
   763  019C                     	;# 
   764  019D                     	;# 
   765  019E                     	;# 
   766  019F                     	;# 
   767  020C                     	;# 
   768  020D                     	;# 
   769  0211                     	;# 
   770  0211                     	;# 
   771  0212                     	;# 
   772  0212                     	;# 
   773  0213                     	;# 
   774  0213                     	;# 
   775  0214                     	;# 
   776  0214                     	;# 
   777  0215                     	;# 
   778  0215                     	;# 
   779  0215                     	;# 
   780  0216                     	;# 
   781  0216                     	;# 
   782  0217                     	;# 
   783  0217                     	;# 
   784  0219                     	;# 
   785  021A                     	;# 
   786  021B                     	;# 
   787  021C                     	;# 
   788  021D                     	;# 
   789  021E                     	;# 
   790  021F                     	;# 
   791  0291                     	;# 
   792  0291                     	;# 
   793  0292                     	;# 
   794  0293                     	;# 
   795  0294                     	;# 
   796  0295                     	;# 
   797  0295                     	;# 
   798  0296                     	;# 
   799  0298                     	;# 
   800  0298                     	;# 
   801  0299                     	;# 
   802  029A                     	;# 
   803  029B                     	;# 
   804  029C                     	;# 
   805  029C                     	;# 
   806  029D                     	;# 
   807  029E                     	;# 
   808  029E                     	;# 
   809  0311                     	;# 
   810  0311                     	;# 
   811  0312                     	;# 
   812  0313                     	;# 
   813  0318                     	;# 
   814  0318                     	;# 
   815  0319                     	;# 
   816  031A                     	;# 
   817  0394                     	;# 
   818  0395                     	;# 
   819  0396                     	;# 
   820  039A                     	;# 
   821  039C                     	;# 
   822  039D                     	;# 
   823  039E                     	;# 
   824  039F                     	;# 
   825  0415                     	;# 
   826  0416                     	;# 
   827  0417                     	;# 
   828  041C                     	;# 
   829  041D                     	;# 
   830  041E                     	;# 
   831  0FE4                     	;# 
   832  0FE5                     	;# 
   833  0FE6                     	;# 
   834  0FE7                     	;# 
   835  0FE8                     	;# 
   836  0FE9                     	;# 
   837  0FEA                     	;# 
   838  0FEB                     	;# 
   839  0FED                     	;# 
   840  0FEE                     	;# 
   841  0FEF                     	;# 
   842  000C                     _PORTAbits	set	12
   843  000D                     _PORTB	set	13
   844  0095                     _OPTION_REGbits	set	149
   845  008D                     _TRISB	set	141
   846  008C                     _TRISA	set	140
   847  0097                     _WDTCON	set	151
   848  0098                     _OSCTUNE	set	152
   849  0099                     _OSCCON	set	153
   850  011E                     _APFCON1	set	286
   851  011D                     _APFCON0	set	285
   852  010D                     _LATB	set	269
   853  010C                     _LATA	set	268
   854  0116                     _BORCON	set	278
   855  018C                     _ANSELA	set	396
   856  018D                     _ANSELB	set	397
   857  020C                     _WPUA	set	524
   858  020D                     _WPUB	set	525
   859                           
   860                           	psect	cinit
   861  07FB                     start_initialization:	
   862                           ; #config settings
   863                           
   864  07FB                     __initialization:
   865                           
   866                           ; Clear objects allocated to COMMON
   867  07FB  01F5               	clrf	__pbssCOMMON& (0+127)
   868  07FC  01F6               	clrf	(__pbssCOMMON+1)& (0+127)
   869  07FD                     end_of_initialization:	
   870                           ;End of C runtime variable initialization code
   871                           
   872  07FD                     __end_of__initialization:
   873  07FD  0020               	movlb	0
   874  07FE  3187  2F1C         	ljmp	_main	;jump to C main() function
   875                           
   876                           	psect	bssCOMMON
   877  0075                     __pbssCOMMON:
   878  0075                     _c:
   879  0075                     	ds	1
   880  0076                     _s:
   881  0076                     	ds	1
   882                           
   883                           	psect	cstackCOMMON
   884  0070                     __pcstackCOMMON:
   885  0070                     ?_PIN_MANAGER_Initialize:
   886  0070                     ??_PIN_MANAGER_Initialize:	
   887                           ; 1 bytes @ 0x0
   888                           
   889  0070                     ?_OSCILLATOR_Initialize:	
   890                           ; 1 bytes @ 0x0
   891                           
   892  0070                     ??_OSCILLATOR_Initialize:	
   893                           ; 1 bytes @ 0x0
   894                           
   895  0070                     ?_WDT_Initialize:	
   896                           ; 1 bytes @ 0x0
   897                           
   898  0070                     ??_WDT_Initialize:	
   899                           ; 1 bytes @ 0x0
   900                           
   901  0070                     ?_Supercar:	
   902                           ; 1 bytes @ 0x0
   903                           
   904  0070                     ??_Supercar:	
   905                           ; 1 bytes @ 0x0
   906                           
   907  0070                     ?_PalleR:	
   908                           ; 1 bytes @ 0x0
   909                           
   910  0070                     ??_PalleR:	
   911                           ; 1 bytes @ 0x0
   912                           
   913  0070                     ?_PariDispari:	
   914                           ; 1 bytes @ 0x0
   915                           
   916  0070                     ??_PariDispari:	
   917                           ; 1 bytes @ 0x0
   918                           
   919  0070                     ?_SYSTEM_Initialize:	
   920                           ; 1 bytes @ 0x0
   921                           
   922  0070                     ??_SYSTEM_Initialize:	
   923                           ; 1 bytes @ 0x0
   924                           
   925  0070                     ?_main:	
   926                           ; 1 bytes @ 0x0
   927                           
   928                           
   929                           ; 1 bytes @ 0x0
   930  0070                     	ds	1
   931  0071                     Supercar@i:
   932  0071                     PalleR@a:	
   933                           ; 1 bytes @ 0x1
   934                           
   935                           
   936                           ; 1 bytes @ 0x1
   937  0071                     	ds	1
   938  0072                     PalleR@b:
   939  0072                     PariDispari@i:	
   940                           ; 1 bytes @ 0x2
   941                           
   942                           
   943                           ; 1 bytes @ 0x2
   944  0072                     	ds	1
   945  0073                     PalleR@i:
   946                           
   947                           ; 1 bytes @ 0x3
   948  0073                     	ds	1
   949  0074                     ??_main:
   950                           
   951                           ; 1 bytes @ 0x4
   952  0074                     	ds	1
   953                           
   954                           	psect	maintext
   955  071C                     __pmaintext:	
   956 ;;
   957 ;;Main: autosize = 0, tempsize = 1, incstack = 0, save=0
   958 ;;
   959 ;; *************** function _main *****************
   960 ;; Defined at:
   961 ;;		line 15 in file "main.c"
   962 ;; Parameters:    Size  Location     Type
   963 ;;		None
   964 ;; Auto vars:     Size  Location     Type
   965 ;;		None
   966 ;; Return value:  Size  Location     Type
   967 ;;                  1    wreg      void 
   968 ;; Registers used:
   969 ;;		wreg, status,2, status,0, pclath, cstack
   970 ;; Tracked objects:
   971 ;;		On entry : B1F/0
   972 ;;		On exit  : 0/0
   973 ;;		Unchanged: 0/0
   974 ;; Data sizes:     COMMON   BANK0   BANK1   BANK2   BANK3   BANK4
   975 ;;      Params:         0       0       0       0       0       0
   976 ;;      Locals:         0       0       0       0       0       0
   977 ;;      Temps:          1       0       0       0       0       0
   978 ;;      Totals:         1       0       0       0       0       0
   979 ;;Total ram usage:        1 bytes
   980 ;; Hardware stack levels required when called:    2
   981 ;; This function calls:
   982 ;;		_PalleR
   983 ;;		_PariDispari
   984 ;;		_SYSTEM_Initialize
   985 ;;		_Supercar
   986 ;; This function is called by:
   987 ;;		Startup code after reset
   988 ;; This function uses a non-reentrant model
   989 ;;
   990                           
   991                           
   992                           ;psect for function _main
   993  071C                     _main:
   994  071C                     l818:	
   995                           ;incstack = 0
   996                           ; Regs used in _main: [wreg+status,2+status,0+pclath+cstack]
   997                           
   998                           
   999                           ;main.c: 17:     PORTB=0b00000000;
  1000  071C  0020               	movlb	0	; select bank0
  1001  071D  018D               	clrf	13	;volatile
  1002  071E                     l820:
  1003                           
  1004                           ;main.c: 22:     SYSTEM_Initialize();
  1005  071E  3186  26D0  3187   	fcall	_SYSTEM_Initialize
  1006  0721                     l822:
  1007                           
  1008                           ;main.c: 40:     {;main.c: 41:         if(PORTAbits.RA3==1)
  1009  0721  0020               	movlb	0	; select bank0
  1010  0722  1D8C               	btfss	12,3	;volatile
  1011  0723  2F25               	goto	u91
  1012  0724  2F26               	goto	u90
  1013  0725                     u91:
  1014  0725  2F28               	goto	l826
  1015  0726                     u90:
  1016  0726                     l824:
  1017                           
  1018                           ;main.c: 42:         {;main.c: 43:             c=0;
  1019  0726  01F5               	clrf	_c
  1020                           
  1021                           ;main.c: 44:             PORTB=0b00000000;
  1022  0727  018D               	clrf	13	;volatile
  1023  0728                     l826:
  1024                           
  1025                           ;main.c: 47:         if(PORTAbits.RA2==1)
  1026  0728  1D0C               	btfss	12,2	;volatile
  1027  0729  2F2B               	goto	u101
  1028  072A  2F2C               	goto	u100
  1029  072B                     u101:
  1030  072B  2F30               	goto	l74
  1031  072C                     u100:
  1032  072C                     l828:
  1033                           
  1034                           ;main.c: 48:         {;main.c: 49:             c++;
  1035  072C  3001               	movlw	1
  1036  072D  00F4               	movwf	??_main
  1037  072E  0874               	movf	??_main,w
  1038  072F  07F5               	addwf	_c,f
  1039  0730                     l74:	
  1040                           ;main.c: 50:         }
  1041                           
  1042                           
  1043                           ;main.c: 51:         if(c==1)
  1044  0730  0375               	decf	_c,w
  1045  0731  1D03               	btfss	3,2
  1046  0732  2F34               	goto	u111
  1047  0733  2F35               	goto	u110
  1048  0734                     u111:
  1049  0734  2F38               	goto	l832
  1050  0735                     u110:
  1051  0735                     l830:
  1052                           
  1053                           ;main.c: 52:         {;main.c: 53:             Supercar();
  1054  0735  3186  26EE  3187   	fcall	_Supercar
  1055  0738                     l832:
  1056                           
  1057                           ;main.c: 55:         if(c==2)
  1058  0738  3002               	movlw	2
  1059  0739  0675               	xorwf	_c,w
  1060  073A  1D03               	btfss	3,2
  1061  073B  2F3D               	goto	u121
  1062  073C  2F3E               	goto	u120
  1063  073D                     u121:
  1064  073D  2F41               	goto	l836
  1065  073E                     u120:
  1066  073E                     l834:
  1067                           
  1068                           ;main.c: 56:         {;main.c: 57:             PalleR();
  1069  073E  3187  2754  3187   	fcall	_PalleR
  1070  0741                     l836:
  1071                           
  1072                           ;main.c: 59:         if(c==3)
  1073  0741  3003               	movlw	3
  1074  0742  0675               	xorwf	_c,w
  1075  0743  1D03               	btfss	3,2
  1076  0744  2F46               	goto	u131
  1077  0745  2F47               	goto	u130
  1078  0746                     u131:
  1079  0746  2F4A               	goto	l840
  1080  0747                     u130:
  1081  0747                     l838:
  1082                           
  1083                           ;main.c: 60:         {;main.c: 61:             PariDispari();
  1084  0747  3187  279B  3187   	fcall	_PariDispari
  1085  074A                     l840:
  1086                           
  1087                           ;main.c: 63:         if(c==4)
  1088  074A  3004               	movlw	4
  1089  074B  0675               	xorwf	_c,w
  1090  074C  1D03               	btfss	3,2
  1091  074D  2F4F               	goto	u141
  1092  074E  2F50               	goto	u140
  1093  074F                     u141:
  1094  074F  2F21               	goto	l822
  1095  0750                     u140:
  1096  0750                     l842:
  1097                           
  1098                           ;main.c: 64:         {;main.c: 65:             c=0;
  1099  0750  01F5               	clrf	_c
  1100  0751  2F21               	goto	l822
  1101  0752  3180  2802         	ljmp	start
  1102  0754                     __end_of_main:
  1103                           
  1104                           	psect	text1
  1105  06EE                     __ptext1:	
  1106 ;; *************** function _Supercar *****************
  1107 ;; Defined at:
  1108 ;;		line 7 in file "my_lib_giochi.c"
  1109 ;; Parameters:    Size  Location     Type
  1110 ;;		None
  1111 ;; Auto vars:     Size  Location     Type
  1112 ;;  i               1    1[COMMON] unsigned char 
  1113 ;; Return value:  Size  Location     Type
  1114 ;;                  1    wreg      void 
  1115 ;; Registers used:
  1116 ;;		wreg, status,2, status,0
  1117 ;; Tracked objects:
  1118 ;;		On entry : 0/0
  1119 ;;		On exit  : 0/0
  1120 ;;		Unchanged: 0/0
  1121 ;; Data sizes:     COMMON   BANK0   BANK1   BANK2   BANK3   BANK4
  1122 ;;      Params:         0       0       0       0       0       0
  1123 ;;      Locals:         1       0       0       0       0       0
  1124 ;;      Temps:          1       0       0       0       0       0
  1125 ;;      Totals:         2       0       0       0       0       0
  1126 ;;Total ram usage:        2 bytes
  1127 ;; Hardware stack levels used:    1
  1128 ;; This function calls:
  1129 ;;		Nothing
  1130 ;; This function is called by:
  1131 ;;		_main
  1132 ;; This function uses a non-reentrant model
  1133 ;;
  1134                           
  1135                           
  1136                           ;psect for function _Supercar
  1137  06EE                     _Supercar:
  1138  06EE                     l736:	
  1139                           ;incstack = 0
  1140                           ; Regs used in _Supercar: [wreg+status,2+status,0]
  1141                           
  1142  06EE                     l738:
  1143                           
  1144                           ;my_lib_giochi.c: 10:     PORTB=0b00000001;
  1145  06EE  3001               	movlw	1
  1146  06EF  0020               	movlb	0	; select bank0
  1147  06F0  008D               	movwf	13	;volatile
  1148  06F1                     l740:
  1149                           
  1150                           ;my_lib_giochi.c: 11:     for(i=0;i<7;i++)
  1151  06F1  01F1               	clrf	Supercar@i
  1152  06F2                     l744:
  1153                           
  1154                           ;my_lib_giochi.c: 12:     {;my_lib_giochi.c: 13:         PORTB=PORTB<<1;
  1155  06F2  0020               	movlb	0	; select bank0
  1156  06F3  350D               	lslf	13,w	;volatile
  1157  06F4  008D               	movwf	13	;volatile
  1158  06F5                     l746:
  1159                           
  1160                           ;my_lib_giochi.c: 14:         _delay((unsigned long)((100)*(4000000/4000.0)));
  1161  06F5  3082               	movlw	130
  1162  06F6  00F0               	movwf	??_Supercar
  1163  06F7  30DE               	movlw	222
  1164  06F8                     u157:
  1165  06F8  0B89               	decfsz	9,f
  1166  06F9  2EF8               	goto	u157
  1167  06FA  0BF0               	decfsz	??_Supercar,f
  1168  06FB  2EF8               	goto	u157
  1169  06FC                     l748:
  1170                           
  1171                           ;my_lib_giochi.c: 15:     }
  1172  06FC  3001               	movlw	1
  1173  06FD  00F0               	movwf	??_Supercar
  1174  06FE  0870               	movf	??_Supercar,w
  1175  06FF  07F1               	addwf	Supercar@i,f
  1176  0700  3007               	movlw	7
  1177  0701  0271               	subwf	Supercar@i,w
  1178  0702  1C03               	skipc
  1179  0703  2F05               	goto	u11
  1180  0704  2F06               	goto	u10
  1181  0705                     u11:
  1182  0705  2EF2               	goto	l744
  1183  0706                     u10:
  1184  0706                     l750:
  1185                           
  1186                           ;my_lib_giochi.c: 16:     for(i=0;i<7;i++)
  1187  0706  01F1               	clrf	Supercar@i
  1188  0707                     l756:
  1189                           
  1190                           ;my_lib_giochi.c: 17:     {;my_lib_giochi.c: 18:         PORTB=PORTB>>1;
  1191  0707  0020               	movlb	0	; select bank0
  1192  0708  360D               	lsrf	13,w	;volatile
  1193  0709  008D               	movwf	13	;volatile
  1194  070A                     l758:
  1195                           
  1196                           ;my_lib_giochi.c: 19:         _delay((unsigned long)((100)*(4000000/4000.0)));
  1197  070A  3082               	movlw	130
  1198  070B  00F0               	movwf	??_Supercar
  1199  070C  30DE               	movlw	222
  1200  070D                     u167:
  1201  070D  0B89               	decfsz	9,f
  1202  070E  2F0D               	goto	u167
  1203  070F  0BF0               	decfsz	??_Supercar,f
  1204  0710  2F0D               	goto	u167
  1205  0711                     l760:
  1206                           
  1207                           ;my_lib_giochi.c: 20:     }
  1208  0711  3001               	movlw	1
  1209  0712  00F0               	movwf	??_Supercar
  1210  0713  0870               	movf	??_Supercar,w
  1211  0714  07F1               	addwf	Supercar@i,f
  1212  0715  3007               	movlw	7
  1213  0716  0271               	subwf	Supercar@i,w
  1214  0717  1C03               	skipc
  1215  0718  2F1A               	goto	u21
  1216  0719  2F1B               	goto	u20
  1217  071A                     u21:
  1218  071A  2F07               	goto	l756
  1219  071B                     u20:
  1220  071B                     l92:
  1221  071B  0008               	return
  1222  071C                     __end_of_Supercar:
  1223                           
  1224                           	psect	text2
  1225  06D0                     __ptext2:	
  1226 ;; *************** function _SYSTEM_Initialize *****************
  1227 ;; Defined at:
  1228 ;;		line 50 in file "mcc_generated_files/mcc.c"
  1229 ;; Parameters:    Size  Location     Type
  1230 ;;		None
  1231 ;; Auto vars:     Size  Location     Type
  1232 ;;		None
  1233 ;; Return value:  Size  Location     Type
  1234 ;;                  1    wreg      void 
  1235 ;; Registers used:
  1236 ;;		wreg, status,2, status,0, pclath, cstack
  1237 ;; Tracked objects:
  1238 ;;		On entry : 0/0
  1239 ;;		On exit  : 0/0
  1240 ;;		Unchanged: 0/0
  1241 ;; Data sizes:     COMMON   BANK0   BANK1   BANK2   BANK3   BANK4
  1242 ;;      Params:         0       0       0       0       0       0
  1243 ;;      Locals:         0       0       0       0       0       0
  1244 ;;      Temps:          0       0       0       0       0       0
  1245 ;;      Totals:         0       0       0       0       0       0
  1246 ;;Total ram usage:        0 bytes
  1247 ;; Hardware stack levels used:    1
  1248 ;; Hardware stack levels required when called:    1
  1249 ;; This function calls:
  1250 ;;		_OSCILLATOR_Initialize
  1251 ;;		_PIN_MANAGER_Initialize
  1252 ;;		_WDT_Initialize
  1253 ;; This function is called by:
  1254 ;;		_main
  1255 ;; This function uses a non-reentrant model
  1256 ;;
  1257                           
  1258                           
  1259                           ;psect for function _SYSTEM_Initialize
  1260  06D0                     _SYSTEM_Initialize:
  1261  06D0                     l734:	
  1262                           ;incstack = 0
  1263                           ; Regs used in _SYSTEM_Initialize: [wreg+status,2+status,0+pclath+cstack]
  1264                           
  1265                           
  1266                           ;mcc_generated_files/mcc.c: 53:     PIN_MANAGER_Initialize();
  1267  06D0  3186  26DA  3186   	fcall	_PIN_MANAGER_Initialize
  1268                           
  1269                           ;mcc_generated_files/mcc.c: 54:     OSCILLATOR_Initialize();
  1270  06D3  3186  26C9  3186   	fcall	_OSCILLATOR_Initialize
  1271                           
  1272                           ;mcc_generated_files/mcc.c: 55:     WDT_Initialize();
  1273  06D6  3186  26C5  3186   	fcall	_WDT_Initialize
  1274  06D9                     l17:
  1275  06D9  0008               	return
  1276  06DA                     __end_of_SYSTEM_Initialize:
  1277                           
  1278                           	psect	text3
  1279  06C5                     __ptext3:	
  1280 ;; *************** function _WDT_Initialize *****************
  1281 ;; Defined at:
  1282 ;;		line 68 in file "mcc_generated_files/mcc.c"
  1283 ;; Parameters:    Size  Location     Type
  1284 ;;		None
  1285 ;; Auto vars:     Size  Location     Type
  1286 ;;		None
  1287 ;; Return value:  Size  Location     Type
  1288 ;;                  1    wreg      void 
  1289 ;; Registers used:
  1290 ;;		wreg
  1291 ;; Tracked objects:
  1292 ;;		On entry : 0/0
  1293 ;;		On exit  : 0/0
  1294 ;;		Unchanged: 0/0
  1295 ;; Data sizes:     COMMON   BANK0   BANK1   BANK2   BANK3   BANK4
  1296 ;;      Params:         0       0       0       0       0       0
  1297 ;;      Locals:         0       0       0       0       0       0
  1298 ;;      Temps:          0       0       0       0       0       0
  1299 ;;      Totals:         0       0       0       0       0       0
  1300 ;;Total ram usage:        0 bytes
  1301 ;; Hardware stack levels used:    1
  1302 ;; This function calls:
  1303 ;;		Nothing
  1304 ;; This function is called by:
  1305 ;;		_SYSTEM_Initialize
  1306 ;; This function uses a non-reentrant model
  1307 ;;
  1308                           
  1309                           
  1310                           ;psect for function _WDT_Initialize
  1311  06C5                     _WDT_Initialize:
  1312  06C5                     l732:	
  1313                           ;incstack = 0
  1314                           ; Regs used in _WDT_Initialize: [wreg]
  1315                           
  1316                           
  1317                           ;mcc_generated_files/mcc.c: 71:     WDTCON = 0x16;
  1318  06C5  3016               	movlw	22
  1319  06C6  0021               	movlb	1	; select bank1
  1320  06C7  0097               	movwf	23	;volatile
  1321  06C8                     l23:
  1322  06C8  0008               	return
  1323  06C9                     __end_of_WDT_Initialize:
  1324                           
  1325                           	psect	text4
  1326  06DA                     __ptext4:	
  1327 ;; *************** function _PIN_MANAGER_Initialize *****************
  1328 ;; Defined at:
  1329 ;;		line 55 in file "mcc_generated_files/pin_manager.c"
  1330 ;; Parameters:    Size  Location     Type
  1331 ;;		None
  1332 ;; Auto vars:     Size  Location     Type
  1333 ;;		None
  1334 ;; Return value:  Size  Location     Type
  1335 ;;                  1    wreg      void 
  1336 ;; Registers used:
  1337 ;;		wreg, status,2
  1338 ;; Tracked objects:
  1339 ;;		On entry : 0/0
  1340 ;;		On exit  : 0/0
  1341 ;;		Unchanged: 0/0
  1342 ;; Data sizes:     COMMON   BANK0   BANK1   BANK2   BANK3   BANK4
  1343 ;;      Params:         0       0       0       0       0       0
  1344 ;;      Locals:         0       0       0       0       0       0
  1345 ;;      Temps:          0       0       0       0       0       0
  1346 ;;      Totals:         0       0       0       0       0       0
  1347 ;;Total ram usage:        0 bytes
  1348 ;; Hardware stack levels used:    1
  1349 ;; This function calls:
  1350 ;;		Nothing
  1351 ;; This function is called by:
  1352 ;;		_SYSTEM_Initialize
  1353 ;; This function uses a non-reentrant model
  1354 ;;
  1355                           
  1356                           
  1357                           ;psect for function _PIN_MANAGER_Initialize
  1358  06DA                     _PIN_MANAGER_Initialize:
  1359  06DA                     l714:	
  1360                           ;incstack = 0
  1361                           ; Regs used in _PIN_MANAGER_Initialize: [wreg+status,2]
  1362                           
  1363                           
  1364                           ;mcc_generated_files/pin_manager.c: 60:     LATA = 0x00;
  1365  06DA  0022               	movlb	2	; select bank2
  1366  06DB  018C               	clrf	12	;volatile
  1367                           
  1368                           ;mcc_generated_files/pin_manager.c: 61:     LATB = 0x00;
  1369  06DC  018D               	clrf	13	;volatile
  1370  06DD                     l716:
  1371                           
  1372                           ;mcc_generated_files/pin_manager.c: 66:     TRISA = 0xFF;
  1373  06DD  30FF               	movlw	255
  1374  06DE  0021               	movlb	1	; select bank1
  1375  06DF  008C               	movwf	12	;volatile
  1376  06E0                     l718:
  1377                           
  1378                           ;mcc_generated_files/pin_manager.c: 67:     TRISB = 0x00;
  1379  06E0  018D               	clrf	13	;volatile
  1380  06E1                     l720:
  1381                           
  1382                           ;mcc_generated_files/pin_manager.c: 72:     ANSELB = 0x00;
  1383  06E1  0023               	movlb	3	; select bank3
  1384  06E2  018D               	clrf	13	;volatile
  1385  06E3                     l722:
  1386                           
  1387                           ;mcc_generated_files/pin_manager.c: 73:     ANSELA = 0x03;
  1388  06E3  3003               	movlw	3
  1389  06E4  008C               	movwf	12	;volatile
  1390                           
  1391                           ;mcc_generated_files/pin_manager.c: 78:     WPUB = 0x00;
  1392  06E5  0024               	movlb	4	; select bank4
  1393  06E6  018D               	clrf	13	;volatile
  1394                           
  1395                           ;mcc_generated_files/pin_manager.c: 79:     WPUA = 0x00;
  1396  06E7  018C               	clrf	12	;volatile
  1397  06E8                     l724:
  1398                           
  1399                           ;mcc_generated_files/pin_manager.c: 80:     OPTION_REGbits.nWPUEN = 1;
  1400  06E8  0021               	movlb	1	; select bank1
  1401  06E9  1795               	bsf	21,7	;volatile
  1402                           
  1403                           ;mcc_generated_files/pin_manager.c: 86:     APFCON0 = 0x00;
  1404  06EA  0022               	movlb	2	; select bank2
  1405  06EB  019D               	clrf	29	;volatile
  1406                           
  1407                           ;mcc_generated_files/pin_manager.c: 87:     APFCON1 = 0x00;
  1408  06EC  019E               	clrf	30	;volatile
  1409  06ED                     l48:
  1410  06ED  0008               	return
  1411  06EE                     __end_of_PIN_MANAGER_Initialize:
  1412                           
  1413                           	psect	text5
  1414  06C9                     __ptext5:	
  1415 ;; *************** function _OSCILLATOR_Initialize *****************
  1416 ;; Defined at:
  1417 ;;		line 58 in file "mcc_generated_files/mcc.c"
  1418 ;; Parameters:    Size  Location     Type
  1419 ;;		None
  1420 ;; Auto vars:     Size  Location     Type
  1421 ;;		None
  1422 ;; Return value:  Size  Location     Type
  1423 ;;                  1    wreg      void 
  1424 ;; Registers used:
  1425 ;;		wreg, status,2
  1426 ;; Tracked objects:
  1427 ;;		On entry : 0/0
  1428 ;;		On exit  : 0/0
  1429 ;;		Unchanged: 0/0
  1430 ;; Data sizes:     COMMON   BANK0   BANK1   BANK2   BANK3   BANK4
  1431 ;;      Params:         0       0       0       0       0       0
  1432 ;;      Locals:         0       0       0       0       0       0
  1433 ;;      Temps:          0       0       0       0       0       0
  1434 ;;      Totals:         0       0       0       0       0       0
  1435 ;;Total ram usage:        0 bytes
  1436 ;; Hardware stack levels used:    1
  1437 ;; This function calls:
  1438 ;;		Nothing
  1439 ;; This function is called by:
  1440 ;;		_SYSTEM_Initialize
  1441 ;; This function uses a non-reentrant model
  1442 ;;
  1443                           
  1444                           
  1445                           ;psect for function _OSCILLATOR_Initialize
  1446  06C9                     _OSCILLATOR_Initialize:
  1447  06C9                     l726:	
  1448                           ;incstack = 0
  1449                           ; Regs used in _OSCILLATOR_Initialize: [wreg+status,2]
  1450                           
  1451                           
  1452                           ;mcc_generated_files/mcc.c: 61:     OSCCON = 0x6A;
  1453  06C9  306A               	movlw	106
  1454  06CA  0021               	movlb	1	; select bank1
  1455  06CB  0099               	movwf	25	;volatile
  1456  06CC                     l728:
  1457                           
  1458                           ;mcc_generated_files/mcc.c: 63:     OSCTUNE = 0x00;
  1459  06CC  0198               	clrf	24	;volatile
  1460  06CD                     l730:
  1461                           
  1462                           ;mcc_generated_files/mcc.c: 65:     BORCON = 0x00;
  1463  06CD  0022               	movlb	2	; select bank2
  1464  06CE  0196               	clrf	22	;volatile
  1465  06CF                     l20:
  1466  06CF  0008               	return
  1467  06D0                     __end_of_OSCILLATOR_Initialize:
  1468                           
  1469                           	psect	text6
  1470  079B                     __ptext6:	
  1471 ;; *************** function _PariDispari *****************
  1472 ;; Defined at:
  1473 ;;		line 42 in file "my_lib_giochi.c"
  1474 ;; Parameters:    Size  Location     Type
  1475 ;;		None
  1476 ;; Auto vars:     Size  Location     Type
  1477 ;;  i               1    2[COMMON] unsigned char 
  1478 ;; Return value:  Size  Location     Type
  1479 ;;                  1    wreg      void 
  1480 ;; Registers used:
  1481 ;;		wreg, status,2, status,0
  1482 ;; Tracked objects:
  1483 ;;		On entry : 0/0
  1484 ;;		On exit  : 0/0
  1485 ;;		Unchanged: 0/0
  1486 ;; Data sizes:     COMMON   BANK0   BANK1   BANK2   BANK3   BANK4
  1487 ;;      Params:         0       0       0       0       0       0
  1488 ;;      Locals:         1       0       0       0       0       0
  1489 ;;      Temps:          2       0       0       0       0       0
  1490 ;;      Totals:         3       0       0       0       0       0
  1491 ;;Total ram usage:        3 bytes
  1492 ;; Hardware stack levels used:    1
  1493 ;; This function calls:
  1494 ;;		Nothing
  1495 ;; This function is called by:
  1496 ;;		_main
  1497 ;; This function uses a non-reentrant model
  1498 ;;
  1499                           
  1500                           
  1501                           ;psect for function _PariDispari
  1502  079B                     _PariDispari:
  1503  079B                     l788:	
  1504                           ;incstack = 0
  1505                           ; Regs used in _PariDispari: [wreg+status,2+status,0]
  1506                           
  1507  079B                     l790:
  1508                           
  1509                           ;my_lib_giochi.c: 45:         PORTB=0b00000010;
  1510  079B  3002               	movlw	2
  1511  079C  0020               	movlb	0	; select bank0
  1512  079D  008D               	movwf	13	;volatile
  1513  079E                     l792:
  1514                           
  1515                           ;my_lib_giochi.c: 46:         _delay((unsigned long)((200)*(4000000/4000.0)));
  1516  079E  3002               	movlw	2
  1517  079F  00F1               	movwf	??_PariDispari+1
  1518  07A0  3004               	movlw	4
  1519  07A1  00F0               	movwf	??_PariDispari
  1520  07A2  30BA               	movlw	186
  1521  07A3                     u177:
  1522  07A3  0B89               	decfsz	9,f
  1523  07A4  2FA3               	goto	u177
  1524  07A5  0BF0               	decfsz	??_PariDispari,f
  1525  07A6  2FA3               	goto	u177
  1526  07A7  0BF1               	decfsz	??_PariDispari+1,f
  1527  07A8  2FA3               	goto	u177
  1528  07A9  3200               	nop2
  1529                           
  1530                           ;my_lib_giochi.c: 47:         for(i=0;i<3;i++)
  1531  07AA  01F2               	clrf	PariDispari@i
  1532  07AB                     l798:
  1533                           
  1534                           ;my_lib_giochi.c: 48:         {;my_lib_giochi.c: 49:             PORTB=PORTB<<2;
  1535  07AB  0020               	movlb	0	; select bank0
  1536  07AC  080D               	movf	13,w	;volatile
  1537  07AD  00F0               	movwf	??_PariDispari
  1538  07AE  3001               	movlw	1
  1539  07AF                     u55:
  1540  07AF  35F0               	lslf	??_PariDispari,f
  1541  07B0  3EFF               	addlw	-1
  1542  07B1  1D03               	skipz
  1543  07B2  2FAF               	goto	u55
  1544  07B3  3570               	lslf	??_PariDispari,w
  1545  07B4  008D               	movwf	13	;volatile
  1546  07B5                     l800:
  1547                           
  1548                           ;my_lib_giochi.c: 50:             _delay((unsigned long)((200)*(4000000/4000.0)));
  1549  07B5  3002               	movlw	2
  1550  07B6  00F1               	movwf	??_PariDispari+1
  1551  07B7  3004               	movlw	4
  1552  07B8  00F0               	movwf	??_PariDispari
  1553  07B9  30BA               	movlw	186
  1554  07BA                     u187:
  1555  07BA  0B89               	decfsz	9,f
  1556  07BB  2FBA               	goto	u187
  1557  07BC  0BF0               	decfsz	??_PariDispari,f
  1558  07BD  2FBA               	goto	u187
  1559  07BE  0BF1               	decfsz	??_PariDispari+1,f
  1560  07BF  2FBA               	goto	u187
  1561  07C0  3200               	nop2
  1562  07C1                     l802:
  1563                           
  1564                           ;my_lib_giochi.c: 51:         }
  1565  07C1  3001               	movlw	1
  1566  07C2  00F0               	movwf	??_PariDispari
  1567  07C3  0870               	movf	??_PariDispari,w
  1568  07C4  07F2               	addwf	PariDispari@i,f
  1569  07C5  3003               	movlw	3
  1570  07C6  0272               	subwf	PariDispari@i,w
  1571  07C7  1C03               	skipc
  1572  07C8  2FCA               	goto	u61
  1573  07C9  2FCB               	goto	u60
  1574  07CA                     u61:
  1575  07CA  2FAB               	goto	l798
  1576  07CB                     u60:
  1577  07CB                     l804:
  1578                           
  1579                           ;my_lib_giochi.c: 52:         PORTB=0b01000000;
  1580  07CB  3040               	movlw	64
  1581  07CC  0020               	movlb	0	; select bank0
  1582  07CD  008D               	movwf	13	;volatile
  1583                           
  1584                           ;my_lib_giochi.c: 53:         _delay((unsigned long)((200)*(4000000/4000.0)));
  1585  07CE  3002               	movlw	2
  1586  07CF  00F1               	movwf	??_PariDispari+1
  1587  07D0  3004               	movlw	4
  1588  07D1  00F0               	movwf	??_PariDispari
  1589  07D2  30BA               	movlw	186
  1590  07D3                     u197:
  1591  07D3  0B89               	decfsz	9,f
  1592  07D4  2FD3               	goto	u197
  1593  07D5  0BF0               	decfsz	??_PariDispari,f
  1594  07D6  2FD3               	goto	u197
  1595  07D7  0BF1               	decfsz	??_PariDispari+1,f
  1596  07D8  2FD3               	goto	u197
  1597  07D9  3200               	nop2
  1598  07DA                     l806:
  1599                           
  1600                           ;my_lib_giochi.c: 54:         for(i=0;i<3;i++)
  1601  07DA  01F2               	clrf	PariDispari@i
  1602  07DB                     l812:
  1603                           
  1604                           ;my_lib_giochi.c: 55:         {;my_lib_giochi.c: 56:             PORTB=PORTB>>2;
  1605  07DB  0020               	movlb	0	; select bank0
  1606  07DC  080D               	movf	13,w	;volatile
  1607  07DD  00F0               	movwf	??_PariDispari
  1608  07DE  3002               	movlw	2
  1609  07DF                     u75:
  1610  07DF  36F0               	lsrf	??_PariDispari,f
  1611  07E0  0B89               	decfsz	9,f
  1612  07E1  2FDF               	goto	u75
  1613  07E2  0870               	movf	??_PariDispari,w
  1614  07E3  008D               	movwf	13	;volatile
  1615  07E4                     l814:
  1616                           
  1617                           ;my_lib_giochi.c: 57:             _delay((unsigned long)((200)*(4000000/4000.0)));
  1618  07E4  3002               	movlw	2
  1619  07E5  00F1               	movwf	??_PariDispari+1
  1620  07E6  3004               	movlw	4
  1621  07E7  00F0               	movwf	??_PariDispari
  1622  07E8  30BA               	movlw	186
  1623  07E9                     u207:
  1624  07E9  0B89               	decfsz	9,f
  1625  07EA  2FE9               	goto	u207
  1626  07EB  0BF0               	decfsz	??_PariDispari,f
  1627  07EC  2FE9               	goto	u207
  1628  07ED  0BF1               	decfsz	??_PariDispari+1,f
  1629  07EE  2FE9               	goto	u207
  1630  07EF  3200               	nop2
  1631  07F0                     l816:
  1632                           
  1633                           ;my_lib_giochi.c: 58:         }
  1634  07F0  3001               	movlw	1
  1635  07F1  00F0               	movwf	??_PariDispari
  1636  07F2  0870               	movf	??_PariDispari,w
  1637  07F3  07F2               	addwf	PariDispari@i,f
  1638  07F4  3003               	movlw	3
  1639  07F5  0272               	subwf	PariDispari@i,w
  1640  07F6  1C03               	skipc
  1641  07F7  2FF9               	goto	u81
  1642  07F8  2FFA               	goto	u80
  1643  07F9                     u81:
  1644  07F9  2FDB               	goto	l812
  1645  07FA                     u80:
  1646  07FA                     l106:
  1647  07FA  0008               	return
  1648  07FB                     __end_of_PariDispari:
  1649                           
  1650                           	psect	text7
  1651  0754                     __ptext7:	
  1652 ;; *************** function _PalleR *****************
  1653 ;; Defined at:
  1654 ;;		line 22 in file "my_lib_giochi.c"
  1655 ;; Parameters:    Size  Location     Type
  1656 ;;		None
  1657 ;; Auto vars:     Size  Location     Type
  1658 ;;  i               1    3[COMMON] unsigned char 
  1659 ;;  b               1    2[COMMON] unsigned char 
  1660 ;;  a               1    1[COMMON] unsigned char 
  1661 ;; Return value:  Size  Location     Type
  1662 ;;                  1    wreg      void 
  1663 ;; Registers used:
  1664 ;;		wreg, status,2, status,0
  1665 ;; Tracked objects:
  1666 ;;		On entry : 0/0
  1667 ;;		On exit  : 0/0
  1668 ;;		Unchanged: 0/0
  1669 ;; Data sizes:     COMMON   BANK0   BANK1   BANK2   BANK3   BANK4
  1670 ;;      Params:         0       0       0       0       0       0
  1671 ;;      Locals:         3       0       0       0       0       0
  1672 ;;      Temps:          1       0       0       0       0       0
  1673 ;;      Totals:         4       0       0       0       0       0
  1674 ;;Total ram usage:        4 bytes
  1675 ;; Hardware stack levels used:    1
  1676 ;; This function calls:
  1677 ;;		Nothing
  1678 ;; This function is called by:
  1679 ;;		_main
  1680 ;; This function uses a non-reentrant model
  1681 ;;
  1682                           
  1683                           
  1684                           ;psect for function _PalleR
  1685  0754                     _PalleR:
  1686  0754                     l762:	
  1687                           ;incstack = 0
  1688                           ; Regs used in _PalleR: [wreg+status,2+status,0]
  1689                           
  1690                           
  1691                           ;my_lib_giochi.c: 24:     char a=0b00010000;
  1692  0754  3010               	movlw	16
  1693  0755  00F0               	movwf	??_PalleR
  1694  0756  0870               	movf	??_PalleR,w
  1695  0757  00F1               	movwf	PalleR@a
  1696                           
  1697                           ;my_lib_giochi.c: 25:     char b=0b00001000;
  1698  0758  3008               	movlw	8
  1699  0759  00F0               	movwf	??_PalleR
  1700  075A  0870               	movf	??_PalleR,w
  1701  075B  00F2               	movwf	PalleR@b
  1702  075C                     l764:
  1703  075C                     l766:
  1704                           
  1705                           ;my_lib_giochi.c: 27:     for(i=0;i<3;i++)
  1706  075C  01F3               	clrf	PalleR@i
  1707  075D                     l770:
  1708                           
  1709                           ;my_lib_giochi.c: 28:        {;my_lib_giochi.c: 29:             PORTB=a|b;
  1710  075D  0871               	movf	PalleR@a,w
  1711  075E  0472               	iorwf	PalleR@b,w
  1712  075F  0020               	movlb	0	; select bank0
  1713  0760  008D               	movwf	13	;volatile
  1714                           
  1715                           ;my_lib_giochi.c: 30:             a=a<<1;
  1716  0761  3571               	lslf	PalleR@a,w
  1717  0762  00F0               	movwf	??_PalleR
  1718  0763  0870               	movf	??_PalleR,w
  1719  0764  00F1               	movwf	PalleR@a
  1720                           
  1721                           ;my_lib_giochi.c: 31:             b=b>>1;
  1722  0765  3672               	lsrf	PalleR@b,w
  1723  0766  00F0               	movwf	??_PalleR
  1724  0767  0870               	movf	??_PalleR,w
  1725  0768  00F2               	movwf	PalleR@b
  1726  0769                     l772:
  1727                           
  1728                           ;my_lib_giochi.c: 32:             _delay((unsigned long)((50)*(4000000/4000.0)));
  1729  0769  3041               	movlw	65
  1730  076A  00F0               	movwf	??_PalleR
  1731  076B  30EE               	movlw	238
  1732  076C                     u217:
  1733  076C  0B89               	decfsz	9,f
  1734  076D  2F6C               	goto	u217
  1735  076E  0BF0               	decfsz	??_PalleR,f
  1736  076F  2F6C               	goto	u217
  1737  0770  3200               	nop2
  1738  0771                     l774:
  1739                           
  1740                           ;my_lib_giochi.c: 33:        }
  1741  0771  3001               	movlw	1
  1742  0772  00F0               	movwf	??_PalleR
  1743  0773  0870               	movf	??_PalleR,w
  1744  0774  07F3               	addwf	PalleR@i,f
  1745  0775  3003               	movlw	3
  1746  0776  0273               	subwf	PalleR@i,w
  1747  0777  1C03               	skipc
  1748  0778  2F7A               	goto	u31
  1749  0779  2F7B               	goto	u30
  1750  077A                     u31:
  1751  077A  2F5D               	goto	l770
  1752  077B                     u30:
  1753  077B                     l776:
  1754                           
  1755                           ;my_lib_giochi.c: 34:       for(i=0;i<3;i++)
  1756  077B  01F3               	clrf	PalleR@i
  1757  077C                     l782:
  1758                           
  1759                           ;my_lib_giochi.c: 35:       {;my_lib_giochi.c: 36:             PORTB=a|b;
  1760  077C  0871               	movf	PalleR@a,w
  1761  077D  0472               	iorwf	PalleR@b,w
  1762  077E  0020               	movlb	0	; select bank0
  1763  077F  008D               	movwf	13	;volatile
  1764                           
  1765                           ;my_lib_giochi.c: 37:             a=a>>1;
  1766  0780  3671               	lsrf	PalleR@a,w
  1767  0781  00F0               	movwf	??_PalleR
  1768  0782  0870               	movf	??_PalleR,w
  1769  0783  00F1               	movwf	PalleR@a
  1770                           
  1771                           ;my_lib_giochi.c: 38:             b=b<<1;
  1772  0784  3572               	lslf	PalleR@b,w
  1773  0785  00F0               	movwf	??_PalleR
  1774  0786  0870               	movf	??_PalleR,w
  1775  0787  00F2               	movwf	PalleR@b
  1776  0788                     l784:
  1777                           
  1778                           ;my_lib_giochi.c: 39:             _delay((unsigned long)((50)*(4000000/4000.0)));
  1779  0788  3041               	movlw	65
  1780  0789  00F0               	movwf	??_PalleR
  1781  078A  30EE               	movlw	238
  1782  078B                     u227:
  1783  078B  0B89               	decfsz	9,f
  1784  078C  2F8B               	goto	u227
  1785  078D  0BF0               	decfsz	??_PalleR,f
  1786  078E  2F8B               	goto	u227
  1787  078F  3200               	nop2
  1788  0790                     l786:
  1789                           
  1790                           ;my_lib_giochi.c: 40:       }
  1791  0790  3001               	movlw	1
  1792  0791  00F0               	movwf	??_PalleR
  1793  0792  0870               	movf	??_PalleR,w
  1794  0793  07F3               	addwf	PalleR@i,f
  1795  0794  3003               	movlw	3
  1796  0795  0273               	subwf	PalleR@i,w
  1797  0796  1C03               	skipc
  1798  0797  2F99               	goto	u41
  1799  0798  2F9A               	goto	u40
  1800  0799                     u41:
  1801  0799  2F7C               	goto	l782
  1802  079A                     u40:
  1803  079A                     l99:
  1804  079A  0008               	return
  1805  079B                     __end_of_PalleR:
  1806  007E                     btemp	set	126	;btemp
  1807  007E                     wtemp0	set	126
  1808                           
  1809                           	psect	config
  1810                           
  1811                           ;Config register CONFIG1 @ 0x8007
  1812                           ;	Oscillator Selection
  1813                           ;	FOSC = INTOSC, INTOSC oscillator: I/O function on CLKIN pin
  1814                           ;	Watchdog Timer Enable
  1815                           ;	WDTE = OFF, WDT disabled
  1816                           ;	Power-up Timer Enable
  1817                           ;	PWRTE = OFF, PWRT disabled
  1818                           ;	MCLR Pin Function Select
  1819                           ;	MCLRE = ON, MCLR/VPP pin function is MCLR
  1820                           ;	Flash Program Memory Code Protection
  1821                           ;	CP = OFF, Program memory code protection is disabled
  1822                           ;	Data Memory Code Protection
  1823                           ;	CPD = OFF, Data memory code protection is disabled
  1824                           ;	Brown-out Reset Enable
  1825                           ;	BOREN = ON, Brown-out Reset enabled
  1826                           ;	Clock Out Enable
  1827                           ;	CLKOUTEN = OFF, CLKOUT function is disabled. I/O or oscillator function on the CLKOUT 
      +                          pin
  1828                           ;	Internal/External Switchover
  1829                           ;	IESO = ON, Internal/External Switchover mode is enabled
  1830                           ;	Fail-Safe Clock Monitor Enable
  1831                           ;	FCMEN = ON, Fail-Safe Clock Monitor is enabled
  1832  8007                     	org	32775
  1833  8007  3FE4               	dw	16356
  1834                           
  1835                           ;Config register CONFIG2 @ 0x8008
  1836                           ;	Flash Memory Self-Write Protection
  1837                           ;	WRT = OFF, Write protection off
  1838                           ;	PLL Enable
  1839                           ;	PLLEN = OFF, 4x PLL disabled
  1840                           ;	Stack Overflow/Underflow Reset Enable
  1841                           ;	STVREN = ON, Stack Overflow or Underflow will cause a Reset
  1842                           ;	Brown-out Reset Voltage Selection
  1843                           ;	BORV = LO, Brown-out Reset Voltage (Vbor), low trip point selected.
  1844                           ;	Low-Voltage Programming Enable
  1845                           ;	LVP = ON, Low-voltage programming enabled
  1846  8008                     	org	32776
  1847  8008  3EFF               	dw	16127

Data Sizes:
    Strings     0
    Constant    0
    Data        0
    BSS         2
    Persistent  32
    Stack       0

Auto Spaces:
    Space          Size  Autos    Used
    COMMON           14      5       7
    BANK0            80      0       0
    BANK1            80      0       0
    BANK2            80      0       0
    BANK3            80      0       0
    BANK4            48      0       0

Pointer List with Targets:

    None.

Critical Paths under _main in COMMON

    _main->_PalleR

Critical Paths under _main in BANK0

    None.

Critical Paths under _main in BANK1

    None.

Critical Paths under _main in BANK2

    None.

Critical Paths under _main in BANK3

    None.

Critical Paths under _main in BANK4

    None.

Call Graph Tables:

 ---------------------------------------------------------------------------------
 (Depth) Function   	        Calls       Base Space   Used Autos Params    Refs
 ---------------------------------------------------------------------------------
 (0) _main                                                 1     1      0     300
                                              4 COMMON     1     1      0
                             _PalleR
                        _PariDispari
                  _SYSTEM_Initialize
                           _Supercar
 ---------------------------------------------------------------------------------
 (1) _Supercar                                             2     2      0      60
                                              0 COMMON     2     2      0
 ---------------------------------------------------------------------------------
 (1) _SYSTEM_Initialize                                    0     0      0       0
              _OSCILLATOR_Initialize
             _PIN_MANAGER_Initialize
                     _WDT_Initialize
 ---------------------------------------------------------------------------------
 (2) _WDT_Initialize                                       0     0      0       0
 ---------------------------------------------------------------------------------
 (2) _PIN_MANAGER_Initialize                               0     0      0       0
 ---------------------------------------------------------------------------------
 (2) _OSCILLATOR_Initialize                                0     0      0       0
 ---------------------------------------------------------------------------------
 (1) _PariDispari                                          3     3      0      60
                                              0 COMMON     3     3      0
 ---------------------------------------------------------------------------------
 (1) _PalleR                                               4     4      0     180
                                              0 COMMON     4     4      0
 ---------------------------------------------------------------------------------
 Estimated maximum stack depth 2
 ---------------------------------------------------------------------------------

 Call Graph Graphs:

 _main (ROOT)
   _PalleR
   _PariDispari
   _SYSTEM_Initialize
     _OSCILLATOR_Initialize
     _PIN_MANAGER_Initialize
     _WDT_Initialize
   _Supercar

 Address spaces:
Name               Size   Autos  Total    Cost      Usage
BIGRAM             170      0       0       0        0.0%
EEDATA             100      0       0       0        0.0%
NULL                 0      0       0       0        0.0%
CODE                 0      0       0       0        0.0%
BITCOMMON            E      0       0       1        0.0%
BITSFR0              0      0       0       1        0.0%
SFR0                 0      0       0       1        0.0%
COMMON               E      5       7       2       50.0%
BITSFR1              0      0       0       2        0.0%
SFR1                 0      0       0       2        0.0%
BITSFR2              0      0       0       3        0.0%
SFR2                 0      0       0       3        0.0%
STACK                0      0       0       3        0.0%
BITSFR3              0      0       0       4        0.0%
SFR3                 0      0       0       4        0.0%
ABS                  0      0       7       4        0.0%
BITBANK0            50      0       0       5        0.0%
BITSFR4              0      0       0       5        0.0%
SFR4                 0      0       0       5        0.0%
BANK0               50      0       0       6        0.0%
BITSFR5              0      0       0       6        0.0%
SFR5                 0      0       0       6        0.0%
BITBANK1            50      0       0       7        0.0%
BITSFR6              0      0       0       7        0.0%
SFR6                 0      0       0       7        0.0%
BANK1               50      0       0       8        0.0%
BITSFR7              0      0       0       8        0.0%
SFR7                 0      0       0       8        0.0%
BITBANK2            50      0       0       9        0.0%
BITSFR8              0      0       0       9        0.0%
SFR8                 0      0       0       9        0.0%
BANK2               50      0       0      10        0.0%
BITSFR9              0      0       0      10        0.0%
SFR9                 0      0       0      10        0.0%
BITBANK3            50      0       0      11        0.0%
BITSFR10             0      0       0      11        0.0%
SFR10                0      0       0      11        0.0%
BANK3               50      0       0      12        0.0%
BITSFR11             0      0       0      12        0.0%
SFR11                0      0       0      12        0.0%
BITBANK4            30      0       0      13        0.0%
BITSFR12             0      0       0      13        0.0%
SFR12                0      0       0      13        0.0%
BANK4               30      0       0      14        0.0%
BITSFR13             0      0       0      14        0.0%
SFR13                0      0       0      14        0.0%
BITSFR14             0      0       0      15        0.0%
SFR14                0      0       0      15        0.0%
DATA                 0      0       7      15        0.0%
BITSFR15             0      0       0      16        0.0%
SFR15                0      0       0      16        0.0%
BITSFR16             0      0       0      17        0.0%
SFR16                0      0       0      17        0.0%
BITSFR17             0      0       0      18        0.0%
SFR17                0      0       0      18        0.0%
BITSFR18             0      0       0      19        0.0%
SFR18                0      0       0      19        0.0%
BITSFR19             0      0       0      20        0.0%
SFR19                0      0       0      20        0.0%
BITSFR20             0      0       0      21        0.0%
SFR20                0      0       0      21        0.0%
BITSFR21             0      0       0      22        0.0%
SFR21                0      0       0      22        0.0%
BITSFR22             0      0       0      23        0.0%
SFR22                0      0       0      23        0.0%
BITSFR23             0      0       0      24        0.0%
SFR23                0      0       0      24        0.0%
BITSFR24             0      0       0      25        0.0%
SFR24                0      0       0      25        0.0%
BITSFR25             0      0       0      26        0.0%
SFR25                0      0       0      26        0.0%
BITSFR26             0      0       0      27        0.0%
SFR26                0      0       0      27        0.0%
BITSFR27             0      0       0      28        0.0%
SFR27                0      0       0      28        0.0%
BITSFR28             0      0       0      29        0.0%
SFR28                0      0       0      29        0.0%
BITSFR29             0      0       0      30        0.0%
SFR29                0      0       0      30        0.0%
BITSFR30             0      0       0      31        0.0%
SFR30                0      0       0      31        0.0%
BITSFR31             0      0       0      32        0.0%
SFR31                0      0       0      32        0.0%


Microchip Technology PIC Macro Assembler V2.31 build 20201012212115 
Symbol Table                                                                                   Thu Sep 23 09:06:46 2021

                              _c 0075                                _s 0076                               l20 06CF  
                             l23 06C8                               l17 06D9                               l48 06ED  
                             l74 0730                               l92 071B                               l99 079A  
                             u10 0706                               u11 0705                               u20 071B  
                             u21 071A                               u30 077B                               u31 077A  
                             u40 079A                               u41 0799                               u60 07CB  
                             u61 07CA                               u55 07AF                               u80 07FA  
                             u81 07F9                               u90 0726                               u75 07DF  
                             u91 0725                              l106 07FA                              l800 07B5  
                            l720 06E1                              l802 07C1                              l730 06CD  
                            l722 06E3                              l714 06DA                              l812 07DB  
                            l804 07CB                              l724 06E8                              l716 06DD  
                            l732 06C5                              l740 06F1                              l820 071E  
                            l814 07E4                              l806 07DA                              l726 06C9  
                            l718 06E0                              l734 06D0                              l750 0706  
                            l830 0735                              l822 0721                              l816 07F0  
                            l728 06CC                              l760 0711                              l744 06F2  
                            l736 06EE                              l840 074A                              l832 0738  
                            l824 0726                              l770 075D                              l762 0754  
                            l746 06F5                              l738 06EE                              l842 0750  
                            l834 073E                              l826 0728                              l818 071C  
                            l772 0769                              l764 075C                              l756 0707  
                            l748 06FC                              l836 0741                              l828 072C  
                            l782 077C                              l774 0771                              l766 075C  
                            l790 079B                              l758 070A                              l838 0747  
                            l784 0788                              l776 077B                              l792 079E  
                            l786 0790                              l788 079B                              l798 07AB  
                            u100 072C                              u101 072B                              u110 0735  
                            u111 0734                              u120 073E                              u121 073D  
                            u130 0747                              u131 0746                              u140 0750  
                            u141 074F                              u207 07E9                              u217 076C  
                            u227 078B                              u157 06F8                              u167 070D  
                            u177 07A3                              u187 07BA                              u197 07D3  
                            wreg 0009                             _LATA 010C                             _LATB 010D  
                           _WPUA 020C                             _WPUB 020D                             _main 071C  
                           btemp 007E                             start 0002                    ??_PariDispari 0070  
 __size_of_OSCILLATOR_Initialize 0007    __end_of_OSCILLATOR_Initialize 06D0                            ?_main 0070  
                          _PORTB 000D                            _TRISA 008C                            _TRISB 008D  
                 _WDT_Initialize 06C5                            status 0003                            wtemp0 007E  
                __initialization 07FB                     __end_of_main 0754                           ??_main 0074  
         __end_of_WDT_Initialize 06C9              __end_of_PariDispari 07FB                 __end_of_Supercar 071C  
                         _ANSELA 018C                           _ANSELB 018D                           _BORCON 0116  
                         _OSCCON 0099                           _WDTCON 0097                           _PalleR 0754  
                ?_WDT_Initialize 0070                _SYSTEM_Initialize 06D0          __end_of__initialization 07FD  
             ?_SYSTEM_Initialize 0070                     PariDispari@i 0072                   __pcstackCOMMON 0070  
            ??_SYSTEM_Initialize 0070                      _PariDispari 079B                   _OPTION_REGbits 0095  
      __end_of_SYSTEM_Initialize 06DA                          ?_PalleR 0070                       __pmaintext 071C  
                      ?_Supercar 0070                          _APFCON0 011D                          _APFCON1 011E  
                        _OSCTUNE 0098                          PalleR@a 0071                          PalleR@b 0072  
                        PalleR@i 0073                  __size_of_PalleR 0047                       ??_Supercar 0070  
                        __ptext1 06EE                          __ptext2 06D0                          __ptext3 06C5  
                        __ptext4 06DA                          __ptext5 06C9                          __ptext6 079B  
                        __ptext7 0754            _OSCILLATOR_Initialize 06C9         ??_PIN_MANAGER_Initialize 0070  
     __size_of_SYSTEM_Initialize 000A             end_of_initialization 07FD                 ??_WDT_Initialize 0070  
                      _PORTAbits 000C                   __end_of_PalleR 079B                     ?_PariDispari 0070  
         ?_OSCILLATOR_Initialize 0070              start_initialization 07FB  __size_of_PIN_MANAGER_Initialize 0014  
                       ??_PalleR 0070                __size_of_Supercar 002E                      __pbssCOMMON 0075  
                      ___latbits 0001                        Supercar@i 0071           _PIN_MANAGER_Initialize 06DA  
           __size_of_PariDispari 0060          ??_OSCILLATOR_Initialize 0070                         _Supercar 06EE  
                  __size_of_main 0038          __size_of_WDT_Initialize 0004          ?_PIN_MANAGER_Initialize 0070  
 __end_of_PIN_MANAGER_Initialize 06EE  
