

Microchip MPLAB XC8 Assembler V2.31 build 20201012212115 
                                                                                               Thu Oct 14 10:33:02 2021

Microchip MPLAB XC8 C Compiler v2.31 (Free license) build 20201012212115 Og1 
     1                           	processor	16F1827
     2                           	pagewidth 120
     3                           	opt	flic
     4                           	psect	nvCOMMON,global,class=COMMON,space=1,delta=1,noexec
     5                           	psect	cinit,global,class=CODE,merge=1,delta=2
     6                           	psect	cstackCOMMON,global,class=COMMON,space=1,delta=1,noexec
     7                           	psect	maintext,global,class=CODE,merge=1,split=1,delta=2
     8                           	psect	text1,local,class=CODE,merge=1,delta=2
     9                           	psect	text2,local,class=CODE,merge=1,delta=2
    10                           	psect	text3,local,class=CODE,merge=1,delta=2
    11                           	psect	text4,local,class=CODE,merge=1,delta=2
    12                           	psect	text5,local,class=CODE,merge=1,delta=2
    13                           	psect	text6,local,class=CODE,merge=1,delta=2
    14                           	psect	intentry,global,class=CODE,delta=2
    15                           	psect	text8,local,class=CODE,merge=1,delta=2
    16                           	psect	text9,local,class=CODE,merge=1,delta=2
    17                           	psect	config,global,abs,ovrld,class=CONFIG,space=4,delta=2,noexec
    18                           	dabs	1,0x7E,2
    19  0000                     
    20                           ; Version 2.20
    21                           ; Generated 12/02/2020 GMT
    22                           ; 
    23                           ; Copyright © 2020, Microchip Technology Inc. and its subsidiaries ("Microchip")
    24                           ; All rights reserved.
    25                           ; 
    26                           ; This software is developed by Microchip Technology Inc. and its subsidiaries ("Microch
      +                          ip").
    27                           ; 
    28                           ; Redistribution and use in source and binary forms, with or without modification, are
    29                           ; permitted provided that the following conditions are met:
    30                           ; 
    31                           ;     1. Redistributions of source code must retain the above copyright notice, this lis
      +                          t of
    32                           ;        conditions and the following disclaimer.
    33                           ; 
    34                           ;     2. Redistributions in binary form must reproduce the above copyright notice, this 
      +                          list
    35                           ;        of conditions and the following disclaimer in the documentation and/or other
    36                           ;        materials provided with the distribution.
    37                           ; 
    38                           ;     3. Microchip's name may not be used to endorse or promote products derived from th
      +                          is
    39                           ;        software without specific prior written permission.
    40                           ; 
    41                           ; THIS SOFTWARE IS PROVIDED BY MICROCHIP "AS IS" AND ANY EXPRESS OR IMPLIED WARRANTIES,
    42                           ; INCLUDING, BUT NOT LIMITED TO, THE IMPLIED WARRANTIES OF MERCHANTABILITY AND FITNESS F
      +                          OR
    43                           ; PURPOSE ARE DISCLAIMED.  IN NO EVENT SHALL MICROCHIP BE LIABLE FOR ANY DIRECT, INDIREC
      +                          T,
    44                           ; INCIDENTAL, SPECIAL, EXEMPLARY, OR CONSEQUENTIAL DAMAGES (INCLUDING BUT NOT LIMITED TO
    45                           ; PROCUREMENT OF SUBSTITUTE GOODS OR SERVICES; LOSS OF USE, DATA OR PROFITS; OR BUSINESS
    46                           ; INTERRUPTION) HOWSOEVER CAUSED AND ON ANY THEORY OF LIABILITY, WHETHER IN CONTRACT, ST
      +                          RICT
    47                           ; LIABILITY, OR TORT (INCLUDING NEGLIGENCE OR OTHERWISE) ARISING IN ANY WAY OUT OF THE U
      +                          SE OF
    48                           ; THIS SOFTWARE, EVEN IF ADVISED OF THE POSSIBILITY OF SUCH DAMAGE.
    49                           ; 
    50                           ; 
    51                           ; Code-generator required, PIC16F1827 Definitions
    52                           ; 
    53                           ; SFR Addresses
    54  0000                     	;# 
    55  0001                     	;# 
    56  0002                     	;# 
    57  0003                     	;# 
    58  0004                     	;# 
    59  0005                     	;# 
    60  0006                     	;# 
    61  0007                     	;# 
    62  0008                     	;# 
    63  0009                     	;# 
    64  000A                     	;# 
    65  000B                     	;# 
    66  000C                     	;# 
    67  000D                     	;# 
    68  0011                     	;# 
    69  0012                     	;# 
    70  0013                     	;# 
    71  0014                     	;# 
    72  0015                     	;# 
    73  0016                     	;# 
    74  0016                     	;# 
    75  0017                     	;# 
    76  0018                     	;# 
    77  0019                     	;# 
    78  001A                     	;# 
    79  001B                     	;# 
    80  001C                     	;# 
    81  001E                     	;# 
    82  001F                     	;# 
    83  008C                     	;# 
    84  008D                     	;# 
    85  0091                     	;# 
    86  0092                     	;# 
    87  0093                     	;# 
    88  0094                     	;# 
    89  0095                     	;# 
    90  0096                     	;# 
    91  0097                     	;# 
    92  0098                     	;# 
    93  0099                     	;# 
    94  009A                     	;# 
    95  009B                     	;# 
    96  009B                     	;# 
    97  009C                     	;# 
    98  009D                     	;# 
    99  009E                     	;# 
   100  010C                     	;# 
   101  010D                     	;# 
   102  0111                     	;# 
   103  0112                     	;# 
   104  0113                     	;# 
   105  0114                     	;# 
   106  0115                     	;# 
   107  0116                     	;# 
   108  0117                     	;# 
   109  0118                     	;# 
   110  0119                     	;# 
   111  011A                     	;# 
   112  011B                     	;# 
   113  011D                     	;# 
   114  011E                     	;# 
   115  018C                     	;# 
   116  018D                     	;# 
   117  0191                     	;# 
   118  0191                     	;# 
   119  0192                     	;# 
   120  0193                     	;# 
   121  0193                     	;# 
   122  0193                     	;# 
   123  0194                     	;# 
   124  0195                     	;# 
   125  0196                     	;# 
   126  0199                     	;# 
   127  019A                     	;# 
   128  019B                     	;# 
   129  019B                     	;# 
   130  019B                     	;# 
   131  019B                     	;# 
   132  019C                     	;# 
   133  019C                     	;# 
   134  019D                     	;# 
   135  019E                     	;# 
   136  019F                     	;# 
   137  020C                     	;# 
   138  020D                     	;# 
   139  0211                     	;# 
   140  0211                     	;# 
   141  0212                     	;# 
   142  0212                     	;# 
   143  0213                     	;# 
   144  0213                     	;# 
   145  0214                     	;# 
   146  0214                     	;# 
   147  0215                     	;# 
   148  0215                     	;# 
   149  0215                     	;# 
   150  0216                     	;# 
   151  0216                     	;# 
   152  0217                     	;# 
   153  0217                     	;# 
   154  0219                     	;# 
   155  021A                     	;# 
   156  021B                     	;# 
   157  021C                     	;# 
   158  021D                     	;# 
   159  021E                     	;# 
   160  021F                     	;# 
   161  0291                     	;# 
   162  0291                     	;# 
   163  0292                     	;# 
   164  0293                     	;# 
   165  0294                     	;# 
   166  0295                     	;# 
   167  0295                     	;# 
   168  0296                     	;# 
   169  0298                     	;# 
   170  0298                     	;# 
   171  0299                     	;# 
   172  029A                     	;# 
   173  029B                     	;# 
   174  029C                     	;# 
   175  029C                     	;# 
   176  029D                     	;# 
   177  029E                     	;# 
   178  029E                     	;# 
   179  0311                     	;# 
   180  0311                     	;# 
   181  0312                     	;# 
   182  0313                     	;# 
   183  0318                     	;# 
   184  0318                     	;# 
   185  0319                     	;# 
   186  031A                     	;# 
   187  0394                     	;# 
   188  0395                     	;# 
   189  0396                     	;# 
   190  039A                     	;# 
   191  039C                     	;# 
   192  039D                     	;# 
   193  039E                     	;# 
   194  039F                     	;# 
   195  0415                     	;# 
   196  0416                     	;# 
   197  0417                     	;# 
   198  041C                     	;# 
   199  041D                     	;# 
   200  041E                     	;# 
   201  0FE4                     	;# 
   202  0FE5                     	;# 
   203  0FE6                     	;# 
   204  0FE7                     	;# 
   205  0FE8                     	;# 
   206  0FE9                     	;# 
   207  0FEA                     	;# 
   208  0FEB                     	;# 
   209  0FED                     	;# 
   210  0FEE                     	;# 
   211  0FEF                     	;# 
   212  0000                     	;# 
   213  0001                     	;# 
   214  0002                     	;# 
   215  0003                     	;# 
   216  0004                     	;# 
   217  0005                     	;# 
   218  0006                     	;# 
   219  0007                     	;# 
   220  0008                     	;# 
   221  0009                     	;# 
   222  000A                     	;# 
   223  000B                     	;# 
   224  000C                     	;# 
   225  000D                     	;# 
   226  0011                     	;# 
   227  0012                     	;# 
   228  0013                     	;# 
   229  0014                     	;# 
   230  0015                     	;# 
   231  0016                     	;# 
   232  0016                     	;# 
   233  0017                     	;# 
   234  0018                     	;# 
   235  0019                     	;# 
   236  001A                     	;# 
   237  001B                     	;# 
   238  001C                     	;# 
   239  001E                     	;# 
   240  001F                     	;# 
   241  008C                     	;# 
   242  008D                     	;# 
   243  0091                     	;# 
   244  0092                     	;# 
   245  0093                     	;# 
   246  0094                     	;# 
   247  0095                     	;# 
   248  0096                     	;# 
   249  0097                     	;# 
   250  0098                     	;# 
   251  0099                     	;# 
   252  009A                     	;# 
   253  009B                     	;# 
   254  009B                     	;# 
   255  009C                     	;# 
   256  009D                     	;# 
   257  009E                     	;# 
   258  010C                     	;# 
   259  010D                     	;# 
   260  0111                     	;# 
   261  0112                     	;# 
   262  0113                     	;# 
   263  0114                     	;# 
   264  0115                     	;# 
   265  0116                     	;# 
   266  0117                     	;# 
   267  0118                     	;# 
   268  0119                     	;# 
   269  011A                     	;# 
   270  011B                     	;# 
   271  011D                     	;# 
   272  011E                     	;# 
   273  018C                     	;# 
   274  018D                     	;# 
   275  0191                     	;# 
   276  0191                     	;# 
   277  0192                     	;# 
   278  0193                     	;# 
   279  0193                     	;# 
   280  0193                     	;# 
   281  0194                     	;# 
   282  0195                     	;# 
   283  0196                     	;# 
   284  0199                     	;# 
   285  019A                     	;# 
   286  019B                     	;# 
   287  019B                     	;# 
   288  019B                     	;# 
   289  019B                     	;# 
   290  019C                     	;# 
   291  019C                     	;# 
   292  019D                     	;# 
   293  019E                     	;# 
   294  019F                     	;# 
   295  020C                     	;# 
   296  020D                     	;# 
   297  0211                     	;# 
   298  0211                     	;# 
   299  0212                     	;# 
   300  0212                     	;# 
   301  0213                     	;# 
   302  0213                     	;# 
   303  0214                     	;# 
   304  0214                     	;# 
   305  0215                     	;# 
   306  0215                     	;# 
   307  0215                     	;# 
   308  0216                     	;# 
   309  0216                     	;# 
   310  0217                     	;# 
   311  0217                     	;# 
   312  0219                     	;# 
   313  021A                     	;# 
   314  021B                     	;# 
   315  021C                     	;# 
   316  021D                     	;# 
   317  021E                     	;# 
   318  021F                     	;# 
   319  0291                     	;# 
   320  0291                     	;# 
   321  0292                     	;# 
   322  0293                     	;# 
   323  0294                     	;# 
   324  0295                     	;# 
   325  0295                     	;# 
   326  0296                     	;# 
   327  0298                     	;# 
   328  0298                     	;# 
   329  0299                     	;# 
   330  029A                     	;# 
   331  029B                     	;# 
   332  029C                     	;# 
   333  029C                     	;# 
   334  029D                     	;# 
   335  029E                     	;# 
   336  029E                     	;# 
   337  0311                     	;# 
   338  0311                     	;# 
   339  0312                     	;# 
   340  0313                     	;# 
   341  0318                     	;# 
   342  0318                     	;# 
   343  0319                     	;# 
   344  031A                     	;# 
   345  0394                     	;# 
   346  0395                     	;# 
   347  0396                     	;# 
   348  039A                     	;# 
   349  039C                     	;# 
   350  039D                     	;# 
   351  039E                     	;# 
   352  039F                     	;# 
   353  0415                     	;# 
   354  0416                     	;# 
   355  0417                     	;# 
   356  041C                     	;# 
   357  041D                     	;# 
   358  041E                     	;# 
   359  0FE4                     	;# 
   360  0FE5                     	;# 
   361  0FE6                     	;# 
   362  0FE7                     	;# 
   363  0FE8                     	;# 
   364  0FE9                     	;# 
   365  0FEA                     	;# 
   366  0FEB                     	;# 
   367  0FED                     	;# 
   368  0FEE                     	;# 
   369  0FEF                     	;# 
   370  0000                     	;# 
   371  0001                     	;# 
   372  0002                     	;# 
   373  0003                     	;# 
   374  0004                     	;# 
   375  0005                     	;# 
   376  0006                     	;# 
   377  0007                     	;# 
   378  0008                     	;# 
   379  0009                     	;# 
   380  000A                     	;# 
   381  000B                     	;# 
   382  000C                     	;# 
   383  000D                     	;# 
   384  0011                     	;# 
   385  0012                     	;# 
   386  0013                     	;# 
   387  0014                     	;# 
   388  0015                     	;# 
   389  0016                     	;# 
   390  0016                     	;# 
   391  0017                     	;# 
   392  0018                     	;# 
   393  0019                     	;# 
   394  001A                     	;# 
   395  001B                     	;# 
   396  001C                     	;# 
   397  001E                     	;# 
   398  001F                     	;# 
   399  008C                     	;# 
   400  008D                     	;# 
   401  0091                     	;# 
   402  0092                     	;# 
   403  0093                     	;# 
   404  0094                     	;# 
   405  0095                     	;# 
   406  0096                     	;# 
   407  0097                     	;# 
   408  0098                     	;# 
   409  0099                     	;# 
   410  009A                     	;# 
   411  009B                     	;# 
   412  009B                     	;# 
   413  009C                     	;# 
   414  009D                     	;# 
   415  009E                     	;# 
   416  010C                     	;# 
   417  010D                     	;# 
   418  0111                     	;# 
   419  0112                     	;# 
   420  0113                     	;# 
   421  0114                     	;# 
   422  0115                     	;# 
   423  0116                     	;# 
   424  0117                     	;# 
   425  0118                     	;# 
   426  0119                     	;# 
   427  011A                     	;# 
   428  011B                     	;# 
   429  011D                     	;# 
   430  011E                     	;# 
   431  018C                     	;# 
   432  018D                     	;# 
   433  0191                     	;# 
   434  0191                     	;# 
   435  0192                     	;# 
   436  0193                     	;# 
   437  0193                     	;# 
   438  0193                     	;# 
   439  0194                     	;# 
   440  0195                     	;# 
   441  0196                     	;# 
   442  0199                     	;# 
   443  019A                     	;# 
   444  019B                     	;# 
   445  019B                     	;# 
   446  019B                     	;# 
   447  019B                     	;# 
   448  019C                     	;# 
   449  019C                     	;# 
   450  019D                     	;# 
   451  019E                     	;# 
   452  019F                     	;# 
   453  020C                     	;# 
   454  020D                     	;# 
   455  0211                     	;# 
   456  0211                     	;# 
   457  0212                     	;# 
   458  0212                     	;# 
   459  0213                     	;# 
   460  0213                     	;# 
   461  0214                     	;# 
   462  0214                     	;# 
   463  0215                     	;# 
   464  0215                     	;# 
   465  0215                     	;# 
   466  0216                     	;# 
   467  0216                     	;# 
   468  0217                     	;# 
   469  0217                     	;# 
   470  0219                     	;# 
   471  021A                     	;# 
   472  021B                     	;# 
   473  021C                     	;# 
   474  021D                     	;# 
   475  021E                     	;# 
   476  021F                     	;# 
   477  0291                     	;# 
   478  0291                     	;# 
   479  0292                     	;# 
   480  0293                     	;# 
   481  0294                     	;# 
   482  0295                     	;# 
   483  0295                     	;# 
   484  0296                     	;# 
   485  0298                     	;# 
   486  0298                     	;# 
   487  0299                     	;# 
   488  029A                     	;# 
   489  029B                     	;# 
   490  029C                     	;# 
   491  029C                     	;# 
   492  029D                     	;# 
   493  029E                     	;# 
   494  029E                     	;# 
   495  0311                     	;# 
   496  0311                     	;# 
   497  0312                     	;# 
   498  0313                     	;# 
   499  0318                     	;# 
   500  0318                     	;# 
   501  0319                     	;# 
   502  031A                     	;# 
   503  0394                     	;# 
   504  0395                     	;# 
   505  0396                     	;# 
   506  039A                     	;# 
   507  039C                     	;# 
   508  039D                     	;# 
   509  039E                     	;# 
   510  039F                     	;# 
   511  0415                     	;# 
   512  0416                     	;# 
   513  0417                     	;# 
   514  041C                     	;# 
   515  041D                     	;# 
   516  041E                     	;# 
   517  0FE4                     	;# 
   518  0FE5                     	;# 
   519  0FE6                     	;# 
   520  0FE7                     	;# 
   521  0FE8                     	;# 
   522  0FE9                     	;# 
   523  0FEA                     	;# 
   524  0FEB                     	;# 
   525  0FED                     	;# 
   526  0FEE                     	;# 
   527  0FEF                     	;# 
   528  0000                     	;# 
   529  0001                     	;# 
   530  0002                     	;# 
   531  0003                     	;# 
   532  0004                     	;# 
   533  0005                     	;# 
   534  0006                     	;# 
   535  0007                     	;# 
   536  0008                     	;# 
   537  0009                     	;# 
   538  000A                     	;# 
   539  000B                     	;# 
   540  000C                     	;# 
   541  000D                     	;# 
   542  0011                     	;# 
   543  0012                     	;# 
   544  0013                     	;# 
   545  0014                     	;# 
   546  0015                     	;# 
   547  0016                     	;# 
   548  0016                     	;# 
   549  0017                     	;# 
   550  0018                     	;# 
   551  0019                     	;# 
   552  001A                     	;# 
   553  001B                     	;# 
   554  001C                     	;# 
   555  001E                     	;# 
   556  001F                     	;# 
   557  008C                     	;# 
   558  008D                     	;# 
   559  0091                     	;# 
   560  0092                     	;# 
   561  0093                     	;# 
   562  0094                     	;# 
   563  0095                     	;# 
   564  0096                     	;# 
   565  0097                     	;# 
   566  0098                     	;# 
   567  0099                     	;# 
   568  009A                     	;# 
   569  009B                     	;# 
   570  009B                     	;# 
   571  009C                     	;# 
   572  009D                     	;# 
   573  009E                     	;# 
   574  010C                     	;# 
   575  010D                     	;# 
   576  0111                     	;# 
   577  0112                     	;# 
   578  0113                     	;# 
   579  0114                     	;# 
   580  0115                     	;# 
   581  0116                     	;# 
   582  0117                     	;# 
   583  0118                     	;# 
   584  0119                     	;# 
   585  011A                     	;# 
   586  011B                     	;# 
   587  011D                     	;# 
   588  011E                     	;# 
   589  018C                     	;# 
   590  018D                     	;# 
   591  0191                     	;# 
   592  0191                     	;# 
   593  0192                     	;# 
   594  0193                     	;# 
   595  0193                     	;# 
   596  0193                     	;# 
   597  0194                     	;# 
   598  0195                     	;# 
   599  0196                     	;# 
   600  0199                     	;# 
   601  019A                     	;# 
   602  019B                     	;# 
   603  019B                     	;# 
   604  019B                     	;# 
   605  019B                     	;# 
   606  019C                     	;# 
   607  019C                     	;# 
   608  019D                     	;# 
   609  019E                     	;# 
   610  019F                     	;# 
   611  020C                     	;# 
   612  020D                     	;# 
   613  0211                     	;# 
   614  0211                     	;# 
   615  0212                     	;# 
   616  0212                     	;# 
   617  0213                     	;# 
   618  0213                     	;# 
   619  0214                     	;# 
   620  0214                     	;# 
   621  0215                     	;# 
   622  0215                     	;# 
   623  0215                     	;# 
   624  0216                     	;# 
   625  0216                     	;# 
   626  0217                     	;# 
   627  0217                     	;# 
   628  0219                     	;# 
   629  021A                     	;# 
   630  021B                     	;# 
   631  021C                     	;# 
   632  021D                     	;# 
   633  021E                     	;# 
   634  021F                     	;# 
   635  0291                     	;# 
   636  0291                     	;# 
   637  0292                     	;# 
   638  0293                     	;# 
   639  0294                     	;# 
   640  0295                     	;# 
   641  0295                     	;# 
   642  0296                     	;# 
   643  0298                     	;# 
   644  0298                     	;# 
   645  0299                     	;# 
   646  029A                     	;# 
   647  029B                     	;# 
   648  029C                     	;# 
   649  029C                     	;# 
   650  029D                     	;# 
   651  029E                     	;# 
   652  029E                     	;# 
   653  0311                     	;# 
   654  0311                     	;# 
   655  0312                     	;# 
   656  0313                     	;# 
   657  0318                     	;# 
   658  0318                     	;# 
   659  0319                     	;# 
   660  031A                     	;# 
   661  0394                     	;# 
   662  0395                     	;# 
   663  0396                     	;# 
   664  039A                     	;# 
   665  039C                     	;# 
   666  039D                     	;# 
   667  039E                     	;# 
   668  039F                     	;# 
   669  0415                     	;# 
   670  0416                     	;# 
   671  0417                     	;# 
   672  041C                     	;# 
   673  041D                     	;# 
   674  041E                     	;# 
   675  0FE4                     	;# 
   676  0FE5                     	;# 
   677  0FE6                     	;# 
   678  0FE7                     	;# 
   679  0FE8                     	;# 
   680  0FE9                     	;# 
   681  0FEA                     	;# 
   682  0FEB                     	;# 
   683  0FED                     	;# 
   684  0FEE                     	;# 
   685  0FEF                     	;# 
   686  0000                     	;# 
   687  0001                     	;# 
   688  0002                     	;# 
   689  0003                     	;# 
   690  0004                     	;# 
   691  0005                     	;# 
   692  0006                     	;# 
   693  0007                     	;# 
   694  0008                     	;# 
   695  0009                     	;# 
   696  000A                     	;# 
   697  000B                     	;# 
   698  000C                     	;# 
   699  000D                     	;# 
   700  0011                     	;# 
   701  0012                     	;# 
   702  0013                     	;# 
   703  0014                     	;# 
   704  0015                     	;# 
   705  0016                     	;# 
   706  0016                     	;# 
   707  0017                     	;# 
   708  0018                     	;# 
   709  0019                     	;# 
   710  001A                     	;# 
   711  001B                     	;# 
   712  001C                     	;# 
   713  001E                     	;# 
   714  001F                     	;# 
   715  008C                     	;# 
   716  008D                     	;# 
   717  0091                     	;# 
   718  0092                     	;# 
   719  0093                     	;# 
   720  0094                     	;# 
   721  0095                     	;# 
   722  0096                     	;# 
   723  0097                     	;# 
   724  0098                     	;# 
   725  0099                     	;# 
   726  009A                     	;# 
   727  009B                     	;# 
   728  009B                     	;# 
   729  009C                     	;# 
   730  009D                     	;# 
   731  009E                     	;# 
   732  010C                     	;# 
   733  010D                     	;# 
   734  0111                     	;# 
   735  0112                     	;# 
   736  0113                     	;# 
   737  0114                     	;# 
   738  0115                     	;# 
   739  0116                     	;# 
   740  0117                     	;# 
   741  0118                     	;# 
   742  0119                     	;# 
   743  011A                     	;# 
   744  011B                     	;# 
   745  011D                     	;# 
   746  011E                     	;# 
   747  018C                     	;# 
   748  018D                     	;# 
   749  0191                     	;# 
   750  0191                     	;# 
   751  0192                     	;# 
   752  0193                     	;# 
   753  0193                     	;# 
   754  0193                     	;# 
   755  0194                     	;# 
   756  0195                     	;# 
   757  0196                     	;# 
   758  0199                     	;# 
   759  019A                     	;# 
   760  019B                     	;# 
   761  019B                     	;# 
   762  019B                     	;# 
   763  019B                     	;# 
   764  019C                     	;# 
   765  019C                     	;# 
   766  019D                     	;# 
   767  019E                     	;# 
   768  019F                     	;# 
   769  020C                     	;# 
   770  020D                     	;# 
   771  0211                     	;# 
   772  0211                     	;# 
   773  0212                     	;# 
   774  0212                     	;# 
   775  0213                     	;# 
   776  0213                     	;# 
   777  0214                     	;# 
   778  0214                     	;# 
   779  0215                     	;# 
   780  0215                     	;# 
   781  0215                     	;# 
   782  0216                     	;# 
   783  0216                     	;# 
   784  0217                     	;# 
   785  0217                     	;# 
   786  0219                     	;# 
   787  021A                     	;# 
   788  021B                     	;# 
   789  021C                     	;# 
   790  021D                     	;# 
   791  021E                     	;# 
   792  021F                     	;# 
   793  0291                     	;# 
   794  0291                     	;# 
   795  0292                     	;# 
   796  0293                     	;# 
   797  0294                     	;# 
   798  0295                     	;# 
   799  0295                     	;# 
   800  0296                     	;# 
   801  0298                     	;# 
   802  0298                     	;# 
   803  0299                     	;# 
   804  029A                     	;# 
   805  029B                     	;# 
   806  029C                     	;# 
   807  029C                     	;# 
   808  029D                     	;# 
   809  029E                     	;# 
   810  029E                     	;# 
   811  0311                     	;# 
   812  0311                     	;# 
   813  0312                     	;# 
   814  0313                     	;# 
   815  0318                     	;# 
   816  0318                     	;# 
   817  0319                     	;# 
   818  031A                     	;# 
   819  0394                     	;# 
   820  0395                     	;# 
   821  0396                     	;# 
   822  039A                     	;# 
   823  039C                     	;# 
   824  039D                     	;# 
   825  039E                     	;# 
   826  039F                     	;# 
   827  0415                     	;# 
   828  0416                     	;# 
   829  0417                     	;# 
   830  041C                     	;# 
   831  041D                     	;# 
   832  041E                     	;# 
   833  0FE4                     	;# 
   834  0FE5                     	;# 
   835  0FE6                     	;# 
   836  0FE7                     	;# 
   837  0FE8                     	;# 
   838  0FE9                     	;# 
   839  0FEA                     	;# 
   840  0FEB                     	;# 
   841  0FED                     	;# 
   842  0FEE                     	;# 
   843  0FEF                     	;# 
   844  0000                     	;# 
   845  0001                     	;# 
   846  0002                     	;# 
   847  0003                     	;# 
   848  0004                     	;# 
   849  0005                     	;# 
   850  0006                     	;# 
   851  0007                     	;# 
   852  0008                     	;# 
   853  0009                     	;# 
   854  000A                     	;# 
   855  000B                     	;# 
   856  000C                     	;# 
   857  000D                     	;# 
   858  0011                     	;# 
   859  0012                     	;# 
   860  0013                     	;# 
   861  0014                     	;# 
   862  0015                     	;# 
   863  0016                     	;# 
   864  0016                     	;# 
   865  0017                     	;# 
   866  0018                     	;# 
   867  0019                     	;# 
   868  001A                     	;# 
   869  001B                     	;# 
   870  001C                     	;# 
   871  001E                     	;# 
   872  001F                     	;# 
   873  008C                     	;# 
   874  008D                     	;# 
   875  0091                     	;# 
   876  0092                     	;# 
   877  0093                     	;# 
   878  0094                     	;# 
   879  0095                     	;# 
   880  0096                     	;# 
   881  0097                     	;# 
   882  0098                     	;# 
   883  0099                     	;# 
   884  009A                     	;# 
   885  009B                     	;# 
   886  009B                     	;# 
   887  009C                     	;# 
   888  009D                     	;# 
   889  009E                     	;# 
   890  010C                     	;# 
   891  010D                     	;# 
   892  0111                     	;# 
   893  0112                     	;# 
   894  0113                     	;# 
   895  0114                     	;# 
   896  0115                     	;# 
   897  0116                     	;# 
   898  0117                     	;# 
   899  0118                     	;# 
   900  0119                     	;# 
   901  011A                     	;# 
   902  011B                     	;# 
   903  011D                     	;# 
   904  011E                     	;# 
   905  018C                     	;# 
   906  018D                     	;# 
   907  0191                     	;# 
   908  0191                     	;# 
   909  0192                     	;# 
   910  0193                     	;# 
   911  0193                     	;# 
   912  0193                     	;# 
   913  0194                     	;# 
   914  0195                     	;# 
   915  0196                     	;# 
   916  0199                     	;# 
   917  019A                     	;# 
   918  019B                     	;# 
   919  019B                     	;# 
   920  019B                     	;# 
   921  019B                     	;# 
   922  019C                     	;# 
   923  019C                     	;# 
   924  019D                     	;# 
   925  019E                     	;# 
   926  019F                     	;# 
   927  020C                     	;# 
   928  020D                     	;# 
   929  0211                     	;# 
   930  0211                     	;# 
   931  0212                     	;# 
   932  0212                     	;# 
   933  0213                     	;# 
   934  0213                     	;# 
   935  0214                     	;# 
   936  0214                     	;# 
   937  0215                     	;# 
   938  0215                     	;# 
   939  0215                     	;# 
   940  0216                     	;# 
   941  0216                     	;# 
   942  0217                     	;# 
   943  0217                     	;# 
   944  0219                     	;# 
   945  021A                     	;# 
   946  021B                     	;# 
   947  021C                     	;# 
   948  021D                     	;# 
   949  021E                     	;# 
   950  021F                     	;# 
   951  0291                     	;# 
   952  0291                     	;# 
   953  0292                     	;# 
   954  0293                     	;# 
   955  0294                     	;# 
   956  0295                     	;# 
   957  0295                     	;# 
   958  0296                     	;# 
   959  0298                     	;# 
   960  0298                     	;# 
   961  0299                     	;# 
   962  029A                     	;# 
   963  029B                     	;# 
   964  029C                     	;# 
   965  029C                     	;# 
   966  029D                     	;# 
   967  029E                     	;# 
   968  029E                     	;# 
   969  0311                     	;# 
   970  0311                     	;# 
   971  0312                     	;# 
   972  0313                     	;# 
   973  0318                     	;# 
   974  0318                     	;# 
   975  0319                     	;# 
   976  031A                     	;# 
   977  0394                     	;# 
   978  0395                     	;# 
   979  0396                     	;# 
   980  039A                     	;# 
   981  039C                     	;# 
   982  039D                     	;# 
   983  039E                     	;# 
   984  039F                     	;# 
   985  0415                     	;# 
   986  0416                     	;# 
   987  0417                     	;# 
   988  041C                     	;# 
   989  041D                     	;# 
   990  041E                     	;# 
   991  0FE4                     	;# 
   992  0FE5                     	;# 
   993  0FE6                     	;# 
   994  0FE7                     	;# 
   995  0FE8                     	;# 
   996  0FE9                     	;# 
   997  0FEA                     	;# 
   998  0FEB                     	;# 
   999  0FED                     	;# 
  1000  0FEE                     	;# 
  1001  0FEF                     	;# 
  1002                           
  1003                           	psect	nvCOMMON
  1004  0070                     __pnvCOMMON:
  1005  0070                     _TMR0_InterruptHandler:
  1006  0070                     	ds	2
  1007  0072                     _timer0ReloadVal:
  1008  0072                     	ds	1
  1009  0015                     _TMR0	set	21
  1010  000B                     _INTCONbits	set	11
  1011  0097                     _WDTCON	set	151
  1012  0098                     _OSCTUNE	set	152
  1013  0099                     _OSCCON	set	153
  1014  0095                     _OPTION_REGbits	set	149
  1015  008D                     _TRISB	set	141
  1016  008C                     _TRISA	set	140
  1017  0095                     _OPTION_REG	set	149
  1018  0116                     _BORCON	set	278
  1019  011E                     _APFCON1	set	286
  1020  011D                     _APFCON0	set	285
  1021  010D                     _LATB	set	269
  1022  010C                     _LATA	set	268
  1023  010D                     _LATBbits	set	269
  1024  018C                     _ANSELA	set	396
  1025  018D                     _ANSELB	set	397
  1026  020C                     _WPUA	set	524
  1027  020D                     _WPUB	set	525
  1028                           
  1029                           	psect	cinit
  1030  0015                     start_initialization:	
  1031                           ; #config settings
  1032                           
  1033  0015                     __initialization:
  1034  0015                     end_of_initialization:	
  1035                           ;End of C runtime variable initialization code
  1036                           
  1037  0015                     __end_of__initialization:
  1038  0015  107E               	bcf	int$flags,0	;clear compiler interrupt flag (level 1)
  1039  0016  0020               	movlb	0
  1040  0017  3180  2878         	ljmp	_main	;jump to C main() function
  1041                           
  1042                           	psect	cstackCOMMON
  1043  0073                     __pcstackCOMMON:
  1044  0073                     ?_TMR0_ISR:
  1045  0073                     ??_TMR0_ISR:	
  1046                           ; 1 bytes @ 0x0
  1047                           
  1048  0073                     ?_SYSTEM_Initialize:	
  1049                           ; 1 bytes @ 0x0
  1050                           
  1051  0073                     ?_TMR0_SetInterruptHandler:	
  1052                           ; 1 bytes @ 0x0
  1053                           
  1054  0073                     ?_TMR0_DefaultInterruptHandler:	
  1055                           ; 1 bytes @ 0x0
  1056                           
  1057  0073                     ??_TMR0_DefaultInterruptHandler:	
  1058                           ; 1 bytes @ 0x0
  1059                           
  1060  0073                     ?_OSCILLATOR_Initialize:	
  1061                           ; 1 bytes @ 0x0
  1062                           
  1063  0073                     ??_OSCILLATOR_Initialize:	
  1064                           ; 1 bytes @ 0x0
  1065                           
  1066  0073                     ?_WDT_Initialize:	
  1067                           ; 1 bytes @ 0x0
  1068                           
  1069  0073                     ??_WDT_Initialize:	
  1070                           ; 1 bytes @ 0x0
  1071                           
  1072  0073                     ?_INTERRUPT_InterruptManager:	
  1073                           ; 1 bytes @ 0x0
  1074                           
  1075  0073                     ??_INTERRUPT_InterruptManager:	
  1076                           ; 1 bytes @ 0x0
  1077                           
  1078  0073                     ?_main:	
  1079                           ; 1 bytes @ 0x0
  1080                           
  1081  0073                     ?_TMR0_Initialize:	
  1082                           ; 1 bytes @ 0x0
  1083                           
  1084  0073                     ?_PIN_MANAGER_Initialize:	
  1085                           ; 1 bytes @ 0x0
  1086                           
  1087  0073                     ??_PIN_MANAGER_Initialize:	
  1088                           ; 1 bytes @ 0x0
  1089                           
  1090  0073                     TMR0_SetInterruptHandler@InterruptHandler:	
  1091                           ; 1 bytes @ 0x0
  1092                           
  1093                           
  1094                           ; 2 bytes @ 0x0
  1095  0073                     	ds	2
  1096  0075                     ??_TMR0_SetInterruptHandler:
  1097  0075                     ??_TMR0_Initialize:	
  1098                           ; 1 bytes @ 0x2
  1099                           
  1100                           
  1101                           ; 1 bytes @ 0x2
  1102  0075                     	ds	1
  1103  0076                     ??_SYSTEM_Initialize:
  1104  0076                     ??_main:	
  1105                           ; 1 bytes @ 0x3
  1106                           
  1107                           
  1108                           	psect	maintext
  1109  0078                     __pmaintext:	
  1110                           ; 1 bytes @ 0x3
  1111 ;;
  1112 ;;Main: autosize = 0, tempsize = 0, incstack = 0, save=0
  1113 ;;
  1114 ;; *************** function _main *****************
  1115 ;; Defined at:
  1116 ;;		line 49 in file "main.c"
  1117 ;; Parameters:    Size  Location     Type
  1118 ;;		None
  1119 ;; Auto vars:     Size  Location     Type
  1120 ;;		None
  1121 ;; Return value:  Size  Location     Type
  1122 ;;                  1    wreg      void 
  1123 ;; Registers used:
  1124 ;;		wreg, status,2, status,0, pclath, cstack
  1125 ;; Tracked objects:
  1126 ;;		On entry : B1F/0
  1127 ;;		On exit  : 0/0
  1128 ;;		Unchanged: 0/0
  1129 ;; Data sizes:     COMMON   BANK0   BANK1   BANK2   BANK3   BANK4
  1130 ;;      Params:         0       0       0       0       0       0
  1131 ;;      Locals:         0       0       0       0       0       0
  1132 ;;      Temps:          0       0       0       0       0       0
  1133 ;;      Totals:         0       0       0       0       0       0
  1134 ;;Total ram usage:        0 bytes
  1135 ;; Hardware stack levels required when called:    6
  1136 ;; This function calls:
  1137 ;;		_SYSTEM_Initialize
  1138 ;; This function is called by:
  1139 ;;		Startup code after reset
  1140 ;; This function uses a non-reentrant model
  1141 ;;
  1142                           
  1143                           
  1144                           ;psect for function _main
  1145  0078                     _main:
  1146  0078                     l814:	
  1147                           ;incstack = 0
  1148                           ; Regs used in _main: [wreg+status,2+status,0+pclath+cstack]
  1149                           
  1150                           
  1151                           ;main.c: 52:     SYSTEM_Initialize();
  1152  0078  3180  206B  3180   	fcall	_SYSTEM_Initialize
  1153  007B                     l816:
  1154                           
  1155                           ;main.c: 58:     (INTCONbits.GIE = 1);
  1156  007B  178B               	bsf	11,7	;volatile
  1157  007C                     l818:
  1158                           
  1159                           ;main.c: 61:     (INTCONbits.PEIE = 1);
  1160  007C  170B               	bsf	11,6	;volatile
  1161  007D                     l20:	
  1162                           ;main.c: 69:     while (1)
  1163                           
  1164  007D                     l21:	
  1165                           ;main.c: 70:     {;main.c: 72:     }
  1166                           
  1167  007D  287D               	goto	l20
  1168  007E  3180  2813         	ljmp	start
  1169  0080                     __end_of_main:
  1170                           
  1171                           	psect	text1
  1172  006B                     __ptext1:	
  1173 ;; *************** function _SYSTEM_Initialize *****************
  1174 ;; Defined at:
  1175 ;;		line 50 in file "mcc_generated_files/mcc.c"
  1176 ;; Parameters:    Size  Location     Type
  1177 ;;		None
  1178 ;; Auto vars:     Size  Location     Type
  1179 ;;		None
  1180 ;; Return value:  Size  Location     Type
  1181 ;;                  1    wreg      void 
  1182 ;; Registers used:
  1183 ;;		wreg, status,2, status,0, pclath, cstack
  1184 ;; Tracked objects:
  1185 ;;		On entry : 0/0
  1186 ;;		On exit  : 0/0
  1187 ;;		Unchanged: 0/0
  1188 ;; Data sizes:     COMMON   BANK0   BANK1   BANK2   BANK3   BANK4
  1189 ;;      Params:         0       0       0       0       0       0
  1190 ;;      Locals:         0       0       0       0       0       0
  1191 ;;      Temps:          0       0       0       0       0       0
  1192 ;;      Totals:         0       0       0       0       0       0
  1193 ;;Total ram usage:        0 bytes
  1194 ;; Hardware stack levels used:    1
  1195 ;; Hardware stack levels required when called:    5
  1196 ;; This function calls:
  1197 ;;		_OSCILLATOR_Initialize
  1198 ;;		_PIN_MANAGER_Initialize
  1199 ;;		_TMR0_Initialize
  1200 ;;		_WDT_Initialize
  1201 ;; This function is called by:
  1202 ;;		_main
  1203 ;; This function uses a non-reentrant model
  1204 ;;
  1205                           
  1206                           
  1207                           ;psect for function _SYSTEM_Initialize
  1208  006B                     _SYSTEM_Initialize:
  1209  006B                     l812:	
  1210                           ;incstack = 0
  1211                           ; Regs used in _SYSTEM_Initialize: [wreg+status,2+status,0+pclath+cstack]
  1212                           
  1213                           
  1214                           ;mcc_generated_files/mcc.c: 53:     PIN_MANAGER_Initialize();
  1215  006B  3180  2056  3180   	fcall	_PIN_MANAGER_Initialize
  1216                           
  1217                           ;mcc_generated_files/mcc.c: 54:     OSCILLATOR_Initialize();
  1218  006E  3180  2080  3180   	fcall	_OSCILLATOR_Initialize
  1219                           
  1220                           ;mcc_generated_files/mcc.c: 55:     WDT_Initialize();
  1221  0071  3180  208C  3180   	fcall	_WDT_Initialize
  1222                           
  1223                           ;mcc_generated_files/mcc.c: 56:     TMR0_Initialize();
  1224  0074  3180  2040  3180   	fcall	_TMR0_Initialize
  1225  0077                     l112:
  1226  0077  0008               	return
  1227  0078                     __end_of_SYSTEM_Initialize:
  1228                           
  1229                           	psect	text2
  1230  008C                     __ptext2:	
  1231 ;; *************** function _WDT_Initialize *****************
  1232 ;; Defined at:
  1233 ;;		line 69 in file "mcc_generated_files/mcc.c"
  1234 ;; Parameters:    Size  Location     Type
  1235 ;;		None
  1236 ;; Auto vars:     Size  Location     Type
  1237 ;;		None
  1238 ;; Return value:  Size  Location     Type
  1239 ;;                  1    wreg      void 
  1240 ;; Registers used:
  1241 ;;		wreg
  1242 ;; Tracked objects:
  1243 ;;		On entry : 0/0
  1244 ;;		On exit  : 0/0
  1245 ;;		Unchanged: 0/0
  1246 ;; Data sizes:     COMMON   BANK0   BANK1   BANK2   BANK3   BANK4
  1247 ;;      Params:         0       0       0       0       0       0
  1248 ;;      Locals:         0       0       0       0       0       0
  1249 ;;      Temps:          0       0       0       0       0       0
  1250 ;;      Totals:         0       0       0       0       0       0
  1251 ;;Total ram usage:        0 bytes
  1252 ;; Hardware stack levels used:    1
  1253 ;; Hardware stack levels required when called:    3
  1254 ;; This function calls:
  1255 ;;		Nothing
  1256 ;; This function is called by:
  1257 ;;		_SYSTEM_Initialize
  1258 ;; This function uses a non-reentrant model
  1259 ;;
  1260                           
  1261                           
  1262                           ;psect for function _WDT_Initialize
  1263  008C                     _WDT_Initialize:
  1264  008C                     l762:	
  1265                           ;incstack = 0
  1266                           ; Regs used in _WDT_Initialize: [wreg]
  1267                           
  1268                           
  1269                           ;mcc_generated_files/mcc.c: 72:     WDTCON = 0x16;
  1270  008C  3016               	movlw	22
  1271  008D  0021               	movlb	1	; select bank1
  1272  008E  0097               	movwf	23	;volatile
  1273  008F                     l118:
  1274  008F  0008               	return
  1275  0090                     __end_of_WDT_Initialize:
  1276                           
  1277                           	psect	text3
  1278  0040                     __ptext3:	
  1279 ;; *************** function _TMR0_Initialize *****************
  1280 ;; Defined at:
  1281 ;;		line 65 in file "mcc_generated_files/tmr0.c"
  1282 ;; Parameters:    Size  Location     Type
  1283 ;;		None
  1284 ;; Auto vars:     Size  Location     Type
  1285 ;;		None
  1286 ;; Return value:  Size  Location     Type
  1287 ;;                  1    wreg      void 
  1288 ;; Registers used:
  1289 ;;		wreg, status,2, status,0, pclath, cstack
  1290 ;; Tracked objects:
  1291 ;;		On entry : 0/0
  1292 ;;		On exit  : 0/0
  1293 ;;		Unchanged: 0/0
  1294 ;; Data sizes:     COMMON   BANK0   BANK1   BANK2   BANK3   BANK4
  1295 ;;      Params:         0       0       0       0       0       0
  1296 ;;      Locals:         0       0       0       0       0       0
  1297 ;;      Temps:          1       0       0       0       0       0
  1298 ;;      Totals:         1       0       0       0       0       0
  1299 ;;Total ram usage:        1 bytes
  1300 ;; Hardware stack levels used:    1
  1301 ;; Hardware stack levels required when called:    4
  1302 ;; This function calls:
  1303 ;;		_TMR0_SetInterruptHandler
  1304 ;; This function is called by:
  1305 ;;		_SYSTEM_Initialize
  1306 ;; This function uses a non-reentrant model
  1307 ;;
  1308                           
  1309                           
  1310                           ;psect for function _TMR0_Initialize
  1311  0040                     _TMR0_Initialize:
  1312  0040                     l800:	
  1313                           ;incstack = 0
  1314                           ; Regs used in _TMR0_Initialize: [wreg+status,2+status,0+pclath+cstack]
  1315                           
  1316                           
  1317                           ;mcc_generated_files/tmr0.c: 70:     OPTION_REG = (uint8_t)((OPTION_REG & 0xC0) | (0xD7 
      +                          & 0x3F));
  1318  0040  0021               	movlb	1	; select bank1
  1319  0041  0815               	movf	21,w	;volatile
  1320  0042  39C0               	andlw	192
  1321  0043  3817               	iorlw	23
  1322  0044  0095               	movwf	21	;volatile
  1323  0045                     l802:
  1324                           
  1325                           ;mcc_generated_files/tmr0.c: 73:     TMR0 = 0x3D;
  1326  0045  303D               	movlw	61
  1327  0046  0020               	movlb	0	; select bank0
  1328  0047  0095               	movwf	21	;volatile
  1329  0048                     l804:
  1330                           
  1331                           ;mcc_generated_files/tmr0.c: 76:     timer0ReloadVal= 61;
  1332  0048  303D               	movlw	61
  1333  0049  00F5               	movwf	??_TMR0_Initialize
  1334  004A  0875               	movf	??_TMR0_Initialize,w
  1335  004B  00F2               	movwf	_timer0ReloadVal	;volatile
  1336  004C                     l806:
  1337                           
  1338                           ;mcc_generated_files/tmr0.c: 79:     INTCONbits.TMR0IF = 0;
  1339  004C  110B               	bcf	11,2	;volatile
  1340  004D                     l808:
  1341                           
  1342                           ;mcc_generated_files/tmr0.c: 82:     INTCONbits.TMR0IE = 1;
  1343  004D  168B               	bsf	11,5	;volatile
  1344  004E                     l810:
  1345                           
  1346                           ;mcc_generated_files/tmr0.c: 85:     TMR0_SetInterruptHandler(TMR0_DefaultInterruptHandl
      +                          er);
  1347  004E  3090               	movlw	low _TMR0_DefaultInterruptHandler
  1348  004F  00F3               	movwf	TMR0_SetInterruptHandler@InterruptHandler
  1349  0050  3000               	movlw	high _TMR0_DefaultInterruptHandler
  1350  0051  00F4               	movwf	TMR0_SetInterruptHandler@InterruptHandler+1
  1351  0052  3180  2087  3180   	fcall	_TMR0_SetInterruptHandler
  1352  0055                     l42:
  1353  0055  0008               	return
  1354  0056                     __end_of_TMR0_Initialize:
  1355                           
  1356                           	psect	text4
  1357  0087                     __ptext4:	
  1358 ;; *************** function _TMR0_SetInterruptHandler *****************
  1359 ;; Defined at:
  1360 ;;		line 127 in file "mcc_generated_files/tmr0.c"
  1361 ;; Parameters:    Size  Location     Type
  1362 ;;  InterruptHan    2    0[COMMON] PTR FTN()void 
  1363 ;;		 -> TMR0_DefaultInterruptHandler(1), 
  1364 ;; Auto vars:     Size  Location     Type
  1365 ;;		None
  1366 ;; Return value:  Size  Location     Type
  1367 ;;                  1    wreg      void 
  1368 ;; Registers used:
  1369 ;;		wreg
  1370 ;; Tracked objects:
  1371 ;;		On entry : 0/0
  1372 ;;		On exit  : 0/0
  1373 ;;		Unchanged: 0/0
  1374 ;; Data sizes:     COMMON   BANK0   BANK1   BANK2   BANK3   BANK4
  1375 ;;      Params:         2       0       0       0       0       0
  1376 ;;      Locals:         0       0       0       0       0       0
  1377 ;;      Temps:          0       0       0       0       0       0
  1378 ;;      Totals:         2       0       0       0       0       0
  1379 ;;Total ram usage:        2 bytes
  1380 ;; Hardware stack levels used:    1
  1381 ;; Hardware stack levels required when called:    3
  1382 ;; This function calls:
  1383 ;;		Nothing
  1384 ;; This function is called by:
  1385 ;;		_TMR0_Initialize
  1386 ;; This function uses a non-reentrant model
  1387 ;;
  1388                           
  1389                           
  1390                           ;psect for function _TMR0_SetInterruptHandler
  1391  0087                     _TMR0_SetInterruptHandler:
  1392  0087                     l798:	
  1393                           ;incstack = 0
  1394                           ; Regs used in _TMR0_SetInterruptHandler: [wreg]
  1395                           
  1396                           
  1397                           ;mcc_generated_files/tmr0.c: 128:     TMR0_InterruptHandler = InterruptHandler;
  1398  0087  0874               	movf	TMR0_SetInterruptHandler@InterruptHandler+1,w
  1399  0088  00F1               	movwf	_TMR0_InterruptHandler+1
  1400  0089  0873               	movf	TMR0_SetInterruptHandler@InterruptHandler,w
  1401  008A  00F0               	movwf	_TMR0_InterruptHandler
  1402  008B                     l62:
  1403  008B  0008               	return
  1404  008C                     __end_of_TMR0_SetInterruptHandler:
  1405                           
  1406                           	psect	text5
  1407  0056                     __ptext5:	
  1408 ;; *************** function _PIN_MANAGER_Initialize *****************
  1409 ;; Defined at:
  1410 ;;		line 55 in file "mcc_generated_files/pin_manager.c"
  1411 ;; Parameters:    Size  Location     Type
  1412 ;;		None
  1413 ;; Auto vars:     Size  Location     Type
  1414 ;;		None
  1415 ;; Return value:  Size  Location     Type
  1416 ;;                  1    wreg      void 
  1417 ;; Registers used:
  1418 ;;		wreg, status,2
  1419 ;; Tracked objects:
  1420 ;;		On entry : 0/0
  1421 ;;		On exit  : 0/0
  1422 ;;		Unchanged: 0/0
  1423 ;; Data sizes:     COMMON   BANK0   BANK1   BANK2   BANK3   BANK4
  1424 ;;      Params:         0       0       0       0       0       0
  1425 ;;      Locals:         0       0       0       0       0       0
  1426 ;;      Temps:          0       0       0       0       0       0
  1427 ;;      Totals:         0       0       0       0       0       0
  1428 ;;Total ram usage:        0 bytes
  1429 ;; Hardware stack levels used:    1
  1430 ;; Hardware stack levels required when called:    3
  1431 ;; This function calls:
  1432 ;;		Nothing
  1433 ;; This function is called by:
  1434 ;;		_SYSTEM_Initialize
  1435 ;; This function uses a non-reentrant model
  1436 ;;
  1437                           
  1438                           
  1439                           ;psect for function _PIN_MANAGER_Initialize
  1440  0056                     _PIN_MANAGER_Initialize:
  1441  0056                     l740:	
  1442                           ;incstack = 0
  1443                           ; Regs used in _PIN_MANAGER_Initialize: [wreg+status,2]
  1444                           
  1445                           
  1446                           ;mcc_generated_files/pin_manager.c: 60:     LATA = 0x00;
  1447  0056  0022               	movlb	2	; select bank2
  1448  0057  018C               	clrf	12	;volatile
  1449                           
  1450                           ;mcc_generated_files/pin_manager.c: 61:     LATB = 0x00;
  1451  0058  018D               	clrf	13	;volatile
  1452  0059                     l742:
  1453                           
  1454                           ;mcc_generated_files/pin_manager.c: 66:     TRISA = 0xFF;
  1455  0059  30FF               	movlw	255
  1456  005A  0021               	movlb	1	; select bank1
  1457  005B  008C               	movwf	12	;volatile
  1458  005C                     l744:
  1459                           
  1460                           ;mcc_generated_files/pin_manager.c: 67:     TRISB = 0x00;
  1461  005C  018D               	clrf	13	;volatile
  1462                           
  1463                           ;mcc_generated_files/pin_manager.c: 72:     ANSELB = 0xFE;
  1464  005D  30FE               	movlw	254
  1465  005E  0023               	movlb	3	; select bank3
  1466  005F  008D               	movwf	13	;volatile
  1467                           
  1468                           ;mcc_generated_files/pin_manager.c: 73:     ANSELA = 0x1F;
  1469  0060  301F               	movlw	31
  1470  0061  008C               	movwf	12	;volatile
  1471  0062                     l746:
  1472                           
  1473                           ;mcc_generated_files/pin_manager.c: 78:     WPUB = 0x00;
  1474  0062  0024               	movlb	4	; select bank4
  1475  0063  018D               	clrf	13	;volatile
  1476  0064                     l748:
  1477                           
  1478                           ;mcc_generated_files/pin_manager.c: 79:     WPUA = 0x00;
  1479  0064  018C               	clrf	12	;volatile
  1480  0065                     l750:
  1481                           
  1482                           ;mcc_generated_files/pin_manager.c: 80:     OPTION_REGbits.nWPUEN = 1;
  1483  0065  0021               	movlb	1	; select bank1
  1484  0066  1795               	bsf	21,7	;volatile
  1485  0067                     l752:
  1486                           
  1487                           ;mcc_generated_files/pin_manager.c: 86:     APFCON0 = 0x00;
  1488  0067  0022               	movlb	2	; select bank2
  1489  0068  019D               	clrf	29	;volatile
  1490  0069                     l754:
  1491                           
  1492                           ;mcc_generated_files/pin_manager.c: 87:     APFCON1 = 0x00;
  1493  0069  019E               	clrf	30	;volatile
  1494  006A                     l90:
  1495  006A  0008               	return
  1496  006B                     __end_of_PIN_MANAGER_Initialize:
  1497                           
  1498                           	psect	text6
  1499  0080                     __ptext6:	
  1500 ;; *************** function _OSCILLATOR_Initialize *****************
  1501 ;; Defined at:
  1502 ;;		line 59 in file "mcc_generated_files/mcc.c"
  1503 ;; Parameters:    Size  Location     Type
  1504 ;;		None
  1505 ;; Auto vars:     Size  Location     Type
  1506 ;;		None
  1507 ;; Return value:  Size  Location     Type
  1508 ;;                  1    wreg      void 
  1509 ;; Registers used:
  1510 ;;		wreg, status,2
  1511 ;; Tracked objects:
  1512 ;;		On entry : 0/0
  1513 ;;		On exit  : 0/0
  1514 ;;		Unchanged: 0/0
  1515 ;; Data sizes:     COMMON   BANK0   BANK1   BANK2   BANK3   BANK4
  1516 ;;      Params:         0       0       0       0       0       0
  1517 ;;      Locals:         0       0       0       0       0       0
  1518 ;;      Temps:          0       0       0       0       0       0
  1519 ;;      Totals:         0       0       0       0       0       0
  1520 ;;Total ram usage:        0 bytes
  1521 ;; Hardware stack levels used:    1
  1522 ;; Hardware stack levels required when called:    3
  1523 ;; This function calls:
  1524 ;;		Nothing
  1525 ;; This function is called by:
  1526 ;;		_SYSTEM_Initialize
  1527 ;; This function uses a non-reentrant model
  1528 ;;
  1529                           
  1530                           
  1531                           ;psect for function _OSCILLATOR_Initialize
  1532  0080                     _OSCILLATOR_Initialize:
  1533  0080                     l756:	
  1534                           ;incstack = 0
  1535                           ; Regs used in _OSCILLATOR_Initialize: [wreg+status,2]
  1536                           
  1537                           
  1538                           ;mcc_generated_files/mcc.c: 62:     OSCCON = 0x6A;
  1539  0080  306A               	movlw	106
  1540  0081  0021               	movlb	1	; select bank1
  1541  0082  0099               	movwf	25	;volatile
  1542  0083                     l758:
  1543                           
  1544                           ;mcc_generated_files/mcc.c: 64:     OSCTUNE = 0x00;
  1545  0083  0198               	clrf	24	;volatile
  1546  0084                     l760:
  1547                           
  1548                           ;mcc_generated_files/mcc.c: 66:     BORCON = 0x00;
  1549  0084  0022               	movlb	2	; select bank2
  1550  0085  0196               	clrf	22	;volatile
  1551  0086                     l115:
  1552  0086  0008               	return
  1553  0087                     __end_of_OSCILLATOR_Initialize:
  1554                           
  1555                           	psect	intentry
  1556  0004                     __pintentry:	
  1557 ;; *************** function _INTERRUPT_InterruptManager *****************
  1558 ;; Defined at:
  1559 ;;		line 52 in file "mcc_generated_files/interrupt_manager.c"
  1560 ;; Parameters:    Size  Location     Type
  1561 ;;		None
  1562 ;; Auto vars:     Size  Location     Type
  1563 ;;		None
  1564 ;; Return value:  Size  Location     Type
  1565 ;;                  1    wreg      void 
  1566 ;; Registers used:
  1567 ;;		wreg, status,2, status,0, pclath, cstack
  1568 ;; Tracked objects:
  1569 ;;		On entry : 0/0
  1570 ;;		On exit  : 0/0
  1571 ;;		Unchanged: 0/0
  1572 ;; Data sizes:     COMMON   BANK0   BANK1   BANK2   BANK3   BANK4
  1573 ;;      Params:         0       0       0       0       0       0
  1574 ;;      Locals:         0       0       0       0       0       0
  1575 ;;      Temps:          0       0       0       0       0       0
  1576 ;;      Totals:         0       0       0       0       0       0
  1577 ;;Total ram usage:        0 bytes
  1578 ;; Hardware stack levels used:    1
  1579 ;; Hardware stack levels required when called:    2
  1580 ;; This function calls:
  1581 ;;		_TMR0_ISR
  1582 ;; This function is called by:
  1583 ;;		Interrupt level 1
  1584 ;; This function uses a non-reentrant model
  1585 ;;
  1586                           
  1587  0004                     _INTERRUPT_InterruptManager:
  1588                           
  1589                           ;incstack = 0
  1590  0004  147E               	bsf	int$flags,0	;set compiler interrupt flag (level 1)
  1591                           
  1592                           ; Regs used in _INTERRUPT_InterruptManager: [wreg+status,2+status,0+pclath+cstack]
  1593  0005  3180               	pagesel	$
  1594  0006                     i1l778:
  1595                           
  1596                           ;mcc_generated_files/interrupt_manager.c: 55:     if(INTCONbits.TMR0IE == 1 && INTCONbit
      +                          s.TMR0IF == 1)
  1597  0006  1E8B               	btfss	11,5	;volatile
  1598  0007  2809               	goto	u6_21
  1599  0008  280A               	goto	u6_20
  1600  0009                     u6_21:
  1601  0009  2811               	goto	i1l11
  1602  000A                     u6_20:
  1603  000A                     i1l780:
  1604  000A  1D0B               	btfss	11,2	;volatile
  1605  000B  280D               	goto	u7_21
  1606  000C  280E               	goto	u7_20
  1607  000D                     u7_21:
  1608  000D  2811               	goto	i1l11
  1609  000E                     u7_20:
  1610  000E                     i1l782:
  1611                           
  1612                           ;mcc_generated_files/interrupt_manager.c: 56:     {;mcc_generated_files/interrupt_manage
      +                          r.c: 57:         TMR0_ISR();
  1613  000E  3180  2019  3180   	fcall	_TMR0_ISR
  1614  0011                     i1l11:	
  1615                           ;mcc_generated_files/interrupt_manager.c: 58:     }
  1616                           
  1617  0011  107E               	bcf	int$flags,0	;clear compiler interrupt flag (level 1)
  1618  0012  0009               	retfie
  1619  0013                     __end_of_INTERRUPT_InterruptManager:
  1620                           
  1621                           	psect	text8
  1622  0019                     __ptext8:	
  1623 ;; *************** function _TMR0_ISR *****************
  1624 ;; Defined at:
  1625 ;;		line 109 in file "mcc_generated_files/tmr0.c"
  1626 ;; Parameters:    Size  Location     Type
  1627 ;;		None
  1628 ;; Auto vars:     Size  Location     Type
  1629 ;;		None
  1630 ;; Return value:  Size  Location     Type
  1631 ;;                  1    wreg      void 
  1632 ;; Registers used:
  1633 ;;		wreg, status,2, status,0, pclath, cstack
  1634 ;; Tracked objects:
  1635 ;;		On entry : 0/0
  1636 ;;		On exit  : 0/0
  1637 ;;		Unchanged: 0/0
  1638 ;; Data sizes:     COMMON   BANK0   BANK1   BANK2   BANK3   BANK4
  1639 ;;      Params:         0       0       0       0       0       0
  1640 ;;      Locals:         0       0       0       0       0       0
  1641 ;;      Temps:          0       0       0       0       0       0
  1642 ;;      Totals:         0       0       0       0       0       0
  1643 ;;Total ram usage:        0 bytes
  1644 ;; Hardware stack levels used:    1
  1645 ;; Hardware stack levels required when called:    1
  1646 ;; This function calls:
  1647 ;;		Absolute function
  1648 ;;		_TMR0_DefaultInterruptHandler
  1649 ;; This function is called by:
  1650 ;;		_INTERRUPT_InterruptManager
  1651 ;; This function uses a non-reentrant model
  1652 ;;
  1653                           
  1654                           
  1655                           ;psect for function _TMR0_ISR
  1656  0019                     _TMR0_ISR:
  1657  0019                     i1l764:	
  1658                           ;incstack = 0
  1659                           ; Regs used in _TMR0_ISR: [wreg+status,2+status,0+pclath+cstack]
  1660                           
  1661                           
  1662                           ;mcc_generated_files/tmr0.c: 113:     INTCONbits.TMR0IF = 0;
  1663  0019  110B               	bcf	11,2	;volatile
  1664  001A                     i1l766:
  1665                           
  1666                           ;mcc_generated_files/tmr0.c: 115:     TMR0 = timer0ReloadVal;
  1667  001A  0872               	movf	_timer0ReloadVal,w	;volatile
  1668  001B  0020               	movlb	0	; select bank0
  1669  001C  0095               	movwf	21	;volatile
  1670  001D                     i1l768:
  1671                           
  1672                           ;mcc_generated_files/tmr0.c: 117:     if(TMR0_InterruptHandler)
  1673  001D  0870               	movf	_TMR0_InterruptHandler,w
  1674  001E  0471               	iorwf	_TMR0_InterruptHandler+1,w
  1675  001F  1903               	btfsc	3,2
  1676  0020  2822               	goto	u1_21
  1677  0021  2823               	goto	u1_20
  1678  0022                     u1_21:
  1679  0022  2828               	goto	i1l772
  1680  0023                     u1_20:
  1681  0023                     i1l770:
  1682                           
  1683                           ;mcc_generated_files/tmr0.c: 118:     {;mcc_generated_files/tmr0.c: 119:         TMR0_In
      +                          terruptHandler();
  1684  0023  0871               	movf	_TMR0_InterruptHandler+1,w
  1685  0024  008A               	movwf	10
  1686  0025  0870               	movf	_TMR0_InterruptHandler,w
  1687  0026  000A               	callw
  1688  0027  3180               	pagesel	$
  1689  0028                     i1l772:
  1690  0028  1003               	clrc
  1691  0029  0022               	movlb	2	; select bank2
  1692  002A  1F0D               	btfss	13,6	;volatile
  1693  002B  1403               	setc
  1694  002C  1803               	btfsc	3,0
  1695  002D  282F               	goto	u2_21
  1696  002E  2832               	goto	u2_20
  1697  002F                     u2_21:
  1698  002F  0022               	movlb	2	; select bank2
  1699  0030  170D               	bsf	13,6	;volatile
  1700  0031  2834               	goto	u3_24
  1701  0032                     u2_20:
  1702  0032  0022               	movlb	2	; select bank2
  1703  0033  130D               	bcf	13,6	;volatile
  1704  0034                     u3_24:
  1705  0034                     i1l774:
  1706  0034  1003               	clrc
  1707  0035  1F8D               	btfss	13,7	;volatile
  1708  0036  1403               	setc
  1709  0037  1803               	btfsc	3,0
  1710  0038  283A               	goto	u4_21
  1711  0039  283D               	goto	u4_20
  1712  003A                     u4_21:
  1713  003A  0022               	movlb	2	; select bank2
  1714  003B  178D               	bsf	13,7	;volatile
  1715  003C  283F               	goto	u5_24
  1716  003D                     u4_20:
  1717  003D  0022               	movlb	2	; select bank2
  1718  003E  138D               	bcf	13,7	;volatile
  1719  003F                     u5_24:
  1720  003F                     i1l59:
  1721  003F  0008               	return
  1722  0040                     __end_of_TMR0_ISR:
  1723                           
  1724                           	psect	text9
  1725  0090                     __ptext9:	
  1726 ;; *************** function _TMR0_DefaultInterruptHandler *****************
  1727 ;; Defined at:
  1728 ;;		line 131 in file "mcc_generated_files/tmr0.c"
  1729 ;; Parameters:    Size  Location     Type
  1730 ;;		None
  1731 ;; Auto vars:     Size  Location     Type
  1732 ;;		None
  1733 ;; Return value:  Size  Location     Type
  1734 ;;                  1    wreg      void 
  1735 ;; Registers used:
  1736 ;;		None
  1737 ;; Tracked objects:
  1738 ;;		On entry : 0/0
  1739 ;;		On exit  : 0/0
  1740 ;;		Unchanged: 0/0
  1741 ;; Data sizes:     COMMON   BANK0   BANK1   BANK2   BANK3   BANK4
  1742 ;;      Params:         0       0       0       0       0       0
  1743 ;;      Locals:         0       0       0       0       0       0
  1744 ;;      Temps:          0       0       0       0       0       0
  1745 ;;      Totals:         0       0       0       0       0       0
  1746 ;;Total ram usage:        0 bytes
  1747 ;; Hardware stack levels used:    1
  1748 ;; This function calls:
  1749 ;;		Nothing
  1750 ;; This function is called by:
  1751 ;;		_TMR0_Initialize
  1752 ;;		_TMR0_ISR
  1753 ;; This function uses a non-reentrant model
  1754 ;;
  1755                           
  1756                           
  1757                           ;psect for function _TMR0_DefaultInterruptHandler
  1758  0090                     _TMR0_DefaultInterruptHandler:
  1759  0090                     i1l65:	
  1760                           ;incstack = 0
  1761                           ; Regs used in _TMR0_DefaultInterruptHandler: []
  1762                           
  1763  0090  0008               	return
  1764  0091                     __end_of_TMR0_DefaultInterruptHandler:
  1765  007E                     btemp	set	126	;btemp
  1766  007E                     int$flags	set	126
  1767  007E                     wtemp0	set	126
  1768                           
  1769                           	psect	config
  1770                           
  1771                           ;Config register CONFIG1 @ 0x8007
  1772                           ;	Oscillator Selection
  1773                           ;	FOSC = INTOSC, INTOSC oscillator: I/O function on CLKIN pin
  1774                           ;	Watchdog Timer Enable
  1775                           ;	WDTE = OFF, WDT disabled
  1776                           ;	Power-up Timer Enable
  1777                           ;	PWRTE = OFF, PWRT disabled
  1778                           ;	MCLR Pin Function Select
  1779                           ;	MCLRE = ON, MCLR/VPP pin function is MCLR
  1780                           ;	Flash Program Memory Code Protection
  1781                           ;	CP = OFF, Program memory code protection is disabled
  1782                           ;	Data Memory Code Protection
  1783                           ;	CPD = OFF, Data memory code protection is disabled
  1784                           ;	Brown-out Reset Enable
  1785                           ;	BOREN = ON, Brown-out Reset enabled
  1786                           ;	Clock Out Enable
  1787                           ;	CLKOUTEN = OFF, CLKOUT function is disabled. I/O or oscillator function on the CLKOUT 
      +                          pin
  1788                           ;	Internal/External Switchover
  1789                           ;	IESO = ON, Internal/External Switchover mode is enabled
  1790                           ;	Fail-Safe Clock Monitor Enable
  1791                           ;	FCMEN = ON, Fail-Safe Clock Monitor is enabled
  1792  8007                     	org	32775
  1793  8007  3FE4               	dw	16356
  1794                           
  1795                           ;Config register CONFIG2 @ 0x8008
  1796                           ;	Flash Memory Self-Write Protection
  1797                           ;	WRT = OFF, Write protection off
  1798                           ;	PLL Enable
  1799                           ;	PLLEN = OFF, 4x PLL disabled
  1800                           ;	Stack Overflow/Underflow Reset Enable
  1801                           ;	STVREN = ON, Stack Overflow or Underflow will cause a Reset
  1802                           ;	Brown-out Reset Voltage Selection
  1803                           ;	BORV = LO, Brown-out Reset Voltage (Vbor), low trip point selected.
  1804                           ;	Low-Voltage Programming Enable
  1805                           ;	LVP = ON, Low-voltage programming enabled
  1806  8008                     	org	32776
  1807  8008  3EFF               	dw	16127

Data Sizes:
    Strings     0
    Constant    0
    Data        0
    BSS         0
    Persistent  35
    Stack       0

Auto Spaces:
    Space          Size  Autos    Used
    COMMON           14      3       6
    BANK0            80      0       0
    BANK1            80      0       0
    BANK2            80      0       0
    BANK3            80      0       0
    BANK4            48      0       0

Pointer List with Targets:

    TMR0_SetInterruptHandler@InterruptHandler	PTR FTN()void  size(2) Largest target is 1
		 -> TMR0_DefaultInterruptHandler(), 

    TMR0_InterruptHandler	PTR FTN()void  size(2) Largest target is 1
		 -> Absolute function(), TMR0_DefaultInterruptHandler(), 


Critical Paths under _main in COMMON

    _SYSTEM_Initialize->_TMR0_Initialize
    _TMR0_Initialize->_TMR0_SetInterruptHandler

Critical Paths under _INTERRUPT_InterruptManager in COMMON

    None.

Critical Paths under _main in BANK0

    None.

Critical Paths under _INTERRUPT_InterruptManager in BANK0

    None.

Critical Paths under _main in BANK1

    None.

Critical Paths under _INTERRUPT_InterruptManager in BANK1

    None.

Critical Paths under _main in BANK2

    None.

Critical Paths under _INTERRUPT_InterruptManager in BANK2

    None.

Critical Paths under _main in BANK3

    None.

Critical Paths under _INTERRUPT_InterruptManager in BANK3

    None.

Critical Paths under _main in BANK4

    None.

Critical Paths under _INTERRUPT_InterruptManager in BANK4

    None.

Call Graph Tables:

 ---------------------------------------------------------------------------------
 (Depth) Function   	        Calls       Base Space   Used Autos Params    Refs
 ---------------------------------------------------------------------------------
 (0) _main                                                 0     0      0      98
                  _SYSTEM_Initialize
 ---------------------------------------------------------------------------------
 (1) _SYSTEM_Initialize                                    0     0      0      98
              _OSCILLATOR_Initialize
             _PIN_MANAGER_Initialize
                    _TMR0_Initialize
                     _WDT_Initialize
 ---------------------------------------------------------------------------------
 (2) _WDT_Initialize                                       0     0      0       0
 ---------------------------------------------------------------------------------
 (2) _TMR0_Initialize                                      1     1      0      98
                                              2 COMMON     1     1      0
           _TMR0_SetInterruptHandler
 ---------------------------------------------------------------------------------
 (3) _TMR0_SetInterruptHandler                             2     0      2      98
                                              0 COMMON     2     0      2
 ---------------------------------------------------------------------------------
 (2) _PIN_MANAGER_Initialize                               0     0      0       0
 ---------------------------------------------------------------------------------
 (2) _OSCILLATOR_Initialize                                0     0      0       0
 ---------------------------------------------------------------------------------
 Estimated maximum stack depth 3
 ---------------------------------------------------------------------------------
 (Depth) Function   	        Calls       Base Space   Used Autos Params    Refs
 ---------------------------------------------------------------------------------
 (4) _INTERRUPT_InterruptManager                           0     0      0       0
                           _TMR0_ISR
 ---------------------------------------------------------------------------------
 (5) _TMR0_ISR                                             0     0      0       0
                   Absolute function *
       _TMR0_DefaultInterruptHandler *
 ---------------------------------------------------------------------------------
 (6) _TMR0_DefaultInterruptHandler                         0     0      0       0
 ---------------------------------------------------------------------------------
 (6) Absolute function(Fake)                               0     0      0       0
 ---------------------------------------------------------------------------------
 Estimated maximum stack depth 6
 ---------------------------------------------------------------------------------

 Call Graph Graphs:

 _main (ROOT)
   _SYSTEM_Initialize
     _OSCILLATOR_Initialize
     _PIN_MANAGER_Initialize
     _TMR0_Initialize
       _TMR0_SetInterruptHandler
     _WDT_Initialize

 _INTERRUPT_InterruptManager (ROOT)
   _TMR0_ISR
     Absolute function(Fake) *
     _TMR0_DefaultInterruptHandler *

 Address spaces:
Name               Size   Autos  Total    Cost      Usage
BIGRAM             170      0       0       0        0.0%
EEDATA             100      0       0       0        0.0%
NULL                 0      0       0       0        0.0%
CODE                 0      0       0       0        0.0%
BITCOMMON            E      0       0       1        0.0%
BITSFR0              0      0       0       1        0.0%
SFR0                 0      0       0       1        0.0%
COMMON               E      3       6       2       42.9%
BITSFR1              0      0       0       2        0.0%
SFR1                 0      0       0       2        0.0%
BITSFR2              0      0       0       3        0.0%
SFR2                 0      0       0       3        0.0%
STACK                0      0       0       3        0.0%
BITSFR3              0      0       0       4        0.0%
SFR3                 0      0       0       4        0.0%
ABS                  0      0       6       4        0.0%
BITBANK0            50      0       0       5        0.0%
BITSFR4              0      0       0       5        0.0%
SFR4                 0      0       0       5        0.0%
BANK0               50      0       0       6        0.0%
BITSFR5              0      0       0       6        0.0%
SFR5                 0      0       0       6        0.0%
BITBANK1            50      0       0       7        0.0%
BITSFR6              0      0       0       7        0.0%
SFR6                 0      0       0       7        0.0%
BANK1               50      0       0       8        0.0%
BITSFR7              0      0       0       8        0.0%
SFR7                 0      0       0       8        0.0%
BITBANK2            50      0       0       9        0.0%
BITSFR8              0      0       0       9        0.0%
SFR8                 0      0       0       9        0.0%
BANK2               50      0       0      10        0.0%
BITSFR9              0      0       0      10        0.0%
SFR9                 0      0       0      10        0.0%
BITBANK3            50      0       0      11        0.0%
BITSFR10             0      0       0      11        0.0%
SFR10                0      0       0      11        0.0%
BANK3               50      0       0      12        0.0%
BITSFR11             0      0       0      12        0.0%
SFR11                0      0       0      12        0.0%
BITBANK4            30      0       0      13        0.0%
BITSFR12             0      0       0      13        0.0%
SFR12                0      0       0      13        0.0%
BANK4               30      0       0      14        0.0%
BITSFR13             0      0       0      14        0.0%
SFR13                0      0       0      14        0.0%
BITSFR14             0      0       0      15        0.0%
SFR14                0      0       0      15        0.0%
DATA                 0      0       6      15        0.0%
BITSFR15             0      0       0      16        0.0%
SFR15                0      0       0      16        0.0%
BITSFR16             0      0       0      17        0.0%
SFR16                0      0       0      17        0.0%
BITSFR17             0      0       0      18        0.0%
SFR17                0      0       0      18        0.0%
BITSFR18             0      0       0      19        0.0%
SFR18                0      0       0      19        0.0%
BITSFR19             0      0       0      20        0.0%
SFR19                0      0       0      20        0.0%
BITSFR20             0      0       0      21        0.0%
SFR20                0      0       0      21        0.0%
BITSFR21             0      0       0      22        0.0%
SFR21                0      0       0      22        0.0%
BITSFR22             0      0       0      23        0.0%
SFR22                0      0       0      23        0.0%
BITSFR23             0      0       0      24        0.0%
SFR23                0      0       0      24        0.0%
BITSFR24             0      0       0      25        0.0%
SFR24                0      0       0      25        0.0%
BITSFR25             0      0       0      26        0.0%
SFR25                0      0       0      26        0.0%
BITSFR26             0      0       0      27        0.0%
SFR26                0      0       0      27        0.0%
BITSFR27             0      0       0      28        0.0%
SFR27                0      0       0      28        0.0%
BITSFR28             0      0       0      29        0.0%
SFR28                0      0       0      29        0.0%
BITSFR29             0      0       0      30        0.0%
SFR29                0      0       0      30        0.0%
BITSFR30             0      0       0      31        0.0%
SFR30                0      0       0      31        0.0%
BITSFR31             0      0       0      32        0.0%
SFR31                0      0       0      32        0.0%


Microchip Technology PIC Macro Assembler V2.31 build 20201012212115 
Symbol Table                                                                                   Thu Oct 14 10:33:02 2021

                                      l20 007D                                        l21 007D  
                                      l42 0055                                        l62 008B  
                                      l90 006A                           _timer0ReloadVal 0072  
                                     l112 0077                                       l115 0086  
                                     l118 008F                                       l800 0040  
                                     l810 004E                                       l802 0045  
                                     l740 0056                                       l804 0048  
                                     l812 006B                                       l750 0065  
                                     l742 0059                                       l806 004C  
                                     l814 0078                                       l760 0084  
                                     l752 0067                                       l744 005C  
                                     l808 004D                                       l816 007B  
                                     l754 0069                                       l746 0062  
                                     l762 008C                                       l818 007C  
                                     l756 0080                                       l748 0064  
                                     l758 0083                                       l798 0087  
                                    _LATA 010C                                      _LATB 010D  
                                    i1l11 0011                                      i1l65 0090  
                                    i1l59 003F                                      _TMR0 0015  
                                    _WPUA 020C                                      _WPUB 020D  
                                    u1_20 0023                                      u1_21 0022  
                                    u2_20 0032                                      u2_21 002F  
                                    u3_24 0034                                      u4_20 003D  
                                    u4_21 003A                                      u5_24 003F  
                                    u6_20 000A                                      u6_21 0009  
                                    u7_20 000E                                      u7_21 000D  
                                    _main 0078                                      btemp 007E  
                                    start 0013                   __end_of_TMR0_Initialize 0056  
          ??_TMR0_DefaultInterruptHandler 0073            __size_of_OSCILLATOR_Initialize 0007  
           __end_of_OSCILLATOR_Initialize 0087                                     ?_main 0073  
                                   i1l770 0023                                     i1l772 0028  
                                   i1l764 0019                                     i1l780 000A  
                                   i1l774 0034                                     i1l766 001A  
                                   i1l782 000E                                     i1l768 001D  
                                   i1l778 0006                                     _TRISA 008C  
                                   _TRISB 008D         __size_of_TMR0_SetInterruptHandler 0005  
               ?_TMR0_SetInterruptHandler 0073                          __end_of_TMR0_ISR 0040  
                          _WDT_Initialize 008C                                     pclath 000A  
                                   status 0003                                     wtemp0 007E  
                         __initialization 0015                              __end_of_main 0080  
             ?_INTERRUPT_InterruptManager 0073                                    ??_main 0076  
                  __end_of_WDT_Initialize 0090                                    _ANSELA 018C  
                                  _ANSELB 018D                                    _BORCON 0116  
                                  _OSCCON 0099                                    _WDTCON 0097  
                        ?_TMR0_Initialize 0073                           ?_WDT_Initialize 0073  
TMR0_SetInterruptHandler@InterruptHandler 0073                         _SYSTEM_Initialize 006B  
                 __end_of__initialization 0015                        ?_SYSTEM_Initialize 0073  
                          __pcstackCOMMON 0073                       ??_SYSTEM_Initialize 0076  
                               ?_TMR0_ISR 0073                            _OPTION_REGbits 0095  
               __end_of_SYSTEM_Initialize 0078                                __pnvCOMMON 0070  
                              __pmaintext 0078          __end_of_TMR0_SetInterruptHandler 008C  
                              ??_TMR0_ISR 0073                                __pintentry 0004  
                                 _APFCON0 011D                                   _APFCON1 011E  
                                 _OSCTUNE 0098                                   __ptext1 006B  
                                 __ptext2 008C                                   __ptext3 0040  
                                 __ptext4 0087                                   __ptext5 0056  
                                 __ptext6 0080                                   __ptext8 0019  
                                 __ptext9 0090                     _OSCILLATOR_Initialize 0080  
                ??_PIN_MANAGER_Initialize 0073                __size_of_SYSTEM_Initialize 000D  
                    end_of_initialization 0015                          ??_WDT_Initialize 0073  
                _TMR0_SetInterruptHandler 0087                         __size_of_TMR0_ISR 0027  
                  ?_OSCILLATOR_Initialize 0073                       start_initialization 0015  
                __size_of_TMR0_Initialize 0016           __size_of_PIN_MANAGER_Initialize 0015  
                               ___latbits 0001                     _TMR0_InterruptHandler 0070  
                  _PIN_MANAGER_Initialize 0056              ??_INTERRUPT_InterruptManager 0073  
                       ??_TMR0_Initialize 0075                                  _LATBbits 010D  
     __size_of_INTERRUPT_InterruptManager 000F                ??_TMR0_SetInterruptHandler 0075  
                                _TMR0_ISR 0019                   ??_OSCILLATOR_Initialize 0073  
                           __size_of_main 0008      __end_of_TMR0_DefaultInterruptHandler 0091  
   __size_of_TMR0_DefaultInterruptHandler 0001              _TMR0_DefaultInterruptHandler 0090  
                                int$flags 007E        __end_of_INTERRUPT_InterruptManager 0013  
              _INTERRUPT_InterruptManager 0004                                _INTCONbits 000B  
                 __size_of_WDT_Initialize 0004                                  intlevel1 0000  
                 ?_PIN_MANAGER_Initialize 0073             ?_TMR0_DefaultInterruptHandler 0073  
                              _OPTION_REG 0095                           _TMR0_Initialize 0040  
          __end_of_PIN_MANAGER_Initialize 006B  
