

Microchip MPLAB XC8 Assembler V2.31 build 20201012212115 
                                                                                               Thu Sep 23 10:46:21 2021

Microchip MPLAB XC8 C Compiler v2.31 (Free license) build 20201012212115 Og1 
     1                           	processor	16F1827
     2                           	pagewidth 120
     3                           	opt	flic
     4                           	psect	cinit,global,class=CODE,merge=1,delta=2
     5                           	psect	cstackCOMMON,global,class=COMMON,space=1,delta=1,noexec
     6                           	psect	maintext,global,class=CODE,merge=1,split=1,delta=2
     7                           	psect	text1,local,class=CODE,merge=1,delta=2
     8                           	psect	text2,local,class=CODE,merge=1,delta=2
     9                           	psect	text3,local,class=CODE,merge=1,delta=2
    10                           	psect	text4,local,class=CODE,merge=1,delta=2
    11                           	psect	config,global,abs,ovrld,class=CONFIG,space=4,delta=2,noexec
    12                           	dabs	1,0x7E,2
    13  0000                     
    14                           ; Version 2.20
    15                           ; Generated 12/02/2020 GMT
    16                           ; 
    17                           ; Copyright © 2020, Microchip Technology Inc. and its subsidiaries ("Microchip")
    18                           ; All rights reserved.
    19                           ; 
    20                           ; This software is developed by Microchip Technology Inc. and its subsidiaries ("Microch
      +                          ip").
    21                           ; 
    22                           ; Redistribution and use in source and binary forms, with or without modification, are
    23                           ; permitted provided that the following conditions are met:
    24                           ; 
    25                           ;     1. Redistributions of source code must retain the above copyright notice, this lis
      +                          t of
    26                           ;        conditions and the following disclaimer.
    27                           ; 
    28                           ;     2. Redistributions in binary form must reproduce the above copyright notice, this 
      +                          list
    29                           ;        of conditions and the following disclaimer in the documentation and/or other
    30                           ;        materials provided with the distribution.
    31                           ; 
    32                           ;     3. Microchip's name may not be used to endorse or promote products derived from th
      +                          is
    33                           ;        software without specific prior written permission.
    34                           ; 
    35                           ; THIS SOFTWARE IS PROVIDED BY MICROCHIP "AS IS" AND ANY EXPRESS OR IMPLIED WARRANTIES,
    36                           ; INCLUDING, BUT NOT LIMITED TO, THE IMPLIED WARRANTIES OF MERCHANTABILITY AND FITNESS F
      +                          OR
    37                           ; PURPOSE ARE DISCLAIMED.  IN NO EVENT SHALL MICROCHIP BE LIABLE FOR ANY DIRECT, INDIREC
      +                          T,
    38                           ; INCIDENTAL, SPECIAL, EXEMPLARY, OR CONSEQUENTIAL DAMAGES (INCLUDING BUT NOT LIMITED TO
    39                           ; PROCUREMENT OF SUBSTITUTE GOODS OR SERVICES; LOSS OF USE, DATA OR PROFITS; OR BUSINESS
    40                           ; INTERRUPTION) HOWSOEVER CAUSED AND ON ANY THEORY OF LIABILITY, WHETHER IN CONTRACT, ST
      +                          RICT
    41                           ; LIABILITY, OR TORT (INCLUDING NEGLIGENCE OR OTHERWISE) ARISING IN ANY WAY OUT OF THE U
      +                          SE OF
    42                           ; THIS SOFTWARE, EVEN IF ADVISED OF THE POSSIBILITY OF SUCH DAMAGE.
    43                           ; 
    44                           ; 
    45                           ; Code-generator required, PIC16F1827 Definitions
    46                           ; 
    47                           ; SFR Addresses
    48  0000                     	;# 
    49  0001                     	;# 
    50  0002                     	;# 
    51  0003                     	;# 
    52  0004                     	;# 
    53  0005                     	;# 
    54  0006                     	;# 
    55  0007                     	;# 
    56  0008                     	;# 
    57  0009                     	;# 
    58  000A                     	;# 
    59  000B                     	;# 
    60  000C                     	;# 
    61  000D                     	;# 
    62  0011                     	;# 
    63  0012                     	;# 
    64  0013                     	;# 
    65  0014                     	;# 
    66  0015                     	;# 
    67  0016                     	;# 
    68  0016                     	;# 
    69  0017                     	;# 
    70  0018                     	;# 
    71  0019                     	;# 
    72  001A                     	;# 
    73  001B                     	;# 
    74  001C                     	;# 
    75  001E                     	;# 
    76  001F                     	;# 
    77  008C                     	;# 
    78  008D                     	;# 
    79  0091                     	;# 
    80  0092                     	;# 
    81  0093                     	;# 
    82  0094                     	;# 
    83  0095                     	;# 
    84  0096                     	;# 
    85  0097                     	;# 
    86  0098                     	;# 
    87  0099                     	;# 
    88  009A                     	;# 
    89  009B                     	;# 
    90  009B                     	;# 
    91  009C                     	;# 
    92  009D                     	;# 
    93  009E                     	;# 
    94  010C                     	;# 
    95  010D                     	;# 
    96  0111                     	;# 
    97  0112                     	;# 
    98  0113                     	;# 
    99  0114                     	;# 
   100  0115                     	;# 
   101  0116                     	;# 
   102  0117                     	;# 
   103  0118                     	;# 
   104  0119                     	;# 
   105  011A                     	;# 
   106  011B                     	;# 
   107  011D                     	;# 
   108  011E                     	;# 
   109  018C                     	;# 
   110  018D                     	;# 
   111  0191                     	;# 
   112  0191                     	;# 
   113  0192                     	;# 
   114  0193                     	;# 
   115  0193                     	;# 
   116  0193                     	;# 
   117  0194                     	;# 
   118  0195                     	;# 
   119  0196                     	;# 
   120  0199                     	;# 
   121  019A                     	;# 
   122  019B                     	;# 
   123  019B                     	;# 
   124  019B                     	;# 
   125  019B                     	;# 
   126  019C                     	;# 
   127  019C                     	;# 
   128  019D                     	;# 
   129  019E                     	;# 
   130  019F                     	;# 
   131  020C                     	;# 
   132  020D                     	;# 
   133  0211                     	;# 
   134  0211                     	;# 
   135  0212                     	;# 
   136  0212                     	;# 
   137  0213                     	;# 
   138  0213                     	;# 
   139  0214                     	;# 
   140  0214                     	;# 
   141  0215                     	;# 
   142  0215                     	;# 
   143  0215                     	;# 
   144  0216                     	;# 
   145  0216                     	;# 
   146  0217                     	;# 
   147  0217                     	;# 
   148  0219                     	;# 
   149  021A                     	;# 
   150  021B                     	;# 
   151  021C                     	;# 
   152  021D                     	;# 
   153  021E                     	;# 
   154  021F                     	;# 
   155  0291                     	;# 
   156  0291                     	;# 
   157  0292                     	;# 
   158  0293                     	;# 
   159  0294                     	;# 
   160  0295                     	;# 
   161  0295                     	;# 
   162  0296                     	;# 
   163  0298                     	;# 
   164  0298                     	;# 
   165  0299                     	;# 
   166  029A                     	;# 
   167  029B                     	;# 
   168  029C                     	;# 
   169  029C                     	;# 
   170  029D                     	;# 
   171  029E                     	;# 
   172  029E                     	;# 
   173  0311                     	;# 
   174  0311                     	;# 
   175  0312                     	;# 
   176  0313                     	;# 
   177  0318                     	;# 
   178  0318                     	;# 
   179  0319                     	;# 
   180  031A                     	;# 
   181  0394                     	;# 
   182  0395                     	;# 
   183  0396                     	;# 
   184  039A                     	;# 
   185  039C                     	;# 
   186  039D                     	;# 
   187  039E                     	;# 
   188  039F                     	;# 
   189  0415                     	;# 
   190  0416                     	;# 
   191  0417                     	;# 
   192  041C                     	;# 
   193  041D                     	;# 
   194  041E                     	;# 
   195  0FE4                     	;# 
   196  0FE5                     	;# 
   197  0FE6                     	;# 
   198  0FE7                     	;# 
   199  0FE8                     	;# 
   200  0FE9                     	;# 
   201  0FEA                     	;# 
   202  0FEB                     	;# 
   203  0FED                     	;# 
   204  0FEE                     	;# 
   205  0FEF                     	;# 
   206  0000                     	;# 
   207  0001                     	;# 
   208  0002                     	;# 
   209  0003                     	;# 
   210  0004                     	;# 
   211  0005                     	;# 
   212  0006                     	;# 
   213  0007                     	;# 
   214  0008                     	;# 
   215  0009                     	;# 
   216  000A                     	;# 
   217  000B                     	;# 
   218  000C                     	;# 
   219  000D                     	;# 
   220  0011                     	;# 
   221  0012                     	;# 
   222  0013                     	;# 
   223  0014                     	;# 
   224  0015                     	;# 
   225  0016                     	;# 
   226  0016                     	;# 
   227  0017                     	;# 
   228  0018                     	;# 
   229  0019                     	;# 
   230  001A                     	;# 
   231  001B                     	;# 
   232  001C                     	;# 
   233  001E                     	;# 
   234  001F                     	;# 
   235  008C                     	;# 
   236  008D                     	;# 
   237  0091                     	;# 
   238  0092                     	;# 
   239  0093                     	;# 
   240  0094                     	;# 
   241  0095                     	;# 
   242  0096                     	;# 
   243  0097                     	;# 
   244  0098                     	;# 
   245  0099                     	;# 
   246  009A                     	;# 
   247  009B                     	;# 
   248  009B                     	;# 
   249  009C                     	;# 
   250  009D                     	;# 
   251  009E                     	;# 
   252  010C                     	;# 
   253  010D                     	;# 
   254  0111                     	;# 
   255  0112                     	;# 
   256  0113                     	;# 
   257  0114                     	;# 
   258  0115                     	;# 
   259  0116                     	;# 
   260  0117                     	;# 
   261  0118                     	;# 
   262  0119                     	;# 
   263  011A                     	;# 
   264  011B                     	;# 
   265  011D                     	;# 
   266  011E                     	;# 
   267  018C                     	;# 
   268  018D                     	;# 
   269  0191                     	;# 
   270  0191                     	;# 
   271  0192                     	;# 
   272  0193                     	;# 
   273  0193                     	;# 
   274  0193                     	;# 
   275  0194                     	;# 
   276  0195                     	;# 
   277  0196                     	;# 
   278  0199                     	;# 
   279  019A                     	;# 
   280  019B                     	;# 
   281  019B                     	;# 
   282  019B                     	;# 
   283  019B                     	;# 
   284  019C                     	;# 
   285  019C                     	;# 
   286  019D                     	;# 
   287  019E                     	;# 
   288  019F                     	;# 
   289  020C                     	;# 
   290  020D                     	;# 
   291  0211                     	;# 
   292  0211                     	;# 
   293  0212                     	;# 
   294  0212                     	;# 
   295  0213                     	;# 
   296  0213                     	;# 
   297  0214                     	;# 
   298  0214                     	;# 
   299  0215                     	;# 
   300  0215                     	;# 
   301  0215                     	;# 
   302  0216                     	;# 
   303  0216                     	;# 
   304  0217                     	;# 
   305  0217                     	;# 
   306  0219                     	;# 
   307  021A                     	;# 
   308  021B                     	;# 
   309  021C                     	;# 
   310  021D                     	;# 
   311  021E                     	;# 
   312  021F                     	;# 
   313  0291                     	;# 
   314  0291                     	;# 
   315  0292                     	;# 
   316  0293                     	;# 
   317  0294                     	;# 
   318  0295                     	;# 
   319  0295                     	;# 
   320  0296                     	;# 
   321  0298                     	;# 
   322  0298                     	;# 
   323  0299                     	;# 
   324  029A                     	;# 
   325  029B                     	;# 
   326  029C                     	;# 
   327  029C                     	;# 
   328  029D                     	;# 
   329  029E                     	;# 
   330  029E                     	;# 
   331  0311                     	;# 
   332  0311                     	;# 
   333  0312                     	;# 
   334  0313                     	;# 
   335  0318                     	;# 
   336  0318                     	;# 
   337  0319                     	;# 
   338  031A                     	;# 
   339  0394                     	;# 
   340  0395                     	;# 
   341  0396                     	;# 
   342  039A                     	;# 
   343  039C                     	;# 
   344  039D                     	;# 
   345  039E                     	;# 
   346  039F                     	;# 
   347  0415                     	;# 
   348  0416                     	;# 
   349  0417                     	;# 
   350  041C                     	;# 
   351  041D                     	;# 
   352  041E                     	;# 
   353  0FE4                     	;# 
   354  0FE5                     	;# 
   355  0FE6                     	;# 
   356  0FE7                     	;# 
   357  0FE8                     	;# 
   358  0FE9                     	;# 
   359  0FEA                     	;# 
   360  0FEB                     	;# 
   361  0FED                     	;# 
   362  0FEE                     	;# 
   363  0FEF                     	;# 
   364  0000                     	;# 
   365  0001                     	;# 
   366  0002                     	;# 
   367  0003                     	;# 
   368  0004                     	;# 
   369  0005                     	;# 
   370  0006                     	;# 
   371  0007                     	;# 
   372  0008                     	;# 
   373  0009                     	;# 
   374  000A                     	;# 
   375  000B                     	;# 
   376  000C                     	;# 
   377  000D                     	;# 
   378  0011                     	;# 
   379  0012                     	;# 
   380  0013                     	;# 
   381  0014                     	;# 
   382  0015                     	;# 
   383  0016                     	;# 
   384  0016                     	;# 
   385  0017                     	;# 
   386  0018                     	;# 
   387  0019                     	;# 
   388  001A                     	;# 
   389  001B                     	;# 
   390  001C                     	;# 
   391  001E                     	;# 
   392  001F                     	;# 
   393  008C                     	;# 
   394  008D                     	;# 
   395  0091                     	;# 
   396  0092                     	;# 
   397  0093                     	;# 
   398  0094                     	;# 
   399  0095                     	;# 
   400  0096                     	;# 
   401  0097                     	;# 
   402  0098                     	;# 
   403  0099                     	;# 
   404  009A                     	;# 
   405  009B                     	;# 
   406  009B                     	;# 
   407  009C                     	;# 
   408  009D                     	;# 
   409  009E                     	;# 
   410  010C                     	;# 
   411  010D                     	;# 
   412  0111                     	;# 
   413  0112                     	;# 
   414  0113                     	;# 
   415  0114                     	;# 
   416  0115                     	;# 
   417  0116                     	;# 
   418  0117                     	;# 
   419  0118                     	;# 
   420  0119                     	;# 
   421  011A                     	;# 
   422  011B                     	;# 
   423  011D                     	;# 
   424  011E                     	;# 
   425  018C                     	;# 
   426  018D                     	;# 
   427  0191                     	;# 
   428  0191                     	;# 
   429  0192                     	;# 
   430  0193                     	;# 
   431  0193                     	;# 
   432  0193                     	;# 
   433  0194                     	;# 
   434  0195                     	;# 
   435  0196                     	;# 
   436  0199                     	;# 
   437  019A                     	;# 
   438  019B                     	;# 
   439  019B                     	;# 
   440  019B                     	;# 
   441  019B                     	;# 
   442  019C                     	;# 
   443  019C                     	;# 
   444  019D                     	;# 
   445  019E                     	;# 
   446  019F                     	;# 
   447  020C                     	;# 
   448  020D                     	;# 
   449  0211                     	;# 
   450  0211                     	;# 
   451  0212                     	;# 
   452  0212                     	;# 
   453  0213                     	;# 
   454  0213                     	;# 
   455  0214                     	;# 
   456  0214                     	;# 
   457  0215                     	;# 
   458  0215                     	;# 
   459  0215                     	;# 
   460  0216                     	;# 
   461  0216                     	;# 
   462  0217                     	;# 
   463  0217                     	;# 
   464  0219                     	;# 
   465  021A                     	;# 
   466  021B                     	;# 
   467  021C                     	;# 
   468  021D                     	;# 
   469  021E                     	;# 
   470  021F                     	;# 
   471  0291                     	;# 
   472  0291                     	;# 
   473  0292                     	;# 
   474  0293                     	;# 
   475  0294                     	;# 
   476  0295                     	;# 
   477  0295                     	;# 
   478  0296                     	;# 
   479  0298                     	;# 
   480  0298                     	;# 
   481  0299                     	;# 
   482  029A                     	;# 
   483  029B                     	;# 
   484  029C                     	;# 
   485  029C                     	;# 
   486  029D                     	;# 
   487  029E                     	;# 
   488  029E                     	;# 
   489  0311                     	;# 
   490  0311                     	;# 
   491  0312                     	;# 
   492  0313                     	;# 
   493  0318                     	;# 
   494  0318                     	;# 
   495  0319                     	;# 
   496  031A                     	;# 
   497  0394                     	;# 
   498  0395                     	;# 
   499  0396                     	;# 
   500  039A                     	;# 
   501  039C                     	;# 
   502  039D                     	;# 
   503  039E                     	;# 
   504  039F                     	;# 
   505  0415                     	;# 
   506  0416                     	;# 
   507  0417                     	;# 
   508  041C                     	;# 
   509  041D                     	;# 
   510  041E                     	;# 
   511  0FE4                     	;# 
   512  0FE5                     	;# 
   513  0FE6                     	;# 
   514  0FE7                     	;# 
   515  0FE8                     	;# 
   516  0FE9                     	;# 
   517  0FEA                     	;# 
   518  0FEB                     	;# 
   519  0FED                     	;# 
   520  0FEE                     	;# 
   521  0FEF                     	;# 
   522  0000                     	;# 
   523  0001                     	;# 
   524  0002                     	;# 
   525  0003                     	;# 
   526  0004                     	;# 
   527  0005                     	;# 
   528  0006                     	;# 
   529  0007                     	;# 
   530  0008                     	;# 
   531  0009                     	;# 
   532  000A                     	;# 
   533  000B                     	;# 
   534  000C                     	;# 
   535  000D                     	;# 
   536  0011                     	;# 
   537  0012                     	;# 
   538  0013                     	;# 
   539  0014                     	;# 
   540  0015                     	;# 
   541  0016                     	;# 
   542  0016                     	;# 
   543  0017                     	;# 
   544  0018                     	;# 
   545  0019                     	;# 
   546  001A                     	;# 
   547  001B                     	;# 
   548  001C                     	;# 
   549  001E                     	;# 
   550  001F                     	;# 
   551  008C                     	;# 
   552  008D                     	;# 
   553  0091                     	;# 
   554  0092                     	;# 
   555  0093                     	;# 
   556  0094                     	;# 
   557  0095                     	;# 
   558  0096                     	;# 
   559  0097                     	;# 
   560  0098                     	;# 
   561  0099                     	;# 
   562  009A                     	;# 
   563  009B                     	;# 
   564  009B                     	;# 
   565  009C                     	;# 
   566  009D                     	;# 
   567  009E                     	;# 
   568  010C                     	;# 
   569  010D                     	;# 
   570  0111                     	;# 
   571  0112                     	;# 
   572  0113                     	;# 
   573  0114                     	;# 
   574  0115                     	;# 
   575  0116                     	;# 
   576  0117                     	;# 
   577  0118                     	;# 
   578  0119                     	;# 
   579  011A                     	;# 
   580  011B                     	;# 
   581  011D                     	;# 
   582  011E                     	;# 
   583  018C                     	;# 
   584  018D                     	;# 
   585  0191                     	;# 
   586  0191                     	;# 
   587  0192                     	;# 
   588  0193                     	;# 
   589  0193                     	;# 
   590  0193                     	;# 
   591  0194                     	;# 
   592  0195                     	;# 
   593  0196                     	;# 
   594  0199                     	;# 
   595  019A                     	;# 
   596  019B                     	;# 
   597  019B                     	;# 
   598  019B                     	;# 
   599  019B                     	;# 
   600  019C                     	;# 
   601  019C                     	;# 
   602  019D                     	;# 
   603  019E                     	;# 
   604  019F                     	;# 
   605  020C                     	;# 
   606  020D                     	;# 
   607  0211                     	;# 
   608  0211                     	;# 
   609  0212                     	;# 
   610  0212                     	;# 
   611  0213                     	;# 
   612  0213                     	;# 
   613  0214                     	;# 
   614  0214                     	;# 
   615  0215                     	;# 
   616  0215                     	;# 
   617  0215                     	;# 
   618  0216                     	;# 
   619  0216                     	;# 
   620  0217                     	;# 
   621  0217                     	;# 
   622  0219                     	;# 
   623  021A                     	;# 
   624  021B                     	;# 
   625  021C                     	;# 
   626  021D                     	;# 
   627  021E                     	;# 
   628  021F                     	;# 
   629  0291                     	;# 
   630  0291                     	;# 
   631  0292                     	;# 
   632  0293                     	;# 
   633  0294                     	;# 
   634  0295                     	;# 
   635  0295                     	;# 
   636  0296                     	;# 
   637  0298                     	;# 
   638  0298                     	;# 
   639  0299                     	;# 
   640  029A                     	;# 
   641  029B                     	;# 
   642  029C                     	;# 
   643  029C                     	;# 
   644  029D                     	;# 
   645  029E                     	;# 
   646  029E                     	;# 
   647  0311                     	;# 
   648  0311                     	;# 
   649  0312                     	;# 
   650  0313                     	;# 
   651  0318                     	;# 
   652  0318                     	;# 
   653  0319                     	;# 
   654  031A                     	;# 
   655  0394                     	;# 
   656  0395                     	;# 
   657  0396                     	;# 
   658  039A                     	;# 
   659  039C                     	;# 
   660  039D                     	;# 
   661  039E                     	;# 
   662  039F                     	;# 
   663  0415                     	;# 
   664  0416                     	;# 
   665  0417                     	;# 
   666  041C                     	;# 
   667  041D                     	;# 
   668  041E                     	;# 
   669  0FE4                     	;# 
   670  0FE5                     	;# 
   671  0FE6                     	;# 
   672  0FE7                     	;# 
   673  0FE8                     	;# 
   674  0FE9                     	;# 
   675  0FEA                     	;# 
   676  0FEB                     	;# 
   677  0FED                     	;# 
   678  0FEE                     	;# 
   679  0FEF                     	;# 
   680  000C                     _PORTAbits	set	12
   681  000D                     _PORTB	set	13
   682  0095                     _OPTION_REGbits	set	149
   683  008D                     _TRISB	set	141
   684  008C                     _TRISA	set	140
   685  0097                     _WDTCON	set	151
   686  0098                     _OSCTUNE	set	152
   687  0099                     _OSCCON	set	153
   688  011E                     _APFCON1	set	286
   689  011D                     _APFCON0	set	285
   690  010D                     _LATB	set	269
   691  010C                     _LATA	set	268
   692  0116                     _BORCON	set	278
   693  018C                     _ANSELA	set	396
   694  018D                     _ANSELB	set	397
   695  020C                     _WPUA	set	524
   696  020D                     _WPUB	set	525
   697                           
   698                           	psect	cinit
   699  07FD                     start_initialization:	
   700                           ; #config settings
   701                           
   702  07FD                     __initialization:
   703  07FD                     end_of_initialization:	
   704                           ;End of C runtime variable initialization code
   705                           
   706  07FD                     __end_of__initialization:
   707  07FD  0020               	movlb	0
   708  07FE  3187  2F11         	ljmp	_main	;jump to C main() function
   709                           
   710                           	psect	cstackCOMMON
   711  0070                     __pcstackCOMMON:
   712  0070                     ?_PIN_MANAGER_Initialize:
   713  0070                     ??_PIN_MANAGER_Initialize:	
   714                           ; 1 bytes @ 0x0
   715                           
   716  0070                     ?_OSCILLATOR_Initialize:	
   717                           ; 1 bytes @ 0x0
   718                           
   719  0070                     ??_OSCILLATOR_Initialize:	
   720                           ; 1 bytes @ 0x0
   721                           
   722  0070                     ?_WDT_Initialize:	
   723                           ; 1 bytes @ 0x0
   724                           
   725  0070                     ??_WDT_Initialize:	
   726                           ; 1 bytes @ 0x0
   727                           
   728  0070                     ?_SYSTEM_Initialize:	
   729                           ; 1 bytes @ 0x0
   730                           
   731  0070                     ??_SYSTEM_Initialize:	
   732                           ; 1 bytes @ 0x0
   733                           
   734  0070                     ?_main:	
   735                           ; 1 bytes @ 0x0
   736                           
   737  0070                     ??_main:	
   738                           ; 1 bytes @ 0x0
   739                           
   740                           
   741                           ; 1 bytes @ 0x0
   742  0070                     	ds	1
   743                           
   744                           	psect	maintext
   745  0711                     __pmaintext:	
   746 ;;
   747 ;;Main: autosize = 0, tempsize = 1, incstack = 0, save=0
   748 ;;
   749 ;; *************** function _main *****************
   750 ;; Defined at:
   751 ;;		line 52 in file "main.c"
   752 ;; Parameters:    Size  Location     Type
   753 ;;		None
   754 ;; Auto vars:     Size  Location     Type
   755 ;;  count           1    0        unsigned char 
   756 ;; Return value:  Size  Location     Type
   757 ;;                  1    wreg      void 
   758 ;; Registers used:
   759 ;;		wreg, status,2, status,0, pclath, cstack
   760 ;; Tracked objects:
   761 ;;		On entry : B1F/0
   762 ;;		On exit  : 0/0
   763 ;;		Unchanged: 0/0
   764 ;; Data sizes:     COMMON   BANK0   BANK1   BANK2   BANK3   BANK4
   765 ;;      Params:         0       0       0       0       0       0
   766 ;;      Locals:         0       0       0       0       0       0
   767 ;;      Temps:          1       0       0       0       0       0
   768 ;;      Totals:         1       0       0       0       0       0
   769 ;;Total ram usage:        1 bytes
   770 ;; Hardware stack levels required when called:    2
   771 ;; This function calls:
   772 ;;		_SYSTEM_Initialize
   773 ;; This function is called by:
   774 ;;		Startup code after reset
   775 ;; This function uses a non-reentrant model
   776 ;;
   777                           
   778                           
   779                           ;psect for function _main
   780  0711                     _main:
   781  0711                     l710:	
   782                           ;incstack = 0
   783                           ; Regs used in _main: [wreg+status,2+status,0+pclath+cstack]
   784                           
   785                           
   786                           ;main.c: 55:     SYSTEM_Initialize();
   787  0711  3186  26F4  3187   	fcall	_SYSTEM_Initialize
   788  0714                     l712:
   789                           
   790                           ;main.c: 60:         PORTB = 0b00000001;
   791  0714  3001               	movlw	1
   792  0715  0020               	movlb	0	; select bank0
   793  0716  008D               	movwf	13	;volatile
   794  0717                     l714:
   795                           
   796                           ;main.c: 61:         _delay((unsigned long)((100)*(4000000/4000.0)));
   797  0717  3082               	movlw	130
   798  0718  00F0               	movwf	??_main
   799  0719  30DE               	movlw	222
   800  071A                     u47:
   801  071A  0B89               	decfsz	9,f
   802  071B  2F1A               	goto	u47
   803  071C  0BF0               	decfsz	??_main,f
   804  071D  2F1A               	goto	u47
   805  071E                     l716:
   806                           
   807                           ;main.c: 62:         PORTB = 0B00000010;
   808  071E  3002               	movlw	2
   809  071F  0020               	movlb	0	; select bank0
   810  0720  008D               	movwf	13	;volatile
   811  0721                     l718:
   812                           
   813                           ;main.c: 63:         _delay((unsigned long)((100)*(4000000/4000.0)));
   814  0721  3082               	movlw	130
   815  0722  00F0               	movwf	??_main
   816  0723  30DE               	movlw	222
   817  0724                     u57:
   818  0724  0B89               	decfsz	9,f
   819  0725  2F24               	goto	u57
   820  0726  0BF0               	decfsz	??_main,f
   821  0727  2F24               	goto	u57
   822  0728                     l720:
   823                           
   824                           ;main.c: 64:         PORTB = 0b00000100;
   825  0728  3004               	movlw	4
   826  0729  0020               	movlb	0	; select bank0
   827  072A  008D               	movwf	13	;volatile
   828  072B                     l722:
   829                           
   830                           ;main.c: 65:         _delay((unsigned long)((100)*(4000000/4000.0)));
   831  072B  3082               	movlw	130
   832  072C  00F0               	movwf	??_main
   833  072D  30DE               	movlw	222
   834  072E                     u67:
   835  072E  0B89               	decfsz	9,f
   836  072F  2F2E               	goto	u67
   837  0730  0BF0               	decfsz	??_main,f
   838  0731  2F2E               	goto	u67
   839  0732                     l724:
   840                           
   841                           ;main.c: 66:         PORTB = 0b00001000;
   842  0732  3008               	movlw	8
   843  0733  0020               	movlb	0	; select bank0
   844  0734  008D               	movwf	13	;volatile
   845  0735                     l726:
   846                           
   847                           ;main.c: 67:         _delay((unsigned long)((100)*(4000000/4000.0)));
   848  0735  3082               	movlw	130
   849  0736  00F0               	movwf	??_main
   850  0737  30DE               	movlw	222
   851  0738                     u77:
   852  0738  0B89               	decfsz	9,f
   853  0739  2F38               	goto	u77
   854  073A  0BF0               	decfsz	??_main,f
   855  073B  2F38               	goto	u77
   856  073C                     l728:
   857                           
   858                           ;main.c: 69:         PORTAbits.RA1 = 1;
   859  073C  0020               	movlb	0	; select bank0
   860  073D  148C               	bsf	12,1	;volatile
   861  073E                     l730:
   862                           
   863                           ;main.c: 70:         PORTB = 0b00001000;
   864  073E  3008               	movlw	8
   865  073F  008D               	movwf	13	;volatile
   866  0740                     l732:
   867                           
   868                           ;main.c: 71:         _delay((unsigned long)((100)*(4000000/4000.0)));
   869  0740  3082               	movlw	130
   870  0741  00F0               	movwf	??_main
   871  0742  30DE               	movlw	222
   872  0743                     u87:
   873  0743  0B89               	decfsz	9,f
   874  0744  2F43               	goto	u87
   875  0745  0BF0               	decfsz	??_main,f
   876  0746  2F43               	goto	u87
   877  0747                     l734:
   878                           
   879                           ;main.c: 72:         PORTAbits.RA1 = 0;
   880  0747  0020               	movlb	0	; select bank0
   881  0748  108C               	bcf	12,1	;volatile
   882  0749                     l736:
   883                           
   884                           ;main.c: 74:         PORTAbits.RA0 = 1;
   885  0749  140C               	bsf	12,0	;volatile
   886  074A                     l738:
   887                           
   888                           ;main.c: 75:         PORTB = 0b00001000;
   889  074A  3008               	movlw	8
   890  074B  008D               	movwf	13	;volatile
   891  074C                     l740:
   892                           
   893                           ;main.c: 76:         _delay((unsigned long)((100)*(4000000/4000.0)));
   894  074C  3082               	movlw	130
   895  074D  00F0               	movwf	??_main
   896  074E  30DE               	movlw	222
   897  074F                     u97:
   898  074F  0B89               	decfsz	9,f
   899  0750  2F4F               	goto	u97
   900  0751  0BF0               	decfsz	??_main,f
   901  0752  2F4F               	goto	u97
   902  0753                     l742:
   903                           
   904                           ;main.c: 77:         if(PORTAbits.RA2 == 1){
   905  0753  0020               	movlb	0	; select bank0
   906  0754  1D0C               	btfss	12,2	;volatile
   907  0755  2F57               	goto	u11
   908  0756  2F58               	goto	u10
   909  0757                     u11:
   910  0757  2FCF               	goto	l764
   911  0758                     u10:
   912  0758                     l744:
   913                           
   914                           ;main.c: 80:                 PORTB = 0b00001000;
   915  0758  3008               	movlw	8
   916  0759  008D               	movwf	13	;volatile
   917  075A                     l746:
   918                           
   919                           ;main.c: 81:                 PORTAbits.RA0 = 0;
   920  075A  100C               	bcf	12,0	;volatile
   921  075B                     l748:
   922                           
   923                           ;main.c: 83:                 PORTAbits.RA1 = 1;
   924  075B  148C               	bsf	12,1	;volatile
   925                           
   926                           ;main.c: 84:                 PORTB = 0b00001000;
   927  075C  3008               	movlw	8
   928  075D  008D               	movwf	13	;volatile
   929                           
   930                           ;main.c: 85:                 _delay((unsigned long)((100)*(4000000/4000.0)));
   931  075E  3082               	movlw	130
   932  075F  00F0               	movwf	??_main
   933  0760  30DE               	movlw	222
   934  0761                     u107:
   935  0761  0B89               	decfsz	9,f
   936  0762  2F61               	goto	u107
   937  0763  0BF0               	decfsz	??_main,f
   938  0764  2F61               	goto	u107
   939  0765                     l750:
   940                           
   941                           ;main.c: 86:                 PORTAbits.RA1 = 0;
   942  0765  0020               	movlb	0	; select bank0
   943  0766  108C               	bcf	12,1	;volatile
   944                           
   945                           ;main.c: 88:                 PORTB = 0b00001000;
   946  0767  3008               	movlw	8
   947  0768  008D               	movwf	13	;volatile
   948                           
   949                           ;main.c: 89:                 _delay((unsigned long)((100)*(4000000/4000.0)));
   950  0769  3082               	movlw	130
   951  076A  00F0               	movwf	??_main
   952  076B  30DE               	movlw	222
   953  076C                     u117:
   954  076C  0B89               	decfsz	9,f
   955  076D  2F6C               	goto	u117
   956  076E  0BF0               	decfsz	??_main,f
   957  076F  2F6C               	goto	u117
   958                           
   959                           ;main.c: 90:                 PORTB = 0b00000100;
   960  0770  3004               	movlw	4
   961  0771  0020               	movlb	0	; select bank0
   962  0772  008D               	movwf	13	;volatile
   963                           
   964                           ;main.c: 91:                 _delay((unsigned long)((100)*(4000000/4000.0)));
   965  0773  3082               	movlw	130
   966  0774  00F0               	movwf	??_main
   967  0775  30DE               	movlw	222
   968  0776                     u127:
   969  0776  0B89               	decfsz	9,f
   970  0777  2F76               	goto	u127
   971  0778  0BF0               	decfsz	??_main,f
   972  0779  2F76               	goto	u127
   973                           
   974                           ;main.c: 92:                 PORTB = 0B00000010;
   975  077A  3002               	movlw	2
   976  077B  0020               	movlb	0	; select bank0
   977  077C  008D               	movwf	13	;volatile
   978                           
   979                           ;main.c: 93:                 _delay((unsigned long)((100)*(4000000/4000.0)));
   980  077D  3082               	movlw	130
   981  077E  00F0               	movwf	??_main
   982  077F  30DE               	movlw	222
   983  0780                     u137:
   984  0780  0B89               	decfsz	9,f
   985  0781  2F80               	goto	u137
   986  0782  0BF0               	decfsz	??_main,f
   987  0783  2F80               	goto	u137
   988                           
   989                           ;main.c: 94:                 PORTB = 0b00000001;
   990  0784  3001               	movlw	1
   991  0785  0020               	movlb	0	; select bank0
   992  0786  008D               	movwf	13	;volatile
   993                           
   994                           ;main.c: 95:                 _delay((unsigned long)((100)*(4000000/4000.0)));
   995  0787  3082               	movlw	130
   996  0788  00F0               	movwf	??_main
   997  0789  30DE               	movlw	222
   998  078A                     u147:
   999  078A  0B89               	decfsz	9,f
  1000  078B  2F8A               	goto	u147
  1001  078C  0BF0               	decfsz	??_main,f
  1002  078D  2F8A               	goto	u147
  1003  078E                     l752:
  1004                           
  1005                           ;main.c: 97:                 PORTAbits.RA1 = 1;
  1006  078E  0020               	movlb	0	; select bank0
  1007  078F  148C               	bsf	12,1	;volatile
  1008                           
  1009                           ;main.c: 98:                 PORTB = 0b00000001;
  1010  0790  3001               	movlw	1
  1011  0791  008D               	movwf	13	;volatile
  1012                           
  1013                           ;main.c: 99:                 _delay((unsigned long)((100)*(4000000/4000.0)));
  1014  0792  3082               	movlw	130
  1015  0793  00F0               	movwf	??_main
  1016  0794  30DE               	movlw	222
  1017  0795                     u157:
  1018  0795  0B89               	decfsz	9,f
  1019  0796  2F95               	goto	u157
  1020  0797  0BF0               	decfsz	??_main,f
  1021  0798  2F95               	goto	u157
  1022  0799                     l754:
  1023                           
  1024                           ;main.c: 100:                 PORTAbits.RA1 = 0;
  1025  0799  0020               	movlb	0	; select bank0
  1026  079A  108C               	bcf	12,1	;volatile
  1027  079B                     l756:
  1028                           
  1029                           ;main.c: 102:                 PORTAbits.RA0 = 1;
  1030  079B  140C               	bsf	12,0	;volatile
  1031                           
  1032                           ;main.c: 103:                 PORTB = 0B00000001;
  1033  079C  3001               	movlw	1
  1034  079D  008D               	movwf	13	;volatile
  1035                           
  1036                           ;main.c: 104:                 _delay((unsigned long)((100)*(4000000/4000.0)));
  1037  079E  3082               	movlw	130
  1038  079F  00F0               	movwf	??_main
  1039  07A0  30DE               	movlw	222
  1040  07A1                     u167:
  1041  07A1  0B89               	decfsz	9,f
  1042  07A2  2FA1               	goto	u167
  1043  07A3  0BF0               	decfsz	??_main,f
  1044  07A4  2FA1               	goto	u167
  1045                           
  1046                           ;main.c: 105:                 PORTB = 0b00100000;
  1047  07A5  3020               	movlw	32
  1048  07A6  0020               	movlb	0	; select bank0
  1049  07A7  008D               	movwf	13	;volatile
  1050                           
  1051                           ;main.c: 106:                 _delay((unsigned long)((100)*(4000000/4000.0)));
  1052  07A8  3082               	movlw	130
  1053  07A9  00F0               	movwf	??_main
  1054  07AA  30DE               	movlw	222
  1055  07AB                     u177:
  1056  07AB  0B89               	decfsz	9,f
  1057  07AC  2FAB               	goto	u177
  1058  07AD  0BF0               	decfsz	??_main,f
  1059  07AE  2FAB               	goto	u177
  1060                           
  1061                           ;main.c: 107:                 PORTB = 0b00010000;
  1062  07AF  3010               	movlw	16
  1063  07B0  0020               	movlb	0	; select bank0
  1064  07B1  008D               	movwf	13	;volatile
  1065                           
  1066                           ;main.c: 108:                 _delay((unsigned long)((100)*(4000000/4000.0)));
  1067  07B2  3082               	movlw	130
  1068  07B3  00F0               	movwf	??_main
  1069  07B4  30DE               	movlw	222
  1070  07B5                     u187:
  1071  07B5  0B89               	decfsz	9,f
  1072  07B6  2FB5               	goto	u187
  1073  07B7  0BF0               	decfsz	??_main,f
  1074  07B8  2FB5               	goto	u187
  1075                           
  1076                           ;main.c: 109:                 PORTB = 0b00001000;
  1077  07B9  3008               	movlw	8
  1078  07BA  0020               	movlb	0	; select bank0
  1079  07BB  008D               	movwf	13	;volatile
  1080                           
  1081                           ;main.c: 110:                 _delay((unsigned long)((100)*(4000000/4000.0)));
  1082  07BC  3082               	movlw	130
  1083  07BD  00F0               	movwf	??_main
  1084  07BE  30DE               	movlw	222
  1085  07BF                     u197:
  1086  07BF  0B89               	decfsz	9,f
  1087  07C0  2FBF               	goto	u197
  1088  07C1  0BF0               	decfsz	??_main,f
  1089  07C2  2FBF               	goto	u197
  1090  07C3                     l758:
  1091                           
  1092                           ;main.c: 111:                 if(PORTAbits.RA2 && PORTAbits.RA4 == 1){
  1093  07C3  0020               	movlb	0	; select bank0
  1094  07C4  1D0C               	btfss	12,2	;volatile
  1095  07C5  2FC7               	goto	u21
  1096  07C6  2FC8               	goto	u20
  1097  07C7                     u21:
  1098  07C7  2FCD               	goto	l67
  1099  07C8                     u20:
  1100  07C8                     l760:
  1101  07C8  1E0C               	btfss	12,4	;volatile
  1102  07C9  2FCB               	goto	u31
  1103  07CA  2FCC               	goto	u30
  1104  07CB                     u31:
  1105  07CB  2FCD               	goto	l67
  1106  07CC                     u30:
  1107  07CC  2FCF               	goto	l764
  1108  07CD                     l67:	
  1109                           ;main.c: 114:                 }
  1110                           
  1111                           
  1112                           ;main.c: 115:                 PORTAbits.RA0 = 0;
  1113  07CD  100C               	bcf	12,0	;volatile
  1114  07CE  2F58               	goto	l744
  1115  07CF                     l764:
  1116                           
  1117                           ;main.c: 118:         PORTB = 0b00010000;
  1118  07CF  3010               	movlw	16
  1119  07D0  008D               	movwf	13	;volatile
  1120                           
  1121                           ;main.c: 119:         _delay((unsigned long)((100)*(4000000/4000.0)));
  1122  07D1  3082               	movlw	130
  1123  07D2  00F0               	movwf	??_main
  1124  07D3  30DE               	movlw	222
  1125  07D4                     u207:
  1126  07D4  0B89               	decfsz	9,f
  1127  07D5  2FD4               	goto	u207
  1128  07D6  0BF0               	decfsz	??_main,f
  1129  07D7  2FD4               	goto	u207
  1130                           
  1131                           ;main.c: 120:         PORTB = 0b00100000;
  1132  07D8  3020               	movlw	32
  1133  07D9  0020               	movlb	0	; select bank0
  1134  07DA  008D               	movwf	13	;volatile
  1135                           
  1136                           ;main.c: 121:         _delay((unsigned long)((100)*(4000000/4000.0)));
  1137  07DB  3082               	movlw	130
  1138  07DC  00F0               	movwf	??_main
  1139  07DD  30DE               	movlw	222
  1140  07DE                     u217:
  1141  07DE  0B89               	decfsz	9,f
  1142  07DF  2FDE               	goto	u217
  1143  07E0  0BF0               	decfsz	??_main,f
  1144  07E1  2FDE               	goto	u217
  1145                           
  1146                           ;main.c: 122:         PORTB = 0B00000001;
  1147  07E2  3001               	movlw	1
  1148  07E3  0020               	movlb	0	; select bank0
  1149  07E4  008D               	movwf	13	;volatile
  1150                           
  1151                           ;main.c: 123:         _delay((unsigned long)((100)*(4000000/4000.0)));
  1152  07E5  3082               	movlw	130
  1153  07E6  00F0               	movwf	??_main
  1154  07E7  30DE               	movlw	222
  1155  07E8                     u227:
  1156  07E8  0B89               	decfsz	9,f
  1157  07E9  2FE8               	goto	u227
  1158  07EA  0BF0               	decfsz	??_main,f
  1159  07EB  2FE8               	goto	u227
  1160  07EC                     l766:
  1161                           
  1162                           ;main.c: 124:         PORTAbits.RA0 = 0;
  1163  07EC  0020               	movlb	0	; select bank0
  1164  07ED  100C               	bcf	12,0	;volatile
  1165  07EE                     l768:
  1166                           
  1167                           ;main.c: 126:         PORTAbits.RA1 = 1;
  1168  07EE  148C               	bsf	12,1	;volatile
  1169                           
  1170                           ;main.c: 127:         PORTB = 0b00000001;
  1171  07EF  3001               	movlw	1
  1172  07F0  008D               	movwf	13	;volatile
  1173                           
  1174                           ;main.c: 128:         _delay((unsigned long)((100)*(4000000/4000.0)));
  1175  07F1  3082               	movlw	130
  1176  07F2  00F0               	movwf	??_main
  1177  07F3  30DE               	movlw	222
  1178  07F4                     u237:
  1179  07F4  0B89               	decfsz	9,f
  1180  07F5  2FF4               	goto	u237
  1181  07F6  0BF0               	decfsz	??_main,f
  1182  07F7  2FF4               	goto	u237
  1183  07F8                     l770:
  1184                           
  1185                           ;main.c: 129:         PORTAbits.RA1 = 0;
  1186  07F8  0020               	movlb	0	; select bank0
  1187  07F9  108C               	bcf	12,1	;volatile
  1188  07FA  2F14               	goto	l712
  1189  07FB  3180  2802         	ljmp	start
  1190  07FD                     __end_of_main:
  1191                           
  1192                           	psect	text1
  1193  06F4                     __ptext1:	
  1194 ;; *************** function _SYSTEM_Initialize *****************
  1195 ;; Defined at:
  1196 ;;		line 50 in file "mcc_generated_files/mcc.c"
  1197 ;; Parameters:    Size  Location     Type
  1198 ;;		None
  1199 ;; Auto vars:     Size  Location     Type
  1200 ;;		None
  1201 ;; Return value:  Size  Location     Type
  1202 ;;                  1    wreg      void 
  1203 ;; Registers used:
  1204 ;;		wreg, status,2, status,0, pclath, cstack
  1205 ;; Tracked objects:
  1206 ;;		On entry : 0/0
  1207 ;;		On exit  : 0/0
  1208 ;;		Unchanged: 0/0
  1209 ;; Data sizes:     COMMON   BANK0   BANK1   BANK2   BANK3   BANK4
  1210 ;;      Params:         0       0       0       0       0       0
  1211 ;;      Locals:         0       0       0       0       0       0
  1212 ;;      Temps:          0       0       0       0       0       0
  1213 ;;      Totals:         0       0       0       0       0       0
  1214 ;;Total ram usage:        0 bytes
  1215 ;; Hardware stack levels used:    1
  1216 ;; Hardware stack levels required when called:    1
  1217 ;; This function calls:
  1218 ;;		_OSCILLATOR_Initialize
  1219 ;;		_PIN_MANAGER_Initialize
  1220 ;;		_WDT_Initialize
  1221 ;; This function is called by:
  1222 ;;		_main
  1223 ;; This function uses a non-reentrant model
  1224 ;;
  1225                           
  1226                           
  1227                           ;psect for function _SYSTEM_Initialize
  1228  06F4                     _SYSTEM_Initialize:
  1229  06F4                     l708:	
  1230                           ;incstack = 0
  1231                           ; Regs used in _SYSTEM_Initialize: [wreg+status,2+status,0+pclath+cstack]
  1232                           
  1233                           
  1234                           ;mcc_generated_files/mcc.c: 53:     PIN_MANAGER_Initialize();
  1235  06F4  3186  26FE  3186   	fcall	_PIN_MANAGER_Initialize
  1236                           
  1237                           ;mcc_generated_files/mcc.c: 54:     OSCILLATOR_Initialize();
  1238  06F7  3186  26ED  3186   	fcall	_OSCILLATOR_Initialize
  1239                           
  1240                           ;mcc_generated_files/mcc.c: 55:     WDT_Initialize();
  1241  06FA  3186  26E9  3186   	fcall	_WDT_Initialize
  1242  06FD                     l17:
  1243  06FD  0008               	return
  1244  06FE                     __end_of_SYSTEM_Initialize:
  1245                           
  1246                           	psect	text2
  1247  06E9                     __ptext2:	
  1248 ;; *************** function _WDT_Initialize *****************
  1249 ;; Defined at:
  1250 ;;		line 68 in file "mcc_generated_files/mcc.c"
  1251 ;; Parameters:    Size  Location     Type
  1252 ;;		None
  1253 ;; Auto vars:     Size  Location     Type
  1254 ;;		None
  1255 ;; Return value:  Size  Location     Type
  1256 ;;                  1    wreg      void 
  1257 ;; Registers used:
  1258 ;;		wreg
  1259 ;; Tracked objects:
  1260 ;;		On entry : 0/0
  1261 ;;		On exit  : 0/0
  1262 ;;		Unchanged: 0/0
  1263 ;; Data sizes:     COMMON   BANK0   BANK1   BANK2   BANK3   BANK4
  1264 ;;      Params:         0       0       0       0       0       0
  1265 ;;      Locals:         0       0       0       0       0       0
  1266 ;;      Temps:          0       0       0       0       0       0
  1267 ;;      Totals:         0       0       0       0       0       0
  1268 ;;Total ram usage:        0 bytes
  1269 ;; Hardware stack levels used:    1
  1270 ;; This function calls:
  1271 ;;		Nothing
  1272 ;; This function is called by:
  1273 ;;		_SYSTEM_Initialize
  1274 ;; This function uses a non-reentrant model
  1275 ;;
  1276                           
  1277                           
  1278                           ;psect for function _WDT_Initialize
  1279  06E9                     _WDT_Initialize:
  1280  06E9                     l706:	
  1281                           ;incstack = 0
  1282                           ; Regs used in _WDT_Initialize: [wreg]
  1283                           
  1284                           
  1285                           ;mcc_generated_files/mcc.c: 71:     WDTCON = 0x16;
  1286  06E9  3016               	movlw	22
  1287  06EA  0021               	movlb	1	; select bank1
  1288  06EB  0097               	movwf	23	;volatile
  1289  06EC                     l23:
  1290  06EC  0008               	return
  1291  06ED                     __end_of_WDT_Initialize:
  1292                           
  1293                           	psect	text3
  1294  06FE                     __ptext3:	
  1295 ;; *************** function _PIN_MANAGER_Initialize *****************
  1296 ;; Defined at:
  1297 ;;		line 55 in file "mcc_generated_files/pin_manager.c"
  1298 ;; Parameters:    Size  Location     Type
  1299 ;;		None
  1300 ;; Auto vars:     Size  Location     Type
  1301 ;;		None
  1302 ;; Return value:  Size  Location     Type
  1303 ;;                  1    wreg      void 
  1304 ;; Registers used:
  1305 ;;		wreg, status,2
  1306 ;; Tracked objects:
  1307 ;;		On entry : 0/0
  1308 ;;		On exit  : 0/0
  1309 ;;		Unchanged: 0/0
  1310 ;; Data sizes:     COMMON   BANK0   BANK1   BANK2   BANK3   BANK4
  1311 ;;      Params:         0       0       0       0       0       0
  1312 ;;      Locals:         0       0       0       0       0       0
  1313 ;;      Temps:          0       0       0       0       0       0
  1314 ;;      Totals:         0       0       0       0       0       0
  1315 ;;Total ram usage:        0 bytes
  1316 ;; Hardware stack levels used:    1
  1317 ;; This function calls:
  1318 ;;		Nothing
  1319 ;; This function is called by:
  1320 ;;		_SYSTEM_Initialize
  1321 ;; This function uses a non-reentrant model
  1322 ;;
  1323                           
  1324                           
  1325                           ;psect for function _PIN_MANAGER_Initialize
  1326  06FE                     _PIN_MANAGER_Initialize:
  1327  06FE                     l680:	
  1328                           ;incstack = 0
  1329                           ; Regs used in _PIN_MANAGER_Initialize: [wreg+status,2]
  1330                           
  1331                           
  1332                           ;mcc_generated_files/pin_manager.c: 60:     LATA = 0x00;
  1333  06FE  0022               	movlb	2	; select bank2
  1334  06FF  018C               	clrf	12	;volatile
  1335                           
  1336                           ;mcc_generated_files/pin_manager.c: 61:     LATB = 0x00;
  1337  0700  018D               	clrf	13	;volatile
  1338  0701                     l682:
  1339                           
  1340                           ;mcc_generated_files/pin_manager.c: 66:     TRISA = 0xFC;
  1341  0701  30FC               	movlw	252
  1342  0702  0021               	movlb	1	; select bank1
  1343  0703  008C               	movwf	12	;volatile
  1344  0704                     l684:
  1345                           
  1346                           ;mcc_generated_files/pin_manager.c: 67:     TRISB = 0x00;
  1347  0704  018D               	clrf	13	;volatile
  1348  0705                     l686:
  1349                           
  1350                           ;mcc_generated_files/pin_manager.c: 72:     ANSELB = 0x00;
  1351  0705  0023               	movlb	3	; select bank3
  1352  0706  018D               	clrf	13	;volatile
  1353  0707                     l688:
  1354                           
  1355                           ;mcc_generated_files/pin_manager.c: 73:     ANSELA = 0x00;
  1356  0707  018C               	clrf	12	;volatile
  1357  0708                     l690:
  1358                           
  1359                           ;mcc_generated_files/pin_manager.c: 78:     WPUB = 0x00;
  1360  0708  0024               	movlb	4	; select bank4
  1361  0709  018D               	clrf	13	;volatile
  1362  070A                     l692:
  1363                           
  1364                           ;mcc_generated_files/pin_manager.c: 79:     WPUA = 0x00;
  1365  070A  018C               	clrf	12	;volatile
  1366  070B                     l694:
  1367                           
  1368                           ;mcc_generated_files/pin_manager.c: 80:     OPTION_REGbits.nWPUEN = 1;
  1369  070B  0021               	movlb	1	; select bank1
  1370  070C  1795               	bsf	21,7	;volatile
  1371  070D                     l696:
  1372                           
  1373                           ;mcc_generated_files/pin_manager.c: 86:     APFCON0 = 0x00;
  1374  070D  0022               	movlb	2	; select bank2
  1375  070E  019D               	clrf	29	;volatile
  1376  070F                     l698:
  1377                           
  1378                           ;mcc_generated_files/pin_manager.c: 87:     APFCON1 = 0x00;
  1379  070F  019E               	clrf	30	;volatile
  1380  0710                     l48:
  1381  0710  0008               	return
  1382  0711                     __end_of_PIN_MANAGER_Initialize:
  1383                           
  1384                           	psect	text4
  1385  06ED                     __ptext4:	
  1386 ;; *************** function _OSCILLATOR_Initialize *****************
  1387 ;; Defined at:
  1388 ;;		line 58 in file "mcc_generated_files/mcc.c"
  1389 ;; Parameters:    Size  Location     Type
  1390 ;;		None
  1391 ;; Auto vars:     Size  Location     Type
  1392 ;;		None
  1393 ;; Return value:  Size  Location     Type
  1394 ;;                  1    wreg      void 
  1395 ;; Registers used:
  1396 ;;		wreg, status,2
  1397 ;; Tracked objects:
  1398 ;;		On entry : 0/0
  1399 ;;		On exit  : 0/0
  1400 ;;		Unchanged: 0/0
  1401 ;; Data sizes:     COMMON   BANK0   BANK1   BANK2   BANK3   BANK4
  1402 ;;      Params:         0       0       0       0       0       0
  1403 ;;      Locals:         0       0       0       0       0       0
  1404 ;;      Temps:          0       0       0       0       0       0
  1405 ;;      Totals:         0       0       0       0       0       0
  1406 ;;Total ram usage:        0 bytes
  1407 ;; Hardware stack levels used:    1
  1408 ;; This function calls:
  1409 ;;		Nothing
  1410 ;; This function is called by:
  1411 ;;		_SYSTEM_Initialize
  1412 ;; This function uses a non-reentrant model
  1413 ;;
  1414                           
  1415                           
  1416                           ;psect for function _OSCILLATOR_Initialize
  1417  06ED                     _OSCILLATOR_Initialize:
  1418  06ED                     l700:	
  1419                           ;incstack = 0
  1420                           ; Regs used in _OSCILLATOR_Initialize: [wreg+status,2]
  1421                           
  1422                           
  1423                           ;mcc_generated_files/mcc.c: 61:     OSCCON = 0x6A;
  1424  06ED  306A               	movlw	106
  1425  06EE  0021               	movlb	1	; select bank1
  1426  06EF  0099               	movwf	25	;volatile
  1427  06F0                     l702:
  1428                           
  1429                           ;mcc_generated_files/mcc.c: 63:     OSCTUNE = 0x00;
  1430  06F0  0198               	clrf	24	;volatile
  1431  06F1                     l704:
  1432                           
  1433                           ;mcc_generated_files/mcc.c: 65:     BORCON = 0x00;
  1434  06F1  0022               	movlb	2	; select bank2
  1435  06F2  0196               	clrf	22	;volatile
  1436  06F3                     l20:
  1437  06F3  0008               	return
  1438  06F4                     __end_of_OSCILLATOR_Initialize:
  1439  007E                     btemp	set	126	;btemp
  1440  007E                     wtemp0	set	126
  1441                           
  1442                           	psect	config
  1443                           
  1444                           ;Config register CONFIG1 @ 0x8007
  1445                           ;	Oscillator Selection
  1446                           ;	FOSC = INTOSC, INTOSC oscillator: I/O function on CLKIN pin
  1447                           ;	Watchdog Timer Enable
  1448                           ;	WDTE = OFF, WDT disabled
  1449                           ;	Power-up Timer Enable
  1450                           ;	PWRTE = OFF, PWRT disabled
  1451                           ;	MCLR Pin Function Select
  1452                           ;	MCLRE = ON, MCLR/VPP pin function is MCLR
  1453                           ;	Flash Program Memory Code Protection
  1454                           ;	CP = OFF, Program memory code protection is disabled
  1455                           ;	Data Memory Code Protection
  1456                           ;	CPD = OFF, Data memory code protection is disabled
  1457                           ;	Brown-out Reset Enable
  1458                           ;	BOREN = ON, Brown-out Reset enabled
  1459                           ;	Clock Out Enable
  1460                           ;	CLKOUTEN = OFF, CLKOUT function is disabled. I/O or oscillator function on the CLKOUT 
      +                          pin
  1461                           ;	Internal/External Switchover
  1462                           ;	IESO = ON, Internal/External Switchover mode is enabled
  1463                           ;	Fail-Safe Clock Monitor Enable
  1464                           ;	FCMEN = ON, Fail-Safe Clock Monitor is enabled
  1465  8007                     	org	32775
  1466  8007  3FE4               	dw	16356
  1467                           
  1468                           ;Config register CONFIG2 @ 0x8008
  1469                           ;	Flash Memory Self-Write Protection
  1470                           ;	WRT = OFF, Write protection off
  1471                           ;	PLL Enable
  1472                           ;	PLLEN = OFF, 4x PLL disabled
  1473                           ;	Stack Overflow/Underflow Reset Enable
  1474                           ;	STVREN = ON, Stack Overflow or Underflow will cause a Reset
  1475                           ;	Brown-out Reset Voltage Selection
  1476                           ;	BORV = LO, Brown-out Reset Voltage (Vbor), low trip point selected.
  1477                           ;	Low-Voltage Programming Enable
  1478                           ;	LVP = ON, Low-voltage programming enabled
  1479  8008                     	org	32776
  1480  8008  3EFF               	dw	16127

Data Sizes:
    Strings     0
    Constant    0
    Data        0
    BSS         0
    Persistent  32
    Stack       0

Auto Spaces:
    Space          Size  Autos    Used
    COMMON           14      1       1
    BANK0            80      0       0
    BANK1            80      0       0
    BANK2            80      0       0
    BANK3            80      0       0
    BANK4            48      0       0

Pointer List with Targets:

    None.

Critical Paths under _main in COMMON

    None.

Critical Paths under _main in BANK0

    None.

Critical Paths under _main in BANK1

    None.

Critical Paths under _main in BANK2

    None.

Critical Paths under _main in BANK3

    None.

Critical Paths under _main in BANK4

    None.

Call Graph Tables:

 ---------------------------------------------------------------------------------
 (Depth) Function   	        Calls       Base Space   Used Autos Params    Refs
 ---------------------------------------------------------------------------------
 (0) _main                                                 2     2      0       0
                                              0 COMMON     1     1      0
                  _SYSTEM_Initialize
 ---------------------------------------------------------------------------------
 (1) _SYSTEM_Initialize                                    0     0      0       0
              _OSCILLATOR_Initialize
             _PIN_MANAGER_Initialize
                     _WDT_Initialize
 ---------------------------------------------------------------------------------
 (2) _WDT_Initialize                                       0     0      0       0
 ---------------------------------------------------------------------------------
 (2) _PIN_MANAGER_Initialize                               0     0      0       0
 ---------------------------------------------------------------------------------
 (2) _OSCILLATOR_Initialize                                0     0      0       0
 ---------------------------------------------------------------------------------
 Estimated maximum stack depth 2
 ---------------------------------------------------------------------------------

 Call Graph Graphs:

 _main (ROOT)
   _SYSTEM_Initialize
     _OSCILLATOR_Initialize
     _PIN_MANAGER_Initialize
     _WDT_Initialize

 Address spaces:
Name               Size   Autos  Total    Cost      Usage
BIGRAM             170      0       0       0        0.0%
EEDATA             100      0       0       0        0.0%
NULL                 0      0       0       0        0.0%
CODE                 0      0       0       0        0.0%
BITCOMMON            E      0       0       1        0.0%
BITSFR0              0      0       0       1        0.0%
SFR0                 0      0       0       1        0.0%
COMMON               E      1       1       2        7.1%
BITSFR1              0      0       0       2        0.0%
SFR1                 0      0       0       2        0.0%
BITSFR2              0      0       0       3        0.0%
SFR2                 0      0       0       3        0.0%
STACK                0      0       0       3        0.0%
BITSFR3              0      0       0       4        0.0%
SFR3                 0      0       0       4        0.0%
ABS                  0      0       0       4        0.0%
BITBANK0            50      0       0       5        0.0%
BITSFR4              0      0       0       5        0.0%
SFR4                 0      0       0       5        0.0%
BANK0               50      0       0       6        0.0%
BITSFR5              0      0       0       6        0.0%
SFR5                 0      0       0       6        0.0%
BITBANK1            50      0       0       7        0.0%
BITSFR6              0      0       0       7        0.0%
SFR6                 0      0       0       7        0.0%
BANK1               50      0       0       8        0.0%
BITSFR7              0      0       0       8        0.0%
SFR7                 0      0       0       8        0.0%
BITBANK2            50      0       0       9        0.0%
BITSFR8              0      0       0       9        0.0%
SFR8                 0      0       0       9        0.0%
BANK2               50      0       0      10        0.0%
BITSFR9              0      0       0      10        0.0%
SFR9                 0      0       0      10        0.0%
BITBANK3            50      0       0      11        0.0%
BITSFR10             0      0       0      11        0.0%
SFR10                0      0       0      11        0.0%
BANK3               50      0       0      12        0.0%
BITSFR11             0      0       0      12        0.0%
SFR11                0      0       0      12        0.0%
BITBANK4            30      0       0      13        0.0%
BITSFR12             0      0       0      13        0.0%
SFR12                0      0       0      13        0.0%
BANK4               30      0       0      14        0.0%
BITSFR13             0      0       0      14        0.0%
SFR13                0      0       0      14        0.0%
BITSFR14             0      0       0      15        0.0%
SFR14                0      0       0      15        0.0%
DATA                 0      0       0      15        0.0%
BITSFR15             0      0       0      16        0.0%
SFR15                0      0       0      16        0.0%
BITSFR16             0      0       0      17        0.0%
SFR16                0      0       0      17        0.0%
BITSFR17             0      0       0      18        0.0%
SFR17                0      0       0      18        0.0%
BITSFR18             0      0       0      19        0.0%
SFR18                0      0       0      19        0.0%
BITSFR19             0      0       0      20        0.0%
SFR19                0      0       0      20        0.0%
BITSFR20             0      0       0      21        0.0%
SFR20                0      0       0      21        0.0%
BITSFR21             0      0       0      22        0.0%
SFR21                0      0       0      22        0.0%
BITSFR22             0      0       0      23        0.0%
SFR22                0      0       0      23        0.0%
BITSFR23             0      0       0      24        0.0%
SFR23                0      0       0      24        0.0%
BITSFR24             0      0       0      25        0.0%
SFR24                0      0       0      25        0.0%
BITSFR25             0      0       0      26        0.0%
SFR25                0      0       0      26        0.0%
BITSFR26             0      0       0      27        0.0%
SFR26                0      0       0      27        0.0%
BITSFR27             0      0       0      28        0.0%
SFR27                0      0       0      28        0.0%
BITSFR28             0      0       0      29        0.0%
SFR28                0      0       0      29        0.0%
BITSFR29             0      0       0      30        0.0%
SFR29                0      0       0      30        0.0%
BITSFR30             0      0       0      31        0.0%
SFR30                0      0       0      31        0.0%
BITSFR31             0      0       0      32        0.0%
SFR31                0      0       0      32        0.0%


Microchip Technology PIC Macro Assembler V2.31 build 20201012212115 
Symbol Table                                                                                   Thu Sep 23 10:46:21 2021

                             l20 06F3                               l23 06EC                               l17 06FD  
                             l48 0710                               l67 07CD                               u10 0758  
                             u11 0757                               u20 07C8                               u21 07C7  
                             u30 07CC                               u31 07CB                               u47 071A  
                             u57 0724                               u67 072E                               u77 0738  
                             u87 0743                               u97 074F                              l700 06ED  
                            l702 06F0                              l710 0711                              l704 06F1  
                            l720 0728                              l712 0714                              l706 06E9  
                            l730 073E                              l722 072B                              l714 0717  
                            l708 06F4                              l740 074C                              l732 0740  
                            l724 0732                              l716 071E                              l750 0765  
                            l742 0753                              l734 0747                              l726 0735  
                            l718 0721                              l680 06FE                              l760 07C8  
                            l752 078E                              l744 0758                              l736 0749  
                            l728 073C                              l690 0708                              l682 0701  
                            l770 07F8                              l754 0799                              l746 075A  
                            l738 074A                              l692 070A                              l684 0704  
                            l756 079B                              l748 075B                              l764 07CF  
                            l694 070B                              l686 0705                              l766 07EC  
                            l758 07C3                              l696 070D                              l688 0707  
                            l768 07EE                              l698 070F                              u107 0761  
                            u117 076C                              u207 07D4                              u127 0776  
                            u217 07DE                              u137 0780                              u227 07E8  
                            u147 078A                              u237 07F4                              u157 0795  
                            u167 07A1                              u177 07AB                              u187 07B5  
                            u197 07BF                              wreg 0009                             _LATA 010C  
                           _LATB 010D                             _WPUA 020C                             _WPUB 020D  
                           _main 0711                             btemp 007E                             start 0002  
 __size_of_OSCILLATOR_Initialize 0007    __end_of_OSCILLATOR_Initialize 06F4                            ?_main 0070  
                          _PORTB 000D                            _TRISA 008C                            _TRISB 008D  
                 _WDT_Initialize 06E9                            wtemp0 007E                  __initialization 07FD  
                   __end_of_main 07FD                           ??_main 0070           __end_of_WDT_Initialize 06ED  
                         _ANSELA 018C                           _ANSELB 018D                           _BORCON 0116  
                         _OSCCON 0099                           _WDTCON 0097                  ?_WDT_Initialize 0070  
              _SYSTEM_Initialize 06F4          __end_of__initialization 07FD               ?_SYSTEM_Initialize 0070  
                 __pcstackCOMMON 0070              ??_SYSTEM_Initialize 0070                   _OPTION_REGbits 0095  
      __end_of_SYSTEM_Initialize 06FE                       __pmaintext 0711                          _APFCON0 011D  
                        _APFCON1 011E                          _OSCTUNE 0098                          __ptext1 06F4  
                        __ptext2 06E9                          __ptext3 06FE                          __ptext4 06ED  
          _OSCILLATOR_Initialize 06ED         ??_PIN_MANAGER_Initialize 0070       __size_of_SYSTEM_Initialize 000A  
           end_of_initialization 07FD                 ??_WDT_Initialize 0070                        _PORTAbits 000C  
         ?_OSCILLATOR_Initialize 0070              start_initialization 07FD  __size_of_PIN_MANAGER_Initialize 0013  
                      ___latbits 0001           _PIN_MANAGER_Initialize 06FE          ??_OSCILLATOR_Initialize 0070  
                  __size_of_main 00EC          __size_of_WDT_Initialize 0004          ?_PIN_MANAGER_Initialize 0070  
 __end_of_PIN_MANAGER_Initialize 0711  
