

Microchip MPLAB XC8 Assembler V2.31 build 20201012212115 
                                                                                               Thu Dec 09 10:37:36 2021

Microchip MPLAB XC8 C Compiler v2.31 (Free license) build 20201012212115 Og1 
     1                           	processor	16F1827
     2                           	pagewidth 120
     3                           	opt	flic
     4                           	psect	cinit,global,class=CODE,merge=1,delta=2
     5                           	psect	bssCOMMON,global,class=COMMON,space=1,delta=1,noexec
     6                           	psect	cstackCOMMON,global,class=COMMON,space=1,delta=1,noexec
     7                           	psect	maintext,global,class=CODE,merge=1,split=1,delta=2
     8                           	psect	text1,local,class=CODE,merge=1,delta=2
     9                           	psect	text2,local,class=CODE,merge=1,delta=2
    10                           	psect	text3,local,class=CODE,merge=1,delta=2
    11                           	psect	text4,local,class=CODE,merge=1,delta=2
    12                           	psect	text5,local,class=CODE,merge=1,delta=2
    13                           	psect	text6,local,class=CODE,merge=1,delta=2
    14                           	psect	config,global,abs,ovrld,class=CONFIG,space=4,delta=2,noexec
    15                           	dabs	1,0x7E,2
    16  0000                     
    17                           ; Version 2.20
    18                           ; Generated 12/02/2020 GMT
    19                           ; 
    20                           ; Copyright © 2020, Microchip Technology Inc. and its subsidiaries ("Microchip")
    21                           ; All rights reserved.
    22                           ; 
    23                           ; This software is developed by Microchip Technology Inc. and its subsidiaries ("Microch
      +                          ip").
    24                           ; 
    25                           ; Redistribution and use in source and binary forms, with or without modification, are
    26                           ; permitted provided that the following conditions are met:
    27                           ; 
    28                           ;     1. Redistributions of source code must retain the above copyright notice, this lis
      +                          t of
    29                           ;        conditions and the following disclaimer.
    30                           ; 
    31                           ;     2. Redistributions in binary form must reproduce the above copyright notice, this 
      +                          list
    32                           ;        of conditions and the following disclaimer in the documentation and/or other
    33                           ;        materials provided with the distribution.
    34                           ; 
    35                           ;     3. Microchip's name may not be used to endorse or promote products derived from th
      +                          is
    36                           ;        software without specific prior written permission.
    37                           ; 
    38                           ; THIS SOFTWARE IS PROVIDED BY MICROCHIP "AS IS" AND ANY EXPRESS OR IMPLIED WARRANTIES,
    39                           ; INCLUDING, BUT NOT LIMITED TO, THE IMPLIED WARRANTIES OF MERCHANTABILITY AND FITNESS F
      +                          OR
    40                           ; PURPOSE ARE DISCLAIMED.  IN NO EVENT SHALL MICROCHIP BE LIABLE FOR ANY DIRECT, INDIREC
      +                          T,
    41                           ; INCIDENTAL, SPECIAL, EXEMPLARY, OR CONSEQUENTIAL DAMAGES (INCLUDING BUT NOT LIMITED TO
    42                           ; PROCUREMENT OF SUBSTITUTE GOODS OR SERVICES; LOSS OF USE, DATA OR PROFITS; OR BUSINESS
    43                           ; INTERRUPTION) HOWSOEVER CAUSED AND ON ANY THEORY OF LIABILITY, WHETHER IN CONTRACT, ST
      +                          RICT
    44                           ; LIABILITY, OR TORT (INCLUDING NEGLIGENCE OR OTHERWISE) ARISING IN ANY WAY OUT OF THE U
      +                          SE OF
    45                           ; THIS SOFTWARE, EVEN IF ADVISED OF THE POSSIBILITY OF SUCH DAMAGE.
    46                           ; 
    47                           ; 
    48                           ; Code-generator required, PIC16F1827 Definitions
    49                           ; 
    50                           ; SFR Addresses
    51  0000                     	;# 
    52  0001                     	;# 
    53  0002                     	;# 
    54  0003                     	;# 
    55  0004                     	;# 
    56  0005                     	;# 
    57  0006                     	;# 
    58  0007                     	;# 
    59  0008                     	;# 
    60  0009                     	;# 
    61  000A                     	;# 
    62  000B                     	;# 
    63  000C                     	;# 
    64  000D                     	;# 
    65  0011                     	;# 
    66  0012                     	;# 
    67  0013                     	;# 
    68  0014                     	;# 
    69  0015                     	;# 
    70  0016                     	;# 
    71  0016                     	;# 
    72  0017                     	;# 
    73  0018                     	;# 
    74  0019                     	;# 
    75  001A                     	;# 
    76  001B                     	;# 
    77  001C                     	;# 
    78  001E                     	;# 
    79  001F                     	;# 
    80  008C                     	;# 
    81  008D                     	;# 
    82  0091                     	;# 
    83  0092                     	;# 
    84  0093                     	;# 
    85  0094                     	;# 
    86  0095                     	;# 
    87  0096                     	;# 
    88  0097                     	;# 
    89  0098                     	;# 
    90  0099                     	;# 
    91  009A                     	;# 
    92  009B                     	;# 
    93  009B                     	;# 
    94  009C                     	;# 
    95  009D                     	;# 
    96  009E                     	;# 
    97  010C                     	;# 
    98  010D                     	;# 
    99  0111                     	;# 
   100  0112                     	;# 
   101  0113                     	;# 
   102  0114                     	;# 
   103  0115                     	;# 
   104  0116                     	;# 
   105  0117                     	;# 
   106  0118                     	;# 
   107  0119                     	;# 
   108  011A                     	;# 
   109  011B                     	;# 
   110  011D                     	;# 
   111  011E                     	;# 
   112  018C                     	;# 
   113  018D                     	;# 
   114  0191                     	;# 
   115  0191                     	;# 
   116  0192                     	;# 
   117  0193                     	;# 
   118  0193                     	;# 
   119  0193                     	;# 
   120  0194                     	;# 
   121  0195                     	;# 
   122  0196                     	;# 
   123  0199                     	;# 
   124  019A                     	;# 
   125  019B                     	;# 
   126  019B                     	;# 
   127  019B                     	;# 
   128  019B                     	;# 
   129  019C                     	;# 
   130  019C                     	;# 
   131  019D                     	;# 
   132  019E                     	;# 
   133  019F                     	;# 
   134  020C                     	;# 
   135  020D                     	;# 
   136  0211                     	;# 
   137  0211                     	;# 
   138  0212                     	;# 
   139  0212                     	;# 
   140  0213                     	;# 
   141  0213                     	;# 
   142  0214                     	;# 
   143  0214                     	;# 
   144  0215                     	;# 
   145  0215                     	;# 
   146  0215                     	;# 
   147  0216                     	;# 
   148  0216                     	;# 
   149  0217                     	;# 
   150  0217                     	;# 
   151  0219                     	;# 
   152  021A                     	;# 
   153  021B                     	;# 
   154  021C                     	;# 
   155  021D                     	;# 
   156  021E                     	;# 
   157  021F                     	;# 
   158  0291                     	;# 
   159  0291                     	;# 
   160  0292                     	;# 
   161  0293                     	;# 
   162  0294                     	;# 
   163  0295                     	;# 
   164  0295                     	;# 
   165  0296                     	;# 
   166  0298                     	;# 
   167  0298                     	;# 
   168  0299                     	;# 
   169  029A                     	;# 
   170  029B                     	;# 
   171  029C                     	;# 
   172  029C                     	;# 
   173  029D                     	;# 
   174  029E                     	;# 
   175  029E                     	;# 
   176  0311                     	;# 
   177  0311                     	;# 
   178  0312                     	;# 
   179  0313                     	;# 
   180  0318                     	;# 
   181  0318                     	;# 
   182  0319                     	;# 
   183  031A                     	;# 
   184  0394                     	;# 
   185  0395                     	;# 
   186  0396                     	;# 
   187  039A                     	;# 
   188  039C                     	;# 
   189  039D                     	;# 
   190  039E                     	;# 
   191  039F                     	;# 
   192  0415                     	;# 
   193  0416                     	;# 
   194  0417                     	;# 
   195  041C                     	;# 
   196  041D                     	;# 
   197  041E                     	;# 
   198  0FE4                     	;# 
   199  0FE5                     	;# 
   200  0FE6                     	;# 
   201  0FE7                     	;# 
   202  0FE8                     	;# 
   203  0FE9                     	;# 
   204  0FEA                     	;# 
   205  0FEB                     	;# 
   206  0FED                     	;# 
   207  0FEE                     	;# 
   208  0FEF                     	;# 
   209  0000                     	;# 
   210  0001                     	;# 
   211  0002                     	;# 
   212  0003                     	;# 
   213  0004                     	;# 
   214  0005                     	;# 
   215  0006                     	;# 
   216  0007                     	;# 
   217  0008                     	;# 
   218  0009                     	;# 
   219  000A                     	;# 
   220  000B                     	;# 
   221  000C                     	;# 
   222  000D                     	;# 
   223  0011                     	;# 
   224  0012                     	;# 
   225  0013                     	;# 
   226  0014                     	;# 
   227  0015                     	;# 
   228  0016                     	;# 
   229  0016                     	;# 
   230  0017                     	;# 
   231  0018                     	;# 
   232  0019                     	;# 
   233  001A                     	;# 
   234  001B                     	;# 
   235  001C                     	;# 
   236  001E                     	;# 
   237  001F                     	;# 
   238  008C                     	;# 
   239  008D                     	;# 
   240  0091                     	;# 
   241  0092                     	;# 
   242  0093                     	;# 
   243  0094                     	;# 
   244  0095                     	;# 
   245  0096                     	;# 
   246  0097                     	;# 
   247  0098                     	;# 
   248  0099                     	;# 
   249  009A                     	;# 
   250  009B                     	;# 
   251  009B                     	;# 
   252  009C                     	;# 
   253  009D                     	;# 
   254  009E                     	;# 
   255  010C                     	;# 
   256  010D                     	;# 
   257  0111                     	;# 
   258  0112                     	;# 
   259  0113                     	;# 
   260  0114                     	;# 
   261  0115                     	;# 
   262  0116                     	;# 
   263  0117                     	;# 
   264  0118                     	;# 
   265  0119                     	;# 
   266  011A                     	;# 
   267  011B                     	;# 
   268  011D                     	;# 
   269  011E                     	;# 
   270  018C                     	;# 
   271  018D                     	;# 
   272  0191                     	;# 
   273  0191                     	;# 
   274  0192                     	;# 
   275  0193                     	;# 
   276  0193                     	;# 
   277  0193                     	;# 
   278  0194                     	;# 
   279  0195                     	;# 
   280  0196                     	;# 
   281  0199                     	;# 
   282  019A                     	;# 
   283  019B                     	;# 
   284  019B                     	;# 
   285  019B                     	;# 
   286  019B                     	;# 
   287  019C                     	;# 
   288  019C                     	;# 
   289  019D                     	;# 
   290  019E                     	;# 
   291  019F                     	;# 
   292  020C                     	;# 
   293  020D                     	;# 
   294  0211                     	;# 
   295  0211                     	;# 
   296  0212                     	;# 
   297  0212                     	;# 
   298  0213                     	;# 
   299  0213                     	;# 
   300  0214                     	;# 
   301  0214                     	;# 
   302  0215                     	;# 
   303  0215                     	;# 
   304  0215                     	;# 
   305  0216                     	;# 
   306  0216                     	;# 
   307  0217                     	;# 
   308  0217                     	;# 
   309  0219                     	;# 
   310  021A                     	;# 
   311  021B                     	;# 
   312  021C                     	;# 
   313  021D                     	;# 
   314  021E                     	;# 
   315  021F                     	;# 
   316  0291                     	;# 
   317  0291                     	;# 
   318  0292                     	;# 
   319  0293                     	;# 
   320  0294                     	;# 
   321  0295                     	;# 
   322  0295                     	;# 
   323  0296                     	;# 
   324  0298                     	;# 
   325  0298                     	;# 
   326  0299                     	;# 
   327  029A                     	;# 
   328  029B                     	;# 
   329  029C                     	;# 
   330  029C                     	;# 
   331  029D                     	;# 
   332  029E                     	;# 
   333  029E                     	;# 
   334  0311                     	;# 
   335  0311                     	;# 
   336  0312                     	;# 
   337  0313                     	;# 
   338  0318                     	;# 
   339  0318                     	;# 
   340  0319                     	;# 
   341  031A                     	;# 
   342  0394                     	;# 
   343  0395                     	;# 
   344  0396                     	;# 
   345  039A                     	;# 
   346  039C                     	;# 
   347  039D                     	;# 
   348  039E                     	;# 
   349  039F                     	;# 
   350  0415                     	;# 
   351  0416                     	;# 
   352  0417                     	;# 
   353  041C                     	;# 
   354  041D                     	;# 
   355  041E                     	;# 
   356  0FE4                     	;# 
   357  0FE5                     	;# 
   358  0FE6                     	;# 
   359  0FE7                     	;# 
   360  0FE8                     	;# 
   361  0FE9                     	;# 
   362  0FEA                     	;# 
   363  0FEB                     	;# 
   364  0FED                     	;# 
   365  0FEE                     	;# 
   366  0FEF                     	;# 
   367  0000                     	;# 
   368  0001                     	;# 
   369  0002                     	;# 
   370  0003                     	;# 
   371  0004                     	;# 
   372  0005                     	;# 
   373  0006                     	;# 
   374  0007                     	;# 
   375  0008                     	;# 
   376  0009                     	;# 
   377  000A                     	;# 
   378  000B                     	;# 
   379  000C                     	;# 
   380  000D                     	;# 
   381  0011                     	;# 
   382  0012                     	;# 
   383  0013                     	;# 
   384  0014                     	;# 
   385  0015                     	;# 
   386  0016                     	;# 
   387  0016                     	;# 
   388  0017                     	;# 
   389  0018                     	;# 
   390  0019                     	;# 
   391  001A                     	;# 
   392  001B                     	;# 
   393  001C                     	;# 
   394  001E                     	;# 
   395  001F                     	;# 
   396  008C                     	;# 
   397  008D                     	;# 
   398  0091                     	;# 
   399  0092                     	;# 
   400  0093                     	;# 
   401  0094                     	;# 
   402  0095                     	;# 
   403  0096                     	;# 
   404  0097                     	;# 
   405  0098                     	;# 
   406  0099                     	;# 
   407  009A                     	;# 
   408  009B                     	;# 
   409  009B                     	;# 
   410  009C                     	;# 
   411  009D                     	;# 
   412  009E                     	;# 
   413  010C                     	;# 
   414  010D                     	;# 
   415  0111                     	;# 
   416  0112                     	;# 
   417  0113                     	;# 
   418  0114                     	;# 
   419  0115                     	;# 
   420  0116                     	;# 
   421  0117                     	;# 
   422  0118                     	;# 
   423  0119                     	;# 
   424  011A                     	;# 
   425  011B                     	;# 
   426  011D                     	;# 
   427  011E                     	;# 
   428  018C                     	;# 
   429  018D                     	;# 
   430  0191                     	;# 
   431  0191                     	;# 
   432  0192                     	;# 
   433  0193                     	;# 
   434  0193                     	;# 
   435  0193                     	;# 
   436  0194                     	;# 
   437  0195                     	;# 
   438  0196                     	;# 
   439  0199                     	;# 
   440  019A                     	;# 
   441  019B                     	;# 
   442  019B                     	;# 
   443  019B                     	;# 
   444  019B                     	;# 
   445  019C                     	;# 
   446  019C                     	;# 
   447  019D                     	;# 
   448  019E                     	;# 
   449  019F                     	;# 
   450  020C                     	;# 
   451  020D                     	;# 
   452  0211                     	;# 
   453  0211                     	;# 
   454  0212                     	;# 
   455  0212                     	;# 
   456  0213                     	;# 
   457  0213                     	;# 
   458  0214                     	;# 
   459  0214                     	;# 
   460  0215                     	;# 
   461  0215                     	;# 
   462  0215                     	;# 
   463  0216                     	;# 
   464  0216                     	;# 
   465  0217                     	;# 
   466  0217                     	;# 
   467  0219                     	;# 
   468  021A                     	;# 
   469  021B                     	;# 
   470  021C                     	;# 
   471  021D                     	;# 
   472  021E                     	;# 
   473  021F                     	;# 
   474  0291                     	;# 
   475  0291                     	;# 
   476  0292                     	;# 
   477  0293                     	;# 
   478  0294                     	;# 
   479  0295                     	;# 
   480  0295                     	;# 
   481  0296                     	;# 
   482  0298                     	;# 
   483  0298                     	;# 
   484  0299                     	;# 
   485  029A                     	;# 
   486  029B                     	;# 
   487  029C                     	;# 
   488  029C                     	;# 
   489  029D                     	;# 
   490  029E                     	;# 
   491  029E                     	;# 
   492  0311                     	;# 
   493  0311                     	;# 
   494  0312                     	;# 
   495  0313                     	;# 
   496  0318                     	;# 
   497  0318                     	;# 
   498  0319                     	;# 
   499  031A                     	;# 
   500  0394                     	;# 
   501  0395                     	;# 
   502  0396                     	;# 
   503  039A                     	;# 
   504  039C                     	;# 
   505  039D                     	;# 
   506  039E                     	;# 
   507  039F                     	;# 
   508  0415                     	;# 
   509  0416                     	;# 
   510  0417                     	;# 
   511  041C                     	;# 
   512  041D                     	;# 
   513  041E                     	;# 
   514  0FE4                     	;# 
   515  0FE5                     	;# 
   516  0FE6                     	;# 
   517  0FE7                     	;# 
   518  0FE8                     	;# 
   519  0FE9                     	;# 
   520  0FEA                     	;# 
   521  0FEB                     	;# 
   522  0FED                     	;# 
   523  0FEE                     	;# 
   524  0FEF                     	;# 
   525  0000                     	;# 
   526  0001                     	;# 
   527  0002                     	;# 
   528  0003                     	;# 
   529  0004                     	;# 
   530  0005                     	;# 
   531  0006                     	;# 
   532  0007                     	;# 
   533  0008                     	;# 
   534  0009                     	;# 
   535  000A                     	;# 
   536  000B                     	;# 
   537  000C                     	;# 
   538  000D                     	;# 
   539  0011                     	;# 
   540  0012                     	;# 
   541  0013                     	;# 
   542  0014                     	;# 
   543  0015                     	;# 
   544  0016                     	;# 
   545  0016                     	;# 
   546  0017                     	;# 
   547  0018                     	;# 
   548  0019                     	;# 
   549  001A                     	;# 
   550  001B                     	;# 
   551  001C                     	;# 
   552  001E                     	;# 
   553  001F                     	;# 
   554  008C                     	;# 
   555  008D                     	;# 
   556  0091                     	;# 
   557  0092                     	;# 
   558  0093                     	;# 
   559  0094                     	;# 
   560  0095                     	;# 
   561  0096                     	;# 
   562  0097                     	;# 
   563  0098                     	;# 
   564  0099                     	;# 
   565  009A                     	;# 
   566  009B                     	;# 
   567  009B                     	;# 
   568  009C                     	;# 
   569  009D                     	;# 
   570  009E                     	;# 
   571  010C                     	;# 
   572  010D                     	;# 
   573  0111                     	;# 
   574  0112                     	;# 
   575  0113                     	;# 
   576  0114                     	;# 
   577  0115                     	;# 
   578  0116                     	;# 
   579  0117                     	;# 
   580  0118                     	;# 
   581  0119                     	;# 
   582  011A                     	;# 
   583  011B                     	;# 
   584  011D                     	;# 
   585  011E                     	;# 
   586  018C                     	;# 
   587  018D                     	;# 
   588  0191                     	;# 
   589  0191                     	;# 
   590  0192                     	;# 
   591  0193                     	;# 
   592  0193                     	;# 
   593  0193                     	;# 
   594  0194                     	;# 
   595  0195                     	;# 
   596  0196                     	;# 
   597  0199                     	;# 
   598  019A                     	;# 
   599  019B                     	;# 
   600  019B                     	;# 
   601  019B                     	;# 
   602  019B                     	;# 
   603  019C                     	;# 
   604  019C                     	;# 
   605  019D                     	;# 
   606  019E                     	;# 
   607  019F                     	;# 
   608  020C                     	;# 
   609  020D                     	;# 
   610  0211                     	;# 
   611  0211                     	;# 
   612  0212                     	;# 
   613  0212                     	;# 
   614  0213                     	;# 
   615  0213                     	;# 
   616  0214                     	;# 
   617  0214                     	;# 
   618  0215                     	;# 
   619  0215                     	;# 
   620  0215                     	;# 
   621  0216                     	;# 
   622  0216                     	;# 
   623  0217                     	;# 
   624  0217                     	;# 
   625  0219                     	;# 
   626  021A                     	;# 
   627  021B                     	;# 
   628  021C                     	;# 
   629  021D                     	;# 
   630  021E                     	;# 
   631  021F                     	;# 
   632  0291                     	;# 
   633  0291                     	;# 
   634  0292                     	;# 
   635  0293                     	;# 
   636  0294                     	;# 
   637  0295                     	;# 
   638  0295                     	;# 
   639  0296                     	;# 
   640  0298                     	;# 
   641  0298                     	;# 
   642  0299                     	;# 
   643  029A                     	;# 
   644  029B                     	;# 
   645  029C                     	;# 
   646  029C                     	;# 
   647  029D                     	;# 
   648  029E                     	;# 
   649  029E                     	;# 
   650  0311                     	;# 
   651  0311                     	;# 
   652  0312                     	;# 
   653  0313                     	;# 
   654  0318                     	;# 
   655  0318                     	;# 
   656  0319                     	;# 
   657  031A                     	;# 
   658  0394                     	;# 
   659  0395                     	;# 
   660  0396                     	;# 
   661  039A                     	;# 
   662  039C                     	;# 
   663  039D                     	;# 
   664  039E                     	;# 
   665  039F                     	;# 
   666  0415                     	;# 
   667  0416                     	;# 
   668  0417                     	;# 
   669  041C                     	;# 
   670  041D                     	;# 
   671  041E                     	;# 
   672  0FE4                     	;# 
   673  0FE5                     	;# 
   674  0FE6                     	;# 
   675  0FE7                     	;# 
   676  0FE8                     	;# 
   677  0FE9                     	;# 
   678  0FEA                     	;# 
   679  0FEB                     	;# 
   680  0FED                     	;# 
   681  0FEE                     	;# 
   682  0FEF                     	;# 
   683  0000                     	;# 
   684  0001                     	;# 
   685  0002                     	;# 
   686  0003                     	;# 
   687  0004                     	;# 
   688  0005                     	;# 
   689  0006                     	;# 
   690  0007                     	;# 
   691  0008                     	;# 
   692  0009                     	;# 
   693  000A                     	;# 
   694  000B                     	;# 
   695  000C                     	;# 
   696  000D                     	;# 
   697  0011                     	;# 
   698  0012                     	;# 
   699  0013                     	;# 
   700  0014                     	;# 
   701  0015                     	;# 
   702  0016                     	;# 
   703  0016                     	;# 
   704  0017                     	;# 
   705  0018                     	;# 
   706  0019                     	;# 
   707  001A                     	;# 
   708  001B                     	;# 
   709  001C                     	;# 
   710  001E                     	;# 
   711  001F                     	;# 
   712  008C                     	;# 
   713  008D                     	;# 
   714  0091                     	;# 
   715  0092                     	;# 
   716  0093                     	;# 
   717  0094                     	;# 
   718  0095                     	;# 
   719  0096                     	;# 
   720  0097                     	;# 
   721  0098                     	;# 
   722  0099                     	;# 
   723  009A                     	;# 
   724  009B                     	;# 
   725  009B                     	;# 
   726  009C                     	;# 
   727  009D                     	;# 
   728  009E                     	;# 
   729  010C                     	;# 
   730  010D                     	;# 
   731  0111                     	;# 
   732  0112                     	;# 
   733  0113                     	;# 
   734  0114                     	;# 
   735  0115                     	;# 
   736  0116                     	;# 
   737  0117                     	;# 
   738  0118                     	;# 
   739  0119                     	;# 
   740  011A                     	;# 
   741  011B                     	;# 
   742  011D                     	;# 
   743  011E                     	;# 
   744  018C                     	;# 
   745  018D                     	;# 
   746  0191                     	;# 
   747  0191                     	;# 
   748  0192                     	;# 
   749  0193                     	;# 
   750  0193                     	;# 
   751  0193                     	;# 
   752  0194                     	;# 
   753  0195                     	;# 
   754  0196                     	;# 
   755  0199                     	;# 
   756  019A                     	;# 
   757  019B                     	;# 
   758  019B                     	;# 
   759  019B                     	;# 
   760  019B                     	;# 
   761  019C                     	;# 
   762  019C                     	;# 
   763  019D                     	;# 
   764  019E                     	;# 
   765  019F                     	;# 
   766  020C                     	;# 
   767  020D                     	;# 
   768  0211                     	;# 
   769  0211                     	;# 
   770  0212                     	;# 
   771  0212                     	;# 
   772  0213                     	;# 
   773  0213                     	;# 
   774  0214                     	;# 
   775  0214                     	;# 
   776  0215                     	;# 
   777  0215                     	;# 
   778  0215                     	;# 
   779  0216                     	;# 
   780  0216                     	;# 
   781  0217                     	;# 
   782  0217                     	;# 
   783  0219                     	;# 
   784  021A                     	;# 
   785  021B                     	;# 
   786  021C                     	;# 
   787  021D                     	;# 
   788  021E                     	;# 
   789  021F                     	;# 
   790  0291                     	;# 
   791  0291                     	;# 
   792  0292                     	;# 
   793  0293                     	;# 
   794  0294                     	;# 
   795  0295                     	;# 
   796  0295                     	;# 
   797  0296                     	;# 
   798  0298                     	;# 
   799  0298                     	;# 
   800  0299                     	;# 
   801  029A                     	;# 
   802  029B                     	;# 
   803  029C                     	;# 
   804  029C                     	;# 
   805  029D                     	;# 
   806  029E                     	;# 
   807  029E                     	;# 
   808  0311                     	;# 
   809  0311                     	;# 
   810  0312                     	;# 
   811  0313                     	;# 
   812  0318                     	;# 
   813  0318                     	;# 
   814  0319                     	;# 
   815  031A                     	;# 
   816  0394                     	;# 
   817  0395                     	;# 
   818  0396                     	;# 
   819  039A                     	;# 
   820  039C                     	;# 
   821  039D                     	;# 
   822  039E                     	;# 
   823  039F                     	;# 
   824  0415                     	;# 
   825  0416                     	;# 
   826  0417                     	;# 
   827  041C                     	;# 
   828  041D                     	;# 
   829  041E                     	;# 
   830  0FE4                     	;# 
   831  0FE5                     	;# 
   832  0FE6                     	;# 
   833  0FE7                     	;# 
   834  0FE8                     	;# 
   835  0FE9                     	;# 
   836  0FEA                     	;# 
   837  0FEB                     	;# 
   838  0FED                     	;# 
   839  0FEE                     	;# 
   840  0FEF                     	;# 
   841  000D                     _PORTB	set	13
   842  000C                     _PORTAbits	set	12
   843  009D                     _ADCON0bits	set	157
   844  009D                     _ADCON0	set	157
   845  009C                     _ADRESH	set	156
   846  009B                     _ADRESL	set	155
   847  009E                     _ADCON1	set	158
   848  0097                     _WDTCON	set	151
   849  0098                     _OSCTUNE	set	152
   850  0099                     _OSCCON	set	153
   851  0095                     _OPTION_REGbits	set	149
   852  008D                     _TRISB	set	141
   853  008C                     _TRISA	set	140
   854  0116                     _BORCON	set	278
   855  011E                     _APFCON1	set	286
   856  011D                     _APFCON0	set	285
   857  010D                     _LATB	set	269
   858  010C                     _LATA	set	268
   859  018C                     _ANSELA	set	396
   860  018D                     _ANSELB	set	397
   861  020C                     _WPUA	set	524
   862  020D                     _WPUB	set	525
   863                           
   864                           	psect	cinit
   865  07FB                     start_initialization:	
   866                           ; #config settings
   867                           
   868  07FB                     __initialization:
   869                           
   870                           ; Clear objects allocated to COMMON
   871  07FB  01F0               	clrf	__pbssCOMMON& (0+127)
   872  07FC  01F1               	clrf	(__pbssCOMMON+1)& (0+127)
   873  07FD                     end_of_initialization:	
   874                           ;End of C runtime variable initialization code
   875                           
   876  07FD                     __end_of__initialization:
   877  07FD  0020               	movlb	0
   878  07FE  3187  2FDC         	ljmp	_main	;jump to C main() function
   879                           
   880                           	psect	bssCOMMON
   881  0070                     __pbssCOMMON:
   882  0070                     _ADC_InterruptHandler:
   883  0070                     	ds	2
   884                           
   885                           	psect	cstackCOMMON
   886  0000                     __pcstackCOMMON:
   887  0000                     ?_OSCILLATOR_Initialize:
   888  0000                     ??_OSCILLATOR_Initialize:	
   889                           ; 1 bytes @ 0x0
   890                           
   891  0000                     ?_WDT_Initialize:	
   892                           ; 1 bytes @ 0x0
   893                           
   894  0000                     ??_WDT_Initialize:	
   895                           ; 1 bytes @ 0x0
   896                           
   897  0000                     ?_ADC_Initialize:	
   898                           ; 1 bytes @ 0x0
   899                           
   900  0000                     ??_ADC_Initialize:	
   901                           ; 1 bytes @ 0x0
   902                           
   903  0000                     ?_PIN_MANAGER_Initialize:	
   904                           ; 1 bytes @ 0x0
   905                           
   906  0000                     ??_PIN_MANAGER_Initialize:	
   907                           ; 1 bytes @ 0x0
   908                           
   909  0000                     ?_SYSTEM_Initialize:	
   910                           ; 1 bytes @ 0x0
   911                           
   912  0000                     ??_SYSTEM_Initialize:	
   913                           ; 1 bytes @ 0x0
   914                           
   915  0000                     ?_ADC_StartConversion:	
   916                           ; 1 bytes @ 0x0
   917                           
   918  0000                     ??_ADC_StartConversion:	
   919                           ; 1 bytes @ 0x0
   920                           
   921  0000                     ?_main:	
   922                           ; 1 bytes @ 0x0
   923                           
   924  0000                     ??_main:	
   925                           ; 1 bytes @ 0x0
   926                           
   927                           
   928                           	psect	maintext
   929  07DC                     __pmaintext:	
   930                           ; 1 bytes @ 0x0
   931 ;;
   932 ;;Main: autosize = 0, tempsize = 0, incstack = 0, save=0
   933 ;;
   934 ;; *************** function _main *****************
   935 ;; Defined at:
   936 ;;		line 33 in file "main.c"
   937 ;; Parameters:    Size  Location     Type
   938 ;;		None
   939 ;; Auto vars:     Size  Location     Type
   940 ;;		None
   941 ;; Return value:  Size  Location     Type
   942 ;;                  1    wreg      void 
   943 ;; Registers used:
   944 ;;		wreg, status,2, status,0, pclath, cstack
   945 ;; Tracked objects:
   946 ;;		On entry : B1F/0
   947 ;;		On exit  : 0/0
   948 ;;		Unchanged: 0/0
   949 ;; Data sizes:     COMMON   BANK0   BANK1   BANK2   BANK3   BANK4
   950 ;;      Params:         0       0       0       0       0       0
   951 ;;      Locals:         0       0       0       0       0       0
   952 ;;      Temps:          0       0       0       0       0       0
   953 ;;      Totals:         0       0       0       0       0       0
   954 ;;Total ram usage:        0 bytes
   955 ;; Hardware stack levels required when called:    2
   956 ;; This function calls:
   957 ;;		_ADC_Initialize
   958 ;;		_ADC_StartConversion
   959 ;;		_SYSTEM_Initialize
   960 ;; This function is called by:
   961 ;;		Startup code after reset
   962 ;; This function uses a non-reentrant model
   963 ;;
   964                           
   965                           
   966                           ;psect for function _main
   967  07DC                     _main:
   968  07DC                     l784:	
   969                           ;incstack = 0
   970                           ; Regs used in _main: [wreg+status,2+status,0+pclath+cstack]
   971                           
   972                           
   973                           ;main.c: 36:     SYSTEM_Initialize();
   974  07DC  3187  27BB  3187   	fcall	_SYSTEM_Initialize
   975                           
   976                           ;main.c: 37:     ADC_Initialize();
   977  07DF  3187  27B3  3187   	fcall	_ADC_Initialize
   978  07E2                     l786:
   979                           
   980                           ;main.c: 54:     {;main.c: 55:         if(PORTAbits.RA2 == 1){
   981  07E2  0020               	movlb	0	; select bank0
   982  07E3  1D0C               	btfss	12,2	;volatile
   983  07E4  2FE6               	goto	u21
   984  07E5  2FE7               	goto	u20
   985  07E6                     u21:
   986  07E6  2FF7               	goto	l796
   987  07E7                     u20:
   988  07E7  2FF3               	goto	l794
   989  07E8                     l790:
   990                           
   991                           ;main.c: 57:                 ADC_StartConversion();
   992  07E8  3187  27A5  3187   	fcall	_ADC_StartConversion
   993  07EB                     l114:	
   994                           ;main.c: 61:                 }
   995                           
   996                           
   997                           ;main.c: 59:                 while(ADCON0bits.GO_nDONE == 1){
   998  07EB  0021               	movlb	1	; select bank1
   999  07EC  189D               	btfsc	29,1	;volatile
  1000  07ED  2FEF               	goto	u31
  1001  07EE  2FF0               	goto	u30
  1002  07EF                     u31:
  1003  07EF  2FEB               	goto	l114
  1004  07F0                     u30:
  1005  07F0                     l792:
  1006                           
  1007                           ;main.c: 62:                 PORTB=ADRESH;
  1008  07F0  081C               	movf	28,w	;volatile
  1009  07F1  0020               	movlb	0	; select bank0
  1010  07F2  008D               	movwf	13	;volatile
  1011  07F3                     l794:
  1012                           
  1013                           ;main.c: 56:             while(PORTAbits.RA3 == 0){
  1014  07F3  1D8C               	btfss	12,3	;volatile
  1015  07F4  2FF6               	goto	u41
  1016  07F5  2FF7               	goto	u40
  1017  07F6                     u41:
  1018  07F6  2FE8               	goto	l790
  1019  07F7                     u40:
  1020  07F7                     l796:
  1021                           
  1022                           ;main.c: 65:         PORTB=0;
  1023  07F7  018D               	clrf	13	;volatile
  1024  07F8  2FE2               	goto	l786
  1025  07F9  3180  2802         	ljmp	start
  1026  07FB                     __end_of_main:
  1027                           
  1028                           	psect	text1
  1029  07BB                     __ptext1:	
  1030 ;; *************** function _SYSTEM_Initialize *****************
  1031 ;; Defined at:
  1032 ;;		line 50 in file "mcc_generated_files/mcc.c"
  1033 ;; Parameters:    Size  Location     Type
  1034 ;;		None
  1035 ;; Auto vars:     Size  Location     Type
  1036 ;;		None
  1037 ;; Return value:  Size  Location     Type
  1038 ;;                  1    wreg      void 
  1039 ;; Registers used:
  1040 ;;		wreg, status,2, status,0, pclath, cstack
  1041 ;; Tracked objects:
  1042 ;;		On entry : 0/0
  1043 ;;		On exit  : 0/0
  1044 ;;		Unchanged: 0/0
  1045 ;; Data sizes:     COMMON   BANK0   BANK1   BANK2   BANK3   BANK4
  1046 ;;      Params:         0       0       0       0       0       0
  1047 ;;      Locals:         0       0       0       0       0       0
  1048 ;;      Temps:          0       0       0       0       0       0
  1049 ;;      Totals:         0       0       0       0       0       0
  1050 ;;Total ram usage:        0 bytes
  1051 ;; Hardware stack levels used:    1
  1052 ;; Hardware stack levels required when called:    1
  1053 ;; This function calls:
  1054 ;;		_ADC_Initialize
  1055 ;;		_OSCILLATOR_Initialize
  1056 ;;		_PIN_MANAGER_Initialize
  1057 ;;		_WDT_Initialize
  1058 ;; This function is called by:
  1059 ;;		_main
  1060 ;; This function uses a non-reentrant model
  1061 ;;
  1062                           
  1063                           
  1064                           ;psect for function _SYSTEM_Initialize
  1065  07BB                     _SYSTEM_Initialize:
  1066  07BB                     l754:	
  1067                           ;incstack = 0
  1068                           ; Regs used in _SYSTEM_Initialize: [wreg+status,2+status,0+pclath+cstack]
  1069                           
  1070                           
  1071                           ;mcc_generated_files/mcc.c: 53:     PIN_MANAGER_Initialize();
  1072  07BB  3187  27C8  3187   	fcall	_PIN_MANAGER_Initialize
  1073                           
  1074                           ;mcc_generated_files/mcc.c: 54:     OSCILLATOR_Initialize();
  1075  07BE  3187  27AC  3187   	fcall	_OSCILLATOR_Initialize
  1076                           
  1077                           ;mcc_generated_files/mcc.c: 55:     WDT_Initialize();
  1078  07C1  3187  27A8  3187   	fcall	_WDT_Initialize
  1079                           
  1080                           ;mcc_generated_files/mcc.c: 56:     ADC_Initialize();
  1081  07C4  3187  27B3  3187   	fcall	_ADC_Initialize
  1082  07C7                     l47:
  1083  07C7  0008               	return
  1084  07C8                     __end_of_SYSTEM_Initialize:
  1085                           
  1086                           	psect	text2
  1087  07A8                     __ptext2:	
  1088 ;; *************** function _WDT_Initialize *****************
  1089 ;; Defined at:
  1090 ;;		line 69 in file "mcc_generated_files/mcc.c"
  1091 ;; Parameters:    Size  Location     Type
  1092 ;;		None
  1093 ;; Auto vars:     Size  Location     Type
  1094 ;;		None
  1095 ;; Return value:  Size  Location     Type
  1096 ;;                  1    wreg      void 
  1097 ;; Registers used:
  1098 ;;		wreg
  1099 ;; Tracked objects:
  1100 ;;		On entry : 0/0
  1101 ;;		On exit  : 0/0
  1102 ;;		Unchanged: 0/0
  1103 ;; Data sizes:     COMMON   BANK0   BANK1   BANK2   BANK3   BANK4
  1104 ;;      Params:         0       0       0       0       0       0
  1105 ;;      Locals:         0       0       0       0       0       0
  1106 ;;      Temps:          0       0       0       0       0       0
  1107 ;;      Totals:         0       0       0       0       0       0
  1108 ;;Total ram usage:        0 bytes
  1109 ;; Hardware stack levels used:    1
  1110 ;; This function calls:
  1111 ;;		Nothing
  1112 ;; This function is called by:
  1113 ;;		_SYSTEM_Initialize
  1114 ;; This function uses a non-reentrant model
  1115 ;;
  1116                           
  1117                           
  1118                           ;psect for function _WDT_Initialize
  1119  07A8                     _WDT_Initialize:
  1120  07A8                     l746:	
  1121                           ;incstack = 0
  1122                           ; Regs used in _WDT_Initialize: [wreg]
  1123                           
  1124                           
  1125                           ;mcc_generated_files/mcc.c: 72:     WDTCON = 0x16;
  1126  07A8  3016               	movlw	22
  1127  07A9  0021               	movlb	1	; select bank1
  1128  07AA  0097               	movwf	23	;volatile
  1129  07AB                     l53:
  1130  07AB  0008               	return
  1131  07AC                     __end_of_WDT_Initialize:
  1132                           
  1133                           	psect	text3
  1134  07C8                     __ptext3:	
  1135 ;; *************** function _PIN_MANAGER_Initialize *****************
  1136 ;; Defined at:
  1137 ;;		line 55 in file "mcc_generated_files/pin_manager.c"
  1138 ;; Parameters:    Size  Location     Type
  1139 ;;		None
  1140 ;; Auto vars:     Size  Location     Type
  1141 ;;		None
  1142 ;; Return value:  Size  Location     Type
  1143 ;;                  1    wreg      void 
  1144 ;; Registers used:
  1145 ;;		wreg, status,2
  1146 ;; Tracked objects:
  1147 ;;		On entry : 0/0
  1148 ;;		On exit  : 0/0
  1149 ;;		Unchanged: 0/0
  1150 ;; Data sizes:     COMMON   BANK0   BANK1   BANK2   BANK3   BANK4
  1151 ;;      Params:         0       0       0       0       0       0
  1152 ;;      Locals:         0       0       0       0       0       0
  1153 ;;      Temps:          0       0       0       0       0       0
  1154 ;;      Totals:         0       0       0       0       0       0
  1155 ;;Total ram usage:        0 bytes
  1156 ;; Hardware stack levels used:    1
  1157 ;; This function calls:
  1158 ;;		Nothing
  1159 ;; This function is called by:
  1160 ;;		_SYSTEM_Initialize
  1161 ;; This function uses a non-reentrant model
  1162 ;;
  1163                           
  1164                           
  1165                           ;psect for function _PIN_MANAGER_Initialize
  1166  07C8                     _PIN_MANAGER_Initialize:
  1167  07C8                     l728:	
  1168                           ;incstack = 0
  1169                           ; Regs used in _PIN_MANAGER_Initialize: [wreg+status,2]
  1170                           
  1171                           
  1172                           ;mcc_generated_files/pin_manager.c: 60:     LATA = 0x00;
  1173  07C8  0022               	movlb	2	; select bank2
  1174  07C9  018C               	clrf	12	;volatile
  1175                           
  1176                           ;mcc_generated_files/pin_manager.c: 61:     LATB = 0x00;
  1177  07CA  018D               	clrf	13	;volatile
  1178  07CB                     l730:
  1179                           
  1180                           ;mcc_generated_files/pin_manager.c: 66:     TRISA = 0xFF;
  1181  07CB  30FF               	movlw	255
  1182  07CC  0021               	movlb	1	; select bank1
  1183  07CD  008C               	movwf	12	;volatile
  1184  07CE                     l732:
  1185                           
  1186                           ;mcc_generated_files/pin_manager.c: 67:     TRISB = 0x00;
  1187  07CE  018D               	clrf	13	;volatile
  1188  07CF                     l734:
  1189                           
  1190                           ;mcc_generated_files/pin_manager.c: 72:     ANSELB = 0x00;
  1191  07CF  0023               	movlb	3	; select bank3
  1192  07D0  018D               	clrf	13	;volatile
  1193  07D1                     l736:
  1194                           
  1195                           ;mcc_generated_files/pin_manager.c: 73:     ANSELA = 0x13;
  1196  07D1  3013               	movlw	19
  1197  07D2  008C               	movwf	12	;volatile
  1198                           
  1199                           ;mcc_generated_files/pin_manager.c: 78:     WPUB = 0x00;
  1200  07D3  0024               	movlb	4	; select bank4
  1201  07D4  018D               	clrf	13	;volatile
  1202                           
  1203                           ;mcc_generated_files/pin_manager.c: 79:     WPUA = 0x00;
  1204  07D5  018C               	clrf	12	;volatile
  1205  07D6                     l738:
  1206                           
  1207                           ;mcc_generated_files/pin_manager.c: 80:     OPTION_REGbits.nWPUEN = 1;
  1208  07D6  0021               	movlb	1	; select bank1
  1209  07D7  1795               	bsf	21,7	;volatile
  1210                           
  1211                           ;mcc_generated_files/pin_manager.c: 86:     APFCON0 = 0x00;
  1212  07D8  0022               	movlb	2	; select bank2
  1213  07D9  019D               	clrf	29	;volatile
  1214                           
  1215                           ;mcc_generated_files/pin_manager.c: 87:     APFCON1 = 0x00;
  1216  07DA  019E               	clrf	30	;volatile
  1217  07DB                     l25:
  1218  07DB  0008               	return
  1219  07DC                     __end_of_PIN_MANAGER_Initialize:
  1220                           
  1221                           	psect	text4
  1222  07AC                     __ptext4:	
  1223 ;; *************** function _OSCILLATOR_Initialize *****************
  1224 ;; Defined at:
  1225 ;;		line 59 in file "mcc_generated_files/mcc.c"
  1226 ;; Parameters:    Size  Location     Type
  1227 ;;		None
  1228 ;; Auto vars:     Size  Location     Type
  1229 ;;		None
  1230 ;; Return value:  Size  Location     Type
  1231 ;;                  1    wreg      void 
  1232 ;; Registers used:
  1233 ;;		wreg, status,2
  1234 ;; Tracked objects:
  1235 ;;		On entry : 0/0
  1236 ;;		On exit  : 0/0
  1237 ;;		Unchanged: 0/0
  1238 ;; Data sizes:     COMMON   BANK0   BANK1   BANK2   BANK3   BANK4
  1239 ;;      Params:         0       0       0       0       0       0
  1240 ;;      Locals:         0       0       0       0       0       0
  1241 ;;      Temps:          0       0       0       0       0       0
  1242 ;;      Totals:         0       0       0       0       0       0
  1243 ;;Total ram usage:        0 bytes
  1244 ;; Hardware stack levels used:    1
  1245 ;; This function calls:
  1246 ;;		Nothing
  1247 ;; This function is called by:
  1248 ;;		_SYSTEM_Initialize
  1249 ;; This function uses a non-reentrant model
  1250 ;;
  1251                           
  1252                           
  1253                           ;psect for function _OSCILLATOR_Initialize
  1254  07AC                     _OSCILLATOR_Initialize:
  1255  07AC                     l740:	
  1256                           ;incstack = 0
  1257                           ; Regs used in _OSCILLATOR_Initialize: [wreg+status,2]
  1258                           
  1259                           
  1260                           ;mcc_generated_files/mcc.c: 62:     OSCCON = 0x6A;
  1261  07AC  306A               	movlw	106
  1262  07AD  0021               	movlb	1	; select bank1
  1263  07AE  0099               	movwf	25	;volatile
  1264  07AF                     l742:
  1265                           
  1266                           ;mcc_generated_files/mcc.c: 64:     OSCTUNE = 0x00;
  1267  07AF  0198               	clrf	24	;volatile
  1268  07B0                     l744:
  1269                           
  1270                           ;mcc_generated_files/mcc.c: 66:     BORCON = 0x00;
  1271  07B0  0022               	movlb	2	; select bank2
  1272  07B1  0196               	clrf	22	;volatile
  1273  07B2                     l50:
  1274  07B2  0008               	return
  1275  07B3                     __end_of_OSCILLATOR_Initialize:
  1276                           
  1277                           	psect	text5
  1278  07B3                     __ptext5:	
  1279 ;; *************** function _ADC_Initialize *****************
  1280 ;; Defined at:
  1281 ;;		line 67 in file "mcc_generated_files/adc.c"
  1282 ;; Parameters:    Size  Location     Type
  1283 ;;		None
  1284 ;; Auto vars:     Size  Location     Type
  1285 ;;		None
  1286 ;; Return value:  Size  Location     Type
  1287 ;;                  1    wreg      void 
  1288 ;; Registers used:
  1289 ;;		wreg, status,2
  1290 ;; Tracked objects:
  1291 ;;		On entry : 0/0
  1292 ;;		On exit  : 0/0
  1293 ;;		Unchanged: 0/0
  1294 ;; Data sizes:     COMMON   BANK0   BANK1   BANK2   BANK3   BANK4
  1295 ;;      Params:         0       0       0       0       0       0
  1296 ;;      Locals:         0       0       0       0       0       0
  1297 ;;      Temps:          0       0       0       0       0       0
  1298 ;;      Totals:         0       0       0       0       0       0
  1299 ;;Total ram usage:        0 bytes
  1300 ;; Hardware stack levels used:    1
  1301 ;; This function calls:
  1302 ;;		Nothing
  1303 ;; This function is called by:
  1304 ;;		_SYSTEM_Initialize
  1305 ;;		_main
  1306 ;; This function uses a non-reentrant model
  1307 ;;
  1308                           
  1309                           
  1310                           ;psect for function _ADC_Initialize
  1311  07B3                     _ADC_Initialize:
  1312  07B3                     l748:	
  1313                           ;incstack = 0
  1314                           ; Regs used in _ADC_Initialize: [wreg+status,2]
  1315                           
  1316                           
  1317                           ;mcc_generated_files/adc.c: 72:     ADCON1 = 0x40;
  1318  07B3  3040               	movlw	64
  1319  07B4  0021               	movlb	1	; select bank1
  1320  07B5  009E               	movwf	30	;volatile
  1321  07B6                     l750:
  1322                           
  1323                           ;mcc_generated_files/adc.c: 75:     ADRESL = 0x00;
  1324  07B6  019B               	clrf	27	;volatile
  1325  07B7                     l752:
  1326                           
  1327                           ;mcc_generated_files/adc.c: 78:     ADRESH = 0x00;
  1328  07B7  019C               	clrf	28	;volatile
  1329                           
  1330                           ;mcc_generated_files/adc.c: 81:     ADCON0 = 0x01;
  1331  07B8  3001               	movlw	1
  1332  07B9  009D               	movwf	29	;volatile
  1333  07BA                     l70:
  1334  07BA  0008               	return
  1335  07BB                     __end_of_ADC_Initialize:
  1336                           
  1337                           	psect	text6
  1338  07A5                     __ptext6:	
  1339 ;; *************** function _ADC_StartConversion *****************
  1340 ;; Defined at:
  1341 ;;		line 93 in file "mcc_generated_files/adc.c"
  1342 ;; Parameters:    Size  Location     Type
  1343 ;;		None
  1344 ;; Auto vars:     Size  Location     Type
  1345 ;;		None
  1346 ;; Return value:  Size  Location     Type
  1347 ;;                  1    wreg      void 
  1348 ;; Registers used:
  1349 ;;		None
  1350 ;; Tracked objects:
  1351 ;;		On entry : 0/0
  1352 ;;		On exit  : 0/0
  1353 ;;		Unchanged: 0/0
  1354 ;; Data sizes:     COMMON   BANK0   BANK1   BANK2   BANK3   BANK4
  1355 ;;      Params:         0       0       0       0       0       0
  1356 ;;      Locals:         0       0       0       0       0       0
  1357 ;;      Temps:          0       0       0       0       0       0
  1358 ;;      Totals:         0       0       0       0       0       0
  1359 ;;Total ram usage:        0 bytes
  1360 ;; Hardware stack levels used:    1
  1361 ;; This function calls:
  1362 ;;		Nothing
  1363 ;; This function is called by:
  1364 ;;		_main
  1365 ;; This function uses a non-reentrant model
  1366 ;;
  1367                           
  1368                           
  1369                           ;psect for function _ADC_StartConversion
  1370  07A5                     _ADC_StartConversion:
  1371  07A5                     l756:	
  1372                           ;incstack = 0
  1373                           ; Regs used in _ADC_StartConversion: []
  1374                           
  1375                           
  1376                           ;mcc_generated_files/adc.c: 96:     ADCON0bits.GO_nDONE = 1;
  1377  07A5  0021               	movlb	1	; select bank1
  1378  07A6  149D               	bsf	29,1	;volatile
  1379  07A7                     l76:
  1380  07A7  0008               	return
  1381  07A8                     __end_of_ADC_StartConversion:
  1382  007E                     btemp	set	126	;btemp
  1383  007E                     wtemp0	set	126
  1384                           
  1385                           	psect	config
  1386                           
  1387                           ;Config register CONFIG1 @ 0x8007
  1388                           ;	Oscillator Selection
  1389                           ;	FOSC = INTOSC, INTOSC oscillator: I/O function on CLKIN pin
  1390                           ;	Watchdog Timer Enable
  1391                           ;	WDTE = OFF, WDT disabled
  1392                           ;	Power-up Timer Enable
  1393                           ;	PWRTE = OFF, PWRT disabled
  1394                           ;	MCLR Pin Function Select
  1395                           ;	MCLRE = ON, MCLR/VPP pin function is MCLR
  1396                           ;	Flash Program Memory Code Protection
  1397                           ;	CP = OFF, Program memory code protection is disabled
  1398                           ;	Data Memory Code Protection
  1399                           ;	CPD = OFF, Data memory code protection is disabled
  1400                           ;	Brown-out Reset Enable
  1401                           ;	BOREN = ON, Brown-out Reset enabled
  1402                           ;	Clock Out Enable
  1403                           ;	CLKOUTEN = OFF, CLKOUT function is disabled. I/O or oscillator function on the CLKOUT 
      +                          pin
  1404                           ;	Internal/External Switchover
  1405                           ;	IESO = ON, Internal/External Switchover mode is enabled
  1406                           ;	Fail-Safe Clock Monitor Enable
  1407                           ;	FCMEN = ON, Fail-Safe Clock Monitor is enabled
  1408  8007                     	org	32775
  1409  8007  3FE4               	dw	16356
  1410                           
  1411                           ;Config register CONFIG2 @ 0x8008
  1412                           ;	Flash Memory Self-Write Protection
  1413                           ;	WRT = OFF, Write protection off
  1414                           ;	PLL Enable
  1415                           ;	PLLEN = OFF, 4x PLL disabled
  1416                           ;	Stack Overflow/Underflow Reset Enable
  1417                           ;	STVREN = ON, Stack Overflow or Underflow will cause a Reset
  1418                           ;	Brown-out Reset Voltage Selection
  1419                           ;	BORV = LO, Brown-out Reset Voltage (Vbor), low trip point selected.
  1420                           ;	Low-Voltage Programming Enable
  1421                           ;	LVP = ON, Low-voltage programming enabled
  1422  8008                     	org	32776
  1423  8008  3EFF               	dw	16127

Data Sizes:
    Strings     0
    Constant    0
    Data        0
    BSS         2
    Persistent  32
    Stack       0

Auto Spaces:
    Space          Size  Autos    Used
    COMMON           14      0       2
    BANK0            80      0       0
    BANK1            80      0       0
    BANK2            80      0       0
    BANK3            80      0       0
    BANK4            48      0       0

Pointer List with Targets:

    ADC_InterruptHandler	PTR FTN()void  size(2) Largest target is 1
		 -> Absolute function(), 


Critical Paths under _main in COMMON

    None.

Critical Paths under _main in BANK0

    None.

Critical Paths under _main in BANK1

    None.

Critical Paths under _main in BANK2

    None.

Critical Paths under _main in BANK3

    None.

Critical Paths under _main in BANK4

    None.

Call Graph Tables:

 ---------------------------------------------------------------------------------
 (Depth) Function   	        Calls       Base Space   Used Autos Params    Refs
 ---------------------------------------------------------------------------------
 (0) _main                                                 0     0      0       0
                     _ADC_Initialize
                _ADC_StartConversion
                  _SYSTEM_Initialize
 ---------------------------------------------------------------------------------
 (1) _SYSTEM_Initialize                                    0     0      0       0
                     _ADC_Initialize
              _OSCILLATOR_Initialize
             _PIN_MANAGER_Initialize
                     _WDT_Initialize
 ---------------------------------------------------------------------------------
 (2) _WDT_Initialize                                       0     0      0       0
 ---------------------------------------------------------------------------------
 (2) _PIN_MANAGER_Initialize                               0     0      0       0
 ---------------------------------------------------------------------------------
 (2) _OSCILLATOR_Initialize                                0     0      0       0
 ---------------------------------------------------------------------------------
 (2) _ADC_Initialize                                       0     0      0       0
 ---------------------------------------------------------------------------------
 (1) _ADC_StartConversion                                  0     0      0       0
 ---------------------------------------------------------------------------------
 Estimated maximum stack depth 2
 ---------------------------------------------------------------------------------

 Call Graph Graphs:

 _main (ROOT)
   _ADC_Initialize
   _ADC_StartConversion
   _SYSTEM_Initialize
     _ADC_Initialize
     _OSCILLATOR_Initialize
     _PIN_MANAGER_Initialize
     _WDT_Initialize

 Address spaces:
Name               Size   Autos  Total    Cost      Usage
BIGRAM             170      0       0       0        0.0%
EEDATA             100      0       0       0        0.0%
NULL                 0      0       0       0        0.0%
CODE                 0      0       0       0        0.0%
BITCOMMON            E      0       0       1        0.0%
BITSFR0              0      0       0       1        0.0%
SFR0                 0      0       0       1        0.0%
COMMON               E      0       2       2       14.3%
BITSFR1              0      0       0       2        0.0%
SFR1                 0      0       0       2        0.0%
BITSFR2              0      0       0       3        0.0%
SFR2                 0      0       0       3        0.0%
STACK                0      0       0       3        0.0%
BITSFR3              0      0       0       4        0.0%
SFR3                 0      0       0       4        0.0%
ABS                  0      0       2       4        0.0%
BITBANK0            50      0       0       5        0.0%
BITSFR4              0      0       0       5        0.0%
SFR4                 0      0       0       5        0.0%
BANK0               50      0       0       6        0.0%
BITSFR5              0      0       0       6        0.0%
SFR5                 0      0       0       6        0.0%
BITBANK1            50      0       0       7        0.0%
BITSFR6              0      0       0       7        0.0%
SFR6                 0      0       0       7        0.0%
BANK1               50      0       0       8        0.0%
BITSFR7              0      0       0       8        0.0%
SFR7                 0      0       0       8        0.0%
BITBANK2            50      0       0       9        0.0%
BITSFR8              0      0       0       9        0.0%
SFR8                 0      0       0       9        0.0%
BANK2               50      0       0      10        0.0%
BITSFR9              0      0       0      10        0.0%
SFR9                 0      0       0      10        0.0%
BITBANK3            50      0       0      11        0.0%
BITSFR10             0      0       0      11        0.0%
SFR10                0      0       0      11        0.0%
BANK3               50      0       0      12        0.0%
BITSFR11             0      0       0      12        0.0%
SFR11                0      0       0      12        0.0%
BITBANK4            30      0       0      13        0.0%
BITSFR12             0      0       0      13        0.0%
SFR12                0      0       0      13        0.0%
BANK4               30      0       0      14        0.0%
BITSFR13             0      0       0      14        0.0%
SFR13                0      0       0      14        0.0%
BITSFR14             0      0       0      15        0.0%
SFR14                0      0       0      15        0.0%
DATA                 0      0       2      15        0.0%
BITSFR15             0      0       0      16        0.0%
SFR15                0      0       0      16        0.0%
BITSFR16             0      0       0      17        0.0%
SFR16                0      0       0      17        0.0%
BITSFR17             0      0       0      18        0.0%
SFR17                0      0       0      18        0.0%
BITSFR18             0      0       0      19        0.0%
SFR18                0      0       0      19        0.0%
BITSFR19             0      0       0      20        0.0%
SFR19                0      0       0      20        0.0%
BITSFR20             0      0       0      21        0.0%
SFR20                0      0       0      21        0.0%
BITSFR21             0      0       0      22        0.0%
SFR21                0      0       0      22        0.0%
BITSFR22             0      0       0      23        0.0%
SFR22                0      0       0      23        0.0%
BITSFR23             0      0       0      24        0.0%
SFR23                0      0       0      24        0.0%
BITSFR24             0      0       0      25        0.0%
SFR24                0      0       0      25        0.0%
BITSFR25             0      0       0      26        0.0%
SFR25                0      0       0      26        0.0%
BITSFR26             0      0       0      27        0.0%
SFR26                0      0       0      27        0.0%
BITSFR27             0      0       0      28        0.0%
SFR27                0      0       0      28        0.0%
BITSFR28             0      0       0      29        0.0%
SFR28                0      0       0      29        0.0%
BITSFR29             0      0       0      30        0.0%
SFR29                0      0       0      30        0.0%
BITSFR30             0      0       0      31        0.0%
SFR30                0      0       0      31        0.0%
BITSFR31             0      0       0      32        0.0%
SFR31                0      0       0      32        0.0%


Microchip Technology PIC Macro Assembler V2.31 build 20201012212115 
Symbol Table                                                                                   Thu Dec 09 10:37:36 2021

                             l25 07DB                               l50 07B2                               l53 07AB  
                             l70 07BA                               l47 07C7                               l76 07A7  
                             u20 07E7                               u21 07E6                               u30 07F0  
                             u31 07EF                               u40 07F7                               u41 07F6  
                            l114 07EB                              l730 07CB                              l740 07AC  
                            l732 07CE                              l750 07B6                              l742 07AF  
                            l734 07CF                              l752 07B7                              l744 07B0  
                            l736 07D1                              l728 07C8                              l738 07D6  
                            l746 07A8                              l754 07BB                              l756 07A5  
                            l748 07B3                              l790 07E8                              l792 07F0  
                            l784 07DC                              l794 07F3                              l786 07E2  
                            l796 07F7                             _LATA 010C                             _LATB 010D  
                           _WPUA 020C                             _WPUB 020D                             _main 07DC  
                           btemp 007E                             start 0002   __size_of_OSCILLATOR_Initialize 0007  
  __end_of_OSCILLATOR_Initialize 07B3                            ?_main 0000                            _PORTB 000D  
                          _TRISA 008C                            _TRISB 008D                   _WDT_Initialize 07A8  
                          wtemp0 007E                  __initialization 07FB                     __end_of_main 07FB  
                         ??_main 0000           __end_of_WDT_Initialize 07AC                           _ADCON0 009D  
                         _ADCON1 009E                           _ADRESH 009C                           _ADRESL 009B  
                         _ANSELA 018C                           _ANSELB 018D                           _BORCON 0116  
                         _OSCCON 0099                           _WDTCON 0097                  ?_WDT_Initialize 0000  
              _SYSTEM_Initialize 07BB          __end_of__initialization 07FD               ?_SYSTEM_Initialize 0000  
   __size_of_ADC_StartConversion 0003                   __pcstackCOMMON 0000              ??_SYSTEM_Initialize 0000  
                 _OPTION_REGbits 0095        __end_of_SYSTEM_Initialize 07C8                       __pmaintext 07DC  
                        _APFCON0 011D                          _APFCON1 011E          __size_of_ADC_Initialize 0008  
                        _OSCTUNE 0098             _ADC_InterruptHandler 0070                          __ptext1 07BB  
                        __ptext2 07A8                          __ptext3 07C8                          __ptext4 07AC  
                        __ptext5 07B3                          __ptext6 07A5            _OSCILLATOR_Initialize 07AC  
       ??_PIN_MANAGER_Initialize 0000       __size_of_SYSTEM_Initialize 000D             end_of_initialization 07FD  
               ??_WDT_Initialize 0000                        _PORTAbits 000C              _ADC_StartConversion 07A5  
           ?_ADC_StartConversion 0000                   _ADC_Initialize 07B3           ?_OSCILLATOR_Initialize 0000  
            start_initialization 07FB  __size_of_PIN_MANAGER_Initialize 0014            ??_ADC_StartConversion 0000  
         __end_of_ADC_Initialize 07BB                      __pbssCOMMON 0070                        ___latbits 0001  
         _PIN_MANAGER_Initialize 07C8                  ?_ADC_Initialize 0000                       _ADCON0bits 009D  
        ??_OSCILLATOR_Initialize 0000                    __size_of_main 001F          __size_of_WDT_Initialize 0004  
    __end_of_ADC_StartConversion 07A8          ?_PIN_MANAGER_Initialize 0000                 ??_ADC_Initialize 0000  
 __end_of_PIN_MANAGER_Initialize 07DC  
