

Microchip MPLAB XC8 Assembler V2.35 build 20211206165544 
                                                                                               Thu Feb 24 08:52:38 2022

Microchip MPLAB XC8 C Compiler v2.35 (Free license) build 20211206165544 Og1 
     1                           	processor	16F1827
     2                           	pagewidth 120
     3                           	opt	flic
     4                           	psect	cinit,global,class=CODE,merge=1,delta=2
     5                           	psect	cstackCOMMON,global,class=COMMON,space=1,delta=1,noexec
     6                           	psect	maintext,global,class=CODE,merge=1,split=1,delta=2
     7                           	psect	text1,local,class=CODE,merge=1,delta=2
     8                           	psect	text2,local,class=CODE,merge=1,delta=2
     9                           	psect	text3,local,class=CODE,merge=1,delta=2
    10                           	psect	text4,local,class=CODE,merge=1,delta=2
    11                           	psect	text5,local,class=CODE,merge=1,delta=2
    12                           	psect	text6,local,class=CODE,merge=1,delta=2
    13                           	psect	text7,local,class=CODE,merge=1,delta=2
    14                           	psect	idloc,global,abs,ovrld,class=IDLOC,space=5,delta=2,noexec
    15                           	psect	config,global,abs,ovrld,class=CONFIG,space=4,delta=2,noexec
    16                           	dabs	1,0x7E,2
    17  0000                     
    18                           ; Version 2.40
    19                           ; Generated 17/11/2021 GMT
    20                           ; 
    21                           ; Copyright © 2021, Microchip Technology Inc. and its subsidiaries ("Microchip")
    22                           ; All rights reserved.
    23                           ; 
    24                           ; This software is developed by Microchip Technology Inc. and its subsidiaries ("Microch
      +                          ip").
    25                           ; 
    26                           ; Redistribution and use in source and binary forms, with or without modification, are
    27                           ; permitted provided that the following conditions are met:
    28                           ; 
    29                           ;     1. Redistributions of source code must retain the above copyright notice, this lis
      +                          t of
    30                           ;        conditions and the following disclaimer.
    31                           ; 
    32                           ;     2. Redistributions in binary form must reproduce the above copyright notice, this 
      +                          list
    33                           ;        of conditions and the following disclaimer in the documentation and/or other
    34                           ;        materials provided with the distribution. Publication is not required when
    35                           ;        this file is used in an embedded application.
    36                           ; 
    37                           ;     3. Microchip's name may not be used to endorse or promote products derived from th
      +                          is
    38                           ;        software without specific prior written permission.
    39                           ; 
    40                           ; THIS SOFTWARE IS PROVIDED BY MICROCHIP "AS IS" AND ANY EXPRESS OR IMPLIED WARRANTIES,
    41                           ; INCLUDING, BUT NOT LIMITED TO, THE IMPLIED WARRANTIES OF MERCHANTABILITY AND FITNESS F
      +                          OR
    42                           ; PURPOSE ARE DISCLAIMED.  IN NO EVENT SHALL MICROCHIP BE LIABLE FOR ANY DIRECT, INDIREC
      +                          T,
    43                           ; INCIDENTAL, SPECIAL, EXEMPLARY, OR CONSEQUENTIAL DAMAGES (INCLUDING BUT NOT LIMITED TO
    44                           ; PROCUREMENT OF SUBSTITUTE GOODS OR SERVICES; LOSS OF USE, DATA OR PROFITS; OR BUSINESS
    45                           ; INTERRUPTION) HOWSOEVER CAUSED AND ON ANY THEORY OF LIABILITY, WHETHER IN CONTRACT, ST
      +                          RICT
    46                           ; LIABILITY, OR TORT (INCLUDING NEGLIGENCE OR OTHERWISE) ARISING IN ANY WAY OUT OF THE U
      +                          SE OF
    47                           ; THIS SOFTWARE, EVEN IF ADVISED OF THE POSSIBILITY OF SUCH DAMAGE.
    48                           ; 
    49                           ; 
    50                           ; Code-generator required, PIC16F1827 Definitions
    51                           ; 
    52                           ; SFR Addresses
    53  0000                     	;# 
    54  0001                     	;# 
    55  0002                     	;# 
    56  0003                     	;# 
    57  0004                     	;# 
    58  0005                     	;# 
    59  0006                     	;# 
    60  0007                     	;# 
    61  0008                     	;# 
    62  0009                     	;# 
    63  000A                     	;# 
    64  000B                     	;# 
    65  000C                     	;# 
    66  000D                     	;# 
    67  0011                     	;# 
    68  0012                     	;# 
    69  0013                     	;# 
    70  0014                     	;# 
    71  0015                     	;# 
    72  0016                     	;# 
    73  0016                     	;# 
    74  0017                     	;# 
    75  0018                     	;# 
    76  0019                     	;# 
    77  001A                     	;# 
    78  001B                     	;# 
    79  001C                     	;# 
    80  001E                     	;# 
    81  001F                     	;# 
    82  008C                     	;# 
    83  008D                     	;# 
    84  0091                     	;# 
    85  0092                     	;# 
    86  0093                     	;# 
    87  0094                     	;# 
    88  0095                     	;# 
    89  0096                     	;# 
    90  0097                     	;# 
    91  0098                     	;# 
    92  0099                     	;# 
    93  009A                     	;# 
    94  009B                     	;# 
    95  009B                     	;# 
    96  009C                     	;# 
    97  009D                     	;# 
    98  009E                     	;# 
    99  010C                     	;# 
   100  010D                     	;# 
   101  0111                     	;# 
   102  0112                     	;# 
   103  0113                     	;# 
   104  0114                     	;# 
   105  0115                     	;# 
   106  0116                     	;# 
   107  0117                     	;# 
   108  0118                     	;# 
   109  0119                     	;# 
   110  011A                     	;# 
   111  011B                     	;# 
   112  011D                     	;# 
   113  011E                     	;# 
   114  018C                     	;# 
   115  018D                     	;# 
   116  0191                     	;# 
   117  0191                     	;# 
   118  0192                     	;# 
   119  0193                     	;# 
   120  0193                     	;# 
   121  0193                     	;# 
   122  0194                     	;# 
   123  0195                     	;# 
   124  0196                     	;# 
   125  0199                     	;# 
   126  019A                     	;# 
   127  019B                     	;# 
   128  019B                     	;# 
   129  019B                     	;# 
   130  019B                     	;# 
   131  019C                     	;# 
   132  019C                     	;# 
   133  019D                     	;# 
   134  019E                     	;# 
   135  019F                     	;# 
   136  020C                     	;# 
   137  020D                     	;# 
   138  0211                     	;# 
   139  0211                     	;# 
   140  0212                     	;# 
   141  0212                     	;# 
   142  0213                     	;# 
   143  0213                     	;# 
   144  0214                     	;# 
   145  0214                     	;# 
   146  0215                     	;# 
   147  0215                     	;# 
   148  0215                     	;# 
   149  0216                     	;# 
   150  0216                     	;# 
   151  0217                     	;# 
   152  0217                     	;# 
   153  0219                     	;# 
   154  021A                     	;# 
   155  021B                     	;# 
   156  021C                     	;# 
   157  021D                     	;# 
   158  021E                     	;# 
   159  021F                     	;# 
   160  0291                     	;# 
   161  0291                     	;# 
   162  0292                     	;# 
   163  0293                     	;# 
   164  0294                     	;# 
   165  0295                     	;# 
   166  0295                     	;# 
   167  0296                     	;# 
   168  0298                     	;# 
   169  0298                     	;# 
   170  0299                     	;# 
   171  029A                     	;# 
   172  029B                     	;# 
   173  029C                     	;# 
   174  029C                     	;# 
   175  029D                     	;# 
   176  029E                     	;# 
   177  029E                     	;# 
   178  0311                     	;# 
   179  0311                     	;# 
   180  0312                     	;# 
   181  0313                     	;# 
   182  0318                     	;# 
   183  0318                     	;# 
   184  0319                     	;# 
   185  031A                     	;# 
   186  0394                     	;# 
   187  0395                     	;# 
   188  0396                     	;# 
   189  039A                     	;# 
   190  039C                     	;# 
   191  039D                     	;# 
   192  039E                     	;# 
   193  039F                     	;# 
   194  0415                     	;# 
   195  0416                     	;# 
   196  0417                     	;# 
   197  041C                     	;# 
   198  041D                     	;# 
   199  041E                     	;# 
   200  0FE4                     	;# 
   201  0FE5                     	;# 
   202  0FE6                     	;# 
   203  0FE7                     	;# 
   204  0FE8                     	;# 
   205  0FE9                     	;# 
   206  0FEA                     	;# 
   207  0FEB                     	;# 
   208  0FED                     	;# 
   209  0FEE                     	;# 
   210  0FEF                     	;# 
   211  0000                     	;# 
   212  0001                     	;# 
   213  0002                     	;# 
   214  0003                     	;# 
   215  0004                     	;# 
   216  0005                     	;# 
   217  0006                     	;# 
   218  0007                     	;# 
   219  0008                     	;# 
   220  0009                     	;# 
   221  000A                     	;# 
   222  000B                     	;# 
   223  000C                     	;# 
   224  000D                     	;# 
   225  0011                     	;# 
   226  0012                     	;# 
   227  0013                     	;# 
   228  0014                     	;# 
   229  0015                     	;# 
   230  0016                     	;# 
   231  0016                     	;# 
   232  0017                     	;# 
   233  0018                     	;# 
   234  0019                     	;# 
   235  001A                     	;# 
   236  001B                     	;# 
   237  001C                     	;# 
   238  001E                     	;# 
   239  001F                     	;# 
   240  008C                     	;# 
   241  008D                     	;# 
   242  0091                     	;# 
   243  0092                     	;# 
   244  0093                     	;# 
   245  0094                     	;# 
   246  0095                     	;# 
   247  0096                     	;# 
   248  0097                     	;# 
   249  0098                     	;# 
   250  0099                     	;# 
   251  009A                     	;# 
   252  009B                     	;# 
   253  009B                     	;# 
   254  009C                     	;# 
   255  009D                     	;# 
   256  009E                     	;# 
   257  010C                     	;# 
   258  010D                     	;# 
   259  0111                     	;# 
   260  0112                     	;# 
   261  0113                     	;# 
   262  0114                     	;# 
   263  0115                     	;# 
   264  0116                     	;# 
   265  0117                     	;# 
   266  0118                     	;# 
   267  0119                     	;# 
   268  011A                     	;# 
   269  011B                     	;# 
   270  011D                     	;# 
   271  011E                     	;# 
   272  018C                     	;# 
   273  018D                     	;# 
   274  0191                     	;# 
   275  0191                     	;# 
   276  0192                     	;# 
   277  0193                     	;# 
   278  0193                     	;# 
   279  0193                     	;# 
   280  0194                     	;# 
   281  0195                     	;# 
   282  0196                     	;# 
   283  0199                     	;# 
   284  019A                     	;# 
   285  019B                     	;# 
   286  019B                     	;# 
   287  019B                     	;# 
   288  019B                     	;# 
   289  019C                     	;# 
   290  019C                     	;# 
   291  019D                     	;# 
   292  019E                     	;# 
   293  019F                     	;# 
   294  020C                     	;# 
   295  020D                     	;# 
   296  0211                     	;# 
   297  0211                     	;# 
   298  0212                     	;# 
   299  0212                     	;# 
   300  0213                     	;# 
   301  0213                     	;# 
   302  0214                     	;# 
   303  0214                     	;# 
   304  0215                     	;# 
   305  0215                     	;# 
   306  0215                     	;# 
   307  0216                     	;# 
   308  0216                     	;# 
   309  0217                     	;# 
   310  0217                     	;# 
   311  0219                     	;# 
   312  021A                     	;# 
   313  021B                     	;# 
   314  021C                     	;# 
   315  021D                     	;# 
   316  021E                     	;# 
   317  021F                     	;# 
   318  0291                     	;# 
   319  0291                     	;# 
   320  0292                     	;# 
   321  0293                     	;# 
   322  0294                     	;# 
   323  0295                     	;# 
   324  0295                     	;# 
   325  0296                     	;# 
   326  0298                     	;# 
   327  0298                     	;# 
   328  0299                     	;# 
   329  029A                     	;# 
   330  029B                     	;# 
   331  029C                     	;# 
   332  029C                     	;# 
   333  029D                     	;# 
   334  029E                     	;# 
   335  029E                     	;# 
   336  0311                     	;# 
   337  0311                     	;# 
   338  0312                     	;# 
   339  0313                     	;# 
   340  0318                     	;# 
   341  0318                     	;# 
   342  0319                     	;# 
   343  031A                     	;# 
   344  0394                     	;# 
   345  0395                     	;# 
   346  0396                     	;# 
   347  039A                     	;# 
   348  039C                     	;# 
   349  039D                     	;# 
   350  039E                     	;# 
   351  039F                     	;# 
   352  0415                     	;# 
   353  0416                     	;# 
   354  0417                     	;# 
   355  041C                     	;# 
   356  041D                     	;# 
   357  041E                     	;# 
   358  0FE4                     	;# 
   359  0FE5                     	;# 
   360  0FE6                     	;# 
   361  0FE7                     	;# 
   362  0FE8                     	;# 
   363  0FE9                     	;# 
   364  0FEA                     	;# 
   365  0FEB                     	;# 
   366  0FED                     	;# 
   367  0FEE                     	;# 
   368  0FEF                     	;# 
   369  0000                     	;# 
   370  0001                     	;# 
   371  0002                     	;# 
   372  0003                     	;# 
   373  0004                     	;# 
   374  0005                     	;# 
   375  0006                     	;# 
   376  0007                     	;# 
   377  0008                     	;# 
   378  0009                     	;# 
   379  000A                     	;# 
   380  000B                     	;# 
   381  000C                     	;# 
   382  000D                     	;# 
   383  0011                     	;# 
   384  0012                     	;# 
   385  0013                     	;# 
   386  0014                     	;# 
   387  0015                     	;# 
   388  0016                     	;# 
   389  0016                     	;# 
   390  0017                     	;# 
   391  0018                     	;# 
   392  0019                     	;# 
   393  001A                     	;# 
   394  001B                     	;# 
   395  001C                     	;# 
   396  001E                     	;# 
   397  001F                     	;# 
   398  008C                     	;# 
   399  008D                     	;# 
   400  0091                     	;# 
   401  0092                     	;# 
   402  0093                     	;# 
   403  0094                     	;# 
   404  0095                     	;# 
   405  0096                     	;# 
   406  0097                     	;# 
   407  0098                     	;# 
   408  0099                     	;# 
   409  009A                     	;# 
   410  009B                     	;# 
   411  009B                     	;# 
   412  009C                     	;# 
   413  009D                     	;# 
   414  009E                     	;# 
   415  010C                     	;# 
   416  010D                     	;# 
   417  0111                     	;# 
   418  0112                     	;# 
   419  0113                     	;# 
   420  0114                     	;# 
   421  0115                     	;# 
   422  0116                     	;# 
   423  0117                     	;# 
   424  0118                     	;# 
   425  0119                     	;# 
   426  011A                     	;# 
   427  011B                     	;# 
   428  011D                     	;# 
   429  011E                     	;# 
   430  018C                     	;# 
   431  018D                     	;# 
   432  0191                     	;# 
   433  0191                     	;# 
   434  0192                     	;# 
   435  0193                     	;# 
   436  0193                     	;# 
   437  0193                     	;# 
   438  0194                     	;# 
   439  0195                     	;# 
   440  0196                     	;# 
   441  0199                     	;# 
   442  019A                     	;# 
   443  019B                     	;# 
   444  019B                     	;# 
   445  019B                     	;# 
   446  019B                     	;# 
   447  019C                     	;# 
   448  019C                     	;# 
   449  019D                     	;# 
   450  019E                     	;# 
   451  019F                     	;# 
   452  020C                     	;# 
   453  020D                     	;# 
   454  0211                     	;# 
   455  0211                     	;# 
   456  0212                     	;# 
   457  0212                     	;# 
   458  0213                     	;# 
   459  0213                     	;# 
   460  0214                     	;# 
   461  0214                     	;# 
   462  0215                     	;# 
   463  0215                     	;# 
   464  0215                     	;# 
   465  0216                     	;# 
   466  0216                     	;# 
   467  0217                     	;# 
   468  0217                     	;# 
   469  0219                     	;# 
   470  021A                     	;# 
   471  021B                     	;# 
   472  021C                     	;# 
   473  021D                     	;# 
   474  021E                     	;# 
   475  021F                     	;# 
   476  0291                     	;# 
   477  0291                     	;# 
   478  0292                     	;# 
   479  0293                     	;# 
   480  0294                     	;# 
   481  0295                     	;# 
   482  0295                     	;# 
   483  0296                     	;# 
   484  0298                     	;# 
   485  0298                     	;# 
   486  0299                     	;# 
   487  029A                     	;# 
   488  029B                     	;# 
   489  029C                     	;# 
   490  029C                     	;# 
   491  029D                     	;# 
   492  029E                     	;# 
   493  029E                     	;# 
   494  0311                     	;# 
   495  0311                     	;# 
   496  0312                     	;# 
   497  0313                     	;# 
   498  0318                     	;# 
   499  0318                     	;# 
   500  0319                     	;# 
   501  031A                     	;# 
   502  0394                     	;# 
   503  0395                     	;# 
   504  0396                     	;# 
   505  039A                     	;# 
   506  039C                     	;# 
   507  039D                     	;# 
   508  039E                     	;# 
   509  039F                     	;# 
   510  0415                     	;# 
   511  0416                     	;# 
   512  0417                     	;# 
   513  041C                     	;# 
   514  041D                     	;# 
   515  041E                     	;# 
   516  0FE4                     	;# 
   517  0FE5                     	;# 
   518  0FE6                     	;# 
   519  0FE7                     	;# 
   520  0FE8                     	;# 
   521  0FE9                     	;# 
   522  0FEA                     	;# 
   523  0FEB                     	;# 
   524  0FED                     	;# 
   525  0FEE                     	;# 
   526  0FEF                     	;# 
   527  0000                     	;# 
   528  0001                     	;# 
   529  0002                     	;# 
   530  0003                     	;# 
   531  0004                     	;# 
   532  0005                     	;# 
   533  0006                     	;# 
   534  0007                     	;# 
   535  0008                     	;# 
   536  0009                     	;# 
   537  000A                     	;# 
   538  000B                     	;# 
   539  000C                     	;# 
   540  000D                     	;# 
   541  0011                     	;# 
   542  0012                     	;# 
   543  0013                     	;# 
   544  0014                     	;# 
   545  0015                     	;# 
   546  0016                     	;# 
   547  0016                     	;# 
   548  0017                     	;# 
   549  0018                     	;# 
   550  0019                     	;# 
   551  001A                     	;# 
   552  001B                     	;# 
   553  001C                     	;# 
   554  001E                     	;# 
   555  001F                     	;# 
   556  008C                     	;# 
   557  008D                     	;# 
   558  0091                     	;# 
   559  0092                     	;# 
   560  0093                     	;# 
   561  0094                     	;# 
   562  0095                     	;# 
   563  0096                     	;# 
   564  0097                     	;# 
   565  0098                     	;# 
   566  0099                     	;# 
   567  009A                     	;# 
   568  009B                     	;# 
   569  009B                     	;# 
   570  009C                     	;# 
   571  009D                     	;# 
   572  009E                     	;# 
   573  010C                     	;# 
   574  010D                     	;# 
   575  0111                     	;# 
   576  0112                     	;# 
   577  0113                     	;# 
   578  0114                     	;# 
   579  0115                     	;# 
   580  0116                     	;# 
   581  0117                     	;# 
   582  0118                     	;# 
   583  0119                     	;# 
   584  011A                     	;# 
   585  011B                     	;# 
   586  011D                     	;# 
   587  011E                     	;# 
   588  018C                     	;# 
   589  018D                     	;# 
   590  0191                     	;# 
   591  0191                     	;# 
   592  0192                     	;# 
   593  0193                     	;# 
   594  0193                     	;# 
   595  0193                     	;# 
   596  0194                     	;# 
   597  0195                     	;# 
   598  0196                     	;# 
   599  0199                     	;# 
   600  019A                     	;# 
   601  019B                     	;# 
   602  019B                     	;# 
   603  019B                     	;# 
   604  019B                     	;# 
   605  019C                     	;# 
   606  019C                     	;# 
   607  019D                     	;# 
   608  019E                     	;# 
   609  019F                     	;# 
   610  020C                     	;# 
   611  020D                     	;# 
   612  0211                     	;# 
   613  0211                     	;# 
   614  0212                     	;# 
   615  0212                     	;# 
   616  0213                     	;# 
   617  0213                     	;# 
   618  0214                     	;# 
   619  0214                     	;# 
   620  0215                     	;# 
   621  0215                     	;# 
   622  0215                     	;# 
   623  0216                     	;# 
   624  0216                     	;# 
   625  0217                     	;# 
   626  0217                     	;# 
   627  0219                     	;# 
   628  021A                     	;# 
   629  021B                     	;# 
   630  021C                     	;# 
   631  021D                     	;# 
   632  021E                     	;# 
   633  021F                     	;# 
   634  0291                     	;# 
   635  0291                     	;# 
   636  0292                     	;# 
   637  0293                     	;# 
   638  0294                     	;# 
   639  0295                     	;# 
   640  0295                     	;# 
   641  0296                     	;# 
   642  0298                     	;# 
   643  0298                     	;# 
   644  0299                     	;# 
   645  029A                     	;# 
   646  029B                     	;# 
   647  029C                     	;# 
   648  029C                     	;# 
   649  029D                     	;# 
   650  029E                     	;# 
   651  029E                     	;# 
   652  0311                     	;# 
   653  0311                     	;# 
   654  0312                     	;# 
   655  0313                     	;# 
   656  0318                     	;# 
   657  0318                     	;# 
   658  0319                     	;# 
   659  031A                     	;# 
   660  0394                     	;# 
   661  0395                     	;# 
   662  0396                     	;# 
   663  039A                     	;# 
   664  039C                     	;# 
   665  039D                     	;# 
   666  039E                     	;# 
   667  039F                     	;# 
   668  0415                     	;# 
   669  0416                     	;# 
   670  0417                     	;# 
   671  041C                     	;# 
   672  041D                     	;# 
   673  041E                     	;# 
   674  0FE4                     	;# 
   675  0FE5                     	;# 
   676  0FE6                     	;# 
   677  0FE7                     	;# 
   678  0FE8                     	;# 
   679  0FE9                     	;# 
   680  0FEA                     	;# 
   681  0FEB                     	;# 
   682  0FED                     	;# 
   683  0FEE                     	;# 
   684  0FEF                     	;# 
   685  0000                     	;# 
   686  0001                     	;# 
   687  0002                     	;# 
   688  0003                     	;# 
   689  0004                     	;# 
   690  0005                     	;# 
   691  0006                     	;# 
   692  0007                     	;# 
   693  0008                     	;# 
   694  0009                     	;# 
   695  000A                     	;# 
   696  000B                     	;# 
   697  000C                     	;# 
   698  000D                     	;# 
   699  0011                     	;# 
   700  0012                     	;# 
   701  0013                     	;# 
   702  0014                     	;# 
   703  0015                     	;# 
   704  0016                     	;# 
   705  0016                     	;# 
   706  0017                     	;# 
   707  0018                     	;# 
   708  0019                     	;# 
   709  001A                     	;# 
   710  001B                     	;# 
   711  001C                     	;# 
   712  001E                     	;# 
   713  001F                     	;# 
   714  008C                     	;# 
   715  008D                     	;# 
   716  0091                     	;# 
   717  0092                     	;# 
   718  0093                     	;# 
   719  0094                     	;# 
   720  0095                     	;# 
   721  0096                     	;# 
   722  0097                     	;# 
   723  0098                     	;# 
   724  0099                     	;# 
   725  009A                     	;# 
   726  009B                     	;# 
   727  009B                     	;# 
   728  009C                     	;# 
   729  009D                     	;# 
   730  009E                     	;# 
   731  010C                     	;# 
   732  010D                     	;# 
   733  0111                     	;# 
   734  0112                     	;# 
   735  0113                     	;# 
   736  0114                     	;# 
   737  0115                     	;# 
   738  0116                     	;# 
   739  0117                     	;# 
   740  0118                     	;# 
   741  0119                     	;# 
   742  011A                     	;# 
   743  011B                     	;# 
   744  011D                     	;# 
   745  011E                     	;# 
   746  018C                     	;# 
   747  018D                     	;# 
   748  0191                     	;# 
   749  0191                     	;# 
   750  0192                     	;# 
   751  0193                     	;# 
   752  0193                     	;# 
   753  0193                     	;# 
   754  0194                     	;# 
   755  0195                     	;# 
   756  0196                     	;# 
   757  0199                     	;# 
   758  019A                     	;# 
   759  019B                     	;# 
   760  019B                     	;# 
   761  019B                     	;# 
   762  019B                     	;# 
   763  019C                     	;# 
   764  019C                     	;# 
   765  019D                     	;# 
   766  019E                     	;# 
   767  019F                     	;# 
   768  020C                     	;# 
   769  020D                     	;# 
   770  0211                     	;# 
   771  0211                     	;# 
   772  0212                     	;# 
   773  0212                     	;# 
   774  0213                     	;# 
   775  0213                     	;# 
   776  0214                     	;# 
   777  0214                     	;# 
   778  0215                     	;# 
   779  0215                     	;# 
   780  0215                     	;# 
   781  0216                     	;# 
   782  0216                     	;# 
   783  0217                     	;# 
   784  0217                     	;# 
   785  0219                     	;# 
   786  021A                     	;# 
   787  021B                     	;# 
   788  021C                     	;# 
   789  021D                     	;# 
   790  021E                     	;# 
   791  021F                     	;# 
   792  0291                     	;# 
   793  0291                     	;# 
   794  0292                     	;# 
   795  0293                     	;# 
   796  0294                     	;# 
   797  0295                     	;# 
   798  0295                     	;# 
   799  0296                     	;# 
   800  0298                     	;# 
   801  0298                     	;# 
   802  0299                     	;# 
   803  029A                     	;# 
   804  029B                     	;# 
   805  029C                     	;# 
   806  029C                     	;# 
   807  029D                     	;# 
   808  029E                     	;# 
   809  029E                     	;# 
   810  0311                     	;# 
   811  0311                     	;# 
   812  0312                     	;# 
   813  0313                     	;# 
   814  0318                     	;# 
   815  0318                     	;# 
   816  0319                     	;# 
   817  031A                     	;# 
   818  0394                     	;# 
   819  0395                     	;# 
   820  0396                     	;# 
   821  039A                     	;# 
   822  039C                     	;# 
   823  039D                     	;# 
   824  039E                     	;# 
   825  039F                     	;# 
   826  0415                     	;# 
   827  0416                     	;# 
   828  0417                     	;# 
   829  041C                     	;# 
   830  041D                     	;# 
   831  041E                     	;# 
   832  0FE4                     	;# 
   833  0FE5                     	;# 
   834  0FE6                     	;# 
   835  0FE7                     	;# 
   836  0FE8                     	;# 
   837  0FE9                     	;# 
   838  0FEA                     	;# 
   839  0FEB                     	;# 
   840  0FED                     	;# 
   841  0FEE                     	;# 
   842  0FEF                     	;# 
   843  0000                     	;# 
   844  0001                     	;# 
   845  0002                     	;# 
   846  0003                     	;# 
   847  0004                     	;# 
   848  0005                     	;# 
   849  0006                     	;# 
   850  0007                     	;# 
   851  0008                     	;# 
   852  0009                     	;# 
   853  000A                     	;# 
   854  000B                     	;# 
   855  000C                     	;# 
   856  000D                     	;# 
   857  0011                     	;# 
   858  0012                     	;# 
   859  0013                     	;# 
   860  0014                     	;# 
   861  0015                     	;# 
   862  0016                     	;# 
   863  0016                     	;# 
   864  0017                     	;# 
   865  0018                     	;# 
   866  0019                     	;# 
   867  001A                     	;# 
   868  001B                     	;# 
   869  001C                     	;# 
   870  001E                     	;# 
   871  001F                     	;# 
   872  008C                     	;# 
   873  008D                     	;# 
   874  0091                     	;# 
   875  0092                     	;# 
   876  0093                     	;# 
   877  0094                     	;# 
   878  0095                     	;# 
   879  0096                     	;# 
   880  0097                     	;# 
   881  0098                     	;# 
   882  0099                     	;# 
   883  009A                     	;# 
   884  009B                     	;# 
   885  009B                     	;# 
   886  009C                     	;# 
   887  009D                     	;# 
   888  009E                     	;# 
   889  010C                     	;# 
   890  010D                     	;# 
   891  0111                     	;# 
   892  0112                     	;# 
   893  0113                     	;# 
   894  0114                     	;# 
   895  0115                     	;# 
   896  0116                     	;# 
   897  0117                     	;# 
   898  0118                     	;# 
   899  0119                     	;# 
   900  011A                     	;# 
   901  011B                     	;# 
   902  011D                     	;# 
   903  011E                     	;# 
   904  018C                     	;# 
   905  018D                     	;# 
   906  0191                     	;# 
   907  0191                     	;# 
   908  0192                     	;# 
   909  0193                     	;# 
   910  0193                     	;# 
   911  0193                     	;# 
   912  0194                     	;# 
   913  0195                     	;# 
   914  0196                     	;# 
   915  0199                     	;# 
   916  019A                     	;# 
   917  019B                     	;# 
   918  019B                     	;# 
   919  019B                     	;# 
   920  019B                     	;# 
   921  019C                     	;# 
   922  019C                     	;# 
   923  019D                     	;# 
   924  019E                     	;# 
   925  019F                     	;# 
   926  020C                     	;# 
   927  020D                     	;# 
   928  0211                     	;# 
   929  0211                     	;# 
   930  0212                     	;# 
   931  0212                     	;# 
   932  0213                     	;# 
   933  0213                     	;# 
   934  0214                     	;# 
   935  0214                     	;# 
   936  0215                     	;# 
   937  0215                     	;# 
   938  0215                     	;# 
   939  0216                     	;# 
   940  0216                     	;# 
   941  0217                     	;# 
   942  0217                     	;# 
   943  0219                     	;# 
   944  021A                     	;# 
   945  021B                     	;# 
   946  021C                     	;# 
   947  021D                     	;# 
   948  021E                     	;# 
   949  021F                     	;# 
   950  0291                     	;# 
   951  0291                     	;# 
   952  0292                     	;# 
   953  0293                     	;# 
   954  0294                     	;# 
   955  0295                     	;# 
   956  0295                     	;# 
   957  0296                     	;# 
   958  0298                     	;# 
   959  0298                     	;# 
   960  0299                     	;# 
   961  029A                     	;# 
   962  029B                     	;# 
   963  029C                     	;# 
   964  029C                     	;# 
   965  029D                     	;# 
   966  029E                     	;# 
   967  029E                     	;# 
   968  0311                     	;# 
   969  0311                     	;# 
   970  0312                     	;# 
   971  0313                     	;# 
   972  0318                     	;# 
   973  0318                     	;# 
   974  0319                     	;# 
   975  031A                     	;# 
   976  0394                     	;# 
   977  0395                     	;# 
   978  0396                     	;# 
   979  039A                     	;# 
   980  039C                     	;# 
   981  039D                     	;# 
   982  039E                     	;# 
   983  039F                     	;# 
   984  0415                     	;# 
   985  0416                     	;# 
   986  0417                     	;# 
   987  041C                     	;# 
   988  041D                     	;# 
   989  041E                     	;# 
   990  0FE4                     	;# 
   991  0FE5                     	;# 
   992  0FE6                     	;# 
   993  0FE7                     	;# 
   994  0FE8                     	;# 
   995  0FE9                     	;# 
   996  0FEA                     	;# 
   997  0FEB                     	;# 
   998  0FED                     	;# 
   999  0FEE                     	;# 
  1000  0FEF                     	;# 
  1001  000D                     _PORTBbits	set	13
  1002  000C                     _PORTAbits	set	12
  1003  001C                     _T2CONbits	set	28
  1004  001C                     _T2CON	set	28
  1005  0011                     _PIR1bits	set	17
  1006  001A                     _TMR2	set	26
  1007  001B                     _PR2	set	27
  1008  0095                     _OPTION_REGbits	set	149
  1009  008D                     _TRISB	set	141
  1010  008C                     _TRISA	set	140
  1011  0097                     _WDTCON	set	151
  1012  0098                     _OSCTUNE	set	152
  1013  0099                     _OSCCON	set	153
  1014  011E                     _APFCON1	set	286
  1015  011D                     _APFCON0	set	285
  1016  010D                     _LATB	set	269
  1017  010C                     _LATA	set	268
  1018  0116                     _BORCON	set	278
  1019  018C                     _ANSELA	set	396
  1020  018D                     _ANSELB	set	397
  1021  020C                     _WPUA	set	524
  1022  020D                     _WPUB	set	525
  1023  029E                     _CCPTMRS0bits	set	670
  1024  0291                     _CCPR1L	set	657
  1025  0292                     _CCPR1H	set	658
  1026  0296                     _PSTR1CON	set	662
  1027  0294                     _PWM1CON	set	660
  1028  0295                     _ECCP1AS	set	661
  1029  0293                     _CCP1CON	set	659
  1030                           
  1031                           	psect	cinit
  1032  07FD                     start_initialization:	
  1033                           ; #config settings
  1034                           
  1035  07FD                     __initialization:
  1036  07FD                     end_of_initialization:	
  1037                           ;End of C runtime variable initialization code
  1038                           
  1039  07FD                     __end_of__initialization:
  1040  07FD  0020               	movlb	0
  1041  07FE  3187  2F8B         	ljmp	_main	;jump to C main() function
  1042                           
  1043                           	psect	cstackCOMMON
  1044  0070                     __pcstackCOMMON:
  1045  0070                     ?_PIN_MANAGER_Initialize:
  1046  0070                     ??_PIN_MANAGER_Initialize:	
  1047                           ; 1 bytes @ 0x0
  1048                           
  1049  0070                     ?_OSCILLATOR_Initialize:	
  1050                           ; 1 bytes @ 0x0
  1051                           
  1052  0070                     ??_OSCILLATOR_Initialize:	
  1053                           ; 1 bytes @ 0x0
  1054                           
  1055  0070                     ?_WDT_Initialize:	
  1056                           ; 1 bytes @ 0x0
  1057                           
  1058  0070                     ??_WDT_Initialize:	
  1059                           ; 1 bytes @ 0x0
  1060                           
  1061  0070                     ?_TMR2_Initialize:	
  1062                           ; 1 bytes @ 0x0
  1063                           
  1064  0070                     ??_TMR2_Initialize:	
  1065                           ; 1 bytes @ 0x0
  1066                           
  1067  0070                     ?_EPWM1_Initialize:	
  1068                           ; 1 bytes @ 0x0
  1069                           
  1070  0070                     ??_EPWM1_Initialize:	
  1071                           ; 1 bytes @ 0x0
  1072                           
  1073  0070                     ?_EPWM1_LoadDutyValue:	
  1074                           ; 1 bytes @ 0x0
  1075                           
  1076  0070                     ?_SYSTEM_Initialize:	
  1077                           ; 1 bytes @ 0x0
  1078                           
  1079  0070                     ??_SYSTEM_Initialize:	
  1080                           ; 1 bytes @ 0x0
  1081                           
  1082  0070                     ?_main:	
  1083                           ; 1 bytes @ 0x0
  1084                           
  1085  0070                     EPWM1_LoadDutyValue@dutyValue:	
  1086                           ; 1 bytes @ 0x0
  1087                           
  1088                           
  1089                           ; 2 bytes @ 0x0
  1090  0070                     	ds	2
  1091  0072                     ??_EPWM1_LoadDutyValue:
  1092                           
  1093                           ; 1 bytes @ 0x2
  1094  0072                     	ds	2
  1095  0074                     ??_main:
  1096                           
  1097                           ; 1 bytes @ 0x4
  1098  0074                     	ds	1
  1099  0075                     main@duty:
  1100                           
  1101                           ; 2 bytes @ 0x5
  1102  0075                     	ds	2
  1103                           
  1104                           	psect	maintext
  1105  078B                     __pmaintext:	
  1106 ;;
  1107 ;;Main: autosize = 0, tempsize = 1, incstack = 0, save=0
  1108 ;;
  1109 ;; *************** function _main *****************
  1110 ;; Defined at:
  1111 ;;		line 49 in file "main.c"
  1112 ;; Parameters:    Size  Location     Type
  1113 ;;		None
  1114 ;; Auto vars:     Size  Location     Type
  1115 ;;  duty            2    5[COMMON] int 
  1116 ;; Return value:  Size  Location     Type
  1117 ;;                  1    wreg      void 
  1118 ;; Registers used:
  1119 ;;		wreg, status,2, status,0, pclath, cstack
  1120 ;; Tracked objects:
  1121 ;;		On entry : B1F/0
  1122 ;;		On exit  : 0/0
  1123 ;;		Unchanged: 0/0
  1124 ;; Data sizes:     COMMON   BANK0   BANK1   BANK2   BANK3   BANK4
  1125 ;;      Params:         0       0       0       0       0       0
  1126 ;;      Locals:         2       0       0       0       0       0
  1127 ;;      Temps:          1       0       0       0       0       0
  1128 ;;      Totals:         3       0       0       0       0       0
  1129 ;;Total ram usage:        3 bytes
  1130 ;; Hardware stack levels required when called: 2
  1131 ;; This function calls:
  1132 ;;		_EPWM1_Initialize
  1133 ;;		_EPWM1_LoadDutyValue
  1134 ;;		_SYSTEM_Initialize
  1135 ;; This function is called by:
  1136 ;;		Startup code after reset
  1137 ;; This function uses a non-reentrant model
  1138 ;;
  1139                           
  1140  078B                     _main:	
  1141                           ;psect for function _main
  1142                           
  1143  078B                     l838:	
  1144                           ;incstack = 0
  1145                           ; Regs used in _main: [wreg+status,2+status,0+pclath+cstack]
  1146                           
  1147                           
  1148                           ;main.c: 52:     SYSTEM_Initialize();
  1149  078B  3187  274E  3187   	fcall	_SYSTEM_Initialize
  1150                           
  1151                           ;main.c: 53:     EPWM1_Initialize();
  1152  078E  3187  2740  3187   	fcall	_EPWM1_Initialize
  1153  0791                     l840:
  1154                           
  1155                           ;main.c: 55:     int duty=80;
  1156  0791  3050               	movlw	80
  1157  0792  00F5               	movwf	main@duty
  1158  0793  3000               	movlw	0
  1159  0794  00F6               	movwf	main@duty+1
  1160  0795                     l842:
  1161                           
  1162                           ;main.c: 59:             PSTR1CON = 0x01;
  1163  0795  3001               	movlw	1
  1164  0796  0025               	movlb	5	; select bank5
  1165  0797  0096               	movwf	22	;volatile
  1166  0798                     l99:	
  1167                           ;main.c: 60:             do{
  1168                           
  1169                           
  1170                           ;main.c: 61:                 EPWM1_LoadDutyValue(duty);
  1171  0798  0876               	movf	main@duty+1,w
  1172  0799  00F1               	movwf	EPWM1_LoadDutyValue@dutyValue+1
  1173  079A  0875               	movf	main@duty,w
  1174  079B  00F0               	movwf	EPWM1_LoadDutyValue@dutyValue
  1175  079C  3187  2774  3187   	fcall	_EPWM1_LoadDutyValue
  1176  079F                     l844:
  1177                           
  1178                           ;main.c: 62:                 _delay((unsigned long)((100)*(2000000/4000.0)));
  1179  079F  3041               	movlw	65
  1180  07A0  00F4               	movwf	??_main
  1181  07A1  30EE               	movlw	238
  1182  07A2                     u187:
  1183  07A2  0B89               	decfsz	9,f
  1184  07A3  2FA2               	goto	u187
  1185  07A4  0BF4               	decfsz	??_main,f
  1186  07A5  2FA2               	goto	u187
  1187  07A6  3200               	nop2
  1188  07A7                     l846:
  1189                           
  1190                           ;main.c: 63:                 if(PORTAbits.RA2==1){duty=duty-3;if(duty<22){PORTBbits.RB4=
      +                          1;}}
  1191  07A7  0020               	movlb	0	; select bank0
  1192  07A8  1D0C               	btfss	12,2	;volatile
  1193  07A9  2FAB               	goto	u111
  1194  07AA  2FAC               	goto	u110
  1195  07AB                     u111:
  1196  07AB  2FC1               	goto	l100
  1197  07AC                     u110:
  1198  07AC                     l848:
  1199  07AC  0875               	movf	main@duty,w
  1200  07AD  3EFD               	addlw	253
  1201  07AE  00F5               	movwf	main@duty
  1202  07AF  30FF               	movlw	255
  1203  07B0  3D76               	addwfc	main@duty+1,w
  1204  07B1  00F6               	movwf	main@duty+1
  1205  07B2                     l850:
  1206  07B2  0876               	movf	main@duty+1,w
  1207  07B3  3A80               	xorlw	128
  1208  07B4  00F4               	movwf	??_main
  1209  07B5  3080               	movlw	128
  1210  07B6  0274               	subwf	??_main,w
  1211  07B7  1D03               	skipz
  1212  07B8  2FBB               	goto	u125
  1213  07B9  3016               	movlw	22
  1214  07BA  0275               	subwf	main@duty,w
  1215  07BB                     u125:
  1216  07BB  1803               	skipnc
  1217  07BC  2FBE               	goto	u121
  1218  07BD  2FBF               	goto	u120
  1219  07BE                     u121:
  1220  07BE  2FC1               	goto	l100
  1221  07BF                     u120:
  1222  07BF                     l852:
  1223  07BF  0020               	movlb	0	; select bank0
  1224  07C0  160D               	bsf	13,4	;volatile
  1225  07C1                     l100:
  1226                           
  1227                           ;main.c: 64:                 if(PORTAbits.RA3==1){duty=duty+3;if(duty>80){PORTBbits.RB2=
      +                          1;}}
  1228  07C1  0020               	movlb	0	; select bank0
  1229  07C2  1D8C               	btfss	12,3	;volatile
  1230  07C3  2FC5               	goto	u131
  1231  07C4  2FC6               	goto	u130
  1232  07C5                     u131:
  1233  07C5  2FDB               	goto	l860
  1234  07C6                     u130:
  1235  07C6                     l854:
  1236  07C6  0875               	movf	main@duty,w
  1237  07C7  3E03               	addlw	3
  1238  07C8  00F5               	movwf	main@duty
  1239  07C9  3000               	movlw	0
  1240  07CA  3D76               	addwfc	main@duty+1,w
  1241  07CB  00F6               	movwf	main@duty+1
  1242  07CC                     l856:
  1243  07CC  0876               	movf	main@duty+1,w
  1244  07CD  3A80               	xorlw	128
  1245  07CE  00F4               	movwf	??_main
  1246  07CF  3080               	movlw	128
  1247  07D0  0274               	subwf	??_main,w
  1248  07D1  1D03               	skipz
  1249  07D2  2FD5               	goto	u145
  1250  07D3  3051               	movlw	81
  1251  07D4  0275               	subwf	main@duty,w
  1252  07D5                     u145:
  1253  07D5  1C03               	skipc
  1254  07D6  2FD8               	goto	u141
  1255  07D7  2FD9               	goto	u140
  1256  07D8                     u141:
  1257  07D8  2FDB               	goto	l860
  1258  07D9                     u140:
  1259  07D9                     l858:
  1260  07D9  0020               	movlb	0	; select bank0
  1261  07DA  150D               	bsf	13,2	;volatile
  1262  07DB                     l860:
  1263                           
  1264                           ;main.c: 65:         }while(duty>=22 && duty<=80);
  1265  07DB  0876               	movf	main@duty+1,w
  1266  07DC  3A80               	xorlw	128
  1267  07DD  00F4               	movwf	??_main
  1268  07DE  3080               	movlw	128
  1269  07DF  0274               	subwf	??_main,w
  1270  07E0  1D03               	skipz
  1271  07E1  2FE4               	goto	u155
  1272  07E2  3016               	movlw	22
  1273  07E3  0275               	subwf	main@duty,w
  1274  07E4                     u155:
  1275  07E4  1C03               	skipc
  1276  07E5  2FE7               	goto	u151
  1277  07E6  2FE8               	goto	u150
  1278  07E7                     u151:
  1279  07E7  2FF5               	goto	l106
  1280  07E8                     u150:
  1281  07E8                     l862:
  1282  07E8  0876               	movf	main@duty+1,w
  1283  07E9  3A80               	xorlw	128
  1284  07EA  00F4               	movwf	??_main
  1285  07EB  3080               	movlw	128
  1286  07EC  0274               	subwf	??_main,w
  1287  07ED  1D03               	skipz
  1288  07EE  2FF1               	goto	u165
  1289  07EF  3051               	movlw	81
  1290  07F0  0275               	subwf	main@duty,w
  1291  07F1                     u165:
  1292  07F1  1C03               	skipc
  1293  07F2  2FF4               	goto	u161
  1294  07F3  2FF5               	goto	u160
  1295  07F4                     u161:
  1296  07F4  2F98               	goto	l99
  1297  07F5                     u160:
  1298  07F5                     l106:
  1299                           
  1300                           ;main.c: 66:         if(PORTAbits.RA4==1){duty=80;}
  1301  07F5  0020               	movlb	0	; select bank0
  1302  07F6  1E0C               	btfss	12,4	;volatile
  1303  07F7  2FF9               	goto	u171
  1304  07F8  2FFA               	goto	u170
  1305  07F9                     u171:
  1306  07F9  2F95               	goto	l842
  1307  07FA                     u170:
  1308  07FA  2F91               	goto	l840
  1309  07FB  3180  2802         	ljmp	start
  1310  07FD                     __end_of_main:
  1311                           
  1312                           	psect	text1
  1313  074E                     __ptext1:	
  1314 ;; *************** function _SYSTEM_Initialize *****************
  1315 ;; Defined at:
  1316 ;;		line 50 in file "mcc_generated_files/mcc.c"
  1317 ;; Parameters:    Size  Location     Type
  1318 ;;		None
  1319 ;; Auto vars:     Size  Location     Type
  1320 ;;		None
  1321 ;; Return value:  Size  Location     Type
  1322 ;;                  1    wreg      void 
  1323 ;; Registers used:
  1324 ;;		wreg, status,2, status,0, pclath, cstack
  1325 ;; Tracked objects:
  1326 ;;		On entry : 0/0
  1327 ;;		On exit  : 0/0
  1328 ;;		Unchanged: 0/0
  1329 ;; Data sizes:     COMMON   BANK0   BANK1   BANK2   BANK3   BANK4
  1330 ;;      Params:         0       0       0       0       0       0
  1331 ;;      Locals:         0       0       0       0       0       0
  1332 ;;      Temps:          0       0       0       0       0       0
  1333 ;;      Totals:         0       0       0       0       0       0
  1334 ;;Total ram usage:        0 bytes
  1335 ;; Hardware stack levels used: 1
  1336 ;; Hardware stack levels required when called: 1
  1337 ;; This function calls:
  1338 ;;		_EPWM1_Initialize
  1339 ;;		_OSCILLATOR_Initialize
  1340 ;;		_PIN_MANAGER_Initialize
  1341 ;;		_TMR2_Initialize
  1342 ;;		_WDT_Initialize
  1343 ;; This function is called by:
  1344 ;;		_main
  1345 ;; This function uses a non-reentrant model
  1346 ;;
  1347                           
  1348  074E                     _SYSTEM_Initialize:	
  1349                           ;psect for function _SYSTEM_Initialize
  1350                           
  1351  074E                     l788:	
  1352                           ;incstack = 0
  1353                           ; Regs used in _SYSTEM_Initialize: [wreg+status,2+status,0+pclath+cstack]
  1354                           
  1355                           
  1356                           ;mcc_generated_files/mcc.c: 53:     PIN_MANAGER_Initialize();
  1357  074E  3187  275E  3187   	fcall	_PIN_MANAGER_Initialize
  1358                           
  1359                           ;mcc_generated_files/mcc.c: 54:     OSCILLATOR_Initialize();
  1360  0751  3187  2731  3187   	fcall	_OSCILLATOR_Initialize
  1361                           
  1362                           ;mcc_generated_files/mcc.c: 55:     WDT_Initialize();
  1363  0754  3187  272D  3187   	fcall	_WDT_Initialize
  1364                           
  1365                           ;mcc_generated_files/mcc.c: 56:     EPWM1_Initialize();
  1366  0757  3187  2740  3187   	fcall	_EPWM1_Initialize
  1367                           
  1368                           ;mcc_generated_files/mcc.c: 57:     TMR2_Initialize();
  1369  075A  3187  2738  3187   	fcall	_TMR2_Initialize
  1370  075D                     l73:
  1371  075D  0008               	return
  1372  075E                     __end_of_SYSTEM_Initialize:
  1373                           
  1374                           	psect	text2
  1375  072D                     __ptext2:	
  1376 ;; *************** function _WDT_Initialize *****************
  1377 ;; Defined at:
  1378 ;;		line 70 in file "mcc_generated_files/mcc.c"
  1379 ;; Parameters:    Size  Location     Type
  1380 ;;		None
  1381 ;; Auto vars:     Size  Location     Type
  1382 ;;		None
  1383 ;; Return value:  Size  Location     Type
  1384 ;;                  1    wreg      void 
  1385 ;; Registers used:
  1386 ;;		wreg
  1387 ;; Tracked objects:
  1388 ;;		On entry : 0/0
  1389 ;;		On exit  : 0/0
  1390 ;;		Unchanged: 0/0
  1391 ;; Data sizes:     COMMON   BANK0   BANK1   BANK2   BANK3   BANK4
  1392 ;;      Params:         0       0       0       0       0       0
  1393 ;;      Locals:         0       0       0       0       0       0
  1394 ;;      Temps:          0       0       0       0       0       0
  1395 ;;      Totals:         0       0       0       0       0       0
  1396 ;;Total ram usage:        0 bytes
  1397 ;; Hardware stack levels used: 1
  1398 ;; This function calls:
  1399 ;;		Nothing
  1400 ;; This function is called by:
  1401 ;;		_SYSTEM_Initialize
  1402 ;; This function uses a non-reentrant model
  1403 ;;
  1404                           
  1405  072D                     _WDT_Initialize:	
  1406                           ;psect for function _WDT_Initialize
  1407                           
  1408  072D                     l784:	
  1409                           ;incstack = 0
  1410                           ; Regs used in _WDT_Initialize: [wreg]
  1411                           
  1412                           
  1413                           ;mcc_generated_files/mcc.c: 73:     WDTCON = 0x16;
  1414  072D  3016               	movlw	22
  1415  072E  0021               	movlb	1	; select bank1
  1416  072F  0097               	movwf	23	;volatile
  1417  0730                     l79:
  1418  0730  0008               	return
  1419  0731                     __end_of_WDT_Initialize:
  1420                           
  1421                           	psect	text3
  1422  0738                     __ptext3:	
  1423 ;; *************** function _TMR2_Initialize *****************
  1424 ;; Defined at:
  1425 ;;		line 62 in file "mcc_generated_files/tmr2.c"
  1426 ;; Parameters:    Size  Location     Type
  1427 ;;		None
  1428 ;; Auto vars:     Size  Location     Type
  1429 ;;		None
  1430 ;; Return value:  Size  Location     Type
  1431 ;;                  1    wreg      void 
  1432 ;; Registers used:
  1433 ;;		wreg, status,2
  1434 ;; Tracked objects:
  1435 ;;		On entry : 0/0
  1436 ;;		On exit  : 0/0
  1437 ;;		Unchanged: 0/0
  1438 ;; Data sizes:     COMMON   BANK0   BANK1   BANK2   BANK3   BANK4
  1439 ;;      Params:         0       0       0       0       0       0
  1440 ;;      Locals:         0       0       0       0       0       0
  1441 ;;      Temps:          0       0       0       0       0       0
  1442 ;;      Totals:         0       0       0       0       0       0
  1443 ;;Total ram usage:        0 bytes
  1444 ;; Hardware stack levels used: 1
  1445 ;; This function calls:
  1446 ;;		Nothing
  1447 ;; This function is called by:
  1448 ;;		_SYSTEM_Initialize
  1449 ;; This function uses a non-reentrant model
  1450 ;;
  1451                           
  1452  0738                     _TMR2_Initialize:	
  1453                           ;psect for function _TMR2_Initialize
  1454                           
  1455  0738                     l746:	
  1456                           ;incstack = 0
  1457                           ; Regs used in _TMR2_Initialize: [wreg+status,2]
  1458                           
  1459                           
  1460                           ;mcc_generated_files/tmr2.c: 67:     PR2 = 0x9B;
  1461  0738  309B               	movlw	155
  1462  0739  0020               	movlb	0	; select bank0
  1463  073A  009B               	movwf	27	;volatile
  1464  073B                     l748:
  1465                           
  1466                           ;mcc_generated_files/tmr2.c: 70:     TMR2 = 0x00;
  1467  073B  019A               	clrf	26	;volatile
  1468  073C                     l750:
  1469                           
  1470                           ;mcc_generated_files/tmr2.c: 73:     PIR1bits.TMR2IF = 0;
  1471  073C  1091               	bcf	17,1	;volatile
  1472  073D                     l752:
  1473                           
  1474                           ;mcc_generated_files/tmr2.c: 76:     T2CON = 0x07;
  1475  073D  3007               	movlw	7
  1476  073E  009C               	movwf	28	;volatile
  1477  073F                     l13:
  1478  073F  0008               	return
  1479  0740                     __end_of_TMR2_Initialize:
  1480                           
  1481                           	psect	text4
  1482  075E                     __ptext4:	
  1483 ;; *************** function _PIN_MANAGER_Initialize *****************
  1484 ;; Defined at:
  1485 ;;		line 55 in file "mcc_generated_files/pin_manager.c"
  1486 ;; Parameters:    Size  Location     Type
  1487 ;;		None
  1488 ;; Auto vars:     Size  Location     Type
  1489 ;;		None
  1490 ;; Return value:  Size  Location     Type
  1491 ;;                  1    wreg      void 
  1492 ;; Registers used:
  1493 ;;		wreg, status,2
  1494 ;; Tracked objects:
  1495 ;;		On entry : 0/0
  1496 ;;		On exit  : 0/0
  1497 ;;		Unchanged: 0/0
  1498 ;; Data sizes:     COMMON   BANK0   BANK1   BANK2   BANK3   BANK4
  1499 ;;      Params:         0       0       0       0       0       0
  1500 ;;      Locals:         0       0       0       0       0       0
  1501 ;;      Temps:          0       0       0       0       0       0
  1502 ;;      Totals:         0       0       0       0       0       0
  1503 ;;Total ram usage:        0 bytes
  1504 ;; Hardware stack levels used: 1
  1505 ;; This function calls:
  1506 ;;		Nothing
  1507 ;; This function is called by:
  1508 ;;		_SYSTEM_Initialize
  1509 ;; This function uses a non-reentrant model
  1510 ;;
  1511                           
  1512  075E                     _PIN_MANAGER_Initialize:	
  1513                           ;psect for function _PIN_MANAGER_Initialize
  1514                           
  1515  075E                     l766:	
  1516                           ;incstack = 0
  1517                           ; Regs used in _PIN_MANAGER_Initialize: [wreg+status,2]
  1518                           
  1519                           
  1520                           ;mcc_generated_files/pin_manager.c: 60:     LATA = 0x00;
  1521  075E  0022               	movlb	2	; select bank2
  1522  075F  018C               	clrf	12	;volatile
  1523                           
  1524                           ;mcc_generated_files/pin_manager.c: 61:     LATB = 0x00;
  1525  0760  018D               	clrf	13	;volatile
  1526  0761                     l768:
  1527                           
  1528                           ;mcc_generated_files/pin_manager.c: 66:     TRISA = 0xFF;
  1529  0761  30FF               	movlw	255
  1530  0762  0021               	movlb	1	; select bank1
  1531  0763  008C               	movwf	12	;volatile
  1532  0764                     l770:
  1533                           
  1534                           ;mcc_generated_files/pin_manager.c: 67:     TRISB = 0xC0;
  1535  0764  30C0               	movlw	192
  1536  0765  008D               	movwf	13	;volatile
  1537  0766                     l772:
  1538                           
  1539                           ;mcc_generated_files/pin_manager.c: 72:     ANSELB = 0xF6;
  1540  0766  30F6               	movlw	246
  1541  0767  0023               	movlb	3	; select bank3
  1542  0768  008D               	movwf	13	;volatile
  1543  0769                     l774:
  1544                           
  1545                           ;mcc_generated_files/pin_manager.c: 73:     ANSELA = 0x03;
  1546  0769  3003               	movlw	3
  1547  076A  008C               	movwf	12	;volatile
  1548                           
  1549                           ;mcc_generated_files/pin_manager.c: 78:     WPUB = 0x00;
  1550  076B  0024               	movlb	4	; select bank4
  1551  076C  018D               	clrf	13	;volatile
  1552                           
  1553                           ;mcc_generated_files/pin_manager.c: 79:     WPUA = 0x00;
  1554  076D  018C               	clrf	12	;volatile
  1555  076E                     l776:
  1556                           
  1557                           ;mcc_generated_files/pin_manager.c: 80:     OPTION_REGbits.nWPUEN = 1;
  1558  076E  0021               	movlb	1	; select bank1
  1559  076F  1795               	bsf	21,7	;volatile
  1560                           
  1561                           ;mcc_generated_files/pin_manager.c: 86:     APFCON0 = 0x00;
  1562  0770  0022               	movlb	2	; select bank2
  1563  0771  019D               	clrf	29	;volatile
  1564                           
  1565                           ;mcc_generated_files/pin_manager.c: 87:     APFCON1 = 0x00;
  1566  0772  019E               	clrf	30	;volatile
  1567  0773                     l135:
  1568  0773  0008               	return
  1569  0774                     __end_of_PIN_MANAGER_Initialize:
  1570                           
  1571                           	psect	text5
  1572  0731                     __ptext5:	
  1573 ;; *************** function _OSCILLATOR_Initialize *****************
  1574 ;; Defined at:
  1575 ;;		line 60 in file "mcc_generated_files/mcc.c"
  1576 ;; Parameters:    Size  Location     Type
  1577 ;;		None
  1578 ;; Auto vars:     Size  Location     Type
  1579 ;;		None
  1580 ;; Return value:  Size  Location     Type
  1581 ;;                  1    wreg      void 
  1582 ;; Registers used:
  1583 ;;		wreg, status,2
  1584 ;; Tracked objects:
  1585 ;;		On entry : 0/0
  1586 ;;		On exit  : 0/0
  1587 ;;		Unchanged: 0/0
  1588 ;; Data sizes:     COMMON   BANK0   BANK1   BANK2   BANK3   BANK4
  1589 ;;      Params:         0       0       0       0       0       0
  1590 ;;      Locals:         0       0       0       0       0       0
  1591 ;;      Temps:          0       0       0       0       0       0
  1592 ;;      Totals:         0       0       0       0       0       0
  1593 ;;Total ram usage:        0 bytes
  1594 ;; Hardware stack levels used: 1
  1595 ;; This function calls:
  1596 ;;		Nothing
  1597 ;; This function is called by:
  1598 ;;		_SYSTEM_Initialize
  1599 ;; This function uses a non-reentrant model
  1600 ;;
  1601                           
  1602  0731                     _OSCILLATOR_Initialize:	
  1603                           ;psect for function _OSCILLATOR_Initialize
  1604                           
  1605  0731                     l778:	
  1606                           ;incstack = 0
  1607                           ; Regs used in _OSCILLATOR_Initialize: [wreg+status,2]
  1608                           
  1609                           
  1610                           ;mcc_generated_files/mcc.c: 63:     OSCCON = 0x62;
  1611  0731  3062               	movlw	98
  1612  0732  0021               	movlb	1	; select bank1
  1613  0733  0099               	movwf	25	;volatile
  1614  0734                     l780:
  1615                           
  1616                           ;mcc_generated_files/mcc.c: 65:     OSCTUNE = 0x00;
  1617  0734  0198               	clrf	24	;volatile
  1618  0735                     l782:
  1619                           
  1620                           ;mcc_generated_files/mcc.c: 67:     BORCON = 0x00;
  1621  0735  0022               	movlb	2	; select bank2
  1622  0736  0196               	clrf	22	;volatile
  1623  0737                     l76:
  1624  0737  0008               	return
  1625  0738                     __end_of_OSCILLATOR_Initialize:
  1626                           
  1627                           	psect	text6
  1628  0740                     __ptext6:	
  1629 ;; *************** function _EPWM1_Initialize *****************
  1630 ;; Defined at:
  1631 ;;		line 64 in file "mcc_generated_files/epwm1.c"
  1632 ;; Parameters:    Size  Location     Type
  1633 ;;		None
  1634 ;; Auto vars:     Size  Location     Type
  1635 ;;		None
  1636 ;; Return value:  Size  Location     Type
  1637 ;;                  1    wreg      void 
  1638 ;; Registers used:
  1639 ;;		wreg, status,2, status,0
  1640 ;; Tracked objects:
  1641 ;;		On entry : 0/0
  1642 ;;		On exit  : 0/0
  1643 ;;		Unchanged: 0/0
  1644 ;; Data sizes:     COMMON   BANK0   BANK1   BANK2   BANK3   BANK4
  1645 ;;      Params:         0       0       0       0       0       0
  1646 ;;      Locals:         0       0       0       0       0       0
  1647 ;;      Temps:          0       0       0       0       0       0
  1648 ;;      Totals:         0       0       0       0       0       0
  1649 ;;Total ram usage:        0 bytes
  1650 ;; Hardware stack levels used: 1
  1651 ;; This function calls:
  1652 ;;		Nothing
  1653 ;; This function is called by:
  1654 ;;		_SYSTEM_Initialize
  1655 ;;		_main
  1656 ;; This function uses a non-reentrant model
  1657 ;;
  1658                           
  1659  0740                     _EPWM1_Initialize:	
  1660                           ;psect for function _EPWM1_Initialize
  1661                           
  1662  0740                     l754:	
  1663                           ;incstack = 0
  1664                           ; Regs used in _EPWM1_Initialize: [wreg+status,2+status,0]
  1665                           
  1666                           
  1667                           ;mcc_generated_files/epwm1.c: 69:  CCP1CON = 0x3C;
  1668  0740  303C               	movlw	60
  1669  0741  0025               	movlb	5	; select bank5
  1670  0742  0093               	movwf	19	;volatile
  1671  0743                     l756:
  1672                           
  1673                           ;mcc_generated_files/epwm1.c: 72:  ECCP1AS = 0x00;
  1674  0743  0195               	clrf	21	;volatile
  1675  0744                     l758:
  1676                           
  1677                           ;mcc_generated_files/epwm1.c: 75:  PWM1CON = 0x80;
  1678  0744  3080               	movlw	128
  1679  0745  0094               	movwf	20	;volatile
  1680  0746                     l760:
  1681                           
  1682                           ;mcc_generated_files/epwm1.c: 78:  PSTR1CON = 0x01;
  1683  0746  3001               	movlw	1
  1684  0747  0096               	movwf	22	;volatile
  1685  0748                     l762:
  1686                           
  1687                           ;mcc_generated_files/epwm1.c: 81:  CCPR1H = 0x00;
  1688  0748  0192               	clrf	18	;volatile
  1689                           
  1690                           ;mcc_generated_files/epwm1.c: 84:  CCPR1L = 0x4D;
  1691  0749  304D               	movlw	77
  1692  074A  0091               	movwf	17	;volatile
  1693  074B                     l764:
  1694                           
  1695                           ;mcc_generated_files/epwm1.c: 87:  CCPTMRS0bits.C1TSEL = 0x0;
  1696  074B  30FC               	movlw	-4
  1697  074C  059E               	andwf	30,f	;volatile
  1698  074D                     l49:
  1699  074D  0008               	return
  1700  074E                     __end_of_EPWM1_Initialize:
  1701                           
  1702                           	psect	text7
  1703  0774                     __ptext7:	
  1704 ;; *************** function _EPWM1_LoadDutyValue *****************
  1705 ;; Defined at:
  1706 ;;		line 90 in file "mcc_generated_files/epwm1.c"
  1707 ;; Parameters:    Size  Location     Type
  1708 ;;  dutyValue       2    0[COMMON] unsigned short 
  1709 ;; Auto vars:     Size  Location     Type
  1710 ;;		None
  1711 ;; Return value:  Size  Location     Type
  1712 ;;                  1    wreg      void 
  1713 ;; Registers used:
  1714 ;;		wreg, status,2, status,0
  1715 ;; Tracked objects:
  1716 ;;		On entry : 0/0
  1717 ;;		On exit  : 0/0
  1718 ;;		Unchanged: 0/0
  1719 ;; Data sizes:     COMMON   BANK0   BANK1   BANK2   BANK3   BANK4
  1720 ;;      Params:         2       0       0       0       0       0
  1721 ;;      Locals:         0       0       0       0       0       0
  1722 ;;      Temps:          2       0       0       0       0       0
  1723 ;;      Totals:         4       0       0       0       0       0
  1724 ;;Total ram usage:        4 bytes
  1725 ;; Hardware stack levels used: 1
  1726 ;; This function calls:
  1727 ;;		Nothing
  1728 ;; This function is called by:
  1729 ;;		_main
  1730 ;; This function uses a non-reentrant model
  1731 ;;
  1732                           
  1733  0774                     _EPWM1_LoadDutyValue:	
  1734                           ;psect for function _EPWM1_LoadDutyValue
  1735                           
  1736  0774                     l836:	
  1737                           ;incstack = 0
  1738                           ; Regs used in _EPWM1_LoadDutyValue: [wreg+status,2+status,0]
  1739                           
  1740                           
  1741                           ;mcc_generated_files/epwm1.c: 90: void EPWM1_LoadDutyValue(uint16_t dutyValue);mcc_gener
      +                          ated_files/epwm1.c: 91: {;mcc_generated_files/epwm1.c: 93:     CCPR1L = ((dutyValue & 0x
      +                          03FC)>>2);
  1742  0774  0871               	movf	EPWM1_LoadDutyValue@dutyValue+1,w
  1743  0775  00F3               	movwf	??_EPWM1_LoadDutyValue+1
  1744  0776  0870               	movf	EPWM1_LoadDutyValue@dutyValue,w
  1745  0777  00F2               	movwf	??_EPWM1_LoadDutyValue
  1746  0778  36F3               	lsrf	??_EPWM1_LoadDutyValue+1,f
  1747  0779  0CF2               	rrf	??_EPWM1_LoadDutyValue,f
  1748  077A  36F3               	lsrf	??_EPWM1_LoadDutyValue+1,f
  1749  077B  0CF2               	rrf	??_EPWM1_LoadDutyValue,f
  1750  077C  0872               	movf	??_EPWM1_LoadDutyValue,w
  1751  077D  0025               	movlb	5	; select bank5
  1752  077E  0091               	movwf	17	;volatile
  1753                           
  1754                           ;mcc_generated_files/epwm1.c: 96:     CCP1CON = ((uint8_t)(CCP1CON & 0xCF) | ((dutyValue
      +                           & 0x0003)<<4));
  1755  077F  0870               	movf	EPWM1_LoadDutyValue@dutyValue,w
  1756  0780  3903               	andlw	3
  1757  0781  00F2               	movwf	??_EPWM1_LoadDutyValue
  1758  0782  3004               	movlw	4
  1759  0783                     u105:
  1760  0783  35F2               	lslf	??_EPWM1_LoadDutyValue,f
  1761  0784  0B89               	decfsz	9,f
  1762  0785  2F83               	goto	u105
  1763  0786  0813               	movf	19,w	;volatile
  1764  0787  39CF               	andlw	207
  1765  0788  0472               	iorwf	??_EPWM1_LoadDutyValue,w
  1766  0789  0093               	movwf	19	;volatile
  1767  078A                     l52:
  1768  078A  0008               	return
  1769  078B                     __end_of_EPWM1_LoadDutyValue:
  1770  007E                     btemp	set	126	;btemp
  1771  007E                     wtemp0	set	126
  1772                           
  1773                           	psect	idloc
  1774                           
  1775                           ;Config register IDLOC0 @ 0x8000
  1776                           ;	unspecified, using default values
  1777  8000                     	org	32768
  1778  8000  3FFF               	dw	16383
  1779                           
  1780                           ;Config register IDLOC1 @ 0x8001
  1781                           ;	unspecified, using default values
  1782  8001                     	org	32769
  1783  8001  3FFF               	dw	16383
  1784                           
  1785                           ;Config register IDLOC2 @ 0x8002
  1786                           ;	unspecified, using default values
  1787  8002                     	org	32770
  1788  8002  3FFF               	dw	16383
  1789                           
  1790                           ;Config register IDLOC3 @ 0x8003
  1791                           ;	unspecified, using default values
  1792  8003                     	org	32771
  1793  8003  3FFF               	dw	16383
  1794                           
  1795                           	psect	config
  1796                           
  1797                           ;Config register CONFIG1 @ 0x8007
  1798                           ;	Oscillator Selection
  1799                           ;	FOSC = INTOSC, INTOSC oscillator: I/O function on CLKIN pin
  1800                           ;	Watchdog Timer Enable
  1801                           ;	WDTE = OFF, WDT disabled
  1802                           ;	Power-up Timer Enable
  1803                           ;	PWRTE = OFF, PWRT disabled
  1804                           ;	MCLR Pin Function Select
  1805                           ;	MCLRE = ON, MCLR/VPP pin function is MCLR
  1806                           ;	Flash Program Memory Code Protection
  1807                           ;	CP = OFF, Program memory code protection is disabled
  1808                           ;	Data Memory Code Protection
  1809                           ;	CPD = OFF, Data memory code protection is disabled
  1810                           ;	Brown-out Reset Enable
  1811                           ;	BOREN = ON, Brown-out Reset enabled
  1812                           ;	Clock Out Enable
  1813                           ;	CLKOUTEN = OFF, CLKOUT function is disabled. I/O or oscillator function on the CLKOUT 
      +                          pin
  1814                           ;	Internal/External Switchover
  1815                           ;	IESO = ON, Internal/External Switchover mode is enabled
  1816                           ;	Fail-Safe Clock Monitor Enable
  1817                           ;	FCMEN = ON, Fail-Safe Clock Monitor is enabled
  1818  8007                     	org	32775
  1819  8007  3FE4               	dw	16356
  1820                           
  1821                           ;Config register CONFIG2 @ 0x8008
  1822                           ;	Flash Memory Self-Write Protection
  1823                           ;	WRT = OFF, Write protection off
  1824                           ;	PLL Enable
  1825                           ;	PLLEN = OFF, 4x PLL disabled
  1826                           ;	Stack Overflow/Underflow Reset Enable
  1827                           ;	STVREN = ON, Stack Overflow or Underflow will cause a Reset
  1828                           ;	Brown-out Reset Voltage Selection
  1829                           ;	BORV = LO, Brown-out Reset Voltage (Vbor), low trip point selected.
  1830                           ;	Low-Voltage Programming Enable
  1831                           ;	LVP = ON, Low-voltage programming enabled
  1832  8008                     	org	32776
  1833  8008  3EFF               	dw	16127

Data Sizes:
    Strings     0
    Constant    0
    Data        0
    BSS         0
    Persistent  32
    Stack       0

Auto Spaces:
    Space          Size  Autos    Used
    COMMON           14      7       7
    BANK0            80      0       0
    BANK1            80      0       0
    BANK2            80      0       0
    BANK3            80      0       0
    BANK4            48      0       0

Pointer List with Targets:

    None.

Critical Paths under _main in COMMON

    _main->_EPWM1_LoadDutyValue

Critical Paths under _main in BANK0

    None.

Critical Paths under _main in BANK1

    None.

Critical Paths under _main in BANK2

    None.

Critical Paths under _main in BANK3

    None.

Critical Paths under _main in BANK4

    None.

Call Graph Tables:

 ---------------------------------------------------------------------------------
 (Depth) Function   	        Calls       Base Space   Used Autos Params    Refs
 ---------------------------------------------------------------------------------
 (0) _main                                                 3     3      0     278
                                              4 COMMON     3     3      0
                   _EPWM1_Initialize
                _EPWM1_LoadDutyValue
                  _SYSTEM_Initialize
 ---------------------------------------------------------------------------------
 (1) _SYSTEM_Initialize                                    0     0      0       0
                   _EPWM1_Initialize
              _OSCILLATOR_Initialize
             _PIN_MANAGER_Initialize
                    _TMR2_Initialize
                     _WDT_Initialize
 ---------------------------------------------------------------------------------
 (2) _WDT_Initialize                                       0     0      0       0
 ---------------------------------------------------------------------------------
 (2) _TMR2_Initialize                                      0     0      0       0
 ---------------------------------------------------------------------------------
 (2) _PIN_MANAGER_Initialize                               0     0      0       0
 ---------------------------------------------------------------------------------
 (2) _OSCILLATOR_Initialize                                0     0      0       0
 ---------------------------------------------------------------------------------
 (2) _EPWM1_Initialize                                     0     0      0       0
 ---------------------------------------------------------------------------------
 (1) _EPWM1_LoadDutyValue                                  4     2      2     120
                                              0 COMMON     4     2      2
 ---------------------------------------------------------------------------------
 Estimated maximum stack depth 2
 ---------------------------------------------------------------------------------

 Call Graph Graphs:

 _main (ROOT)
   _EPWM1_Initialize
   _EPWM1_LoadDutyValue
   _SYSTEM_Initialize
     _EPWM1_Initialize
     _OSCILLATOR_Initialize
     _PIN_MANAGER_Initialize
     _TMR2_Initialize
     _WDT_Initialize

 Address spaces:
Name               Size   Autos  Total    Cost      Usage
BIGRAM             170      0       0       0        0.0%
EEDATA             100      0       0       0        0.0%
NULL                 0      0       0       0        0.0%
CODE                 0      0       0       0        0.0%
BITCOMMON            E      0       0       1        0.0%
BITSFR0              0      0       0       1        0.0%
SFR0                 0      0       0       1        0.0%
COMMON               E      7       7       2       50.0%
BITSFR1              0      0       0       2        0.0%
SFR1                 0      0       0       2        0.0%
BITSFR2              0      0       0       3        0.0%
SFR2                 0      0       0       3        0.0%
STACK                0      0       0       3        0.0%
BITSFR3              0      0       0       4        0.0%
SFR3                 0      0       0       4        0.0%
ABS                  0      0       0       4        0.0%
BITBANK0            50      0       0       5        0.0%
BITSFR4              0      0       0       5        0.0%
SFR4                 0      0       0       5        0.0%
BANK0               50      0       0       6        0.0%
BITSFR5              0      0       0       6        0.0%
SFR5                 0      0       0       6        0.0%
BITBANK1            50      0       0       7        0.0%
BITSFR6              0      0       0       7        0.0%
SFR6                 0      0       0       7        0.0%
BANK1               50      0       0       8        0.0%
BITSFR7              0      0       0       8        0.0%
SFR7                 0      0       0       8        0.0%
BITBANK2            50      0       0       9        0.0%
BITSFR8              0      0       0       9        0.0%
SFR8                 0      0       0       9        0.0%
BANK2               50      0       0      10        0.0%
BITSFR9              0      0       0      10        0.0%
SFR9                 0      0       0      10        0.0%
BITBANK3            50      0       0      11        0.0%
BITSFR10             0      0       0      11        0.0%
SFR10                0      0       0      11        0.0%
BANK3               50      0       0      12        0.0%
BITSFR11             0      0       0      12        0.0%
SFR11                0      0       0      12        0.0%
BITBANK4            30      0       0      13        0.0%
BITSFR12             0      0       0      13        0.0%
SFR12                0      0       0      13        0.0%
BANK4               30      0       0      14        0.0%
BITSFR13             0      0       0      14        0.0%
SFR13                0      0       0      14        0.0%
BITSFR14             0      0       0      15        0.0%
SFR14                0      0       0      15        0.0%
DATA                 0      0       0      15        0.0%
BITSFR15             0      0       0      16        0.0%
SFR15                0      0       0      16        0.0%
BITSFR16             0      0       0      17        0.0%
SFR16                0      0       0      17        0.0%
BITSFR17             0      0       0      18        0.0%
SFR17                0      0       0      18        0.0%
BITSFR18             0      0       0      19        0.0%
SFR18                0      0       0      19        0.0%
BITSFR19             0      0       0      20        0.0%
SFR19                0      0       0      20        0.0%
BITSFR20             0      0       0      21        0.0%
SFR20                0      0       0      21        0.0%
BITSFR21             0      0       0      22        0.0%
SFR21                0      0       0      22        0.0%
BITSFR22             0      0       0      23        0.0%
SFR22                0      0       0      23        0.0%
BITSFR23             0      0       0      24        0.0%
SFR23                0      0       0      24        0.0%
BITSFR24             0      0       0      25        0.0%
SFR24                0      0       0      25        0.0%
BITSFR25             0      0       0      26        0.0%
SFR25                0      0       0      26        0.0%
BITSFR26             0      0       0      27        0.0%
SFR26                0      0       0      27        0.0%
BITSFR27             0      0       0      28        0.0%
SFR27                0      0       0      28        0.0%
BITSFR28             0      0       0      29        0.0%
SFR28                0      0       0      29        0.0%
BITSFR29             0      0       0      30        0.0%
SFR29                0      0       0      30        0.0%
BITSFR30             0      0       0      31        0.0%
SFR30                0      0       0      31        0.0%
BITSFR31             0      0       0      32        0.0%
SFR31                0      0       0      32        0.0%


Microchip Technology PIC Macro Assembler V2.35 build 20211206165544 
Symbol Table                                                                                   Thu Feb 24 08:52:38 2022

                            l13 073F                              l52 078A                              l49 074D  
                            l73 075D                              l76 0737                              l79 0730  
                            l99 0798                             l100 07C1                             l106 07F5  
                           l135 0773                             l750 073C                             l760 0746  
                           l752 073D                             l840 0791                             l762 0748  
                           l754 0740                             l770 0764                             l746 0738  
                           l850 07B2                             l842 0795                             l836 0774  
                           l764 074B                             l756 0743                             l780 0734  
                           l772 0766                             l748 073B                             l860 07DB  
                           l852 07BF                             l844 079F                             l758 0744  
                           l782 0735                             l774 0769                             l766 075E  
                           l862 07E8                             l854 07C6                             l846 07A7  
                           l838 078B                             l776 076E                             l768 0761  
                           l784 072D                             l856 07CC                             l848 07AC  
                           l778 0731                             l858 07D9                             l788 074E  
                           u110 07AC                             u111 07AB                             u120 07BF  
                           u105 0783                             u121 07BE                             u130 07C6  
                           u131 07C5                             u140 07D9                             u141 07D8  
                           u125 07BB                             u150 07E8                             u151 07E7  
                           u160 07F5                             u161 07F4                             u145 07D5  
                           u170 07FA                             u171 07F9                             u155 07E4  
                           u165 07F1                             _PR2 001B                             u187 07A2  
               _TMR2_Initialize 0738                             wreg 0009                            _LATA 010C  
                          _LATB 010D                            _TMR2 001A                            _WPUA 020C  
                          _WPUB 020D                            _main 078B                            btemp 007E  
                          start 0002           ??_EPWM1_LoadDutyValue 0072   __end_of_OSCILLATOR_Initialize 0738  
                         ?_main 0070                           _T2CON 001C                           _TRISA 008C  
                         _TRISB 008D                  _WDT_Initialize 072D                           wtemp0 007E  
               __initialization 07FD                    __end_of_main 07FD         __end_of_TMR2_Initialize 0740  
                        ??_main 0074          __end_of_WDT_Initialize 0731                          _CCPR1H 0292  
                        _CCPR1L 0291                          _ANSELA 018C                          _ANSELB 018D  
                        _BORCON 0116                          _OSCCON 0099                          _WDTCON 0097  
                  _CCPTMRS0bits 029E                 ?_WDT_Initialize 0070               _SYSTEM_Initialize 074E  
       __end_of__initialization 07FD              ?_SYSTEM_Initialize 0070               ?_EPWM1_Initialize 0070  
                __pcstackCOMMON 0070             ??_SYSTEM_Initialize 0070              ??_EPWM1_Initialize 0070  
              ?_TMR2_Initialize 0070                  _OPTION_REGbits 0095       __end_of_SYSTEM_Initialize 075E  
                    __pmaintext 078B                         _CCP1CON 0293                         _ECCP1AS 0295  
                       _APFCON0 011D                         _APFCON1 011E                         _OSCTUNE 0098  
                       _PWM1CON 0294     __end_of_EPWM1_LoadDutyValue 078B                         __ptext1 074E  
                       __ptext2 072D                         __ptext3 0738                         __ptext4 075E  
                       __ptext5 0731                         __ptext6 0740                         __ptext7 0774  
         _OSCILLATOR_Initialize 0731                       _T2CONbits 001C        ??_PIN_MANAGER_Initialize 0070  
          end_of_initialization 07FD                ??_WDT_Initialize 0070                       _PORTAbits 000C  
                     _PORTBbits 000D          ?_OSCILLATOR_Initialize 0070             start_initialization 07FD  
  EPWM1_LoadDutyValue@dutyValue 0070                       ___latbits 0001          _PIN_MANAGER_Initialize 075E  
                      _PIR1bits 0011                        _PSTR1CON 0296                _EPWM1_Initialize 0740  
             ??_TMR2_Initialize 0070         ??_OSCILLATOR_Initialize 0070                        main@duty 0075  
       ?_PIN_MANAGER_Initialize 0070             _EPWM1_LoadDutyValue 0774  __end_of_PIN_MANAGER_Initialize 0774  
      __end_of_EPWM1_Initialize 074E            ?_EPWM1_LoadDutyValue 0070  
