

Microchip MPLAB XC8 Assembler V2.31 build 20201012212115 
                                                                                               Thu Sep 30 10:53:56 2021

Microchip MPLAB XC8 C Compiler v2.31 (Free license) build 20201012212115 Og1 
     1                           	processor	16F1827
     2                           	pagewidth 120
     3                           	opt	flic
     4                           	psect	cinit,global,class=CODE,merge=1,delta=2
     5                           	psect	cstackCOMMON,global,class=COMMON,space=1,delta=1,noexec
     6                           	psect	maintext,global,class=CODE,merge=1,split=1,delta=2
     7                           	psect	text1,local,class=CODE,merge=1,delta=2
     8                           	psect	text2,local,class=CODE,merge=1,delta=2
     9                           	psect	text3,local,class=CODE,merge=1,delta=2
    10                           	psect	text4,local,class=CODE,merge=1,delta=2
    11                           	psect	config,global,abs,ovrld,class=CONFIG,space=4,delta=2,noexec
    12                           	dabs	1,0x7E,2
    13  0000                     
    14                           ; Version 2.20
    15                           ; Generated 12/02/2020 GMT
    16                           ; 
    17                           ; Copyright © 2020, Microchip Technology Inc. and its subsidiaries ("Microchip")
    18                           ; All rights reserved.
    19                           ; 
    20                           ; This software is developed by Microchip Technology Inc. and its subsidiaries ("Microch
      +                          ip").
    21                           ; 
    22                           ; Redistribution and use in source and binary forms, with or without modification, are
    23                           ; permitted provided that the following conditions are met:
    24                           ; 
    25                           ;     1. Redistributions of source code must retain the above copyright notice, this lis
      +                          t of
    26                           ;        conditions and the following disclaimer.
    27                           ; 
    28                           ;     2. Redistributions in binary form must reproduce the above copyright notice, this 
      +                          list
    29                           ;        of conditions and the following disclaimer in the documentation and/or other
    30                           ;        materials provided with the distribution.
    31                           ; 
    32                           ;     3. Microchip's name may not be used to endorse or promote products derived from th
      +                          is
    33                           ;        software without specific prior written permission.
    34                           ; 
    35                           ; THIS SOFTWARE IS PROVIDED BY MICROCHIP "AS IS" AND ANY EXPRESS OR IMPLIED WARRANTIES,
    36                           ; INCLUDING, BUT NOT LIMITED TO, THE IMPLIED WARRANTIES OF MERCHANTABILITY AND FITNESS F
      +                          OR
    37                           ; PURPOSE ARE DISCLAIMED.  IN NO EVENT SHALL MICROCHIP BE LIABLE FOR ANY DIRECT, INDIREC
      +                          T,
    38                           ; INCIDENTAL, SPECIAL, EXEMPLARY, OR CONSEQUENTIAL DAMAGES (INCLUDING BUT NOT LIMITED TO
    39                           ; PROCUREMENT OF SUBSTITUTE GOODS OR SERVICES; LOSS OF USE, DATA OR PROFITS; OR BUSINESS
    40                           ; INTERRUPTION) HOWSOEVER CAUSED AND ON ANY THEORY OF LIABILITY, WHETHER IN CONTRACT, ST
      +                          RICT
    41                           ; LIABILITY, OR TORT (INCLUDING NEGLIGENCE OR OTHERWISE) ARISING IN ANY WAY OUT OF THE U
      +                          SE OF
    42                           ; THIS SOFTWARE, EVEN IF ADVISED OF THE POSSIBILITY OF SUCH DAMAGE.
    43                           ; 
    44                           ; 
    45                           ; Code-generator required, PIC16F1827 Definitions
    46                           ; 
    47                           ; SFR Addresses
    48  0000                     	;# 
    49  0001                     	;# 
    50  0002                     	;# 
    51  0003                     	;# 
    52  0004                     	;# 
    53  0005                     	;# 
    54  0006                     	;# 
    55  0007                     	;# 
    56  0008                     	;# 
    57  0009                     	;# 
    58  000A                     	;# 
    59  000B                     	;# 
    60  000C                     	;# 
    61  000D                     	;# 
    62  0011                     	;# 
    63  0012                     	;# 
    64  0013                     	;# 
    65  0014                     	;# 
    66  0015                     	;# 
    67  0016                     	;# 
    68  0016                     	;# 
    69  0017                     	;# 
    70  0018                     	;# 
    71  0019                     	;# 
    72  001A                     	;# 
    73  001B                     	;# 
    74  001C                     	;# 
    75  001E                     	;# 
    76  001F                     	;# 
    77  008C                     	;# 
    78  008D                     	;# 
    79  0091                     	;# 
    80  0092                     	;# 
    81  0093                     	;# 
    82  0094                     	;# 
    83  0095                     	;# 
    84  0096                     	;# 
    85  0097                     	;# 
    86  0098                     	;# 
    87  0099                     	;# 
    88  009A                     	;# 
    89  009B                     	;# 
    90  009B                     	;# 
    91  009C                     	;# 
    92  009D                     	;# 
    93  009E                     	;# 
    94  010C                     	;# 
    95  010D                     	;# 
    96  0111                     	;# 
    97  0112                     	;# 
    98  0113                     	;# 
    99  0114                     	;# 
   100  0115                     	;# 
   101  0116                     	;# 
   102  0117                     	;# 
   103  0118                     	;# 
   104  0119                     	;# 
   105  011A                     	;# 
   106  011B                     	;# 
   107  011D                     	;# 
   108  011E                     	;# 
   109  018C                     	;# 
   110  018D                     	;# 
   111  0191                     	;# 
   112  0191                     	;# 
   113  0192                     	;# 
   114  0193                     	;# 
   115  0193                     	;# 
   116  0193                     	;# 
   117  0194                     	;# 
   118  0195                     	;# 
   119  0196                     	;# 
   120  0199                     	;# 
   121  019A                     	;# 
   122  019B                     	;# 
   123  019B                     	;# 
   124  019B                     	;# 
   125  019B                     	;# 
   126  019C                     	;# 
   127  019C                     	;# 
   128  019D                     	;# 
   129  019E                     	;# 
   130  019F                     	;# 
   131  020C                     	;# 
   132  020D                     	;# 
   133  0211                     	;# 
   134  0211                     	;# 
   135  0212                     	;# 
   136  0212                     	;# 
   137  0213                     	;# 
   138  0213                     	;# 
   139  0214                     	;# 
   140  0214                     	;# 
   141  0215                     	;# 
   142  0215                     	;# 
   143  0215                     	;# 
   144  0216                     	;# 
   145  0216                     	;# 
   146  0217                     	;# 
   147  0217                     	;# 
   148  0219                     	;# 
   149  021A                     	;# 
   150  021B                     	;# 
   151  021C                     	;# 
   152  021D                     	;# 
   153  021E                     	;# 
   154  021F                     	;# 
   155  0291                     	;# 
   156  0291                     	;# 
   157  0292                     	;# 
   158  0293                     	;# 
   159  0294                     	;# 
   160  0295                     	;# 
   161  0295                     	;# 
   162  0296                     	;# 
   163  0298                     	;# 
   164  0298                     	;# 
   165  0299                     	;# 
   166  029A                     	;# 
   167  029B                     	;# 
   168  029C                     	;# 
   169  029C                     	;# 
   170  029D                     	;# 
   171  029E                     	;# 
   172  029E                     	;# 
   173  0311                     	;# 
   174  0311                     	;# 
   175  0312                     	;# 
   176  0313                     	;# 
   177  0318                     	;# 
   178  0318                     	;# 
   179  0319                     	;# 
   180  031A                     	;# 
   181  0394                     	;# 
   182  0395                     	;# 
   183  0396                     	;# 
   184  039A                     	;# 
   185  039C                     	;# 
   186  039D                     	;# 
   187  039E                     	;# 
   188  039F                     	;# 
   189  0415                     	;# 
   190  0416                     	;# 
   191  0417                     	;# 
   192  041C                     	;# 
   193  041D                     	;# 
   194  041E                     	;# 
   195  0FE4                     	;# 
   196  0FE5                     	;# 
   197  0FE6                     	;# 
   198  0FE7                     	;# 
   199  0FE8                     	;# 
   200  0FE9                     	;# 
   201  0FEA                     	;# 
   202  0FEB                     	;# 
   203  0FED                     	;# 
   204  0FEE                     	;# 
   205  0FEF                     	;# 
   206  0000                     	;# 
   207  0001                     	;# 
   208  0002                     	;# 
   209  0003                     	;# 
   210  0004                     	;# 
   211  0005                     	;# 
   212  0006                     	;# 
   213  0007                     	;# 
   214  0008                     	;# 
   215  0009                     	;# 
   216  000A                     	;# 
   217  000B                     	;# 
   218  000C                     	;# 
   219  000D                     	;# 
   220  0011                     	;# 
   221  0012                     	;# 
   222  0013                     	;# 
   223  0014                     	;# 
   224  0015                     	;# 
   225  0016                     	;# 
   226  0016                     	;# 
   227  0017                     	;# 
   228  0018                     	;# 
   229  0019                     	;# 
   230  001A                     	;# 
   231  001B                     	;# 
   232  001C                     	;# 
   233  001E                     	;# 
   234  001F                     	;# 
   235  008C                     	;# 
   236  008D                     	;# 
   237  0091                     	;# 
   238  0092                     	;# 
   239  0093                     	;# 
   240  0094                     	;# 
   241  0095                     	;# 
   242  0096                     	;# 
   243  0097                     	;# 
   244  0098                     	;# 
   245  0099                     	;# 
   246  009A                     	;# 
   247  009B                     	;# 
   248  009B                     	;# 
   249  009C                     	;# 
   250  009D                     	;# 
   251  009E                     	;# 
   252  010C                     	;# 
   253  010D                     	;# 
   254  0111                     	;# 
   255  0112                     	;# 
   256  0113                     	;# 
   257  0114                     	;# 
   258  0115                     	;# 
   259  0116                     	;# 
   260  0117                     	;# 
   261  0118                     	;# 
   262  0119                     	;# 
   263  011A                     	;# 
   264  011B                     	;# 
   265  011D                     	;# 
   266  011E                     	;# 
   267  018C                     	;# 
   268  018D                     	;# 
   269  0191                     	;# 
   270  0191                     	;# 
   271  0192                     	;# 
   272  0193                     	;# 
   273  0193                     	;# 
   274  0193                     	;# 
   275  0194                     	;# 
   276  0195                     	;# 
   277  0196                     	;# 
   278  0199                     	;# 
   279  019A                     	;# 
   280  019B                     	;# 
   281  019B                     	;# 
   282  019B                     	;# 
   283  019B                     	;# 
   284  019C                     	;# 
   285  019C                     	;# 
   286  019D                     	;# 
   287  019E                     	;# 
   288  019F                     	;# 
   289  020C                     	;# 
   290  020D                     	;# 
   291  0211                     	;# 
   292  0211                     	;# 
   293  0212                     	;# 
   294  0212                     	;# 
   295  0213                     	;# 
   296  0213                     	;# 
   297  0214                     	;# 
   298  0214                     	;# 
   299  0215                     	;# 
   300  0215                     	;# 
   301  0215                     	;# 
   302  0216                     	;# 
   303  0216                     	;# 
   304  0217                     	;# 
   305  0217                     	;# 
   306  0219                     	;# 
   307  021A                     	;# 
   308  021B                     	;# 
   309  021C                     	;# 
   310  021D                     	;# 
   311  021E                     	;# 
   312  021F                     	;# 
   313  0291                     	;# 
   314  0291                     	;# 
   315  0292                     	;# 
   316  0293                     	;# 
   317  0294                     	;# 
   318  0295                     	;# 
   319  0295                     	;# 
   320  0296                     	;# 
   321  0298                     	;# 
   322  0298                     	;# 
   323  0299                     	;# 
   324  029A                     	;# 
   325  029B                     	;# 
   326  029C                     	;# 
   327  029C                     	;# 
   328  029D                     	;# 
   329  029E                     	;# 
   330  029E                     	;# 
   331  0311                     	;# 
   332  0311                     	;# 
   333  0312                     	;# 
   334  0313                     	;# 
   335  0318                     	;# 
   336  0318                     	;# 
   337  0319                     	;# 
   338  031A                     	;# 
   339  0394                     	;# 
   340  0395                     	;# 
   341  0396                     	;# 
   342  039A                     	;# 
   343  039C                     	;# 
   344  039D                     	;# 
   345  039E                     	;# 
   346  039F                     	;# 
   347  0415                     	;# 
   348  0416                     	;# 
   349  0417                     	;# 
   350  041C                     	;# 
   351  041D                     	;# 
   352  041E                     	;# 
   353  0FE4                     	;# 
   354  0FE5                     	;# 
   355  0FE6                     	;# 
   356  0FE7                     	;# 
   357  0FE8                     	;# 
   358  0FE9                     	;# 
   359  0FEA                     	;# 
   360  0FEB                     	;# 
   361  0FED                     	;# 
   362  0FEE                     	;# 
   363  0FEF                     	;# 
   364  0000                     	;# 
   365  0001                     	;# 
   366  0002                     	;# 
   367  0003                     	;# 
   368  0004                     	;# 
   369  0005                     	;# 
   370  0006                     	;# 
   371  0007                     	;# 
   372  0008                     	;# 
   373  0009                     	;# 
   374  000A                     	;# 
   375  000B                     	;# 
   376  000C                     	;# 
   377  000D                     	;# 
   378  0011                     	;# 
   379  0012                     	;# 
   380  0013                     	;# 
   381  0014                     	;# 
   382  0015                     	;# 
   383  0016                     	;# 
   384  0016                     	;# 
   385  0017                     	;# 
   386  0018                     	;# 
   387  0019                     	;# 
   388  001A                     	;# 
   389  001B                     	;# 
   390  001C                     	;# 
   391  001E                     	;# 
   392  001F                     	;# 
   393  008C                     	;# 
   394  008D                     	;# 
   395  0091                     	;# 
   396  0092                     	;# 
   397  0093                     	;# 
   398  0094                     	;# 
   399  0095                     	;# 
   400  0096                     	;# 
   401  0097                     	;# 
   402  0098                     	;# 
   403  0099                     	;# 
   404  009A                     	;# 
   405  009B                     	;# 
   406  009B                     	;# 
   407  009C                     	;# 
   408  009D                     	;# 
   409  009E                     	;# 
   410  010C                     	;# 
   411  010D                     	;# 
   412  0111                     	;# 
   413  0112                     	;# 
   414  0113                     	;# 
   415  0114                     	;# 
   416  0115                     	;# 
   417  0116                     	;# 
   418  0117                     	;# 
   419  0118                     	;# 
   420  0119                     	;# 
   421  011A                     	;# 
   422  011B                     	;# 
   423  011D                     	;# 
   424  011E                     	;# 
   425  018C                     	;# 
   426  018D                     	;# 
   427  0191                     	;# 
   428  0191                     	;# 
   429  0192                     	;# 
   430  0193                     	;# 
   431  0193                     	;# 
   432  0193                     	;# 
   433  0194                     	;# 
   434  0195                     	;# 
   435  0196                     	;# 
   436  0199                     	;# 
   437  019A                     	;# 
   438  019B                     	;# 
   439  019B                     	;# 
   440  019B                     	;# 
   441  019B                     	;# 
   442  019C                     	;# 
   443  019C                     	;# 
   444  019D                     	;# 
   445  019E                     	;# 
   446  019F                     	;# 
   447  020C                     	;# 
   448  020D                     	;# 
   449  0211                     	;# 
   450  0211                     	;# 
   451  0212                     	;# 
   452  0212                     	;# 
   453  0213                     	;# 
   454  0213                     	;# 
   455  0214                     	;# 
   456  0214                     	;# 
   457  0215                     	;# 
   458  0215                     	;# 
   459  0215                     	;# 
   460  0216                     	;# 
   461  0216                     	;# 
   462  0217                     	;# 
   463  0217                     	;# 
   464  0219                     	;# 
   465  021A                     	;# 
   466  021B                     	;# 
   467  021C                     	;# 
   468  021D                     	;# 
   469  021E                     	;# 
   470  021F                     	;# 
   471  0291                     	;# 
   472  0291                     	;# 
   473  0292                     	;# 
   474  0293                     	;# 
   475  0294                     	;# 
   476  0295                     	;# 
   477  0295                     	;# 
   478  0296                     	;# 
   479  0298                     	;# 
   480  0298                     	;# 
   481  0299                     	;# 
   482  029A                     	;# 
   483  029B                     	;# 
   484  029C                     	;# 
   485  029C                     	;# 
   486  029D                     	;# 
   487  029E                     	;# 
   488  029E                     	;# 
   489  0311                     	;# 
   490  0311                     	;# 
   491  0312                     	;# 
   492  0313                     	;# 
   493  0318                     	;# 
   494  0318                     	;# 
   495  0319                     	;# 
   496  031A                     	;# 
   497  0394                     	;# 
   498  0395                     	;# 
   499  0396                     	;# 
   500  039A                     	;# 
   501  039C                     	;# 
   502  039D                     	;# 
   503  039E                     	;# 
   504  039F                     	;# 
   505  0415                     	;# 
   506  0416                     	;# 
   507  0417                     	;# 
   508  041C                     	;# 
   509  041D                     	;# 
   510  041E                     	;# 
   511  0FE4                     	;# 
   512  0FE5                     	;# 
   513  0FE6                     	;# 
   514  0FE7                     	;# 
   515  0FE8                     	;# 
   516  0FE9                     	;# 
   517  0FEA                     	;# 
   518  0FEB                     	;# 
   519  0FED                     	;# 
   520  0FEE                     	;# 
   521  0FEF                     	;# 
   522  0000                     	;# 
   523  0001                     	;# 
   524  0002                     	;# 
   525  0003                     	;# 
   526  0004                     	;# 
   527  0005                     	;# 
   528  0006                     	;# 
   529  0007                     	;# 
   530  0008                     	;# 
   531  0009                     	;# 
   532  000A                     	;# 
   533  000B                     	;# 
   534  000C                     	;# 
   535  000D                     	;# 
   536  0011                     	;# 
   537  0012                     	;# 
   538  0013                     	;# 
   539  0014                     	;# 
   540  0015                     	;# 
   541  0016                     	;# 
   542  0016                     	;# 
   543  0017                     	;# 
   544  0018                     	;# 
   545  0019                     	;# 
   546  001A                     	;# 
   547  001B                     	;# 
   548  001C                     	;# 
   549  001E                     	;# 
   550  001F                     	;# 
   551  008C                     	;# 
   552  008D                     	;# 
   553  0091                     	;# 
   554  0092                     	;# 
   555  0093                     	;# 
   556  0094                     	;# 
   557  0095                     	;# 
   558  0096                     	;# 
   559  0097                     	;# 
   560  0098                     	;# 
   561  0099                     	;# 
   562  009A                     	;# 
   563  009B                     	;# 
   564  009B                     	;# 
   565  009C                     	;# 
   566  009D                     	;# 
   567  009E                     	;# 
   568  010C                     	;# 
   569  010D                     	;# 
   570  0111                     	;# 
   571  0112                     	;# 
   572  0113                     	;# 
   573  0114                     	;# 
   574  0115                     	;# 
   575  0116                     	;# 
   576  0117                     	;# 
   577  0118                     	;# 
   578  0119                     	;# 
   579  011A                     	;# 
   580  011B                     	;# 
   581  011D                     	;# 
   582  011E                     	;# 
   583  018C                     	;# 
   584  018D                     	;# 
   585  0191                     	;# 
   586  0191                     	;# 
   587  0192                     	;# 
   588  0193                     	;# 
   589  0193                     	;# 
   590  0193                     	;# 
   591  0194                     	;# 
   592  0195                     	;# 
   593  0196                     	;# 
   594  0199                     	;# 
   595  019A                     	;# 
   596  019B                     	;# 
   597  019B                     	;# 
   598  019B                     	;# 
   599  019B                     	;# 
   600  019C                     	;# 
   601  019C                     	;# 
   602  019D                     	;# 
   603  019E                     	;# 
   604  019F                     	;# 
   605  020C                     	;# 
   606  020D                     	;# 
   607  0211                     	;# 
   608  0211                     	;# 
   609  0212                     	;# 
   610  0212                     	;# 
   611  0213                     	;# 
   612  0213                     	;# 
   613  0214                     	;# 
   614  0214                     	;# 
   615  0215                     	;# 
   616  0215                     	;# 
   617  0215                     	;# 
   618  0216                     	;# 
   619  0216                     	;# 
   620  0217                     	;# 
   621  0217                     	;# 
   622  0219                     	;# 
   623  021A                     	;# 
   624  021B                     	;# 
   625  021C                     	;# 
   626  021D                     	;# 
   627  021E                     	;# 
   628  021F                     	;# 
   629  0291                     	;# 
   630  0291                     	;# 
   631  0292                     	;# 
   632  0293                     	;# 
   633  0294                     	;# 
   634  0295                     	;# 
   635  0295                     	;# 
   636  0296                     	;# 
   637  0298                     	;# 
   638  0298                     	;# 
   639  0299                     	;# 
   640  029A                     	;# 
   641  029B                     	;# 
   642  029C                     	;# 
   643  029C                     	;# 
   644  029D                     	;# 
   645  029E                     	;# 
   646  029E                     	;# 
   647  0311                     	;# 
   648  0311                     	;# 
   649  0312                     	;# 
   650  0313                     	;# 
   651  0318                     	;# 
   652  0318                     	;# 
   653  0319                     	;# 
   654  031A                     	;# 
   655  0394                     	;# 
   656  0395                     	;# 
   657  0396                     	;# 
   658  039A                     	;# 
   659  039C                     	;# 
   660  039D                     	;# 
   661  039E                     	;# 
   662  039F                     	;# 
   663  0415                     	;# 
   664  0416                     	;# 
   665  0417                     	;# 
   666  041C                     	;# 
   667  041D                     	;# 
   668  041E                     	;# 
   669  0FE4                     	;# 
   670  0FE5                     	;# 
   671  0FE6                     	;# 
   672  0FE7                     	;# 
   673  0FE8                     	;# 
   674  0FE9                     	;# 
   675  0FEA                     	;# 
   676  0FEB                     	;# 
   677  0FED                     	;# 
   678  0FEE                     	;# 
   679  0FEF                     	;# 
   680  000C                     _PORTAbits	set	12
   681  000D                     _PORTB	set	13
   682  0097                     _WDTCON	set	151
   683  0098                     _OSCTUNE	set	152
   684  0099                     _OSCCON	set	153
   685  0095                     _OPTION_REGbits	set	149
   686  008D                     _TRISB	set	141
   687  008C                     _TRISA	set	140
   688  0116                     _BORCON	set	278
   689  011E                     _APFCON1	set	286
   690  011D                     _APFCON0	set	285
   691  010D                     _LATB	set	269
   692  010C                     _LATA	set	268
   693  018C                     _ANSELA	set	396
   694  018D                     _ANSELB	set	397
   695  020C                     _WPUA	set	524
   696  020D                     _WPUB	set	525
   697                           
   698                           	psect	cinit
   699  07FD                     start_initialization:	
   700                           ; #config settings
   701                           
   702  07FD                     __initialization:
   703  07FD                     end_of_initialization:	
   704                           ;End of C runtime variable initialization code
   705                           
   706  07FD                     __end_of__initialization:
   707  07FD  0020               	movlb	0
   708  07FE  3187  2F11         	ljmp	_main	;jump to C main() function
   709                           
   710                           	psect	cstackCOMMON
   711  0070                     __pcstackCOMMON:
   712  0070                     ?_SYSTEM_Initialize:
   713  0070                     ??_SYSTEM_Initialize:	
   714                           ; 1 bytes @ 0x0
   715                           
   716  0070                     ?_OSCILLATOR_Initialize:	
   717                           ; 1 bytes @ 0x0
   718                           
   719  0070                     ??_OSCILLATOR_Initialize:	
   720                           ; 1 bytes @ 0x0
   721                           
   722  0070                     ?_WDT_Initialize:	
   723                           ; 1 bytes @ 0x0
   724                           
   725  0070                     ??_WDT_Initialize:	
   726                           ; 1 bytes @ 0x0
   727                           
   728  0070                     ?_main:	
   729                           ; 1 bytes @ 0x0
   730                           
   731  0070                     ??_main:	
   732                           ; 1 bytes @ 0x0
   733                           
   734  0070                     ?_PIN_MANAGER_Initialize:	
   735                           ; 1 bytes @ 0x0
   736                           
   737  0070                     ??_PIN_MANAGER_Initialize:	
   738                           ; 1 bytes @ 0x0
   739                           
   740                           
   741                           ; 1 bytes @ 0x0
   742  0070                     	ds	1
   743                           
   744                           	psect	maintext
   745  0711                     __pmaintext:	
   746 ;;
   747 ;;Main: autosize = 0, tempsize = 1, incstack = 0, save=0
   748 ;;
   749 ;; *************** function _main *****************
   750 ;; Defined at:
   751 ;;		line 52 in file "main.c"
   752 ;; Parameters:    Size  Location     Type
   753 ;;		None
   754 ;; Auto vars:     Size  Location     Type
   755 ;;  count           1    0        unsigned char 
   756 ;; Return value:  Size  Location     Type
   757 ;;                  1    wreg      void 
   758 ;; Registers used:
   759 ;;		wreg, status,2, status,0, pclath, cstack
   760 ;; Tracked objects:
   761 ;;		On entry : B1F/0
   762 ;;		On exit  : 0/0
   763 ;;		Unchanged: 0/0
   764 ;; Data sizes:     COMMON   BANK0   BANK1   BANK2   BANK3   BANK4
   765 ;;      Params:         0       0       0       0       0       0
   766 ;;      Locals:         0       0       0       0       0       0
   767 ;;      Temps:          1       0       0       0       0       0
   768 ;;      Totals:         1       0       0       0       0       0
   769 ;;Total ram usage:        1 bytes
   770 ;; Hardware stack levels required when called:    2
   771 ;; This function calls:
   772 ;;		_SYSTEM_Initialize
   773 ;; This function is called by:
   774 ;;		Startup code after reset
   775 ;; This function uses a non-reentrant model
   776 ;;
   777                           
   778                           
   779                           ;psect for function _main
   780  0711                     _main:
   781  0711                     l710:	
   782                           ;incstack = 0
   783                           ; Regs used in _main: [wreg+status,2+status,0+pclath+cstack]
   784                           
   785                           
   786                           ;main.c: 55:     SYSTEM_Initialize();
   787  0711  3186  26F4  3187   	fcall	_SYSTEM_Initialize
   788  0714                     l712:
   789                           
   790                           ;main.c: 60:         PORTB = 0b00000001;
   791  0714  3001               	movlw	1
   792  0715  0020               	movlb	0	; select bank0
   793  0716  008D               	movwf	13	;volatile
   794  0717                     l714:
   795                           
   796                           ;main.c: 61:         _delay((unsigned long)((100)*(4000000/4000.0)));
   797  0717  3082               	movlw	130
   798  0718  00F0               	movwf	??_main
   799  0719  30DE               	movlw	222
   800  071A                     u47:
   801  071A  0B89               	decfsz	9,f
   802  071B  2F1A               	goto	u47
   803  071C  0BF0               	decfsz	??_main,f
   804  071D  2F1A               	goto	u47
   805  071E                     l716:
   806                           
   807                           ;main.c: 62:         PORTB = 0B00000010;
   808  071E  3002               	movlw	2
   809  071F  0020               	movlb	0	; select bank0
   810  0720  008D               	movwf	13	;volatile
   811  0721                     l718:
   812                           
   813                           ;main.c: 63:         _delay((unsigned long)((100)*(4000000/4000.0)));
   814  0721  3082               	movlw	130
   815  0722  00F0               	movwf	??_main
   816  0723  30DE               	movlw	222
   817  0724                     u57:
   818  0724  0B89               	decfsz	9,f
   819  0725  2F24               	goto	u57
   820  0726  0BF0               	decfsz	??_main,f
   821  0727  2F24               	goto	u57
   822  0728                     l720:
   823                           
   824                           ;main.c: 64:         PORTB = 0b00000100;
   825  0728  3004               	movlw	4
   826  0729  0020               	movlb	0	; select bank0
   827  072A  008D               	movwf	13	;volatile
   828  072B                     l722:
   829                           
   830                           ;main.c: 65:         _delay((unsigned long)((100)*(4000000/4000.0)));
   831  072B  3082               	movlw	130
   832  072C  00F0               	movwf	??_main
   833  072D  30DE               	movlw	222
   834  072E                     u67:
   835  072E  0B89               	decfsz	9,f
   836  072F  2F2E               	goto	u67
   837  0730  0BF0               	decfsz	??_main,f
   838  0731  2F2E               	goto	u67
   839  0732                     l724:
   840                           
   841                           ;main.c: 66:         PORTB = 0b00001000;
   842  0732  3008               	movlw	8
   843  0733  0020               	movlb	0	; select bank0
   844  0734  008D               	movwf	13	;volatile
   845  0735                     l726:
   846                           
   847                           ;main.c: 67:         _delay((unsigned long)((100)*(4000000/4000.0)));
   848  0735  3082               	movlw	130
   849  0736  00F0               	movwf	??_main
   850  0737  30DE               	movlw	222
   851  0738                     u77:
   852  0738  0B89               	decfsz	9,f
   853  0739  2F38               	goto	u77
   854  073A  0BF0               	decfsz	??_main,f
   855  073B  2F38               	goto	u77
   856  073C                     l728:
   857                           
   858                           ;main.c: 69:         PORTAbits.RA1 = 1;
   859  073C  0020               	movlb	0	; select bank0
   860  073D  148C               	bsf	12,1	;volatile
   861  073E                     l730:
   862                           
   863                           ;main.c: 70:         PORTB = 0b00001000;
   864  073E  3008               	movlw	8
   865  073F  008D               	movwf	13	;volatile
   866  0740                     l732:
   867                           
   868                           ;main.c: 71:         _delay((unsigned long)((100)*(4000000/4000.0)));
   869  0740  3082               	movlw	130
   870  0741  00F0               	movwf	??_main
   871  0742  30DE               	movlw	222
   872  0743                     u87:
   873  0743  0B89               	decfsz	9,f
   874  0744  2F43               	goto	u87
   875  0745  0BF0               	decfsz	??_main,f
   876  0746  2F43               	goto	u87
   877  0747                     l734:
   878                           
   879                           ;main.c: 72:         PORTAbits.RA1 = 0;
   880  0747  0020               	movlb	0	; select bank0
   881  0748  108C               	bcf	12,1	;volatile
   882  0749                     l736:
   883                           
   884                           ;main.c: 74:         PORTAbits.RA0 = 1;
   885  0749  140C               	bsf	12,0	;volatile
   886  074A                     l738:
   887                           
   888                           ;main.c: 75:         PORTB = 0b00001000;
   889  074A  3008               	movlw	8
   890  074B  008D               	movwf	13	;volatile
   891  074C                     l740:
   892                           
   893                           ;main.c: 76:         _delay((unsigned long)((100)*(4000000/4000.0)));
   894  074C  3082               	movlw	130
   895  074D  00F0               	movwf	??_main
   896  074E  30DE               	movlw	222
   897  074F                     u97:
   898  074F  0B89               	decfsz	9,f
   899  0750  2F4F               	goto	u97
   900  0751  0BF0               	decfsz	??_main,f
   901  0752  2F4F               	goto	u97
   902  0753                     l742:
   903                           
   904                           ;main.c: 77:         PORTB = 0b00010000;
   905  0753  3010               	movlw	16
   906  0754  0020               	movlb	0	; select bank0
   907  0755  008D               	movwf	13	;volatile
   908  0756                     l744:
   909                           
   910                           ;main.c: 78:         _delay((unsigned long)((100)*(4000000/4000.0)));
   911  0756  3082               	movlw	130
   912  0757  00F0               	movwf	??_main
   913  0758  30DE               	movlw	222
   914  0759                     u107:
   915  0759  0B89               	decfsz	9,f
   916  075A  2F59               	goto	u107
   917  075B  0BF0               	decfsz	??_main,f
   918  075C  2F59               	goto	u107
   919  075D                     l746:
   920                           
   921                           ;main.c: 79:         PORTB = 0b00100000;
   922  075D  3020               	movlw	32
   923  075E  0020               	movlb	0	; select bank0
   924  075F  008D               	movwf	13	;volatile
   925  0760                     l748:
   926                           
   927                           ;main.c: 80:         _delay((unsigned long)((100)*(4000000/4000.0)));
   928  0760  3082               	movlw	130
   929  0761  00F0               	movwf	??_main
   930  0762  30DE               	movlw	222
   931  0763                     u117:
   932  0763  0B89               	decfsz	9,f
   933  0764  2F63               	goto	u117
   934  0765  0BF0               	decfsz	??_main,f
   935  0766  2F63               	goto	u117
   936  0767                     l750:
   937                           
   938                           ;main.c: 81:         PORTB = 0B00000001;
   939  0767  3001               	movlw	1
   940  0768  0020               	movlb	0	; select bank0
   941  0769  008D               	movwf	13	;volatile
   942  076A                     l752:
   943                           
   944                           ;main.c: 82:         _delay((unsigned long)((100)*(4000000/4000.0)));
   945  076A  3082               	movlw	130
   946  076B  00F0               	movwf	??_main
   947  076C  30DE               	movlw	222
   948  076D                     u127:
   949  076D  0B89               	decfsz	9,f
   950  076E  2F6D               	goto	u127
   951  076F  0BF0               	decfsz	??_main,f
   952  0770  2F6D               	goto	u127
   953  0771                     l754:
   954                           
   955                           ;main.c: 83:         PORTAbits.RA0 = 0;
   956  0771  0020               	movlb	0	; select bank0
   957  0772  100C               	bcf	12,0	;volatile
   958  0773                     l756:
   959                           
   960                           ;main.c: 86:        if(PORTAbits.RA2 == 1){
   961  0773  1D0C               	btfss	12,2	;volatile
   962  0774  2F76               	goto	u11
   963  0775  2F77               	goto	u10
   964  0776                     u11:
   965  0776  2FEE               	goto	l14
   966  0777                     u10:
   967  0777                     l758:
   968                           
   969                           ;main.c: 89:                PORTB = 0b00000001;
   970  0777  3001               	movlw	1
   971  0778  008D               	movwf	13	;volatile
   972  0779                     l760:
   973                           
   974                           ;main.c: 90:                 PORTAbits.RA0 = 0;
   975  0779  100C               	bcf	12,0	;volatile
   976  077A                     l762:
   977                           
   978                           ;main.c: 92:                 PORTAbits.RA1 = 1;
   979  077A  148C               	bsf	12,1	;volatile
   980                           
   981                           ;main.c: 93:                 PORTB = 0b00000001;
   982  077B  3001               	movlw	1
   983  077C  008D               	movwf	13	;volatile
   984                           
   985                           ;main.c: 94:                 _delay((unsigned long)((100)*(4000000/4000.0)));
   986  077D  3082               	movlw	130
   987  077E  00F0               	movwf	??_main
   988  077F  30DE               	movlw	222
   989  0780                     u137:
   990  0780  0B89               	decfsz	9,f
   991  0781  2F80               	goto	u137
   992  0782  0BF0               	decfsz	??_main,f
   993  0783  2F80               	goto	u137
   994  0784                     l764:
   995                           
   996                           ;main.c: 95:                 PORTAbits.RA1 = 0;
   997  0784  0020               	movlb	0	; select bank0
   998  0785  108C               	bcf	12,1	;volatile
   999                           
  1000                           ;main.c: 97:                 PORTB = 0b00000001;
  1001  0786  3001               	movlw	1
  1002  0787  008D               	movwf	13	;volatile
  1003                           
  1004                           ;main.c: 98:                 _delay((unsigned long)((100)*(4000000/4000.0)));
  1005  0788  3082               	movlw	130
  1006  0789  00F0               	movwf	??_main
  1007  078A  30DE               	movlw	222
  1008  078B                     u147:
  1009  078B  0B89               	decfsz	9,f
  1010  078C  2F8B               	goto	u147
  1011  078D  0BF0               	decfsz	??_main,f
  1012  078E  2F8B               	goto	u147
  1013                           
  1014                           ;main.c: 99:                 PORTB = 0B00000010;
  1015  078F  3002               	movlw	2
  1016  0790  0020               	movlb	0	; select bank0
  1017  0791  008D               	movwf	13	;volatile
  1018                           
  1019                           ;main.c: 100:                 _delay((unsigned long)((100)*(4000000/4000.0)));
  1020  0792  3082               	movlw	130
  1021  0793  00F0               	movwf	??_main
  1022  0794  30DE               	movlw	222
  1023  0795                     u157:
  1024  0795  0B89               	decfsz	9,f
  1025  0796  2F95               	goto	u157
  1026  0797  0BF0               	decfsz	??_main,f
  1027  0798  2F95               	goto	u157
  1028                           
  1029                           ;main.c: 101:                 PORTB = 0b00000100;
  1030  0799  3004               	movlw	4
  1031  079A  0020               	movlb	0	; select bank0
  1032  079B  008D               	movwf	13	;volatile
  1033                           
  1034                           ;main.c: 102:                 _delay((unsigned long)((100)*(4000000/4000.0)));
  1035  079C  3082               	movlw	130
  1036  079D  00F0               	movwf	??_main
  1037  079E  30DE               	movlw	222
  1038  079F                     u167:
  1039  079F  0B89               	decfsz	9,f
  1040  07A0  2F9F               	goto	u167
  1041  07A1  0BF0               	decfsz	??_main,f
  1042  07A2  2F9F               	goto	u167
  1043                           
  1044                           ;main.c: 103:                 PORTB = 0b00001000;
  1045  07A3  3008               	movlw	8
  1046  07A4  0020               	movlb	0	; select bank0
  1047  07A5  008D               	movwf	13	;volatile
  1048                           
  1049                           ;main.c: 104:                 _delay((unsigned long)((100)*(4000000/4000.0)));
  1050  07A6  3082               	movlw	130
  1051  07A7  00F0               	movwf	??_main
  1052  07A8  30DE               	movlw	222
  1053  07A9                     u177:
  1054  07A9  0B89               	decfsz	9,f
  1055  07AA  2FA9               	goto	u177
  1056  07AB  0BF0               	decfsz	??_main,f
  1057  07AC  2FA9               	goto	u177
  1058  07AD                     l766:
  1059                           
  1060                           ;main.c: 109:                 PORTAbits.RA1 = 1;
  1061  07AD  0020               	movlb	0	; select bank0
  1062  07AE  148C               	bsf	12,1	;volatile
  1063                           
  1064                           ;main.c: 110:                 PORTB = 0b00001000;
  1065  07AF  3008               	movlw	8
  1066  07B0  008D               	movwf	13	;volatile
  1067                           
  1068                           ;main.c: 111:                 _delay((unsigned long)((100)*(4000000/4000.0)));
  1069  07B1  3082               	movlw	130
  1070  07B2  00F0               	movwf	??_main
  1071  07B3  30DE               	movlw	222
  1072  07B4                     u187:
  1073  07B4  0B89               	decfsz	9,f
  1074  07B5  2FB4               	goto	u187
  1075  07B6  0BF0               	decfsz	??_main,f
  1076  07B7  2FB4               	goto	u187
  1077  07B8                     l768:
  1078                           
  1079                           ;main.c: 112:                 PORTAbits.RA1 = 0;
  1080  07B8  0020               	movlb	0	; select bank0
  1081  07B9  108C               	bcf	12,1	;volatile
  1082  07BA                     l770:
  1083                           
  1084                           ;main.c: 114:                 PORTAbits.RA0 = 1;
  1085  07BA  140C               	bsf	12,0	;volatile
  1086                           
  1087                           ;main.c: 115:                 PORTB = 0b00001000;
  1088  07BB  3008               	movlw	8
  1089  07BC  008D               	movwf	13	;volatile
  1090                           
  1091                           ;main.c: 116:                 _delay((unsigned long)((100)*(4000000/4000.0)));
  1092  07BD  3082               	movlw	130
  1093  07BE  00F0               	movwf	??_main
  1094  07BF  30DE               	movlw	222
  1095  07C0                     u197:
  1096  07C0  0B89               	decfsz	9,f
  1097  07C1  2FC0               	goto	u197
  1098  07C2  0BF0               	decfsz	??_main,f
  1099  07C3  2FC0               	goto	u197
  1100                           
  1101                           ;main.c: 117:                 PORTB = 0b00010000;
  1102  07C4  3010               	movlw	16
  1103  07C5  0020               	movlb	0	; select bank0
  1104  07C6  008D               	movwf	13	;volatile
  1105                           
  1106                           ;main.c: 118:                 _delay((unsigned long)((100)*(4000000/4000.0)));
  1107  07C7  3082               	movlw	130
  1108  07C8  00F0               	movwf	??_main
  1109  07C9  30DE               	movlw	222
  1110  07CA                     u207:
  1111  07CA  0B89               	decfsz	9,f
  1112  07CB  2FCA               	goto	u207
  1113  07CC  0BF0               	decfsz	??_main,f
  1114  07CD  2FCA               	goto	u207
  1115                           
  1116                           ;main.c: 119:                 PORTB = 0b00100000;
  1117  07CE  3020               	movlw	32
  1118  07CF  0020               	movlb	0	; select bank0
  1119  07D0  008D               	movwf	13	;volatile
  1120                           
  1121                           ;main.c: 120:                 _delay((unsigned long)((100)*(4000000/4000.0)));
  1122  07D1  3082               	movlw	130
  1123  07D2  00F0               	movwf	??_main
  1124  07D3  30DE               	movlw	222
  1125  07D4                     u217:
  1126  07D4  0B89               	decfsz	9,f
  1127  07D5  2FD4               	goto	u217
  1128  07D6  0BF0               	decfsz	??_main,f
  1129  07D7  2FD4               	goto	u217
  1130                           
  1131                           ;main.c: 121:                 PORTB = 0B00000001;
  1132  07D8  3001               	movlw	1
  1133  07D9  0020               	movlb	0	; select bank0
  1134  07DA  008D               	movwf	13	;volatile
  1135                           
  1136                           ;main.c: 122:                 _delay((unsigned long)((100)*(4000000/4000.0)));
  1137  07DB  3082               	movlw	130
  1138  07DC  00F0               	movwf	??_main
  1139  07DD  30DE               	movlw	222
  1140  07DE                     u227:
  1141  07DE  0B89               	decfsz	9,f
  1142  07DF  2FDE               	goto	u227
  1143  07E0  0BF0               	decfsz	??_main,f
  1144  07E1  2FDE               	goto	u227
  1145  07E2                     l772:
  1146                           
  1147                           ;main.c: 126:                 if(PORTAbits.RA2 && PORTAbits.RA4 == 1){
  1148  07E2  0020               	movlb	0	; select bank0
  1149  07E3  1D0C               	btfss	12,2	;volatile
  1150  07E4  2FE6               	goto	u21
  1151  07E5  2FE7               	goto	u20
  1152  07E6                     u21:
  1153  07E6  2FEC               	goto	l16
  1154  07E7                     u20:
  1155  07E7                     l774:
  1156  07E7  1E0C               	btfss	12,4	;volatile
  1157  07E8  2FEA               	goto	u31
  1158  07E9  2FEB               	goto	u30
  1159  07EA                     u31:
  1160  07EA  2FEC               	goto	l16
  1161  07EB                     u30:
  1162  07EB  2FEE               	goto	l14
  1163  07EC                     l16:	
  1164                           ;main.c: 129:                 }
  1165                           
  1166                           
  1167                           ;main.c: 130:                 PORTAbits.RA0 = 0;
  1168  07EC  100C               	bcf	12,0	;volatile
  1169  07ED  2F77               	goto	l758
  1170  07EE                     l14:	
  1171                           ;main.c: 132:         }
  1172                           
  1173                           
  1174                           ;main.c: 134:         PORTAbits.RA1 = 1;
  1175  07EE  148C               	bsf	12,1	;volatile
  1176  07EF                     l778:
  1177                           
  1178                           ;main.c: 135:         PORTB = 0b00000001;
  1179  07EF  3001               	movlw	1
  1180  07F0  008D               	movwf	13	;volatile
  1181                           
  1182                           ;main.c: 136:         _delay((unsigned long)((100)*(4000000/4000.0)));
  1183  07F1  3082               	movlw	130
  1184  07F2  00F0               	movwf	??_main
  1185  07F3  30DE               	movlw	222
  1186  07F4                     u237:
  1187  07F4  0B89               	decfsz	9,f
  1188  07F5  2FF4               	goto	u237
  1189  07F6  0BF0               	decfsz	??_main,f
  1190  07F7  2FF4               	goto	u237
  1191  07F8                     l780:
  1192                           
  1193                           ;main.c: 137:         PORTAbits.RA1 = 0;
  1194  07F8  0020               	movlb	0	; select bank0
  1195  07F9  108C               	bcf	12,1	;volatile
  1196  07FA  2F14               	goto	l712
  1197  07FB  3180  2802         	ljmp	start
  1198  07FD                     __end_of_main:
  1199                           
  1200                           	psect	text1
  1201  06F4                     __ptext1:	
  1202 ;; *************** function _SYSTEM_Initialize *****************
  1203 ;; Defined at:
  1204 ;;		line 50 in file "mcc_generated_files/mcc.c"
  1205 ;; Parameters:    Size  Location     Type
  1206 ;;		None
  1207 ;; Auto vars:     Size  Location     Type
  1208 ;;		None
  1209 ;; Return value:  Size  Location     Type
  1210 ;;                  1    wreg      void 
  1211 ;; Registers used:
  1212 ;;		wreg, status,2, status,0, pclath, cstack
  1213 ;; Tracked objects:
  1214 ;;		On entry : 0/0
  1215 ;;		On exit  : 0/0
  1216 ;;		Unchanged: 0/0
  1217 ;; Data sizes:     COMMON   BANK0   BANK1   BANK2   BANK3   BANK4
  1218 ;;      Params:         0       0       0       0       0       0
  1219 ;;      Locals:         0       0       0       0       0       0
  1220 ;;      Temps:          0       0       0       0       0       0
  1221 ;;      Totals:         0       0       0       0       0       0
  1222 ;;Total ram usage:        0 bytes
  1223 ;; Hardware stack levels used:    1
  1224 ;; Hardware stack levels required when called:    1
  1225 ;; This function calls:
  1226 ;;		_OSCILLATOR_Initialize
  1227 ;;		_PIN_MANAGER_Initialize
  1228 ;;		_WDT_Initialize
  1229 ;; This function is called by:
  1230 ;;		_main
  1231 ;; This function uses a non-reentrant model
  1232 ;;
  1233                           
  1234                           
  1235                           ;psect for function _SYSTEM_Initialize
  1236  06F4                     _SYSTEM_Initialize:
  1237  06F4                     l708:	
  1238                           ;incstack = 0
  1239                           ; Regs used in _SYSTEM_Initialize: [wreg+status,2+status,0+pclath+cstack]
  1240                           
  1241                           
  1242                           ;mcc_generated_files/mcc.c: 53:     PIN_MANAGER_Initialize();
  1243  06F4  3186  26FE  3186   	fcall	_PIN_MANAGER_Initialize
  1244                           
  1245                           ;mcc_generated_files/mcc.c: 54:     OSCILLATOR_Initialize();
  1246  06F7  3186  26ED  3186   	fcall	_OSCILLATOR_Initialize
  1247                           
  1248                           ;mcc_generated_files/mcc.c: 55:     WDT_Initialize();
  1249  06FA  3186  26E9  3186   	fcall	_WDT_Initialize
  1250  06FD                     l66:
  1251  06FD  0008               	return
  1252  06FE                     __end_of_SYSTEM_Initialize:
  1253                           
  1254                           	psect	text2
  1255  06E9                     __ptext2:	
  1256 ;; *************** function _WDT_Initialize *****************
  1257 ;; Defined at:
  1258 ;;		line 68 in file "mcc_generated_files/mcc.c"
  1259 ;; Parameters:    Size  Location     Type
  1260 ;;		None
  1261 ;; Auto vars:     Size  Location     Type
  1262 ;;		None
  1263 ;; Return value:  Size  Location     Type
  1264 ;;                  1    wreg      void 
  1265 ;; Registers used:
  1266 ;;		wreg
  1267 ;; Tracked objects:
  1268 ;;		On entry : 0/0
  1269 ;;		On exit  : 0/0
  1270 ;;		Unchanged: 0/0
  1271 ;; Data sizes:     COMMON   BANK0   BANK1   BANK2   BANK3   BANK4
  1272 ;;      Params:         0       0       0       0       0       0
  1273 ;;      Locals:         0       0       0       0       0       0
  1274 ;;      Temps:          0       0       0       0       0       0
  1275 ;;      Totals:         0       0       0       0       0       0
  1276 ;;Total ram usage:        0 bytes
  1277 ;; Hardware stack levels used:    1
  1278 ;; This function calls:
  1279 ;;		Nothing
  1280 ;; This function is called by:
  1281 ;;		_SYSTEM_Initialize
  1282 ;; This function uses a non-reentrant model
  1283 ;;
  1284                           
  1285                           
  1286                           ;psect for function _WDT_Initialize
  1287  06E9                     _WDT_Initialize:
  1288  06E9                     l706:	
  1289                           ;incstack = 0
  1290                           ; Regs used in _WDT_Initialize: [wreg]
  1291                           
  1292                           
  1293                           ;mcc_generated_files/mcc.c: 71:     WDTCON = 0x16;
  1294  06E9  3016               	movlw	22
  1295  06EA  0021               	movlb	1	; select bank1
  1296  06EB  0097               	movwf	23	;volatile
  1297  06EC                     l72:
  1298  06EC  0008               	return
  1299  06ED                     __end_of_WDT_Initialize:
  1300                           
  1301                           	psect	text3
  1302  06FE                     __ptext3:	
  1303 ;; *************** function _PIN_MANAGER_Initialize *****************
  1304 ;; Defined at:
  1305 ;;		line 55 in file "mcc_generated_files/pin_manager.c"
  1306 ;; Parameters:    Size  Location     Type
  1307 ;;		None
  1308 ;; Auto vars:     Size  Location     Type
  1309 ;;		None
  1310 ;; Return value:  Size  Location     Type
  1311 ;;                  1    wreg      void 
  1312 ;; Registers used:
  1313 ;;		wreg, status,2
  1314 ;; Tracked objects:
  1315 ;;		On entry : 0/0
  1316 ;;		On exit  : 0/0
  1317 ;;		Unchanged: 0/0
  1318 ;; Data sizes:     COMMON   BANK0   BANK1   BANK2   BANK3   BANK4
  1319 ;;      Params:         0       0       0       0       0       0
  1320 ;;      Locals:         0       0       0       0       0       0
  1321 ;;      Temps:          0       0       0       0       0       0
  1322 ;;      Totals:         0       0       0       0       0       0
  1323 ;;Total ram usage:        0 bytes
  1324 ;; Hardware stack levels used:    1
  1325 ;; This function calls:
  1326 ;;		Nothing
  1327 ;; This function is called by:
  1328 ;;		_SYSTEM_Initialize
  1329 ;; This function uses a non-reentrant model
  1330 ;;
  1331                           
  1332                           
  1333                           ;psect for function _PIN_MANAGER_Initialize
  1334  06FE                     _PIN_MANAGER_Initialize:
  1335  06FE                     l680:	
  1336                           ;incstack = 0
  1337                           ; Regs used in _PIN_MANAGER_Initialize: [wreg+status,2]
  1338                           
  1339                           
  1340                           ;mcc_generated_files/pin_manager.c: 60:     LATA = 0x00;
  1341  06FE  0022               	movlb	2	; select bank2
  1342  06FF  018C               	clrf	12	;volatile
  1343                           
  1344                           ;mcc_generated_files/pin_manager.c: 61:     LATB = 0x00;
  1345  0700  018D               	clrf	13	;volatile
  1346  0701                     l682:
  1347                           
  1348                           ;mcc_generated_files/pin_manager.c: 66:     TRISA = 0xFC;
  1349  0701  30FC               	movlw	252
  1350  0702  0021               	movlb	1	; select bank1
  1351  0703  008C               	movwf	12	;volatile
  1352  0704                     l684:
  1353                           
  1354                           ;mcc_generated_files/pin_manager.c: 67:     TRISB = 0x00;
  1355  0704  018D               	clrf	13	;volatile
  1356  0705                     l686:
  1357                           
  1358                           ;mcc_generated_files/pin_manager.c: 72:     ANSELB = 0x00;
  1359  0705  0023               	movlb	3	; select bank3
  1360  0706  018D               	clrf	13	;volatile
  1361  0707                     l688:
  1362                           
  1363                           ;mcc_generated_files/pin_manager.c: 73:     ANSELA = 0x00;
  1364  0707  018C               	clrf	12	;volatile
  1365  0708                     l690:
  1366                           
  1367                           ;mcc_generated_files/pin_manager.c: 78:     WPUB = 0x00;
  1368  0708  0024               	movlb	4	; select bank4
  1369  0709  018D               	clrf	13	;volatile
  1370  070A                     l692:
  1371                           
  1372                           ;mcc_generated_files/pin_manager.c: 79:     WPUA = 0x00;
  1373  070A  018C               	clrf	12	;volatile
  1374  070B                     l694:
  1375                           
  1376                           ;mcc_generated_files/pin_manager.c: 80:     OPTION_REGbits.nWPUEN = 1;
  1377  070B  0021               	movlb	1	; select bank1
  1378  070C  1795               	bsf	21,7	;volatile
  1379  070D                     l696:
  1380                           
  1381                           ;mcc_generated_files/pin_manager.c: 86:     APFCON0 = 0x00;
  1382  070D  0022               	movlb	2	; select bank2
  1383  070E  019D               	clrf	29	;volatile
  1384  070F                     l698:
  1385                           
  1386                           ;mcc_generated_files/pin_manager.c: 87:     APFCON1 = 0x00;
  1387  070F  019E               	clrf	30	;volatile
  1388  0710                     l46:
  1389  0710  0008               	return
  1390  0711                     __end_of_PIN_MANAGER_Initialize:
  1391                           
  1392                           	psect	text4
  1393  06ED                     __ptext4:	
  1394 ;; *************** function _OSCILLATOR_Initialize *****************
  1395 ;; Defined at:
  1396 ;;		line 58 in file "mcc_generated_files/mcc.c"
  1397 ;; Parameters:    Size  Location     Type
  1398 ;;		None
  1399 ;; Auto vars:     Size  Location     Type
  1400 ;;		None
  1401 ;; Return value:  Size  Location     Type
  1402 ;;                  1    wreg      void 
  1403 ;; Registers used:
  1404 ;;		wreg, status,2
  1405 ;; Tracked objects:
  1406 ;;		On entry : 0/0
  1407 ;;		On exit  : 0/0
  1408 ;;		Unchanged: 0/0
  1409 ;; Data sizes:     COMMON   BANK0   BANK1   BANK2   BANK3   BANK4
  1410 ;;      Params:         0       0       0       0       0       0
  1411 ;;      Locals:         0       0       0       0       0       0
  1412 ;;      Temps:          0       0       0       0       0       0
  1413 ;;      Totals:         0       0       0       0       0       0
  1414 ;;Total ram usage:        0 bytes
  1415 ;; Hardware stack levels used:    1
  1416 ;; This function calls:
  1417 ;;		Nothing
  1418 ;; This function is called by:
  1419 ;;		_SYSTEM_Initialize
  1420 ;; This function uses a non-reentrant model
  1421 ;;
  1422                           
  1423                           
  1424                           ;psect for function _OSCILLATOR_Initialize
  1425  06ED                     _OSCILLATOR_Initialize:
  1426  06ED                     l700:	
  1427                           ;incstack = 0
  1428                           ; Regs used in _OSCILLATOR_Initialize: [wreg+status,2]
  1429                           
  1430                           
  1431                           ;mcc_generated_files/mcc.c: 61:     OSCCON = 0x6A;
  1432  06ED  306A               	movlw	106
  1433  06EE  0021               	movlb	1	; select bank1
  1434  06EF  0099               	movwf	25	;volatile
  1435  06F0                     l702:
  1436                           
  1437                           ;mcc_generated_files/mcc.c: 63:     OSCTUNE = 0x00;
  1438  06F0  0198               	clrf	24	;volatile
  1439  06F1                     l704:
  1440                           
  1441                           ;mcc_generated_files/mcc.c: 65:     BORCON = 0x00;
  1442  06F1  0022               	movlb	2	; select bank2
  1443  06F2  0196               	clrf	22	;volatile
  1444  06F3                     l69:
  1445  06F3  0008               	return
  1446  06F4                     __end_of_OSCILLATOR_Initialize:
  1447  007E                     btemp	set	126	;btemp
  1448  007E                     wtemp0	set	126
  1449                           
  1450                           	psect	config
  1451                           
  1452                           ;Config register CONFIG1 @ 0x8007
  1453                           ;	Oscillator Selection
  1454                           ;	FOSC = INTOSC, INTOSC oscillator: I/O function on CLKIN pin
  1455                           ;	Watchdog Timer Enable
  1456                           ;	WDTE = OFF, WDT disabled
  1457                           ;	Power-up Timer Enable
  1458                           ;	PWRTE = OFF, PWRT disabled
  1459                           ;	MCLR Pin Function Select
  1460                           ;	MCLRE = ON, MCLR/VPP pin function is MCLR
  1461                           ;	Flash Program Memory Code Protection
  1462                           ;	CP = OFF, Program memory code protection is disabled
  1463                           ;	Data Memory Code Protection
  1464                           ;	CPD = OFF, Data memory code protection is disabled
  1465                           ;	Brown-out Reset Enable
  1466                           ;	BOREN = ON, Brown-out Reset enabled
  1467                           ;	Clock Out Enable
  1468                           ;	CLKOUTEN = OFF, CLKOUT function is disabled. I/O or oscillator function on the CLKOUT 
      +                          pin
  1469                           ;	Internal/External Switchover
  1470                           ;	IESO = ON, Internal/External Switchover mode is enabled
  1471                           ;	Fail-Safe Clock Monitor Enable
  1472                           ;	FCMEN = ON, Fail-Safe Clock Monitor is enabled
  1473  8007                     	org	32775
  1474  8007  3FE4               	dw	16356
  1475                           
  1476                           ;Config register CONFIG2 @ 0x8008
  1477                           ;	Flash Memory Self-Write Protection
  1478                           ;	WRT = OFF, Write protection off
  1479                           ;	PLL Enable
  1480                           ;	PLLEN = OFF, 4x PLL disabled
  1481                           ;	Stack Overflow/Underflow Reset Enable
  1482                           ;	STVREN = ON, Stack Overflow or Underflow will cause a Reset
  1483                           ;	Brown-out Reset Voltage Selection
  1484                           ;	BORV = LO, Brown-out Reset Voltage (Vbor), low trip point selected.
  1485                           ;	Low-Voltage Programming Enable
  1486                           ;	LVP = ON, Low-voltage programming enabled
  1487  8008                     	org	32776
  1488  8008  3EFF               	dw	16127

Data Sizes:
    Strings     0
    Constant    0
    Data        0
    BSS         0
    Persistent  32
    Stack       0

Auto Spaces:
    Space          Size  Autos    Used
    COMMON           14      1       1
    BANK0            80      0       0
    BANK1            80      0       0
    BANK2            80      0       0
    BANK3            80      0       0
    BANK4            48      0       0

Pointer List with Targets:

    None.

Critical Paths under _main in COMMON

    None.

Critical Paths under _main in BANK0

    None.

Critical Paths under _main in BANK1

    None.

Critical Paths under _main in BANK2

    None.

Critical Paths under _main in BANK3

    None.

Critical Paths under _main in BANK4

    None.

Call Graph Tables:

 ---------------------------------------------------------------------------------
 (Depth) Function   	        Calls       Base Space   Used Autos Params    Refs
 ---------------------------------------------------------------------------------
 (0) _main                                                 2     2      0       0
                                              0 COMMON     1     1      0
                  _SYSTEM_Initialize
 ---------------------------------------------------------------------------------
 (1) _SYSTEM_Initialize                                    0     0      0       0
              _OSCILLATOR_Initialize
             _PIN_MANAGER_Initialize
                     _WDT_Initialize
 ---------------------------------------------------------------------------------
 (2) _WDT_Initialize                                       0     0      0       0
 ---------------------------------------------------------------------------------
 (2) _PIN_MANAGER_Initialize                               0     0      0       0
 ---------------------------------------------------------------------------------
 (2) _OSCILLATOR_Initialize                                0     0      0       0
 ---------------------------------------------------------------------------------
 Estimated maximum stack depth 2
 ---------------------------------------------------------------------------------

 Call Graph Graphs:

 _main (ROOT)
   _SYSTEM_Initialize
     _OSCILLATOR_Initialize
     _PIN_MANAGER_Initialize
     _WDT_Initialize

 Address spaces:
Name               Size   Autos  Total    Cost      Usage
BIGRAM             170      0       0       0        0.0%
EEDATA             100      0       0       0        0.0%
NULL                 0      0       0       0        0.0%
CODE                 0      0       0       0        0.0%
BITCOMMON            E      0       0       1        0.0%
BITSFR0              0      0       0       1        0.0%
SFR0                 0      0       0       1        0.0%
COMMON               E      1       1       2        7.1%
BITSFR1              0      0       0       2        0.0%
SFR1                 0      0       0       2        0.0%
BITSFR2              0      0       0       3        0.0%
SFR2                 0      0       0       3        0.0%
STACK                0      0       0       3        0.0%
BITSFR3              0      0       0       4        0.0%
SFR3                 0      0       0       4        0.0%
ABS                  0      0       0       4        0.0%
BITBANK0            50      0       0       5        0.0%
BITSFR4              0      0       0       5        0.0%
SFR4                 0      0       0       5        0.0%
BANK0               50      0       0       6        0.0%
BITSFR5              0      0       0       6        0.0%
SFR5                 0      0       0       6        0.0%
BITBANK1            50      0       0       7        0.0%
BITSFR6              0      0       0       7        0.0%
SFR6                 0      0       0       7        0.0%
BANK1               50      0       0       8        0.0%
BITSFR7              0      0       0       8        0.0%
SFR7                 0      0       0       8        0.0%
BITBANK2            50      0       0       9        0.0%
BITSFR8              0      0       0       9        0.0%
SFR8                 0      0       0       9        0.0%
BANK2               50      0       0      10        0.0%
BITSFR9              0      0       0      10        0.0%
SFR9                 0      0       0      10        0.0%
BITBANK3            50      0       0      11        0.0%
BITSFR10             0      0       0      11        0.0%
SFR10                0      0       0      11        0.0%
BANK3               50      0       0      12        0.0%
BITSFR11             0      0       0      12        0.0%
SFR11                0      0       0      12        0.0%
BITBANK4            30      0       0      13        0.0%
BITSFR12             0      0       0      13        0.0%
SFR12                0      0       0      13        0.0%
BANK4               30      0       0      14        0.0%
BITSFR13             0      0       0      14        0.0%
SFR13                0      0       0      14        0.0%
BITSFR14             0      0       0      15        0.0%
SFR14                0      0       0      15        0.0%
DATA                 0      0       0      15        0.0%
BITSFR15             0      0       0      16        0.0%
SFR15                0      0       0      16        0.0%
BITSFR16             0      0       0      17        0.0%
SFR16                0      0       0      17        0.0%
BITSFR17             0      0       0      18        0.0%
SFR17                0      0       0      18        0.0%
BITSFR18             0      0       0      19        0.0%
SFR18                0      0       0      19        0.0%
BITSFR19             0      0       0      20        0.0%
SFR19                0      0       0      20        0.0%
BITSFR20             0      0       0      21        0.0%
SFR20                0      0       0      21        0.0%
BITSFR21             0      0       0      22        0.0%
SFR21                0      0       0      22        0.0%
BITSFR22             0      0       0      23        0.0%
SFR22                0      0       0      23        0.0%
BITSFR23             0      0       0      24        0.0%
SFR23                0      0       0      24        0.0%
BITSFR24             0      0       0      25        0.0%
SFR24                0      0       0      25        0.0%
BITSFR25             0      0       0      26        0.0%
SFR25                0      0       0      26        0.0%
BITSFR26             0      0       0      27        0.0%
SFR26                0      0       0      27        0.0%
BITSFR27             0      0       0      28        0.0%
SFR27                0      0       0      28        0.0%
BITSFR28             0      0       0      29        0.0%
SFR28                0      0       0      29        0.0%
BITSFR29             0      0       0      30        0.0%
SFR29                0      0       0      30        0.0%
BITSFR30             0      0       0      31        0.0%
SFR30                0      0       0      31        0.0%
BITSFR31             0      0       0      32        0.0%
SFR31                0      0       0      32        0.0%


Microchip Technology PIC Macro Assembler V2.31 build 20201012212115 
Symbol Table                                                                                   Thu Sep 30 10:53:56 2021

                             l14 07EE                               l16 07EC                               l46 0710  
                             l72 06EC                               l66 06FD                               l69 06F3  
                             u10 0777                               u11 0776                               u20 07E7  
                             u21 07E6                               u30 07EB                               u31 07EA  
                             u47 071A                               u57 0724                               u67 072E  
                             u77 0738                               u87 0743                               u97 074F  
                            l700 06ED                              l702 06F0                              l710 0711  
                            l704 06F1                              l720 0728                              l712 0714  
                            l706 06E9                              l730 073E                              l722 072B  
                            l714 0717                              l708 06F4                              l740 074C  
                            l732 0740                              l724 0732                              l716 071E  
                            l750 0767                              l742 0753                              l734 0747  
                            l726 0735                              l718 0721                              l680 06FE  
                            l760 0779                              l752 076A                              l744 0756  
                            l736 0749                              l728 073C                              l690 0708  
                            l682 0701                              l770 07BA                              l762 077A  
                            l754 0771                              l746 075D                              l738 074A  
                            l692 070A                              l684 0704                              l780 07F8  
                            l772 07E2                              l764 0784                              l756 0773  
                            l748 0760                              l694 070B                              l686 0705  
                            l774 07E7                              l766 07AD                              l758 0777  
                            l696 070D                              l688 0707                              l768 07B8  
                            l698 070F                              l778 07EF                              u107 0759  
                            u117 0763                              u207 07CA                              u127 076D  
                            u217 07D4                              u137 0780                              u227 07DE  
                            u147 078B                              u237 07F4                              u157 0795  
                            u167 079F                              u177 07A9                              u187 07B4  
                            u197 07C0                              wreg 0009                             _LATA 010C  
                           _LATB 010D                             _WPUA 020C                             _WPUB 020D  
                           _main 0711                             btemp 007E                             start 0002  
 __size_of_OSCILLATOR_Initialize 0007    __end_of_OSCILLATOR_Initialize 06F4                            ?_main 0070  
                          _PORTB 000D                            _TRISA 008C                            _TRISB 008D  
                 _WDT_Initialize 06E9                            wtemp0 007E                  __initialization 07FD  
                   __end_of_main 07FD                           ??_main 0070           __end_of_WDT_Initialize 06ED  
                         _ANSELA 018C                           _ANSELB 018D                           _BORCON 0116  
                         _OSCCON 0099                           _WDTCON 0097                  ?_WDT_Initialize 0070  
              _SYSTEM_Initialize 06F4          __end_of__initialization 07FD               ?_SYSTEM_Initialize 0070  
                 __pcstackCOMMON 0070              ??_SYSTEM_Initialize 0070                   _OPTION_REGbits 0095  
      __end_of_SYSTEM_Initialize 06FE                       __pmaintext 0711                          _APFCON0 011D  
                        _APFCON1 011E                          _OSCTUNE 0098                          __ptext1 06F4  
                        __ptext2 06E9                          __ptext3 06FE                          __ptext4 06ED  
          _OSCILLATOR_Initialize 06ED         ??_PIN_MANAGER_Initialize 0070       __size_of_SYSTEM_Initialize 000A  
           end_of_initialization 07FD                 ??_WDT_Initialize 0070                        _PORTAbits 000C  
         ?_OSCILLATOR_Initialize 0070              start_initialization 07FD  __size_of_PIN_MANAGER_Initialize 0013  
                      ___latbits 0001           _PIN_MANAGER_Initialize 06FE          ??_OSCILLATOR_Initialize 0070  
                  __size_of_main 00EC          __size_of_WDT_Initialize 0004          ?_PIN_MANAGER_Initialize 0070  
 __end_of_PIN_MANAGER_Initialize 0711  
