

Microchip MPLAB XC8 Assembler V2.31 build 20201012212115 
                                                                                               Thu Sep 30 09:25:05 2021

Microchip MPLAB XC8 C Compiler v2.31 (Free license) build 20201012212115 Og1 
     1                           	processor	16F1827
     2                           	pagewidth 120
     3                           	opt	flic
     4                           	psect	cinit,global,class=CODE,merge=1,delta=2
     5                           	psect	cstackCOMMON,global,class=COMMON,space=1,delta=1,noexec
     6                           	psect	maintext,global,class=CODE,merge=1,split=1,delta=2
     7                           	psect	text1,local,class=CODE,merge=1,delta=2
     8                           	psect	text2,local,class=CODE,merge=1,delta=2
     9                           	psect	text3,local,class=CODE,merge=1,delta=2
    10                           	psect	text4,local,class=CODE,merge=1,delta=2
    11                           	psect	config,global,abs,ovrld,class=CONFIG,space=4,delta=2,noexec
    12                           	dabs	1,0x7E,2
    13  0000                     
    14                           ; Version 2.20
    15                           ; Generated 12/02/2020 GMT
    16                           ; 
    17                           ; Copyright © 2020, Microchip Technology Inc. and its subsidiaries ("Microchip")
    18                           ; All rights reserved.
    19                           ; 
    20                           ; This software is developed by Microchip Technology Inc. and its subsidiaries ("Microch
      +                          ip").
    21                           ; 
    22                           ; Redistribution and use in source and binary forms, with or without modification, are
    23                           ; permitted provided that the following conditions are met:
    24                           ; 
    25                           ;     1. Redistributions of source code must retain the above copyright notice, this lis
      +                          t of
    26                           ;        conditions and the following disclaimer.
    27                           ; 
    28                           ;     2. Redistributions in binary form must reproduce the above copyright notice, this 
      +                          list
    29                           ;        of conditions and the following disclaimer in the documentation and/or other
    30                           ;        materials provided with the distribution.
    31                           ; 
    32                           ;     3. Microchip's name may not be used to endorse or promote products derived from th
      +                          is
    33                           ;        software without specific prior written permission.
    34                           ; 
    35                           ; THIS SOFTWARE IS PROVIDED BY MICROCHIP "AS IS" AND ANY EXPRESS OR IMPLIED WARRANTIES,
    36                           ; INCLUDING, BUT NOT LIMITED TO, THE IMPLIED WARRANTIES OF MERCHANTABILITY AND FITNESS F
      +                          OR
    37                           ; PURPOSE ARE DISCLAIMED.  IN NO EVENT SHALL MICROCHIP BE LIABLE FOR ANY DIRECT, INDIREC
      +                          T,
    38                           ; INCIDENTAL, SPECIAL, EXEMPLARY, OR CONSEQUENTIAL DAMAGES (INCLUDING BUT NOT LIMITED TO
    39                           ; PROCUREMENT OF SUBSTITUTE GOODS OR SERVICES; LOSS OF USE, DATA OR PROFITS; OR BUSINESS
    40                           ; INTERRUPTION) HOWSOEVER CAUSED AND ON ANY THEORY OF LIABILITY, WHETHER IN CONTRACT, ST
      +                          RICT
    41                           ; LIABILITY, OR TORT (INCLUDING NEGLIGENCE OR OTHERWISE) ARISING IN ANY WAY OUT OF THE U
      +                          SE OF
    42                           ; THIS SOFTWARE, EVEN IF ADVISED OF THE POSSIBILITY OF SUCH DAMAGE.
    43                           ; 
    44                           ; 
    45                           ; Code-generator required, PIC16F1827 Definitions
    46                           ; 
    47                           ; SFR Addresses
    48  0000                     	;# 
    49  0001                     	;# 
    50  0002                     	;# 
    51  0003                     	;# 
    52  0004                     	;# 
    53  0005                     	;# 
    54  0006                     	;# 
    55  0007                     	;# 
    56  0008                     	;# 
    57  0009                     	;# 
    58  000A                     	;# 
    59  000B                     	;# 
    60  000C                     	;# 
    61  000D                     	;# 
    62  0011                     	;# 
    63  0012                     	;# 
    64  0013                     	;# 
    65  0014                     	;# 
    66  0015                     	;# 
    67  0016                     	;# 
    68  0016                     	;# 
    69  0017                     	;# 
    70  0018                     	;# 
    71  0019                     	;# 
    72  001A                     	;# 
    73  001B                     	;# 
    74  001C                     	;# 
    75  001E                     	;# 
    76  001F                     	;# 
    77  008C                     	;# 
    78  008D                     	;# 
    79  0091                     	;# 
    80  0092                     	;# 
    81  0093                     	;# 
    82  0094                     	;# 
    83  0095                     	;# 
    84  0096                     	;# 
    85  0097                     	;# 
    86  0098                     	;# 
    87  0099                     	;# 
    88  009A                     	;# 
    89  009B                     	;# 
    90  009B                     	;# 
    91  009C                     	;# 
    92  009D                     	;# 
    93  009E                     	;# 
    94  010C                     	;# 
    95  010D                     	;# 
    96  0111                     	;# 
    97  0112                     	;# 
    98  0113                     	;# 
    99  0114                     	;# 
   100  0115                     	;# 
   101  0116                     	;# 
   102  0117                     	;# 
   103  0118                     	;# 
   104  0119                     	;# 
   105  011A                     	;# 
   106  011B                     	;# 
   107  011D                     	;# 
   108  011E                     	;# 
   109  018C                     	;# 
   110  018D                     	;# 
   111  0191                     	;# 
   112  0191                     	;# 
   113  0192                     	;# 
   114  0193                     	;# 
   115  0193                     	;# 
   116  0193                     	;# 
   117  0194                     	;# 
   118  0195                     	;# 
   119  0196                     	;# 
   120  0199                     	;# 
   121  019A                     	;# 
   122  019B                     	;# 
   123  019B                     	;# 
   124  019B                     	;# 
   125  019B                     	;# 
   126  019C                     	;# 
   127  019C                     	;# 
   128  019D                     	;# 
   129  019E                     	;# 
   130  019F                     	;# 
   131  020C                     	;# 
   132  020D                     	;# 
   133  0211                     	;# 
   134  0211                     	;# 
   135  0212                     	;# 
   136  0212                     	;# 
   137  0213                     	;# 
   138  0213                     	;# 
   139  0214                     	;# 
   140  0214                     	;# 
   141  0215                     	;# 
   142  0215                     	;# 
   143  0215                     	;# 
   144  0216                     	;# 
   145  0216                     	;# 
   146  0217                     	;# 
   147  0217                     	;# 
   148  0219                     	;# 
   149  021A                     	;# 
   150  021B                     	;# 
   151  021C                     	;# 
   152  021D                     	;# 
   153  021E                     	;# 
   154  021F                     	;# 
   155  0291                     	;# 
   156  0291                     	;# 
   157  0292                     	;# 
   158  0293                     	;# 
   159  0294                     	;# 
   160  0295                     	;# 
   161  0295                     	;# 
   162  0296                     	;# 
   163  0298                     	;# 
   164  0298                     	;# 
   165  0299                     	;# 
   166  029A                     	;# 
   167  029B                     	;# 
   168  029C                     	;# 
   169  029C                     	;# 
   170  029D                     	;# 
   171  029E                     	;# 
   172  029E                     	;# 
   173  0311                     	;# 
   174  0311                     	;# 
   175  0312                     	;# 
   176  0313                     	;# 
   177  0318                     	;# 
   178  0318                     	;# 
   179  0319                     	;# 
   180  031A                     	;# 
   181  0394                     	;# 
   182  0395                     	;# 
   183  0396                     	;# 
   184  039A                     	;# 
   185  039C                     	;# 
   186  039D                     	;# 
   187  039E                     	;# 
   188  039F                     	;# 
   189  0415                     	;# 
   190  0416                     	;# 
   191  0417                     	;# 
   192  041C                     	;# 
   193  041D                     	;# 
   194  041E                     	;# 
   195  0FE4                     	;# 
   196  0FE5                     	;# 
   197  0FE6                     	;# 
   198  0FE7                     	;# 
   199  0FE8                     	;# 
   200  0FE9                     	;# 
   201  0FEA                     	;# 
   202  0FEB                     	;# 
   203  0FED                     	;# 
   204  0FEE                     	;# 
   205  0FEF                     	;# 
   206  0000                     	;# 
   207  0001                     	;# 
   208  0002                     	;# 
   209  0003                     	;# 
   210  0004                     	;# 
   211  0005                     	;# 
   212  0006                     	;# 
   213  0007                     	;# 
   214  0008                     	;# 
   215  0009                     	;# 
   216  000A                     	;# 
   217  000B                     	;# 
   218  000C                     	;# 
   219  000D                     	;# 
   220  0011                     	;# 
   221  0012                     	;# 
   222  0013                     	;# 
   223  0014                     	;# 
   224  0015                     	;# 
   225  0016                     	;# 
   226  0016                     	;# 
   227  0017                     	;# 
   228  0018                     	;# 
   229  0019                     	;# 
   230  001A                     	;# 
   231  001B                     	;# 
   232  001C                     	;# 
   233  001E                     	;# 
   234  001F                     	;# 
   235  008C                     	;# 
   236  008D                     	;# 
   237  0091                     	;# 
   238  0092                     	;# 
   239  0093                     	;# 
   240  0094                     	;# 
   241  0095                     	;# 
   242  0096                     	;# 
   243  0097                     	;# 
   244  0098                     	;# 
   245  0099                     	;# 
   246  009A                     	;# 
   247  009B                     	;# 
   248  009B                     	;# 
   249  009C                     	;# 
   250  009D                     	;# 
   251  009E                     	;# 
   252  010C                     	;# 
   253  010D                     	;# 
   254  0111                     	;# 
   255  0112                     	;# 
   256  0113                     	;# 
   257  0114                     	;# 
   258  0115                     	;# 
   259  0116                     	;# 
   260  0117                     	;# 
   261  0118                     	;# 
   262  0119                     	;# 
   263  011A                     	;# 
   264  011B                     	;# 
   265  011D                     	;# 
   266  011E                     	;# 
   267  018C                     	;# 
   268  018D                     	;# 
   269  0191                     	;# 
   270  0191                     	;# 
   271  0192                     	;# 
   272  0193                     	;# 
   273  0193                     	;# 
   274  0193                     	;# 
   275  0194                     	;# 
   276  0195                     	;# 
   277  0196                     	;# 
   278  0199                     	;# 
   279  019A                     	;# 
   280  019B                     	;# 
   281  019B                     	;# 
   282  019B                     	;# 
   283  019B                     	;# 
   284  019C                     	;# 
   285  019C                     	;# 
   286  019D                     	;# 
   287  019E                     	;# 
   288  019F                     	;# 
   289  020C                     	;# 
   290  020D                     	;# 
   291  0211                     	;# 
   292  0211                     	;# 
   293  0212                     	;# 
   294  0212                     	;# 
   295  0213                     	;# 
   296  0213                     	;# 
   297  0214                     	;# 
   298  0214                     	;# 
   299  0215                     	;# 
   300  0215                     	;# 
   301  0215                     	;# 
   302  0216                     	;# 
   303  0216                     	;# 
   304  0217                     	;# 
   305  0217                     	;# 
   306  0219                     	;# 
   307  021A                     	;# 
   308  021B                     	;# 
   309  021C                     	;# 
   310  021D                     	;# 
   311  021E                     	;# 
   312  021F                     	;# 
   313  0291                     	;# 
   314  0291                     	;# 
   315  0292                     	;# 
   316  0293                     	;# 
   317  0294                     	;# 
   318  0295                     	;# 
   319  0295                     	;# 
   320  0296                     	;# 
   321  0298                     	;# 
   322  0298                     	;# 
   323  0299                     	;# 
   324  029A                     	;# 
   325  029B                     	;# 
   326  029C                     	;# 
   327  029C                     	;# 
   328  029D                     	;# 
   329  029E                     	;# 
   330  029E                     	;# 
   331  0311                     	;# 
   332  0311                     	;# 
   333  0312                     	;# 
   334  0313                     	;# 
   335  0318                     	;# 
   336  0318                     	;# 
   337  0319                     	;# 
   338  031A                     	;# 
   339  0394                     	;# 
   340  0395                     	;# 
   341  0396                     	;# 
   342  039A                     	;# 
   343  039C                     	;# 
   344  039D                     	;# 
   345  039E                     	;# 
   346  039F                     	;# 
   347  0415                     	;# 
   348  0416                     	;# 
   349  0417                     	;# 
   350  041C                     	;# 
   351  041D                     	;# 
   352  041E                     	;# 
   353  0FE4                     	;# 
   354  0FE5                     	;# 
   355  0FE6                     	;# 
   356  0FE7                     	;# 
   357  0FE8                     	;# 
   358  0FE9                     	;# 
   359  0FEA                     	;# 
   360  0FEB                     	;# 
   361  0FED                     	;# 
   362  0FEE                     	;# 
   363  0FEF                     	;# 
   364  0000                     	;# 
   365  0001                     	;# 
   366  0002                     	;# 
   367  0003                     	;# 
   368  0004                     	;# 
   369  0005                     	;# 
   370  0006                     	;# 
   371  0007                     	;# 
   372  0008                     	;# 
   373  0009                     	;# 
   374  000A                     	;# 
   375  000B                     	;# 
   376  000C                     	;# 
   377  000D                     	;# 
   378  0011                     	;# 
   379  0012                     	;# 
   380  0013                     	;# 
   381  0014                     	;# 
   382  0015                     	;# 
   383  0016                     	;# 
   384  0016                     	;# 
   385  0017                     	;# 
   386  0018                     	;# 
   387  0019                     	;# 
   388  001A                     	;# 
   389  001B                     	;# 
   390  001C                     	;# 
   391  001E                     	;# 
   392  001F                     	;# 
   393  008C                     	;# 
   394  008D                     	;# 
   395  0091                     	;# 
   396  0092                     	;# 
   397  0093                     	;# 
   398  0094                     	;# 
   399  0095                     	;# 
   400  0096                     	;# 
   401  0097                     	;# 
   402  0098                     	;# 
   403  0099                     	;# 
   404  009A                     	;# 
   405  009B                     	;# 
   406  009B                     	;# 
   407  009C                     	;# 
   408  009D                     	;# 
   409  009E                     	;# 
   410  010C                     	;# 
   411  010D                     	;# 
   412  0111                     	;# 
   413  0112                     	;# 
   414  0113                     	;# 
   415  0114                     	;# 
   416  0115                     	;# 
   417  0116                     	;# 
   418  0117                     	;# 
   419  0118                     	;# 
   420  0119                     	;# 
   421  011A                     	;# 
   422  011B                     	;# 
   423  011D                     	;# 
   424  011E                     	;# 
   425  018C                     	;# 
   426  018D                     	;# 
   427  0191                     	;# 
   428  0191                     	;# 
   429  0192                     	;# 
   430  0193                     	;# 
   431  0193                     	;# 
   432  0193                     	;# 
   433  0194                     	;# 
   434  0195                     	;# 
   435  0196                     	;# 
   436  0199                     	;# 
   437  019A                     	;# 
   438  019B                     	;# 
   439  019B                     	;# 
   440  019B                     	;# 
   441  019B                     	;# 
   442  019C                     	;# 
   443  019C                     	;# 
   444  019D                     	;# 
   445  019E                     	;# 
   446  019F                     	;# 
   447  020C                     	;# 
   448  020D                     	;# 
   449  0211                     	;# 
   450  0211                     	;# 
   451  0212                     	;# 
   452  0212                     	;# 
   453  0213                     	;# 
   454  0213                     	;# 
   455  0214                     	;# 
   456  0214                     	;# 
   457  0215                     	;# 
   458  0215                     	;# 
   459  0215                     	;# 
   460  0216                     	;# 
   461  0216                     	;# 
   462  0217                     	;# 
   463  0217                     	;# 
   464  0219                     	;# 
   465  021A                     	;# 
   466  021B                     	;# 
   467  021C                     	;# 
   468  021D                     	;# 
   469  021E                     	;# 
   470  021F                     	;# 
   471  0291                     	;# 
   472  0291                     	;# 
   473  0292                     	;# 
   474  0293                     	;# 
   475  0294                     	;# 
   476  0295                     	;# 
   477  0295                     	;# 
   478  0296                     	;# 
   479  0298                     	;# 
   480  0298                     	;# 
   481  0299                     	;# 
   482  029A                     	;# 
   483  029B                     	;# 
   484  029C                     	;# 
   485  029C                     	;# 
   486  029D                     	;# 
   487  029E                     	;# 
   488  029E                     	;# 
   489  0311                     	;# 
   490  0311                     	;# 
   491  0312                     	;# 
   492  0313                     	;# 
   493  0318                     	;# 
   494  0318                     	;# 
   495  0319                     	;# 
   496  031A                     	;# 
   497  0394                     	;# 
   498  0395                     	;# 
   499  0396                     	;# 
   500  039A                     	;# 
   501  039C                     	;# 
   502  039D                     	;# 
   503  039E                     	;# 
   504  039F                     	;# 
   505  0415                     	;# 
   506  0416                     	;# 
   507  0417                     	;# 
   508  041C                     	;# 
   509  041D                     	;# 
   510  041E                     	;# 
   511  0FE4                     	;# 
   512  0FE5                     	;# 
   513  0FE6                     	;# 
   514  0FE7                     	;# 
   515  0FE8                     	;# 
   516  0FE9                     	;# 
   517  0FEA                     	;# 
   518  0FEB                     	;# 
   519  0FED                     	;# 
   520  0FEE                     	;# 
   521  0FEF                     	;# 
   522  0000                     	;# 
   523  0001                     	;# 
   524  0002                     	;# 
   525  0003                     	;# 
   526  0004                     	;# 
   527  0005                     	;# 
   528  0006                     	;# 
   529  0007                     	;# 
   530  0008                     	;# 
   531  0009                     	;# 
   532  000A                     	;# 
   533  000B                     	;# 
   534  000C                     	;# 
   535  000D                     	;# 
   536  0011                     	;# 
   537  0012                     	;# 
   538  0013                     	;# 
   539  0014                     	;# 
   540  0015                     	;# 
   541  0016                     	;# 
   542  0016                     	;# 
   543  0017                     	;# 
   544  0018                     	;# 
   545  0019                     	;# 
   546  001A                     	;# 
   547  001B                     	;# 
   548  001C                     	;# 
   549  001E                     	;# 
   550  001F                     	;# 
   551  008C                     	;# 
   552  008D                     	;# 
   553  0091                     	;# 
   554  0092                     	;# 
   555  0093                     	;# 
   556  0094                     	;# 
   557  0095                     	;# 
   558  0096                     	;# 
   559  0097                     	;# 
   560  0098                     	;# 
   561  0099                     	;# 
   562  009A                     	;# 
   563  009B                     	;# 
   564  009B                     	;# 
   565  009C                     	;# 
   566  009D                     	;# 
   567  009E                     	;# 
   568  010C                     	;# 
   569  010D                     	;# 
   570  0111                     	;# 
   571  0112                     	;# 
   572  0113                     	;# 
   573  0114                     	;# 
   574  0115                     	;# 
   575  0116                     	;# 
   576  0117                     	;# 
   577  0118                     	;# 
   578  0119                     	;# 
   579  011A                     	;# 
   580  011B                     	;# 
   581  011D                     	;# 
   582  011E                     	;# 
   583  018C                     	;# 
   584  018D                     	;# 
   585  0191                     	;# 
   586  0191                     	;# 
   587  0192                     	;# 
   588  0193                     	;# 
   589  0193                     	;# 
   590  0193                     	;# 
   591  0194                     	;# 
   592  0195                     	;# 
   593  0196                     	;# 
   594  0199                     	;# 
   595  019A                     	;# 
   596  019B                     	;# 
   597  019B                     	;# 
   598  019B                     	;# 
   599  019B                     	;# 
   600  019C                     	;# 
   601  019C                     	;# 
   602  019D                     	;# 
   603  019E                     	;# 
   604  019F                     	;# 
   605  020C                     	;# 
   606  020D                     	;# 
   607  0211                     	;# 
   608  0211                     	;# 
   609  0212                     	;# 
   610  0212                     	;# 
   611  0213                     	;# 
   612  0213                     	;# 
   613  0214                     	;# 
   614  0214                     	;# 
   615  0215                     	;# 
   616  0215                     	;# 
   617  0215                     	;# 
   618  0216                     	;# 
   619  0216                     	;# 
   620  0217                     	;# 
   621  0217                     	;# 
   622  0219                     	;# 
   623  021A                     	;# 
   624  021B                     	;# 
   625  021C                     	;# 
   626  021D                     	;# 
   627  021E                     	;# 
   628  021F                     	;# 
   629  0291                     	;# 
   630  0291                     	;# 
   631  0292                     	;# 
   632  0293                     	;# 
   633  0294                     	;# 
   634  0295                     	;# 
   635  0295                     	;# 
   636  0296                     	;# 
   637  0298                     	;# 
   638  0298                     	;# 
   639  0299                     	;# 
   640  029A                     	;# 
   641  029B                     	;# 
   642  029C                     	;# 
   643  029C                     	;# 
   644  029D                     	;# 
   645  029E                     	;# 
   646  029E                     	;# 
   647  0311                     	;# 
   648  0311                     	;# 
   649  0312                     	;# 
   650  0313                     	;# 
   651  0318                     	;# 
   652  0318                     	;# 
   653  0319                     	;# 
   654  031A                     	;# 
   655  0394                     	;# 
   656  0395                     	;# 
   657  0396                     	;# 
   658  039A                     	;# 
   659  039C                     	;# 
   660  039D                     	;# 
   661  039E                     	;# 
   662  039F                     	;# 
   663  0415                     	;# 
   664  0416                     	;# 
   665  0417                     	;# 
   666  041C                     	;# 
   667  041D                     	;# 
   668  041E                     	;# 
   669  0FE4                     	;# 
   670  0FE5                     	;# 
   671  0FE6                     	;# 
   672  0FE7                     	;# 
   673  0FE8                     	;# 
   674  0FE9                     	;# 
   675  0FEA                     	;# 
   676  0FEB                     	;# 
   677  0FED                     	;# 
   678  0FEE                     	;# 
   679  0FEF                     	;# 
   680  000D                     _PORTB	set	13
   681  000C                     _PORTAbits	set	12
   682  0095                     _OPTION_REGbits	set	149
   683  008D                     _TRISB	set	141
   684  008C                     _TRISA	set	140
   685  0097                     _WDTCON	set	151
   686  0098                     _OSCTUNE	set	152
   687  0099                     _OSCCON	set	153
   688  011E                     _APFCON1	set	286
   689  011D                     _APFCON0	set	285
   690  010D                     _LATB	set	269
   691  010C                     _LATA	set	268
   692  0116                     _BORCON	set	278
   693  018C                     _ANSELA	set	396
   694  018D                     _ANSELB	set	397
   695  020C                     _WPUA	set	524
   696  020D                     _WPUB	set	525
   697                           
   698                           	psect	cinit
   699  07FD                     start_initialization:	
   700                           ; #config settings
   701                           
   702  07FD                     __initialization:
   703  07FD                     end_of_initialization:	
   704                           ;End of C runtime variable initialization code
   705                           
   706  07FD                     __end_of__initialization:
   707  07FD  0020               	movlb	0
   708  07FE  3186  2EDC         	ljmp	_main	;jump to C main() function
   709                           
   710                           	psect	cstackCOMMON
   711  0070                     __pcstackCOMMON:
   712  0070                     ?_PIN_MANAGER_Initialize:
   713  0070                     ??_PIN_MANAGER_Initialize:	
   714                           ; 1 bytes @ 0x0
   715                           
   716  0070                     ?_OSCILLATOR_Initialize:	
   717                           ; 1 bytes @ 0x0
   718                           
   719  0070                     ??_OSCILLATOR_Initialize:	
   720                           ; 1 bytes @ 0x0
   721                           
   722  0070                     ?_WDT_Initialize:	
   723                           ; 1 bytes @ 0x0
   724                           
   725  0070                     ??_WDT_Initialize:	
   726                           ; 1 bytes @ 0x0
   727                           
   728  0070                     ?_SYSTEM_Initialize:	
   729                           ; 1 bytes @ 0x0
   730                           
   731  0070                     ??_SYSTEM_Initialize:	
   732                           ; 1 bytes @ 0x0
   733                           
   734  0070                     ?_main:	
   735                           ; 1 bytes @ 0x0
   736                           
   737  0070                     ??_main:	
   738                           ; 1 bytes @ 0x0
   739                           
   740                           
   741                           ; 1 bytes @ 0x0
   742  0070                     	ds	2
   743                           
   744                           	psect	maintext
   745  06DC                     __pmaintext:	
   746 ;;
   747 ;;Main: autosize = 0, tempsize = 2, incstack = 0, save=0
   748 ;;
   749 ;; *************** function _main *****************
   750 ;; Defined at:
   751 ;;		line 52 in file "main.c"
   752 ;; Parameters:    Size  Location     Type
   753 ;;		None
   754 ;; Auto vars:     Size  Location     Type
   755 ;;		None
   756 ;; Return value:  Size  Location     Type
   757 ;;                  1    wreg      void 
   758 ;; Registers used:
   759 ;;		wreg, status,2, status,0, pclath, cstack
   760 ;; Tracked objects:
   761 ;;		On entry : B1F/0
   762 ;;		On exit  : 0/0
   763 ;;		Unchanged: 0/0
   764 ;; Data sizes:     COMMON   BANK0   BANK1   BANK2   BANK3   BANK4
   765 ;;      Params:         0       0       0       0       0       0
   766 ;;      Locals:         0       0       0       0       0       0
   767 ;;      Temps:          2       0       0       0       0       0
   768 ;;      Totals:         2       0       0       0       0       0
   769 ;;Total ram usage:        2 bytes
   770 ;; Hardware stack levels required when called:    2
   771 ;; This function calls:
   772 ;;		_SYSTEM_Initialize
   773 ;; This function is called by:
   774 ;;		Startup code after reset
   775 ;; This function uses a non-reentrant model
   776 ;;
   777                           
   778                           
   779                           ;psect for function _main
   780  06DC                     _main:
   781  06DC                     l713:	
   782                           ;incstack = 0
   783                           ; Regs used in _main: [wreg+status,2+status,0+pclath+cstack]
   784                           
   785                           
   786                           ;main.c: 55:     SYSTEM_Initialize();
   787  06DC  3186  26BF  3186   	fcall	_SYSTEM_Initialize
   788  06DF                     l715:
   789                           
   790                           ;main.c: 59:         PORTAbits.RA0 = 1;
   791  06DF  0020               	movlb	0	; select bank0
   792  06E0  140C               	bsf	12,0	;volatile
   793  06E1                     l717:
   794                           
   795                           ;main.c: 60:         PORTB = 0b00001000;
   796  06E1  3008               	movlw	8
   797  06E2  008D               	movwf	13	;volatile
   798  06E3                     l719:
   799                           
   800                           ;main.c: 61:         _delay((unsigned long)((100)*(4000000/4000.0)));
   801  06E3  3082               	movlw	130
   802  06E4  00F0               	movwf	??_main
   803  06E5  30DE               	movlw	222
   804  06E6                     u117:
   805  06E6  0B89               	decfsz	9,f
   806  06E7  2EE6               	goto	u117
   807  06E8  0BF0               	decfsz	??_main,f
   808  06E9  2EE6               	goto	u117
   809  06EA                     l721:
   810                           
   811                           ;main.c: 62:         PORTAbits.RA0 = 0;
   812  06EA  0020               	movlb	0	; select bank0
   813  06EB  100C               	bcf	12,0	;volatile
   814  06EC                     l723:
   815                           
   816                           ;main.c: 64:         PORTAbits.RA1 = 1;
   817  06EC  148C               	bsf	12,1	;volatile
   818  06ED                     l725:
   819                           
   820                           ;main.c: 65:         PORTB = 0b00001000;
   821  06ED  3008               	movlw	8
   822  06EE  008D               	movwf	13	;volatile
   823  06EF                     l727:
   824                           
   825                           ;main.c: 66:         _delay((unsigned long)((100)*(4000000/4000.0)));
   826  06EF  3082               	movlw	130
   827  06F0  00F0               	movwf	??_main
   828  06F1  30DE               	movlw	222
   829  06F2                     u127:
   830  06F2  0B89               	decfsz	9,f
   831  06F3  2EF2               	goto	u127
   832  06F4  0BF0               	decfsz	??_main,f
   833  06F5  2EF2               	goto	u127
   834  06F6                     l729:
   835                           
   836                           ;main.c: 67:         PORTAbits.RA1 = 0;
   837  06F6  0020               	movlb	0	; select bank0
   838  06F7  108C               	bcf	12,1	;volatile
   839  06F8                     l731:
   840                           
   841                           ;main.c: 69:         PORTB = 0b00001000;
   842  06F8  3008               	movlw	8
   843  06F9  008D               	movwf	13	;volatile
   844  06FA                     l733:
   845                           
   846                           ;main.c: 70:         _delay((unsigned long)((100)*(4000000/4000.0)));
   847  06FA  3082               	movlw	130
   848  06FB  00F0               	movwf	??_main
   849  06FC  30DE               	movlw	222
   850  06FD                     u137:
   851  06FD  0B89               	decfsz	9,f
   852  06FE  2EFD               	goto	u137
   853  06FF  0BF0               	decfsz	??_main,f
   854  0700  2EFD               	goto	u137
   855  0701                     l735:
   856                           
   857                           ;main.c: 71:         PORTB = 0b00000100;
   858  0701  3004               	movlw	4
   859  0702  0020               	movlb	0	; select bank0
   860  0703  008D               	movwf	13	;volatile
   861  0704                     l737:
   862                           
   863                           ;main.c: 72:         _delay((unsigned long)((100)*(4000000/4000.0)));
   864  0704  3082               	movlw	130
   865  0705  00F0               	movwf	??_main
   866  0706  30DE               	movlw	222
   867  0707                     u147:
   868  0707  0B89               	decfsz	9,f
   869  0708  2F07               	goto	u147
   870  0709  0BF0               	decfsz	??_main,f
   871  070A  2F07               	goto	u147
   872  070B                     l739:
   873                           
   874                           ;main.c: 73:         PORTB = 0B00000010;
   875  070B  3002               	movlw	2
   876  070C  0020               	movlb	0	; select bank0
   877  070D  008D               	movwf	13	;volatile
   878  070E                     l741:
   879                           
   880                           ;main.c: 74:         _delay((unsigned long)((100)*(4000000/4000.0)));
   881  070E  3082               	movlw	130
   882  070F  00F0               	movwf	??_main
   883  0710  30DE               	movlw	222
   884  0711                     u157:
   885  0711  0B89               	decfsz	9,f
   886  0712  2F11               	goto	u157
   887  0713  0BF0               	decfsz	??_main,f
   888  0714  2F11               	goto	u157
   889  0715                     l743:
   890                           
   891                           ;main.c: 75:         PORTB = 0b00000001;
   892  0715  3001               	movlw	1
   893  0716  0020               	movlb	0	; select bank0
   894  0717  008D               	movwf	13	;volatile
   895  0718                     l745:
   896                           
   897                           ;main.c: 76:         _delay((unsigned long)((100)*(4000000/4000.0)));
   898  0718  3082               	movlw	130
   899  0719  00F0               	movwf	??_main
   900  071A  30DE               	movlw	222
   901  071B                     u167:
   902  071B  0B89               	decfsz	9,f
   903  071C  2F1B               	goto	u167
   904  071D  0BF0               	decfsz	??_main,f
   905  071E  2F1B               	goto	u167
   906  071F                     l747:
   907                           
   908                           ;main.c: 78:         if(PORTAbits.RA2 == 1 && PORTAbits.RA4 == 1){
   909  071F  0020               	movlb	0	; select bank0
   910  0720  1D0C               	btfss	12,2	;volatile
   911  0721  2F23               	goto	u11
   912  0722  2F24               	goto	u10
   913  0723                     u11:
   914  0723  2FCE               	goto	l65
   915  0724                     u10:
   916  0724                     l749:
   917  0724  1E0C               	btfss	12,4	;volatile
   918  0725  2F27               	goto	u21
   919  0726  2F28               	goto	u20
   920  0727                     u21:
   921  0727  2FCE               	goto	l65
   922  0728                     u20:
   923  0728                     l66:	
   924                           ;main.c: 80:             while(1){
   925                           
   926                           
   927                           ;main.c: 82:                 if (PORTAbits.RA2 == 1 && PORTAbits.RA3 == 1 && PORTAbits.R
      +                          A4 == 1){
   928  0728  1D0C               	btfss	12,2	;volatile
   929  0729  2F2B               	goto	u31
   930  072A  2F2C               	goto	u30
   931  072B                     u31:
   932  072B  2F3F               	goto	l67
   933  072C                     u30:
   934  072C                     l751:
   935  072C  1D8C               	btfss	12,3	;volatile
   936  072D  2F2F               	goto	u41
   937  072E  2F30               	goto	u40
   938  072F                     u41:
   939  072F  2F3F               	goto	l67
   940  0730                     u40:
   941  0730                     l753:
   942  0730  1E0C               	btfss	12,4	;volatile
   943  0731  2F33               	goto	u51
   944  0732  2F34               	goto	u50
   945  0733                     u51:
   946  0733  2F3F               	goto	l67
   947  0734                     u50:
   948  0734                     l755:
   949                           
   950                           ;main.c: 83:                      _delay((unsigned long)((1000)*(4000000/4000.0))) ;
   951  0734  3006               	movlw	6
   952  0735  00F1               	movwf	??_main+1
   953  0736  3013               	movlw	19
   954  0737  00F0               	movwf	??_main
   955  0738  30AE               	movlw	174
   956  0739                     u177:
   957  0739  0B89               	decfsz	9,f
   958  073A  2F39               	goto	u177
   959  073B  0BF0               	decfsz	??_main,f
   960  073C  2F39               	goto	u177
   961  073D  0BF1               	decfsz	??_main+1,f
   962  073E  2F39               	goto	u177
   963  073F                     l67:	
   964                           ;main.c: 84:                 }
   965                           
   966                           
   967                           ;main.c: 86:                 PORTB = 0B00000010;
   968  073F  3002               	movlw	2
   969  0740  0020               	movlb	0	; select bank0
   970  0741  008D               	movwf	13	;volatile
   971                           
   972                           ;main.c: 87:                 _delay((unsigned long)((100)*(4000000/4000.0)));
   973  0742  3082               	movlw	130
   974  0743  00F0               	movwf	??_main
   975  0744  30DE               	movlw	222
   976  0745                     u187:
   977  0745  0B89               	decfsz	9,f
   978  0746  2F45               	goto	u187
   979  0747  0BF0               	decfsz	??_main,f
   980  0748  2F45               	goto	u187
   981                           
   982                           ;main.c: 88:                 PORTB = 0b00000100;
   983  0749  3004               	movlw	4
   984  074A  0020               	movlb	0	; select bank0
   985  074B  008D               	movwf	13	;volatile
   986                           
   987                           ;main.c: 89:                 _delay((unsigned long)((100)*(4000000/4000.0)));
   988  074C  3082               	movlw	130
   989  074D  00F0               	movwf	??_main
   990  074E  30DE               	movlw	222
   991  074F                     u197:
   992  074F  0B89               	decfsz	9,f
   993  0750  2F4F               	goto	u197
   994  0751  0BF0               	decfsz	??_main,f
   995  0752  2F4F               	goto	u197
   996                           
   997                           ;main.c: 90:                 PORTB = 0b00001000;
   998  0753  3008               	movlw	8
   999  0754  0020               	movlb	0	; select bank0
  1000  0755  008D               	movwf	13	;volatile
  1001                           
  1002                           ;main.c: 91:                 _delay((unsigned long)((100)*(4000000/4000.0)));
  1003  0756  3082               	movlw	130
  1004  0757  00F0               	movwf	??_main
  1005  0758  30DE               	movlw	222
  1006  0759                     u207:
  1007  0759  0B89               	decfsz	9,f
  1008  075A  2F59               	goto	u207
  1009  075B  0BF0               	decfsz	??_main,f
  1010  075C  2F59               	goto	u207
  1011  075D                     l757:
  1012                           
  1013                           ;main.c: 93:                 PORTAbits.RA1 = 1;
  1014  075D  0020               	movlb	0	; select bank0
  1015  075E  148C               	bsf	12,1	;volatile
  1016                           
  1017                           ;main.c: 94:                 PORTB = 0b00001000;
  1018  075F  3008               	movlw	8
  1019  0760  008D               	movwf	13	;volatile
  1020                           
  1021                           ;main.c: 95:                 _delay((unsigned long)((100)*(4000000/4000.0)));
  1022  0761  3082               	movlw	130
  1023  0762  00F0               	movwf	??_main
  1024  0763  30DE               	movlw	222
  1025  0764                     u217:
  1026  0764  0B89               	decfsz	9,f
  1027  0765  2F64               	goto	u217
  1028  0766  0BF0               	decfsz	??_main,f
  1029  0767  2F64               	goto	u217
  1030  0768                     l759:
  1031                           
  1032                           ;main.c: 96:                 PORTAbits.RA1 = 0;
  1033  0768  0020               	movlb	0	; select bank0
  1034  0769  108C               	bcf	12,1	;volatile
  1035  076A                     l761:
  1036                           
  1037                           ;main.c: 98:                 PORTAbits.RA0 = 1;
  1038  076A  140C               	bsf	12,0	;volatile
  1039                           
  1040                           ;main.c: 99:                 PORTB = 0b00001000;
  1041  076B  3008               	movlw	8
  1042  076C  008D               	movwf	13	;volatile
  1043                           
  1044                           ;main.c: 100:                 _delay((unsigned long)((100)*(4000000/4000.0)));
  1045  076D  3082               	movlw	130
  1046  076E  00F0               	movwf	??_main
  1047  076F  30DE               	movlw	222
  1048  0770                     u227:
  1049  0770  0B89               	decfsz	9,f
  1050  0771  2F70               	goto	u227
  1051  0772  0BF0               	decfsz	??_main,f
  1052  0773  2F70               	goto	u227
  1053                           
  1054                           ;main.c: 101:                 PORTB = 0b00010000;
  1055  0774  3010               	movlw	16
  1056  0775  0020               	movlb	0	; select bank0
  1057  0776  008D               	movwf	13	;volatile
  1058                           
  1059                           ;main.c: 102:                 _delay((unsigned long)((100)*(4000000/4000.0)));
  1060  0777  3082               	movlw	130
  1061  0778  00F0               	movwf	??_main
  1062  0779  30DE               	movlw	222
  1063  077A                     u237:
  1064  077A  0B89               	decfsz	9,f
  1065  077B  2F7A               	goto	u237
  1066  077C  0BF0               	decfsz	??_main,f
  1067  077D  2F7A               	goto	u237
  1068                           
  1069                           ;main.c: 103:                 PORTB = 0b00100000;
  1070  077E  3020               	movlw	32
  1071  077F  0020               	movlb	0	; select bank0
  1072  0780  008D               	movwf	13	;volatile
  1073                           
  1074                           ;main.c: 104:                 _delay((unsigned long)((100)*(4000000/4000.0)));
  1075  0781  3082               	movlw	130
  1076  0782  00F0               	movwf	??_main
  1077  0783  30DE               	movlw	222
  1078  0784                     u247:
  1079  0784  0B89               	decfsz	9,f
  1080  0785  2F84               	goto	u247
  1081  0786  0BF0               	decfsz	??_main,f
  1082  0787  2F84               	goto	u247
  1083                           
  1084                           ;main.c: 105:                 PORTB = 0b00000001;
  1085  0788  3001               	movlw	1
  1086  0789  0020               	movlb	0	; select bank0
  1087  078A  008D               	movwf	13	;volatile
  1088                           
  1089                           ;main.c: 106:                  _delay((unsigned long)((100)*(4000000/4000.0)));
  1090  078B  3082               	movlw	130
  1091  078C  00F0               	movwf	??_main
  1092  078D  30DE               	movlw	222
  1093  078E                     u257:
  1094  078E  0B89               	decfsz	9,f
  1095  078F  2F8E               	goto	u257
  1096  0790  0BF0               	decfsz	??_main,f
  1097  0791  2F8E               	goto	u257
  1098  0792                     l763:
  1099                           
  1100                           ;main.c: 107:                 PORTAbits.RA0 = 0;
  1101  0792  0020               	movlb	0	; select bank0
  1102  0793  100C               	bcf	12,0	;volatile
  1103  0794                     l765:
  1104                           
  1105                           ;main.c: 109:                 PORTAbits.RA1 = 1;
  1106  0794  148C               	bsf	12,1	;volatile
  1107                           
  1108                           ;main.c: 110:                 PORTB = 0b00000001;
  1109  0795  3001               	movlw	1
  1110  0796  008D               	movwf	13	;volatile
  1111                           
  1112                           ;main.c: 111:                 _delay((unsigned long)((100)*(4000000/4000.0)));
  1113  0797  3082               	movlw	130
  1114  0798  00F0               	movwf	??_main
  1115  0799  30DE               	movlw	222
  1116  079A                     u267:
  1117  079A  0B89               	decfsz	9,f
  1118  079B  2F9A               	goto	u267
  1119  079C  0BF0               	decfsz	??_main,f
  1120  079D  2F9A               	goto	u267
  1121  079E                     l767:
  1122                           
  1123                           ;main.c: 112:                 PORTAbits.RA1 = 0;
  1124  079E  0020               	movlb	0	; select bank0
  1125  079F  108C               	bcf	12,1	;volatile
  1126                           
  1127                           ;main.c: 114:                 PORTB = 0b00000001;
  1128  07A0  3001               	movlw	1
  1129  07A1  008D               	movwf	13	;volatile
  1130                           
  1131                           ;main.c: 115:                 _delay((unsigned long)((100)*(4000000/4000.0)));
  1132  07A2  3082               	movlw	130
  1133  07A3  00F0               	movwf	??_main
  1134  07A4  30DE               	movlw	222
  1135  07A5                     u277:
  1136  07A5  0B89               	decfsz	9,f
  1137  07A6  2FA5               	goto	u277
  1138  07A7  0BF0               	decfsz	??_main,f
  1139  07A8  2FA5               	goto	u277
  1140  07A9                     l769:
  1141                           
  1142                           ;main.c: 117:                 if (PORTAbits.RA2 == 1 && PORTAbits.RA3 == 1 && PORTAbits.
      +                          RA4 == 1){
  1143  07A9  0020               	movlb	0	; select bank0
  1144  07AA  1D0C               	btfss	12,2	;volatile
  1145  07AB  2FAD               	goto	u61
  1146  07AC  2FAE               	goto	u60
  1147  07AD                     u61:
  1148  07AD  2FC2               	goto	l68
  1149  07AE                     u60:
  1150  07AE                     l771:
  1151  07AE  1D8C               	btfss	12,3	;volatile
  1152  07AF  2FB1               	goto	u71
  1153  07B0  2FB2               	goto	u70
  1154  07B1                     u71:
  1155  07B1  2FC2               	goto	l68
  1156  07B2                     u70:
  1157  07B2                     l773:
  1158  07B2  1E0C               	btfss	12,4	;volatile
  1159  07B3  2FB5               	goto	u81
  1160  07B4  2FB6               	goto	u80
  1161  07B5                     u81:
  1162  07B5  2FC2               	goto	l68
  1163  07B6                     u80:
  1164  07B6                     l775:
  1165                           
  1166                           ;main.c: 118:                      _delay((unsigned long)((1000)*(4000000/4000.0))) ;
  1167  07B6  3006               	movlw	6
  1168  07B7  00F1               	movwf	??_main+1
  1169  07B8  3013               	movlw	19
  1170  07B9  00F0               	movwf	??_main
  1171  07BA  30AE               	movlw	174
  1172  07BB                     u287:
  1173  07BB  0B89               	decfsz	9,f
  1174  07BC  2FBB               	goto	u287
  1175  07BD  0BF0               	decfsz	??_main,f
  1176  07BE  2FBB               	goto	u287
  1177  07BF  0BF1               	decfsz	??_main+1,f
  1178  07C0  2FBB               	goto	u287
  1179                           
  1180                           ;main.c: 119:                 }
  1181  07C1  2FCB               	goto	l69
  1182  07C2                     l68:	
  1183                           ;main.c: 120:                 else if(PORTAbits.RA2 == 1 && PORTAbits.RA4 == 1){
  1184                           
  1185  07C2  1D0C               	btfss	12,2	;volatile
  1186  07C3  2FC5               	goto	u91
  1187  07C4  2FC6               	goto	u90
  1188  07C5                     u91:
  1189  07C5  2FCB               	goto	l69
  1190  07C6                     u90:
  1191  07C6                     l777:
  1192  07C6  1E0C               	btfss	12,4	;volatile
  1193  07C7  2FC9               	goto	u101
  1194  07C8  2FCA               	goto	u100
  1195  07C9                     u101:
  1196  07C9  2FCB               	goto	l69
  1197  07CA                     u100:
  1198  07CA  2FCE               	goto	l65
  1199  07CB                     l69:
  1200                           
  1201                           ;main.c: 123:                     PORTAbits.RA0 = 0;
  1202  07CB  0020               	movlb	0	; select bank0
  1203  07CC  100C               	bcf	12,0	;volatile
  1204  07CD  2F28               	goto	l66
  1205  07CE                     l65:	
  1206                           ;main.c: 126:         }
  1207                           
  1208                           
  1209                           ;main.c: 128:         PORTAbits.RA1 = 1;
  1210  07CE  148C               	bsf	12,1	;volatile
  1211  07CF                     l781:
  1212                           
  1213                           ;main.c: 129:         PORTB = 0b00000001;
  1214  07CF  3001               	movlw	1
  1215  07D0  008D               	movwf	13	;volatile
  1216                           
  1217                           ;main.c: 130:         _delay((unsigned long)((100)*(4000000/4000.0)));
  1218  07D1  3082               	movlw	130
  1219  07D2  00F0               	movwf	??_main
  1220  07D3  30DE               	movlw	222
  1221  07D4                     u297:
  1222  07D4  0B89               	decfsz	9,f
  1223  07D5  2FD4               	goto	u297
  1224  07D6  0BF0               	decfsz	??_main,f
  1225  07D7  2FD4               	goto	u297
  1226  07D8                     l783:
  1227                           
  1228                           ;main.c: 131:         PORTAbits.RA1 = 0;
  1229  07D8  0020               	movlb	0	; select bank0
  1230  07D9  108C               	bcf	12,1	;volatile
  1231  07DA                     l785:
  1232                           
  1233                           ;main.c: 133:         PORTAbits.RA0 = 1;
  1234  07DA  140C               	bsf	12,0	;volatile
  1235                           
  1236                           ;main.c: 134:         PORTB = 0B00000001;
  1237  07DB  3001               	movlw	1
  1238  07DC  008D               	movwf	13	;volatile
  1239                           
  1240                           ;main.c: 135:         _delay((unsigned long)((100)*(4000000/4000.0)));
  1241  07DD  3082               	movlw	130
  1242  07DE  00F0               	movwf	??_main
  1243  07DF  30DE               	movlw	222
  1244  07E0                     u307:
  1245  07E0  0B89               	decfsz	9,f
  1246  07E1  2FE0               	goto	u307
  1247  07E2  0BF0               	decfsz	??_main,f
  1248  07E3  2FE0               	goto	u307
  1249                           
  1250                           ;main.c: 136:         PORTB = 0b00100000;
  1251  07E4  3020               	movlw	32
  1252  07E5  0020               	movlb	0	; select bank0
  1253  07E6  008D               	movwf	13	;volatile
  1254                           
  1255                           ;main.c: 137:         _delay((unsigned long)((100)*(4000000/4000.0)));
  1256  07E7  3082               	movlw	130
  1257  07E8  00F0               	movwf	??_main
  1258  07E9  30DE               	movlw	222
  1259  07EA                     u317:
  1260  07EA  0B89               	decfsz	9,f
  1261  07EB  2FEA               	goto	u317
  1262  07EC  0BF0               	decfsz	??_main,f
  1263  07ED  2FEA               	goto	u317
  1264                           
  1265                           ;main.c: 138:         PORTB = 0b00010000;
  1266  07EE  3010               	movlw	16
  1267  07EF  0020               	movlb	0	; select bank0
  1268  07F0  008D               	movwf	13	;volatile
  1269                           
  1270                           ;main.c: 139:         _delay((unsigned long)((100)*(4000000/4000.0)));
  1271  07F1  3082               	movlw	130
  1272  07F2  00F0               	movwf	??_main
  1273  07F3  30DE               	movlw	222
  1274  07F4                     u327:
  1275  07F4  0B89               	decfsz	9,f
  1276  07F5  2FF4               	goto	u327
  1277  07F6  0BF0               	decfsz	??_main,f
  1278  07F7  2FF4               	goto	u327
  1279  07F8                     l787:
  1280                           
  1281                           ;main.c: 140:         PORTAbits.RA0 = 0;
  1282  07F8  0020               	movlb	0	; select bank0
  1283  07F9  100C               	bcf	12,0	;volatile
  1284  07FA  2EDF               	goto	l715
  1285  07FB  3180  2802         	ljmp	start
  1286  07FD                     __end_of_main:
  1287                           
  1288                           	psect	text1
  1289  06BF                     __ptext1:	
  1290 ;; *************** function _SYSTEM_Initialize *****************
  1291 ;; Defined at:
  1292 ;;		line 50 in file "mcc_generated_files/mcc.c"
  1293 ;; Parameters:    Size  Location     Type
  1294 ;;		None
  1295 ;; Auto vars:     Size  Location     Type
  1296 ;;		None
  1297 ;; Return value:  Size  Location     Type
  1298 ;;                  1    wreg      void 
  1299 ;; Registers used:
  1300 ;;		wreg, status,2, status,0, pclath, cstack
  1301 ;; Tracked objects:
  1302 ;;		On entry : 0/0
  1303 ;;		On exit  : 0/0
  1304 ;;		Unchanged: 0/0
  1305 ;; Data sizes:     COMMON   BANK0   BANK1   BANK2   BANK3   BANK4
  1306 ;;      Params:         0       0       0       0       0       0
  1307 ;;      Locals:         0       0       0       0       0       0
  1308 ;;      Temps:          0       0       0       0       0       0
  1309 ;;      Totals:         0       0       0       0       0       0
  1310 ;;Total ram usage:        0 bytes
  1311 ;; Hardware stack levels used:    1
  1312 ;; Hardware stack levels required when called:    1
  1313 ;; This function calls:
  1314 ;;		_OSCILLATOR_Initialize
  1315 ;;		_PIN_MANAGER_Initialize
  1316 ;;		_WDT_Initialize
  1317 ;; This function is called by:
  1318 ;;		_main
  1319 ;; This function uses a non-reentrant model
  1320 ;;
  1321                           
  1322                           
  1323                           ;psect for function _SYSTEM_Initialize
  1324  06BF                     _SYSTEM_Initialize:
  1325  06BF                     l711:	
  1326                           ;incstack = 0
  1327                           ; Regs used in _SYSTEM_Initialize: [wreg+status,2+status,0+pclath+cstack]
  1328                           
  1329                           
  1330                           ;mcc_generated_files/mcc.c: 53:     PIN_MANAGER_Initialize();
  1331  06BF  3186  26C9  3186   	fcall	_PIN_MANAGER_Initialize
  1332                           
  1333                           ;mcc_generated_files/mcc.c: 54:     OSCILLATOR_Initialize();
  1334  06C2  3186  26B8  3186   	fcall	_OSCILLATOR_Initialize
  1335                           
  1336                           ;mcc_generated_files/mcc.c: 55:     WDT_Initialize();
  1337  06C5  3186  26B4  3186   	fcall	_WDT_Initialize
  1338  06C8                     l17:
  1339  06C8  0008               	return
  1340  06C9                     __end_of_SYSTEM_Initialize:
  1341                           
  1342                           	psect	text2
  1343  06B4                     __ptext2:	
  1344 ;; *************** function _WDT_Initialize *****************
  1345 ;; Defined at:
  1346 ;;		line 68 in file "mcc_generated_files/mcc.c"
  1347 ;; Parameters:    Size  Location     Type
  1348 ;;		None
  1349 ;; Auto vars:     Size  Location     Type
  1350 ;;		None
  1351 ;; Return value:  Size  Location     Type
  1352 ;;                  1    wreg      void 
  1353 ;; Registers used:
  1354 ;;		wreg
  1355 ;; Tracked objects:
  1356 ;;		On entry : 0/0
  1357 ;;		On exit  : 0/0
  1358 ;;		Unchanged: 0/0
  1359 ;; Data sizes:     COMMON   BANK0   BANK1   BANK2   BANK3   BANK4
  1360 ;;      Params:         0       0       0       0       0       0
  1361 ;;      Locals:         0       0       0       0       0       0
  1362 ;;      Temps:          0       0       0       0       0       0
  1363 ;;      Totals:         0       0       0       0       0       0
  1364 ;;Total ram usage:        0 bytes
  1365 ;; Hardware stack levels used:    1
  1366 ;; This function calls:
  1367 ;;		Nothing
  1368 ;; This function is called by:
  1369 ;;		_SYSTEM_Initialize
  1370 ;; This function uses a non-reentrant model
  1371 ;;
  1372                           
  1373                           
  1374                           ;psect for function _WDT_Initialize
  1375  06B4                     _WDT_Initialize:
  1376  06B4                     l709:	
  1377                           ;incstack = 0
  1378                           ; Regs used in _WDT_Initialize: [wreg]
  1379                           
  1380                           
  1381                           ;mcc_generated_files/mcc.c: 71:     WDTCON = 0x16;
  1382  06B4  3016               	movlw	22
  1383  06B5  0021               	movlb	1	; select bank1
  1384  06B6  0097               	movwf	23	;volatile
  1385  06B7                     l23:
  1386  06B7  0008               	return
  1387  06B8                     __end_of_WDT_Initialize:
  1388                           
  1389                           	psect	text3
  1390  06C9                     __ptext3:	
  1391 ;; *************** function _PIN_MANAGER_Initialize *****************
  1392 ;; Defined at:
  1393 ;;		line 55 in file "mcc_generated_files/pin_manager.c"
  1394 ;; Parameters:    Size  Location     Type
  1395 ;;		None
  1396 ;; Auto vars:     Size  Location     Type
  1397 ;;		None
  1398 ;; Return value:  Size  Location     Type
  1399 ;;                  1    wreg      void 
  1400 ;; Registers used:
  1401 ;;		wreg, status,2
  1402 ;; Tracked objects:
  1403 ;;		On entry : 0/0
  1404 ;;		On exit  : 0/0
  1405 ;;		Unchanged: 0/0
  1406 ;; Data sizes:     COMMON   BANK0   BANK1   BANK2   BANK3   BANK4
  1407 ;;      Params:         0       0       0       0       0       0
  1408 ;;      Locals:         0       0       0       0       0       0
  1409 ;;      Temps:          0       0       0       0       0       0
  1410 ;;      Totals:         0       0       0       0       0       0
  1411 ;;Total ram usage:        0 bytes
  1412 ;; Hardware stack levels used:    1
  1413 ;; This function calls:
  1414 ;;		Nothing
  1415 ;; This function is called by:
  1416 ;;		_SYSTEM_Initialize
  1417 ;; This function uses a non-reentrant model
  1418 ;;
  1419                           
  1420                           
  1421                           ;psect for function _PIN_MANAGER_Initialize
  1422  06C9                     _PIN_MANAGER_Initialize:
  1423  06C9                     l683:	
  1424                           ;incstack = 0
  1425                           ; Regs used in _PIN_MANAGER_Initialize: [wreg+status,2]
  1426                           
  1427                           
  1428                           ;mcc_generated_files/pin_manager.c: 60:     LATA = 0x00;
  1429  06C9  0022               	movlb	2	; select bank2
  1430  06CA  018C               	clrf	12	;volatile
  1431                           
  1432                           ;mcc_generated_files/pin_manager.c: 61:     LATB = 0x00;
  1433  06CB  018D               	clrf	13	;volatile
  1434  06CC                     l685:
  1435                           
  1436                           ;mcc_generated_files/pin_manager.c: 66:     TRISA = 0xFC;
  1437  06CC  30FC               	movlw	252
  1438  06CD  0021               	movlb	1	; select bank1
  1439  06CE  008C               	movwf	12	;volatile
  1440  06CF                     l687:
  1441                           
  1442                           ;mcc_generated_files/pin_manager.c: 67:     TRISB = 0x00;
  1443  06CF  018D               	clrf	13	;volatile
  1444  06D0                     l689:
  1445                           
  1446                           ;mcc_generated_files/pin_manager.c: 72:     ANSELB = 0x00;
  1447  06D0  0023               	movlb	3	; select bank3
  1448  06D1  018D               	clrf	13	;volatile
  1449  06D2                     l691:
  1450                           
  1451                           ;mcc_generated_files/pin_manager.c: 73:     ANSELA = 0x00;
  1452  06D2  018C               	clrf	12	;volatile
  1453  06D3                     l693:
  1454                           
  1455                           ;mcc_generated_files/pin_manager.c: 78:     WPUB = 0x00;
  1456  06D3  0024               	movlb	4	; select bank4
  1457  06D4  018D               	clrf	13	;volatile
  1458  06D5                     l695:
  1459                           
  1460                           ;mcc_generated_files/pin_manager.c: 79:     WPUA = 0x00;
  1461  06D5  018C               	clrf	12	;volatile
  1462  06D6                     l697:
  1463                           
  1464                           ;mcc_generated_files/pin_manager.c: 80:     OPTION_REGbits.nWPUEN = 1;
  1465  06D6  0021               	movlb	1	; select bank1
  1466  06D7  1795               	bsf	21,7	;volatile
  1467  06D8                     l699:
  1468                           
  1469                           ;mcc_generated_files/pin_manager.c: 86:     APFCON0 = 0x00;
  1470  06D8  0022               	movlb	2	; select bank2
  1471  06D9  019D               	clrf	29	;volatile
  1472  06DA                     l701:
  1473                           
  1474                           ;mcc_generated_files/pin_manager.c: 87:     APFCON1 = 0x00;
  1475  06DA  019E               	clrf	30	;volatile
  1476  06DB                     l48:
  1477  06DB  0008               	return
  1478  06DC                     __end_of_PIN_MANAGER_Initialize:
  1479                           
  1480                           	psect	text4
  1481  06B8                     __ptext4:	
  1482 ;; *************** function _OSCILLATOR_Initialize *****************
  1483 ;; Defined at:
  1484 ;;		line 58 in file "mcc_generated_files/mcc.c"
  1485 ;; Parameters:    Size  Location     Type
  1486 ;;		None
  1487 ;; Auto vars:     Size  Location     Type
  1488 ;;		None
  1489 ;; Return value:  Size  Location     Type
  1490 ;;                  1    wreg      void 
  1491 ;; Registers used:
  1492 ;;		wreg, status,2
  1493 ;; Tracked objects:
  1494 ;;		On entry : 0/0
  1495 ;;		On exit  : 0/0
  1496 ;;		Unchanged: 0/0
  1497 ;; Data sizes:     COMMON   BANK0   BANK1   BANK2   BANK3   BANK4
  1498 ;;      Params:         0       0       0       0       0       0
  1499 ;;      Locals:         0       0       0       0       0       0
  1500 ;;      Temps:          0       0       0       0       0       0
  1501 ;;      Totals:         0       0       0       0       0       0
  1502 ;;Total ram usage:        0 bytes
  1503 ;; Hardware stack levels used:    1
  1504 ;; This function calls:
  1505 ;;		Nothing
  1506 ;; This function is called by:
  1507 ;;		_SYSTEM_Initialize
  1508 ;; This function uses a non-reentrant model
  1509 ;;
  1510                           
  1511                           
  1512                           ;psect for function _OSCILLATOR_Initialize
  1513  06B8                     _OSCILLATOR_Initialize:
  1514  06B8                     l703:	
  1515                           ;incstack = 0
  1516                           ; Regs used in _OSCILLATOR_Initialize: [wreg+status,2]
  1517                           
  1518                           
  1519                           ;mcc_generated_files/mcc.c: 61:     OSCCON = 0x6A;
  1520  06B8  306A               	movlw	106
  1521  06B9  0021               	movlb	1	; select bank1
  1522  06BA  0099               	movwf	25	;volatile
  1523  06BB                     l705:
  1524                           
  1525                           ;mcc_generated_files/mcc.c: 63:     OSCTUNE = 0x00;
  1526  06BB  0198               	clrf	24	;volatile
  1527  06BC                     l707:
  1528                           
  1529                           ;mcc_generated_files/mcc.c: 65:     BORCON = 0x00;
  1530  06BC  0022               	movlb	2	; select bank2
  1531  06BD  0196               	clrf	22	;volatile
  1532  06BE                     l20:
  1533  06BE  0008               	return
  1534  06BF                     __end_of_OSCILLATOR_Initialize:
  1535  007E                     btemp	set	126	;btemp
  1536  007E                     wtemp0	set	126
  1537                           
  1538                           	psect	config
  1539                           
  1540                           ;Config register CONFIG1 @ 0x8007
  1541                           ;	Oscillator Selection
  1542                           ;	FOSC = INTOSC, INTOSC oscillator: I/O function on CLKIN pin
  1543                           ;	Watchdog Timer Enable
  1544                           ;	WDTE = OFF, WDT disabled
  1545                           ;	Power-up Timer Enable
  1546                           ;	PWRTE = OFF, PWRT disabled
  1547                           ;	MCLR Pin Function Select
  1548                           ;	MCLRE = ON, MCLR/VPP pin function is MCLR
  1549                           ;	Flash Program Memory Code Protection
  1550                           ;	CP = OFF, Program memory code protection is disabled
  1551                           ;	Data Memory Code Protection
  1552                           ;	CPD = OFF, Data memory code protection is disabled
  1553                           ;	Brown-out Reset Enable
  1554                           ;	BOREN = ON, Brown-out Reset enabled
  1555                           ;	Clock Out Enable
  1556                           ;	CLKOUTEN = OFF, CLKOUT function is disabled. I/O or oscillator function on the CLKOUT 
      +                          pin
  1557                           ;	Internal/External Switchover
  1558                           ;	IESO = ON, Internal/External Switchover mode is enabled
  1559                           ;	Fail-Safe Clock Monitor Enable
  1560                           ;	FCMEN = ON, Fail-Safe Clock Monitor is enabled
  1561  8007                     	org	32775
  1562  8007  3FE4               	dw	16356
  1563                           
  1564                           ;Config register CONFIG2 @ 0x8008
  1565                           ;	Flash Memory Self-Write Protection
  1566                           ;	WRT = OFF, Write protection off
  1567                           ;	PLL Enable
  1568                           ;	PLLEN = OFF, 4x PLL disabled
  1569                           ;	Stack Overflow/Underflow Reset Enable
  1570                           ;	STVREN = ON, Stack Overflow or Underflow will cause a Reset
  1571                           ;	Brown-out Reset Voltage Selection
  1572                           ;	BORV = LO, Brown-out Reset Voltage (Vbor), low trip point selected.
  1573                           ;	Low-Voltage Programming Enable
  1574                           ;	LVP = ON, Low-voltage programming enabled
  1575  8008                     	org	32776
  1576  8008  3EFF               	dw	16127

Data Sizes:
    Strings     0
    Constant    0
    Data        0
    BSS         0
    Persistent  32
    Stack       0

Auto Spaces:
    Space          Size  Autos    Used
    COMMON           14      2       2
    BANK0            80      0       0
    BANK1            80      0       0
    BANK2            80      0       0
    BANK3            80      0       0
    BANK4            48      0       0

Pointer List with Targets:

    None.

Critical Paths under _main in COMMON

    None.

Critical Paths under _main in BANK0

    None.

Critical Paths under _main in BANK1

    None.

Critical Paths under _main in BANK2

    None.

Critical Paths under _main in BANK3

    None.

Critical Paths under _main in BANK4

    None.

Call Graph Tables:

 ---------------------------------------------------------------------------------
 (Depth) Function   	        Calls       Base Space   Used Autos Params    Refs
 ---------------------------------------------------------------------------------
 (0) _main                                                 2     2      0       0
                                              0 COMMON     2     2      0
                  _SYSTEM_Initialize
 ---------------------------------------------------------------------------------
 (1) _SYSTEM_Initialize                                    0     0      0       0
              _OSCILLATOR_Initialize
             _PIN_MANAGER_Initialize
                     _WDT_Initialize
 ---------------------------------------------------------------------------------
 (2) _WDT_Initialize                                       0     0      0       0
 ---------------------------------------------------------------------------------
 (2) _PIN_MANAGER_Initialize                               0     0      0       0
 ---------------------------------------------------------------------------------
 (2) _OSCILLATOR_Initialize                                0     0      0       0
 ---------------------------------------------------------------------------------
 Estimated maximum stack depth 2
 ---------------------------------------------------------------------------------

 Call Graph Graphs:

 _main (ROOT)
   _SYSTEM_Initialize
     _OSCILLATOR_Initialize
     _PIN_MANAGER_Initialize
     _WDT_Initialize

 Address spaces:
Name               Size   Autos  Total    Cost      Usage
BIGRAM             170      0       0       0        0.0%
EEDATA             100      0       0       0        0.0%
NULL                 0      0       0       0        0.0%
CODE                 0      0       0       0        0.0%
BITCOMMON            E      0       0       1        0.0%
BITSFR0              0      0       0       1        0.0%
SFR0                 0      0       0       1        0.0%
COMMON               E      2       2       2       14.3%
BITSFR1              0      0       0       2        0.0%
SFR1                 0      0       0       2        0.0%
BITSFR2              0      0       0       3        0.0%
SFR2                 0      0       0       3        0.0%
STACK                0      0       0       3        0.0%
BITSFR3              0      0       0       4        0.0%
SFR3                 0      0       0       4        0.0%
ABS                  0      0       0       4        0.0%
BITBANK0            50      0       0       5        0.0%
BITSFR4              0      0       0       5        0.0%
SFR4                 0      0       0       5        0.0%
BANK0               50      0       0       6        0.0%
BITSFR5              0      0       0       6        0.0%
SFR5                 0      0       0       6        0.0%
BITBANK1            50      0       0       7        0.0%
BITSFR6              0      0       0       7        0.0%
SFR6                 0      0       0       7        0.0%
BANK1               50      0       0       8        0.0%
BITSFR7              0      0       0       8        0.0%
SFR7                 0      0       0       8        0.0%
BITBANK2            50      0       0       9        0.0%
BITSFR8              0      0       0       9        0.0%
SFR8                 0      0       0       9        0.0%
BANK2               50      0       0      10        0.0%
BITSFR9              0      0       0      10        0.0%
SFR9                 0      0       0      10        0.0%
BITBANK3            50      0       0      11        0.0%
BITSFR10             0      0       0      11        0.0%
SFR10                0      0       0      11        0.0%
BANK3               50      0       0      12        0.0%
BITSFR11             0      0       0      12        0.0%
SFR11                0      0       0      12        0.0%
BITBANK4            30      0       0      13        0.0%
BITSFR12             0      0       0      13        0.0%
SFR12                0      0       0      13        0.0%
BANK4               30      0       0      14        0.0%
BITSFR13             0      0       0      14        0.0%
SFR13                0      0       0      14        0.0%
BITSFR14             0      0       0      15        0.0%
SFR14                0      0       0      15        0.0%
DATA                 0      0       0      15        0.0%
BITSFR15             0      0       0      16        0.0%
SFR15                0      0       0      16        0.0%
BITSFR16             0      0       0      17        0.0%
SFR16                0      0       0      17        0.0%
BITSFR17             0      0       0      18        0.0%
SFR17                0      0       0      18        0.0%
BITSFR18             0      0       0      19        0.0%
SFR18                0      0       0      19        0.0%
BITSFR19             0      0       0      20        0.0%
SFR19                0      0       0      20        0.0%
BITSFR20             0      0       0      21        0.0%
SFR20                0      0       0      21        0.0%
BITSFR21             0      0       0      22        0.0%
SFR21                0      0       0      22        0.0%
BITSFR22             0      0       0      23        0.0%
SFR22                0      0       0      23        0.0%
BITSFR23             0      0       0      24        0.0%
SFR23                0      0       0      24        0.0%
BITSFR24             0      0       0      25        0.0%
SFR24                0      0       0      25        0.0%
BITSFR25             0      0       0      26        0.0%
SFR25                0      0       0      26        0.0%
BITSFR26             0      0       0      27        0.0%
SFR26                0      0       0      27        0.0%
BITSFR27             0      0       0      28        0.0%
SFR27                0      0       0      28        0.0%
BITSFR28             0      0       0      29        0.0%
SFR28                0      0       0      29        0.0%
BITSFR29             0      0       0      30        0.0%
SFR29                0      0       0      30        0.0%
BITSFR30             0      0       0      31        0.0%
SFR30                0      0       0      31        0.0%
BITSFR31             0      0       0      32        0.0%
SFR31                0      0       0      32        0.0%


Microchip Technology PIC Macro Assembler V2.31 build 20201012212115 
Symbol Table                                                                                   Thu Sep 30 09:25:05 2021

                             l20 06BE                               l23 06B7                               l17 06C8  
                             l48 06DB                               l65 07CE                               l66 0728  
                             l67 073F                               l68 07C2                               l69 07CB  
                             u10 0724                               u11 0723                               u20 0728  
                             u21 0727                               u30 072C                               u31 072B  
                             u40 0730                               u41 072F                               u50 0734  
                             u51 0733                               u60 07AE                               u61 07AD  
                             u70 07B2                               u71 07B1                               u80 07B6  
                             u81 07B5                               u90 07C6                               u91 07C5  
                            l701 06DA                              l703 06B8                              l711 06BF  
                            l705 06BB                              l721 06EA                              l713 06DC  
                            l707 06BC                              l731 06F8                              l723 06EC  
                            l715 06DF                              l709 06B4                              l741 070E  
                            l733 06FA                              l725 06ED                              l717 06E1  
                            l751 072C                              l743 0715                              l735 0701  
                            l727 06EF                              l719 06E3                              l761 076A  
                            l753 0730                              l745 0718                              l737 0704  
                            l729 06F6                              l691 06D2                              l683 06C9  
                            l771 07AE                              l763 0792                              l755 0734  
                            l747 071F                              l739 070B                              l693 06D3  
                            l685 06CC                              l781 07CF                              l773 07B2  
                            l765 0794                              l757 075D                              l749 0724  
                            l695 06D5                              l687 06CF                              l783 07D8  
                            l775 07B6                              l767 079E                              l759 0768  
                            l697 06D6                              l689 06D0                              l785 07DA  
                            l777 07C6                              l769 07A9                              l699 06D8  
                            l787 07F8                              u100 07CA                              u101 07C9  
                            u117 06E6                              u207 0759                              u127 06F2  
                            u217 0764                              u137 06FD                              u307 07E0  
                            u227 0770                              u147 0707                              u317 07EA  
                            u237 077A                              u157 0711                              u327 07F4  
                            u247 0784                              u167 071B                              u257 078E  
                            u177 0739                              u267 079A                              u187 0745  
                            u277 07A5                              u197 074F                              u287 07BB  
                            u297 07D4                              wreg 0009                             _LATA 010C  
                           _LATB 010D                             _WPUA 020C                             _WPUB 020D  
                           _main 06DC                             btemp 007E                             start 0002  
 __size_of_OSCILLATOR_Initialize 0007    __end_of_OSCILLATOR_Initialize 06BF                            ?_main 0070  
                          _PORTB 000D                            _TRISA 008C                            _TRISB 008D  
                 _WDT_Initialize 06B4                            wtemp0 007E                  __initialization 07FD  
                   __end_of_main 07FD                           ??_main 0070           __end_of_WDT_Initialize 06B8  
                         _ANSELA 018C                           _ANSELB 018D                           _BORCON 0116  
                         _OSCCON 0099                           _WDTCON 0097                  ?_WDT_Initialize 0070  
              _SYSTEM_Initialize 06BF          __end_of__initialization 07FD               ?_SYSTEM_Initialize 0070  
                 __pcstackCOMMON 0070              ??_SYSTEM_Initialize 0070                   _OPTION_REGbits 0095  
      __end_of_SYSTEM_Initialize 06C9                       __pmaintext 06DC                          _APFCON0 011D  
                        _APFCON1 011E                          _OSCTUNE 0098                          __ptext1 06BF  
                        __ptext2 06B4                          __ptext3 06C9                          __ptext4 06B8  
          _OSCILLATOR_Initialize 06B8         ??_PIN_MANAGER_Initialize 0070       __size_of_SYSTEM_Initialize 000A  
           end_of_initialization 07FD                 ??_WDT_Initialize 0070                        _PORTAbits 000C  
         ?_OSCILLATOR_Initialize 0070              start_initialization 07FD  __size_of_PIN_MANAGER_Initialize 0013  
                      ___latbits 0001           _PIN_MANAGER_Initialize 06C9          ??_OSCILLATOR_Initialize 0070  
                  __size_of_main 0121          __size_of_WDT_Initialize 0004          ?_PIN_MANAGER_Initialize 0070  
 __end_of_PIN_MANAGER_Initialize 06DC  
