

Microchip MPLAB XC8 Assembler V2.31 build 20201012212115 
                                                                                               Thu Sep 16 09:52:57 2021

Microchip MPLAB XC8 C Compiler v2.31 (Free license) build 20201012212115 Og1 
     1                           	processor	16F1827
     2                           	pagewidth 120
     3                           	opt	flic
     4                           	psect	cinit,global,class=CODE,merge=1,delta=2
     5                           	psect	bssCOMMON,global,class=COMMON,space=1,delta=1,noexec
     6                           	psect	cstackCOMMON,global,class=COMMON,space=1,delta=1,noexec
     7                           	psect	maintext,global,class=CODE,merge=1,split=1,delta=2
     8                           	psect	text1,local,class=CODE,merge=1,delta=2
     9                           	psect	text2,local,class=CODE,merge=1,delta=2
    10                           	psect	text3,local,class=CODE,merge=1,delta=2
    11                           	psect	text4,local,class=CODE,merge=1,delta=2
    12                           	psect	text5,local,class=CODE,merge=1,delta=2
    13                           	psect	text6,local,class=CODE,merge=1,delta=2
    14                           	psect	text7,local,class=CODE,merge=1,delta=2
    15                           	psect	config,global,abs,ovrld,class=CONFIG,space=4,delta=2,noexec
    16                           	dabs	1,0x7E,2
    17  0000                     
    18                           ; Version 2.20
    19                           ; Generated 12/02/2020 GMT
    20                           ; 
    21                           ; Copyright © 2020, Microchip Technology Inc. and its subsidiaries ("Microchip")
    22                           ; All rights reserved.
    23                           ; 
    24                           ; This software is developed by Microchip Technology Inc. and its subsidiaries ("Microch
      +                          ip").
    25                           ; 
    26                           ; Redistribution and use in source and binary forms, with or without modification, are
    27                           ; permitted provided that the following conditions are met:
    28                           ; 
    29                           ;     1. Redistributions of source code must retain the above copyright notice, this lis
      +                          t of
    30                           ;        conditions and the following disclaimer.
    31                           ; 
    32                           ;     2. Redistributions in binary form must reproduce the above copyright notice, this 
      +                          list
    33                           ;        of conditions and the following disclaimer in the documentation and/or other
    34                           ;        materials provided with the distribution.
    35                           ; 
    36                           ;     3. Microchip's name may not be used to endorse or promote products derived from th
      +                          is
    37                           ;        software without specific prior written permission.
    38                           ; 
    39                           ; THIS SOFTWARE IS PROVIDED BY MICROCHIP "AS IS" AND ANY EXPRESS OR IMPLIED WARRANTIES,
    40                           ; INCLUDING, BUT NOT LIMITED TO, THE IMPLIED WARRANTIES OF MERCHANTABILITY AND FITNESS F
      +                          OR
    41                           ; PURPOSE ARE DISCLAIMED.  IN NO EVENT SHALL MICROCHIP BE LIABLE FOR ANY DIRECT, INDIREC
      +                          T,
    42                           ; INCIDENTAL, SPECIAL, EXEMPLARY, OR CONSEQUENTIAL DAMAGES (INCLUDING BUT NOT LIMITED TO
    43                           ; PROCUREMENT OF SUBSTITUTE GOODS OR SERVICES; LOSS OF USE, DATA OR PROFITS; OR BUSINESS
    44                           ; INTERRUPTION) HOWSOEVER CAUSED AND ON ANY THEORY OF LIABILITY, WHETHER IN CONTRACT, ST
      +                          RICT
    45                           ; LIABILITY, OR TORT (INCLUDING NEGLIGENCE OR OTHERWISE) ARISING IN ANY WAY OUT OF THE U
      +                          SE OF
    46                           ; THIS SOFTWARE, EVEN IF ADVISED OF THE POSSIBILITY OF SUCH DAMAGE.
    47                           ; 
    48                           ; 
    49                           ; Code-generator required, PIC16F1827 Definitions
    50                           ; 
    51                           ; SFR Addresses
    52  0000                     	;# 
    53  0001                     	;# 
    54  0002                     	;# 
    55  0003                     	;# 
    56  0004                     	;# 
    57  0005                     	;# 
    58  0006                     	;# 
    59  0007                     	;# 
    60  0008                     	;# 
    61  0009                     	;# 
    62  000A                     	;# 
    63  000B                     	;# 
    64  000C                     	;# 
    65  000D                     	;# 
    66  0011                     	;# 
    67  0012                     	;# 
    68  0013                     	;# 
    69  0014                     	;# 
    70  0015                     	;# 
    71  0016                     	;# 
    72  0016                     	;# 
    73  0017                     	;# 
    74  0018                     	;# 
    75  0019                     	;# 
    76  001A                     	;# 
    77  001B                     	;# 
    78  001C                     	;# 
    79  001E                     	;# 
    80  001F                     	;# 
    81  008C                     	;# 
    82  008D                     	;# 
    83  0091                     	;# 
    84  0092                     	;# 
    85  0093                     	;# 
    86  0094                     	;# 
    87  0095                     	;# 
    88  0096                     	;# 
    89  0097                     	;# 
    90  0098                     	;# 
    91  0099                     	;# 
    92  009A                     	;# 
    93  009B                     	;# 
    94  009B                     	;# 
    95  009C                     	;# 
    96  009D                     	;# 
    97  009E                     	;# 
    98  010C                     	;# 
    99  010D                     	;# 
   100  0111                     	;# 
   101  0112                     	;# 
   102  0113                     	;# 
   103  0114                     	;# 
   104  0115                     	;# 
   105  0116                     	;# 
   106  0117                     	;# 
   107  0118                     	;# 
   108  0119                     	;# 
   109  011A                     	;# 
   110  011B                     	;# 
   111  011D                     	;# 
   112  011E                     	;# 
   113  018C                     	;# 
   114  018D                     	;# 
   115  0191                     	;# 
   116  0191                     	;# 
   117  0192                     	;# 
   118  0193                     	;# 
   119  0193                     	;# 
   120  0193                     	;# 
   121  0194                     	;# 
   122  0195                     	;# 
   123  0196                     	;# 
   124  0199                     	;# 
   125  019A                     	;# 
   126  019B                     	;# 
   127  019B                     	;# 
   128  019B                     	;# 
   129  019B                     	;# 
   130  019C                     	;# 
   131  019C                     	;# 
   132  019D                     	;# 
   133  019E                     	;# 
   134  019F                     	;# 
   135  020C                     	;# 
   136  020D                     	;# 
   137  0211                     	;# 
   138  0211                     	;# 
   139  0212                     	;# 
   140  0212                     	;# 
   141  0213                     	;# 
   142  0213                     	;# 
   143  0214                     	;# 
   144  0214                     	;# 
   145  0215                     	;# 
   146  0215                     	;# 
   147  0215                     	;# 
   148  0216                     	;# 
   149  0216                     	;# 
   150  0217                     	;# 
   151  0217                     	;# 
   152  0219                     	;# 
   153  021A                     	;# 
   154  021B                     	;# 
   155  021C                     	;# 
   156  021D                     	;# 
   157  021E                     	;# 
   158  021F                     	;# 
   159  0291                     	;# 
   160  0291                     	;# 
   161  0292                     	;# 
   162  0293                     	;# 
   163  0294                     	;# 
   164  0295                     	;# 
   165  0295                     	;# 
   166  0296                     	;# 
   167  0298                     	;# 
   168  0298                     	;# 
   169  0299                     	;# 
   170  029A                     	;# 
   171  029B                     	;# 
   172  029C                     	;# 
   173  029C                     	;# 
   174  029D                     	;# 
   175  029E                     	;# 
   176  029E                     	;# 
   177  0311                     	;# 
   178  0311                     	;# 
   179  0312                     	;# 
   180  0313                     	;# 
   181  0318                     	;# 
   182  0318                     	;# 
   183  0319                     	;# 
   184  031A                     	;# 
   185  0394                     	;# 
   186  0395                     	;# 
   187  0396                     	;# 
   188  039A                     	;# 
   189  039C                     	;# 
   190  039D                     	;# 
   191  039E                     	;# 
   192  039F                     	;# 
   193  0415                     	;# 
   194  0416                     	;# 
   195  0417                     	;# 
   196  041C                     	;# 
   197  041D                     	;# 
   198  041E                     	;# 
   199  0FE4                     	;# 
   200  0FE5                     	;# 
   201  0FE6                     	;# 
   202  0FE7                     	;# 
   203  0FE8                     	;# 
   204  0FE9                     	;# 
   205  0FEA                     	;# 
   206  0FEB                     	;# 
   207  0FED                     	;# 
   208  0FEE                     	;# 
   209  0FEF                     	;# 
   210  0000                     	;# 
   211  0001                     	;# 
   212  0002                     	;# 
   213  0003                     	;# 
   214  0004                     	;# 
   215  0005                     	;# 
   216  0006                     	;# 
   217  0007                     	;# 
   218  0008                     	;# 
   219  0009                     	;# 
   220  000A                     	;# 
   221  000B                     	;# 
   222  000C                     	;# 
   223  000D                     	;# 
   224  0011                     	;# 
   225  0012                     	;# 
   226  0013                     	;# 
   227  0014                     	;# 
   228  0015                     	;# 
   229  0016                     	;# 
   230  0016                     	;# 
   231  0017                     	;# 
   232  0018                     	;# 
   233  0019                     	;# 
   234  001A                     	;# 
   235  001B                     	;# 
   236  001C                     	;# 
   237  001E                     	;# 
   238  001F                     	;# 
   239  008C                     	;# 
   240  008D                     	;# 
   241  0091                     	;# 
   242  0092                     	;# 
   243  0093                     	;# 
   244  0094                     	;# 
   245  0095                     	;# 
   246  0096                     	;# 
   247  0097                     	;# 
   248  0098                     	;# 
   249  0099                     	;# 
   250  009A                     	;# 
   251  009B                     	;# 
   252  009B                     	;# 
   253  009C                     	;# 
   254  009D                     	;# 
   255  009E                     	;# 
   256  010C                     	;# 
   257  010D                     	;# 
   258  0111                     	;# 
   259  0112                     	;# 
   260  0113                     	;# 
   261  0114                     	;# 
   262  0115                     	;# 
   263  0116                     	;# 
   264  0117                     	;# 
   265  0118                     	;# 
   266  0119                     	;# 
   267  011A                     	;# 
   268  011B                     	;# 
   269  011D                     	;# 
   270  011E                     	;# 
   271  018C                     	;# 
   272  018D                     	;# 
   273  0191                     	;# 
   274  0191                     	;# 
   275  0192                     	;# 
   276  0193                     	;# 
   277  0193                     	;# 
   278  0193                     	;# 
   279  0194                     	;# 
   280  0195                     	;# 
   281  0196                     	;# 
   282  0199                     	;# 
   283  019A                     	;# 
   284  019B                     	;# 
   285  019B                     	;# 
   286  019B                     	;# 
   287  019B                     	;# 
   288  019C                     	;# 
   289  019C                     	;# 
   290  019D                     	;# 
   291  019E                     	;# 
   292  019F                     	;# 
   293  020C                     	;# 
   294  020D                     	;# 
   295  0211                     	;# 
   296  0211                     	;# 
   297  0212                     	;# 
   298  0212                     	;# 
   299  0213                     	;# 
   300  0213                     	;# 
   301  0214                     	;# 
   302  0214                     	;# 
   303  0215                     	;# 
   304  0215                     	;# 
   305  0215                     	;# 
   306  0216                     	;# 
   307  0216                     	;# 
   308  0217                     	;# 
   309  0217                     	;# 
   310  0219                     	;# 
   311  021A                     	;# 
   312  021B                     	;# 
   313  021C                     	;# 
   314  021D                     	;# 
   315  021E                     	;# 
   316  021F                     	;# 
   317  0291                     	;# 
   318  0291                     	;# 
   319  0292                     	;# 
   320  0293                     	;# 
   321  0294                     	;# 
   322  0295                     	;# 
   323  0295                     	;# 
   324  0296                     	;# 
   325  0298                     	;# 
   326  0298                     	;# 
   327  0299                     	;# 
   328  029A                     	;# 
   329  029B                     	;# 
   330  029C                     	;# 
   331  029C                     	;# 
   332  029D                     	;# 
   333  029E                     	;# 
   334  029E                     	;# 
   335  0311                     	;# 
   336  0311                     	;# 
   337  0312                     	;# 
   338  0313                     	;# 
   339  0318                     	;# 
   340  0318                     	;# 
   341  0319                     	;# 
   342  031A                     	;# 
   343  0394                     	;# 
   344  0395                     	;# 
   345  0396                     	;# 
   346  039A                     	;# 
   347  039C                     	;# 
   348  039D                     	;# 
   349  039E                     	;# 
   350  039F                     	;# 
   351  0415                     	;# 
   352  0416                     	;# 
   353  0417                     	;# 
   354  041C                     	;# 
   355  041D                     	;# 
   356  041E                     	;# 
   357  0FE4                     	;# 
   358  0FE5                     	;# 
   359  0FE6                     	;# 
   360  0FE7                     	;# 
   361  0FE8                     	;# 
   362  0FE9                     	;# 
   363  0FEA                     	;# 
   364  0FEB                     	;# 
   365  0FED                     	;# 
   366  0FEE                     	;# 
   367  0FEF                     	;# 
   368  0000                     	;# 
   369  0001                     	;# 
   370  0002                     	;# 
   371  0003                     	;# 
   372  0004                     	;# 
   373  0005                     	;# 
   374  0006                     	;# 
   375  0007                     	;# 
   376  0008                     	;# 
   377  0009                     	;# 
   378  000A                     	;# 
   379  000B                     	;# 
   380  000C                     	;# 
   381  000D                     	;# 
   382  0011                     	;# 
   383  0012                     	;# 
   384  0013                     	;# 
   385  0014                     	;# 
   386  0015                     	;# 
   387  0016                     	;# 
   388  0016                     	;# 
   389  0017                     	;# 
   390  0018                     	;# 
   391  0019                     	;# 
   392  001A                     	;# 
   393  001B                     	;# 
   394  001C                     	;# 
   395  001E                     	;# 
   396  001F                     	;# 
   397  008C                     	;# 
   398  008D                     	;# 
   399  0091                     	;# 
   400  0092                     	;# 
   401  0093                     	;# 
   402  0094                     	;# 
   403  0095                     	;# 
   404  0096                     	;# 
   405  0097                     	;# 
   406  0098                     	;# 
   407  0099                     	;# 
   408  009A                     	;# 
   409  009B                     	;# 
   410  009B                     	;# 
   411  009C                     	;# 
   412  009D                     	;# 
   413  009E                     	;# 
   414  010C                     	;# 
   415  010D                     	;# 
   416  0111                     	;# 
   417  0112                     	;# 
   418  0113                     	;# 
   419  0114                     	;# 
   420  0115                     	;# 
   421  0116                     	;# 
   422  0117                     	;# 
   423  0118                     	;# 
   424  0119                     	;# 
   425  011A                     	;# 
   426  011B                     	;# 
   427  011D                     	;# 
   428  011E                     	;# 
   429  018C                     	;# 
   430  018D                     	;# 
   431  0191                     	;# 
   432  0191                     	;# 
   433  0192                     	;# 
   434  0193                     	;# 
   435  0193                     	;# 
   436  0193                     	;# 
   437  0194                     	;# 
   438  0195                     	;# 
   439  0196                     	;# 
   440  0199                     	;# 
   441  019A                     	;# 
   442  019B                     	;# 
   443  019B                     	;# 
   444  019B                     	;# 
   445  019B                     	;# 
   446  019C                     	;# 
   447  019C                     	;# 
   448  019D                     	;# 
   449  019E                     	;# 
   450  019F                     	;# 
   451  020C                     	;# 
   452  020D                     	;# 
   453  0211                     	;# 
   454  0211                     	;# 
   455  0212                     	;# 
   456  0212                     	;# 
   457  0213                     	;# 
   458  0213                     	;# 
   459  0214                     	;# 
   460  0214                     	;# 
   461  0215                     	;# 
   462  0215                     	;# 
   463  0215                     	;# 
   464  0216                     	;# 
   465  0216                     	;# 
   466  0217                     	;# 
   467  0217                     	;# 
   468  0219                     	;# 
   469  021A                     	;# 
   470  021B                     	;# 
   471  021C                     	;# 
   472  021D                     	;# 
   473  021E                     	;# 
   474  021F                     	;# 
   475  0291                     	;# 
   476  0291                     	;# 
   477  0292                     	;# 
   478  0293                     	;# 
   479  0294                     	;# 
   480  0295                     	;# 
   481  0295                     	;# 
   482  0296                     	;# 
   483  0298                     	;# 
   484  0298                     	;# 
   485  0299                     	;# 
   486  029A                     	;# 
   487  029B                     	;# 
   488  029C                     	;# 
   489  029C                     	;# 
   490  029D                     	;# 
   491  029E                     	;# 
   492  029E                     	;# 
   493  0311                     	;# 
   494  0311                     	;# 
   495  0312                     	;# 
   496  0313                     	;# 
   497  0318                     	;# 
   498  0318                     	;# 
   499  0319                     	;# 
   500  031A                     	;# 
   501  0394                     	;# 
   502  0395                     	;# 
   503  0396                     	;# 
   504  039A                     	;# 
   505  039C                     	;# 
   506  039D                     	;# 
   507  039E                     	;# 
   508  039F                     	;# 
   509  0415                     	;# 
   510  0416                     	;# 
   511  0417                     	;# 
   512  041C                     	;# 
   513  041D                     	;# 
   514  041E                     	;# 
   515  0FE4                     	;# 
   516  0FE5                     	;# 
   517  0FE6                     	;# 
   518  0FE7                     	;# 
   519  0FE8                     	;# 
   520  0FE9                     	;# 
   521  0FEA                     	;# 
   522  0FEB                     	;# 
   523  0FED                     	;# 
   524  0FEE                     	;# 
   525  0FEF                     	;# 
   526  0000                     	;# 
   527  0001                     	;# 
   528  0002                     	;# 
   529  0003                     	;# 
   530  0004                     	;# 
   531  0005                     	;# 
   532  0006                     	;# 
   533  0007                     	;# 
   534  0008                     	;# 
   535  0009                     	;# 
   536  000A                     	;# 
   537  000B                     	;# 
   538  000C                     	;# 
   539  000D                     	;# 
   540  0011                     	;# 
   541  0012                     	;# 
   542  0013                     	;# 
   543  0014                     	;# 
   544  0015                     	;# 
   545  0016                     	;# 
   546  0016                     	;# 
   547  0017                     	;# 
   548  0018                     	;# 
   549  0019                     	;# 
   550  001A                     	;# 
   551  001B                     	;# 
   552  001C                     	;# 
   553  001E                     	;# 
   554  001F                     	;# 
   555  008C                     	;# 
   556  008D                     	;# 
   557  0091                     	;# 
   558  0092                     	;# 
   559  0093                     	;# 
   560  0094                     	;# 
   561  0095                     	;# 
   562  0096                     	;# 
   563  0097                     	;# 
   564  0098                     	;# 
   565  0099                     	;# 
   566  009A                     	;# 
   567  009B                     	;# 
   568  009B                     	;# 
   569  009C                     	;# 
   570  009D                     	;# 
   571  009E                     	;# 
   572  010C                     	;# 
   573  010D                     	;# 
   574  0111                     	;# 
   575  0112                     	;# 
   576  0113                     	;# 
   577  0114                     	;# 
   578  0115                     	;# 
   579  0116                     	;# 
   580  0117                     	;# 
   581  0118                     	;# 
   582  0119                     	;# 
   583  011A                     	;# 
   584  011B                     	;# 
   585  011D                     	;# 
   586  011E                     	;# 
   587  018C                     	;# 
   588  018D                     	;# 
   589  0191                     	;# 
   590  0191                     	;# 
   591  0192                     	;# 
   592  0193                     	;# 
   593  0193                     	;# 
   594  0193                     	;# 
   595  0194                     	;# 
   596  0195                     	;# 
   597  0196                     	;# 
   598  0199                     	;# 
   599  019A                     	;# 
   600  019B                     	;# 
   601  019B                     	;# 
   602  019B                     	;# 
   603  019B                     	;# 
   604  019C                     	;# 
   605  019C                     	;# 
   606  019D                     	;# 
   607  019E                     	;# 
   608  019F                     	;# 
   609  020C                     	;# 
   610  020D                     	;# 
   611  0211                     	;# 
   612  0211                     	;# 
   613  0212                     	;# 
   614  0212                     	;# 
   615  0213                     	;# 
   616  0213                     	;# 
   617  0214                     	;# 
   618  0214                     	;# 
   619  0215                     	;# 
   620  0215                     	;# 
   621  0215                     	;# 
   622  0216                     	;# 
   623  0216                     	;# 
   624  0217                     	;# 
   625  0217                     	;# 
   626  0219                     	;# 
   627  021A                     	;# 
   628  021B                     	;# 
   629  021C                     	;# 
   630  021D                     	;# 
   631  021E                     	;# 
   632  021F                     	;# 
   633  0291                     	;# 
   634  0291                     	;# 
   635  0292                     	;# 
   636  0293                     	;# 
   637  0294                     	;# 
   638  0295                     	;# 
   639  0295                     	;# 
   640  0296                     	;# 
   641  0298                     	;# 
   642  0298                     	;# 
   643  0299                     	;# 
   644  029A                     	;# 
   645  029B                     	;# 
   646  029C                     	;# 
   647  029C                     	;# 
   648  029D                     	;# 
   649  029E                     	;# 
   650  029E                     	;# 
   651  0311                     	;# 
   652  0311                     	;# 
   653  0312                     	;# 
   654  0313                     	;# 
   655  0318                     	;# 
   656  0318                     	;# 
   657  0319                     	;# 
   658  031A                     	;# 
   659  0394                     	;# 
   660  0395                     	;# 
   661  0396                     	;# 
   662  039A                     	;# 
   663  039C                     	;# 
   664  039D                     	;# 
   665  039E                     	;# 
   666  039F                     	;# 
   667  0415                     	;# 
   668  0416                     	;# 
   669  0417                     	;# 
   670  041C                     	;# 
   671  041D                     	;# 
   672  041E                     	;# 
   673  0FE4                     	;# 
   674  0FE5                     	;# 
   675  0FE6                     	;# 
   676  0FE7                     	;# 
   677  0FE8                     	;# 
   678  0FE9                     	;# 
   679  0FEA                     	;# 
   680  0FEB                     	;# 
   681  0FED                     	;# 
   682  0FEE                     	;# 
   683  0FEF                     	;# 
   684  000C                     _PORTAbits	set	12
   685  000D                     _PORTB	set	13
   686  0097                     _WDTCON	set	151
   687  0098                     _OSCTUNE	set	152
   688  0099                     _OSCCON	set	153
   689  0095                     _OPTION_REGbits	set	149
   690  008D                     _TRISB	set	141
   691  008C                     _TRISA	set	140
   692  0116                     _BORCON	set	278
   693  011E                     _APFCON1	set	286
   694  011D                     _APFCON0	set	285
   695  010D                     _LATB	set	269
   696  010C                     _LATA	set	268
   697  018C                     _ANSELA	set	396
   698  018D                     _ANSELB	set	397
   699  020C                     _WPUA	set	524
   700  020D                     _WPUB	set	525
   701                           
   702                           	psect	cinit
   703  07FB                     start_initialization:	
   704                           ; #config settings
   705                           
   706  07FB                     __initialization:
   707                           
   708                           ; Clear objects allocated to COMMON
   709  07FB  01F5               	clrf	__pbssCOMMON& (0+127)
   710  07FC  01F6               	clrf	(__pbssCOMMON+1)& (0+127)
   711  07FD                     end_of_initialization:	
   712                           ;End of C runtime variable initialization code
   713                           
   714  07FD                     __end_of__initialization:
   715  07FD  0020               	movlb	0
   716  07FE  3187  2F1C         	ljmp	_main	;jump to C main() function
   717                           
   718                           	psect	bssCOMMON
   719  0075                     __pbssCOMMON:
   720  0075                     _c:
   721  0075                     	ds	1
   722  0076                     _s:
   723  0076                     	ds	1
   724                           
   725                           	psect	cstackCOMMON
   726  0070                     __pcstackCOMMON:
   727  0070                     ?_SYSTEM_Initialize:
   728  0070                     ??_SYSTEM_Initialize:	
   729                           ; 1 bytes @ 0x0
   730                           
   731  0070                     ?_Supercar:	
   732                           ; 1 bytes @ 0x0
   733                           
   734  0070                     ??_Supercar:	
   735                           ; 1 bytes @ 0x0
   736                           
   737  0070                     ?_PalleR:	
   738                           ; 1 bytes @ 0x0
   739                           
   740  0070                     ??_PalleR:	
   741                           ; 1 bytes @ 0x0
   742                           
   743  0070                     ?_PariDispari:	
   744                           ; 1 bytes @ 0x0
   745                           
   746  0070                     ??_PariDispari:	
   747                           ; 1 bytes @ 0x0
   748                           
   749  0070                     ?_OSCILLATOR_Initialize:	
   750                           ; 1 bytes @ 0x0
   751                           
   752  0070                     ??_OSCILLATOR_Initialize:	
   753                           ; 1 bytes @ 0x0
   754                           
   755  0070                     ?_WDT_Initialize:	
   756                           ; 1 bytes @ 0x0
   757                           
   758  0070                     ??_WDT_Initialize:	
   759                           ; 1 bytes @ 0x0
   760                           
   761  0070                     ?_PIN_MANAGER_Initialize:	
   762                           ; 1 bytes @ 0x0
   763                           
   764  0070                     ??_PIN_MANAGER_Initialize:	
   765                           ; 1 bytes @ 0x0
   766                           
   767  0070                     ?_main:	
   768                           ; 1 bytes @ 0x0
   769                           
   770                           
   771                           ; 1 bytes @ 0x0
   772  0070                     	ds	1
   773  0071                     Supercar@i:
   774  0071                     PalleR@a:	
   775                           ; 1 bytes @ 0x1
   776                           
   777                           
   778                           ; 1 bytes @ 0x1
   779  0071                     	ds	1
   780  0072                     PalleR@b:
   781  0072                     PariDispari@i:	
   782                           ; 1 bytes @ 0x2
   783                           
   784                           
   785                           ; 1 bytes @ 0x2
   786  0072                     	ds	1
   787  0073                     PalleR@i:
   788                           
   789                           ; 1 bytes @ 0x3
   790  0073                     	ds	1
   791  0074                     ??_main:
   792                           
   793                           ; 1 bytes @ 0x4
   794  0074                     	ds	1
   795                           
   796                           	psect	maintext
   797  071C                     __pmaintext:	
   798 ;;
   799 ;;Main: autosize = 0, tempsize = 1, incstack = 0, save=0
   800 ;;
   801 ;; *************** function _main *****************
   802 ;; Defined at:
   803 ;;		line 16 in file "main.c"
   804 ;; Parameters:    Size  Location     Type
   805 ;;		None
   806 ;; Auto vars:     Size  Location     Type
   807 ;;		None
   808 ;; Return value:  Size  Location     Type
   809 ;;                  1    wreg      void 
   810 ;; Registers used:
   811 ;;		wreg, status,2, status,0, pclath, cstack
   812 ;; Tracked objects:
   813 ;;		On entry : B1F/0
   814 ;;		On exit  : 0/0
   815 ;;		Unchanged: 0/0
   816 ;; Data sizes:     COMMON   BANK0   BANK1   BANK2   BANK3   BANK4
   817 ;;      Params:         0       0       0       0       0       0
   818 ;;      Locals:         0       0       0       0       0       0
   819 ;;      Temps:          1       0       0       0       0       0
   820 ;;      Totals:         1       0       0       0       0       0
   821 ;;Total ram usage:        1 bytes
   822 ;; Hardware stack levels required when called:    2
   823 ;; This function calls:
   824 ;;		_PalleR
   825 ;;		_PariDispari
   826 ;;		_SYSTEM_Initialize
   827 ;;		_Supercar
   828 ;; This function is called by:
   829 ;;		Startup code after reset
   830 ;; This function uses a non-reentrant model
   831 ;;
   832                           
   833                           
   834                           ;psect for function _main
   835  071C                     _main:
   836  071C                     l816:	
   837                           ;incstack = 0
   838                           ; Regs used in _main: [wreg+status,2+status,0+pclath+cstack]
   839                           
   840                           
   841                           ;main.c: 18:     PORTB=0b00000000;
   842  071C  0020               	movlb	0	; select bank0
   843  071D  018D               	clrf	13	;volatile
   844  071E                     l818:
   845                           
   846                           ;main.c: 23:     SYSTEM_Initialize();
   847  071E  3186  26D0  3187   	fcall	_SYSTEM_Initialize
   848  0721                     l820:
   849                           
   850                           ;main.c: 41:     {;main.c: 42:         if(PORTAbits.RA3==1)
   851  0721  0020               	movlb	0	; select bank0
   852  0722  1D8C               	btfss	12,3	;volatile
   853  0723  2F25               	goto	u91
   854  0724  2F26               	goto	u90
   855  0725                     u91:
   856  0725  2F28               	goto	l824
   857  0726                     u90:
   858  0726                     l822:
   859                           
   860                           ;main.c: 43:         {;main.c: 44:             c=0;
   861  0726  01F5               	clrf	_c
   862                           
   863                           ;main.c: 45:             PORTB=0b00000000;
   864  0727  018D               	clrf	13	;volatile
   865  0728                     l824:
   866                           
   867                           ;main.c: 48:         if(PORTAbits.RA2==1)
   868  0728  1D0C               	btfss	12,2	;volatile
   869  0729  2F2B               	goto	u101
   870  072A  2F2C               	goto	u100
   871  072B                     u101:
   872  072B  2F30               	goto	l53
   873  072C                     u100:
   874  072C                     l826:
   875                           
   876                           ;main.c: 49:         {;main.c: 50:             c++;
   877  072C  3001               	movlw	1
   878  072D  00F4               	movwf	??_main
   879  072E  0874               	movf	??_main,w
   880  072F  07F5               	addwf	_c,f
   881  0730                     l53:	
   882                           ;main.c: 51:         }
   883                           
   884                           
   885                           ;main.c: 52:         if(c==1)
   886  0730  0375               	decf	_c,w
   887  0731  1D03               	btfss	3,2
   888  0732  2F34               	goto	u111
   889  0733  2F35               	goto	u110
   890  0734                     u111:
   891  0734  2F38               	goto	l830
   892  0735                     u110:
   893  0735                     l828:
   894                           
   895                           ;main.c: 53:         {;main.c: 54:             Supercar();
   896  0735  3186  26EE  3187   	fcall	_Supercar
   897  0738                     l830:
   898                           
   899                           ;main.c: 56:         if(c==2)
   900  0738  3002               	movlw	2
   901  0739  0675               	xorwf	_c,w
   902  073A  1D03               	btfss	3,2
   903  073B  2F3D               	goto	u121
   904  073C  2F3E               	goto	u120
   905  073D                     u121:
   906  073D  2F41               	goto	l834
   907  073E                     u120:
   908  073E                     l832:
   909                           
   910                           ;main.c: 57:         {;main.c: 58:             PalleR();
   911  073E  3187  2754  3187   	fcall	_PalleR
   912  0741                     l834:
   913                           
   914                           ;main.c: 60:         if(c==3)
   915  0741  3003               	movlw	3
   916  0742  0675               	xorwf	_c,w
   917  0743  1D03               	btfss	3,2
   918  0744  2F46               	goto	u131
   919  0745  2F47               	goto	u130
   920  0746                     u131:
   921  0746  2F4A               	goto	l838
   922  0747                     u130:
   923  0747                     l836:
   924                           
   925                           ;main.c: 61:         {;main.c: 62:             PariDispari();
   926  0747  3187  279B  3187   	fcall	_PariDispari
   927  074A                     l838:
   928                           
   929                           ;main.c: 64:         if(c==4)
   930  074A  3004               	movlw	4
   931  074B  0675               	xorwf	_c,w
   932  074C  1D03               	btfss	3,2
   933  074D  2F4F               	goto	u141
   934  074E  2F50               	goto	u140
   935  074F                     u141:
   936  074F  2F21               	goto	l820
   937  0750                     u140:
   938  0750                     l840:
   939                           
   940                           ;main.c: 65:         {;main.c: 66:             c=0;
   941  0750  01F5               	clrf	_c
   942  0751  2F21               	goto	l820
   943  0752  3180  2802         	ljmp	start
   944  0754                     __end_of_main:
   945                           
   946                           	psect	text1
   947  06EE                     __ptext1:	
   948 ;; *************** function _Supercar *****************
   949 ;; Defined at:
   950 ;;		line 71 in file "main.c"
   951 ;; Parameters:    Size  Location     Type
   952 ;;		None
   953 ;; Auto vars:     Size  Location     Type
   954 ;;  i               1    1[COMMON] unsigned char 
   955 ;; Return value:  Size  Location     Type
   956 ;;                  1    wreg      void 
   957 ;; Registers used:
   958 ;;		wreg, status,2, status,0
   959 ;; Tracked objects:
   960 ;;		On entry : 0/0
   961 ;;		On exit  : 0/0
   962 ;;		Unchanged: 0/0
   963 ;; Data sizes:     COMMON   BANK0   BANK1   BANK2   BANK3   BANK4
   964 ;;      Params:         0       0       0       0       0       0
   965 ;;      Locals:         1       0       0       0       0       0
   966 ;;      Temps:          1       0       0       0       0       0
   967 ;;      Totals:         2       0       0       0       0       0
   968 ;;Total ram usage:        2 bytes
   969 ;; Hardware stack levels used:    1
   970 ;; This function calls:
   971 ;;		Nothing
   972 ;; This function is called by:
   973 ;;		_main
   974 ;; This function uses a non-reentrant model
   975 ;;
   976                           
   977                           
   978                           ;psect for function _Supercar
   979  06EE                     _Supercar:
   980  06EE                     l734:	
   981                           ;incstack = 0
   982                           ; Regs used in _Supercar: [wreg+status,2+status,0]
   983                           
   984  06EE                     l736:
   985                           
   986                           ;main.c: 74:     PORTB=0b00000001;
   987  06EE  3001               	movlw	1
   988  06EF  0020               	movlb	0	; select bank0
   989  06F0  008D               	movwf	13	;volatile
   990  06F1                     l738:
   991                           
   992                           ;main.c: 75:     for(i=0;i<7;i++)
   993  06F1  01F1               	clrf	Supercar@i
   994  06F2                     l742:
   995                           
   996                           ;main.c: 76:     {;main.c: 77:         PORTB=PORTB<<1;
   997  06F2  0020               	movlb	0	; select bank0
   998  06F3  350D               	lslf	13,w	;volatile
   999  06F4  008D               	movwf	13	;volatile
  1000  06F5                     l744:
  1001                           
  1002                           ;main.c: 78:         _delay((unsigned long)((100)*(4000000/4000.0)));
  1003  06F5  3082               	movlw	130
  1004  06F6  00F0               	movwf	??_Supercar
  1005  06F7  30DE               	movlw	222
  1006  06F8                     u157:
  1007  06F8  0B89               	decfsz	9,f
  1008  06F9  2EF8               	goto	u157
  1009  06FA  0BF0               	decfsz	??_Supercar,f
  1010  06FB  2EF8               	goto	u157
  1011  06FC                     l746:
  1012                           
  1013                           ;main.c: 79:     }
  1014  06FC  3001               	movlw	1
  1015  06FD  00F0               	movwf	??_Supercar
  1016  06FE  0870               	movf	??_Supercar,w
  1017  06FF  07F1               	addwf	Supercar@i,f
  1018  0700  3007               	movlw	7
  1019  0701  0271               	subwf	Supercar@i,w
  1020  0702  1C03               	skipc
  1021  0703  2F05               	goto	u11
  1022  0704  2F06               	goto	u10
  1023  0705                     u11:
  1024  0705  2EF2               	goto	l742
  1025  0706                     u10:
  1026  0706                     l748:
  1027                           
  1028                           ;main.c: 80:     for(i=0;i<7;i++)
  1029  0706  01F1               	clrf	Supercar@i
  1030  0707                     l754:
  1031                           
  1032                           ;main.c: 81:     {;main.c: 82:         PORTB=PORTB>>1;
  1033  0707  0020               	movlb	0	; select bank0
  1034  0708  360D               	lsrf	13,w	;volatile
  1035  0709  008D               	movwf	13	;volatile
  1036  070A                     l756:
  1037                           
  1038                           ;main.c: 83:         _delay((unsigned long)((100)*(4000000/4000.0)));
  1039  070A  3082               	movlw	130
  1040  070B  00F0               	movwf	??_Supercar
  1041  070C  30DE               	movlw	222
  1042  070D                     u167:
  1043  070D  0B89               	decfsz	9,f
  1044  070E  2F0D               	goto	u167
  1045  070F  0BF0               	decfsz	??_Supercar,f
  1046  0710  2F0D               	goto	u167
  1047  0711                     l758:
  1048                           
  1049                           ;main.c: 84:     }
  1050  0711  3001               	movlw	1
  1051  0712  00F0               	movwf	??_Supercar
  1052  0713  0870               	movf	??_Supercar,w
  1053  0714  07F1               	addwf	Supercar@i,f
  1054  0715  3007               	movlw	7
  1055  0716  0271               	subwf	Supercar@i,w
  1056  0717  1C03               	skipc
  1057  0718  2F1A               	goto	u21
  1058  0719  2F1B               	goto	u20
  1059  071A                     u21:
  1060  071A  2F07               	goto	l754
  1061  071B                     u20:
  1062  071B                     l67:
  1063  071B  0008               	return
  1064  071C                     __end_of_Supercar:
  1065                           
  1066                           	psect	text2
  1067  06D0                     __ptext2:	
  1068 ;; *************** function _SYSTEM_Initialize *****************
  1069 ;; Defined at:
  1070 ;;		line 50 in file "mcc_generated_files/mcc.c"
  1071 ;; Parameters:    Size  Location     Type
  1072 ;;		None
  1073 ;; Auto vars:     Size  Location     Type
  1074 ;;		None
  1075 ;; Return value:  Size  Location     Type
  1076 ;;                  1    wreg      void 
  1077 ;; Registers used:
  1078 ;;		wreg, status,2, status,0, pclath, cstack
  1079 ;; Tracked objects:
  1080 ;;		On entry : 0/0
  1081 ;;		On exit  : 0/0
  1082 ;;		Unchanged: 0/0
  1083 ;; Data sizes:     COMMON   BANK0   BANK1   BANK2   BANK3   BANK4
  1084 ;;      Params:         0       0       0       0       0       0
  1085 ;;      Locals:         0       0       0       0       0       0
  1086 ;;      Temps:          0       0       0       0       0       0
  1087 ;;      Totals:         0       0       0       0       0       0
  1088 ;;Total ram usage:        0 bytes
  1089 ;; Hardware stack levels used:    1
  1090 ;; Hardware stack levels required when called:    1
  1091 ;; This function calls:
  1092 ;;		_OSCILLATOR_Initialize
  1093 ;;		_PIN_MANAGER_Initialize
  1094 ;;		_WDT_Initialize
  1095 ;; This function is called by:
  1096 ;;		_main
  1097 ;; This function uses a non-reentrant model
  1098 ;;
  1099                           
  1100                           
  1101                           ;psect for function _SYSTEM_Initialize
  1102  06D0                     _SYSTEM_Initialize:
  1103  06D0                     l732:	
  1104                           ;incstack = 0
  1105                           ; Regs used in _SYSTEM_Initialize: [wreg+status,2+status,0+pclath+cstack]
  1106                           
  1107                           
  1108                           ;mcc_generated_files/mcc.c: 53:     PIN_MANAGER_Initialize();
  1109  06D0  3186  26DA  3186   	fcall	_PIN_MANAGER_Initialize
  1110                           
  1111                           ;mcc_generated_files/mcc.c: 54:     OSCILLATOR_Initialize();
  1112  06D3  3186  26C9  3186   	fcall	_OSCILLATOR_Initialize
  1113                           
  1114                           ;mcc_generated_files/mcc.c: 55:     WDT_Initialize();
  1115  06D6  3186  26C5  3186   	fcall	_WDT_Initialize
  1116  06D9                     l98:
  1117  06D9  0008               	return
  1118  06DA                     __end_of_SYSTEM_Initialize:
  1119                           
  1120                           	psect	text3
  1121  06C5                     __ptext3:	
  1122 ;; *************** function _WDT_Initialize *****************
  1123 ;; Defined at:
  1124 ;;		line 68 in file "mcc_generated_files/mcc.c"
  1125 ;; Parameters:    Size  Location     Type
  1126 ;;		None
  1127 ;; Auto vars:     Size  Location     Type
  1128 ;;		None
  1129 ;; Return value:  Size  Location     Type
  1130 ;;                  1    wreg      void 
  1131 ;; Registers used:
  1132 ;;		wreg
  1133 ;; Tracked objects:
  1134 ;;		On entry : 0/0
  1135 ;;		On exit  : 0/0
  1136 ;;		Unchanged: 0/0
  1137 ;; Data sizes:     COMMON   BANK0   BANK1   BANK2   BANK3   BANK4
  1138 ;;      Params:         0       0       0       0       0       0
  1139 ;;      Locals:         0       0       0       0       0       0
  1140 ;;      Temps:          0       0       0       0       0       0
  1141 ;;      Totals:         0       0       0       0       0       0
  1142 ;;Total ram usage:        0 bytes
  1143 ;; Hardware stack levels used:    1
  1144 ;; This function calls:
  1145 ;;		Nothing
  1146 ;; This function is called by:
  1147 ;;		_SYSTEM_Initialize
  1148 ;; This function uses a non-reentrant model
  1149 ;;
  1150                           
  1151                           
  1152                           ;psect for function _WDT_Initialize
  1153  06C5                     _WDT_Initialize:
  1154  06C5                     l730:	
  1155                           ;incstack = 0
  1156                           ; Regs used in _WDT_Initialize: [wreg]
  1157                           
  1158                           
  1159                           ;mcc_generated_files/mcc.c: 71:     WDTCON = 0x16;
  1160  06C5  3016               	movlw	22
  1161  06C6  0021               	movlb	1	; select bank1
  1162  06C7  0097               	movwf	23	;volatile
  1163  06C8                     l104:
  1164  06C8  0008               	return
  1165  06C9                     __end_of_WDT_Initialize:
  1166                           
  1167                           	psect	text4
  1168  06DA                     __ptext4:	
  1169 ;; *************** function _PIN_MANAGER_Initialize *****************
  1170 ;; Defined at:
  1171 ;;		line 55 in file "mcc_generated_files/pin_manager.c"
  1172 ;; Parameters:    Size  Location     Type
  1173 ;;		None
  1174 ;; Auto vars:     Size  Location     Type
  1175 ;;		None
  1176 ;; Return value:  Size  Location     Type
  1177 ;;                  1    wreg      void 
  1178 ;; Registers used:
  1179 ;;		wreg, status,2
  1180 ;; Tracked objects:
  1181 ;;		On entry : 0/0
  1182 ;;		On exit  : 0/0
  1183 ;;		Unchanged: 0/0
  1184 ;; Data sizes:     COMMON   BANK0   BANK1   BANK2   BANK3   BANK4
  1185 ;;      Params:         0       0       0       0       0       0
  1186 ;;      Locals:         0       0       0       0       0       0
  1187 ;;      Temps:          0       0       0       0       0       0
  1188 ;;      Totals:         0       0       0       0       0       0
  1189 ;;Total ram usage:        0 bytes
  1190 ;; Hardware stack levels used:    1
  1191 ;; This function calls:
  1192 ;;		Nothing
  1193 ;; This function is called by:
  1194 ;;		_SYSTEM_Initialize
  1195 ;; This function uses a non-reentrant model
  1196 ;;
  1197                           
  1198                           
  1199                           ;psect for function _PIN_MANAGER_Initialize
  1200  06DA                     _PIN_MANAGER_Initialize:
  1201  06DA                     l712:	
  1202                           ;incstack = 0
  1203                           ; Regs used in _PIN_MANAGER_Initialize: [wreg+status,2]
  1204                           
  1205                           
  1206                           ;mcc_generated_files/pin_manager.c: 60:     LATA = 0x00;
  1207  06DA  0022               	movlb	2	; select bank2
  1208  06DB  018C               	clrf	12	;volatile
  1209                           
  1210                           ;mcc_generated_files/pin_manager.c: 61:     LATB = 0x00;
  1211  06DC  018D               	clrf	13	;volatile
  1212  06DD                     l714:
  1213                           
  1214                           ;mcc_generated_files/pin_manager.c: 66:     TRISA = 0xFF;
  1215  06DD  30FF               	movlw	255
  1216  06DE  0021               	movlb	1	; select bank1
  1217  06DF  008C               	movwf	12	;volatile
  1218  06E0                     l716:
  1219                           
  1220                           ;mcc_generated_files/pin_manager.c: 67:     TRISB = 0x00;
  1221  06E0  018D               	clrf	13	;volatile
  1222  06E1                     l718:
  1223                           
  1224                           ;mcc_generated_files/pin_manager.c: 72:     ANSELB = 0x00;
  1225  06E1  0023               	movlb	3	; select bank3
  1226  06E2  018D               	clrf	13	;volatile
  1227  06E3                     l720:
  1228                           
  1229                           ;mcc_generated_files/pin_manager.c: 73:     ANSELA = 0x13;
  1230  06E3  3013               	movlw	19
  1231  06E4  008C               	movwf	12	;volatile
  1232                           
  1233                           ;mcc_generated_files/pin_manager.c: 78:     WPUB = 0x00;
  1234  06E5  0024               	movlb	4	; select bank4
  1235  06E6  018D               	clrf	13	;volatile
  1236                           
  1237                           ;mcc_generated_files/pin_manager.c: 79:     WPUA = 0x00;
  1238  06E7  018C               	clrf	12	;volatile
  1239  06E8                     l722:
  1240                           
  1241                           ;mcc_generated_files/pin_manager.c: 80:     OPTION_REGbits.nWPUEN = 1;
  1242  06E8  0021               	movlb	1	; select bank1
  1243  06E9  1795               	bsf	21,7	;volatile
  1244                           
  1245                           ;mcc_generated_files/pin_manager.c: 86:     APFCON0 = 0x00;
  1246  06EA  0022               	movlb	2	; select bank2
  1247  06EB  019D               	clrf	29	;volatile
  1248                           
  1249                           ;mcc_generated_files/pin_manager.c: 87:     APFCON1 = 0x00;
  1250  06EC  019E               	clrf	30	;volatile
  1251  06ED                     l25:
  1252  06ED  0008               	return
  1253  06EE                     __end_of_PIN_MANAGER_Initialize:
  1254                           
  1255                           	psect	text5
  1256  06C9                     __ptext5:	
  1257 ;; *************** function _OSCILLATOR_Initialize *****************
  1258 ;; Defined at:
  1259 ;;		line 58 in file "mcc_generated_files/mcc.c"
  1260 ;; Parameters:    Size  Location     Type
  1261 ;;		None
  1262 ;; Auto vars:     Size  Location     Type
  1263 ;;		None
  1264 ;; Return value:  Size  Location     Type
  1265 ;;                  1    wreg      void 
  1266 ;; Registers used:
  1267 ;;		wreg, status,2
  1268 ;; Tracked objects:
  1269 ;;		On entry : 0/0
  1270 ;;		On exit  : 0/0
  1271 ;;		Unchanged: 0/0
  1272 ;; Data sizes:     COMMON   BANK0   BANK1   BANK2   BANK3   BANK4
  1273 ;;      Params:         0       0       0       0       0       0
  1274 ;;      Locals:         0       0       0       0       0       0
  1275 ;;      Temps:          0       0       0       0       0       0
  1276 ;;      Totals:         0       0       0       0       0       0
  1277 ;;Total ram usage:        0 bytes
  1278 ;; Hardware stack levels used:    1
  1279 ;; This function calls:
  1280 ;;		Nothing
  1281 ;; This function is called by:
  1282 ;;		_SYSTEM_Initialize
  1283 ;; This function uses a non-reentrant model
  1284 ;;
  1285                           
  1286                           
  1287                           ;psect for function _OSCILLATOR_Initialize
  1288  06C9                     _OSCILLATOR_Initialize:
  1289  06C9                     l724:	
  1290                           ;incstack = 0
  1291                           ; Regs used in _OSCILLATOR_Initialize: [wreg+status,2]
  1292                           
  1293                           
  1294                           ;mcc_generated_files/mcc.c: 61:     OSCCON = 0x6A;
  1295  06C9  306A               	movlw	106
  1296  06CA  0021               	movlb	1	; select bank1
  1297  06CB  0099               	movwf	25	;volatile
  1298  06CC                     l726:
  1299                           
  1300                           ;mcc_generated_files/mcc.c: 63:     OSCTUNE = 0x00;
  1301  06CC  0198               	clrf	24	;volatile
  1302  06CD                     l728:
  1303                           
  1304                           ;mcc_generated_files/mcc.c: 65:     BORCON = 0x00;
  1305  06CD  0022               	movlb	2	; select bank2
  1306  06CE  0196               	clrf	22	;volatile
  1307  06CF                     l101:
  1308  06CF  0008               	return
  1309  06D0                     __end_of_OSCILLATOR_Initialize:
  1310                           
  1311                           	psect	text6
  1312  079B                     __ptext6:	
  1313 ;; *************** function _PariDispari *****************
  1314 ;; Defined at:
  1315 ;;		line 106 in file "main.c"
  1316 ;; Parameters:    Size  Location     Type
  1317 ;;		None
  1318 ;; Auto vars:     Size  Location     Type
  1319 ;;  i               1    2[COMMON] unsigned char 
  1320 ;; Return value:  Size  Location     Type
  1321 ;;                  1    wreg      void 
  1322 ;; Registers used:
  1323 ;;		wreg, status,2, status,0
  1324 ;; Tracked objects:
  1325 ;;		On entry : 0/0
  1326 ;;		On exit  : 0/0
  1327 ;;		Unchanged: 0/0
  1328 ;; Data sizes:     COMMON   BANK0   BANK1   BANK2   BANK3   BANK4
  1329 ;;      Params:         0       0       0       0       0       0
  1330 ;;      Locals:         1       0       0       0       0       0
  1331 ;;      Temps:          2       0       0       0       0       0
  1332 ;;      Totals:         3       0       0       0       0       0
  1333 ;;Total ram usage:        3 bytes
  1334 ;; Hardware stack levels used:    1
  1335 ;; This function calls:
  1336 ;;		Nothing
  1337 ;; This function is called by:
  1338 ;;		_main
  1339 ;; This function uses a non-reentrant model
  1340 ;;
  1341                           
  1342                           
  1343                           ;psect for function _PariDispari
  1344  079B                     _PariDispari:
  1345  079B                     l786:	
  1346                           ;incstack = 0
  1347                           ; Regs used in _PariDispari: [wreg+status,2+status,0]
  1348                           
  1349  079B                     l788:
  1350                           
  1351                           ;main.c: 109:         PORTB=0b00000010;
  1352  079B  3002               	movlw	2
  1353  079C  0020               	movlb	0	; select bank0
  1354  079D  008D               	movwf	13	;volatile
  1355  079E                     l790:
  1356                           
  1357                           ;main.c: 110:         _delay((unsigned long)((200)*(4000000/4000.0)));
  1358  079E  3002               	movlw	2
  1359  079F  00F1               	movwf	??_PariDispari+1
  1360  07A0  3004               	movlw	4
  1361  07A1  00F0               	movwf	??_PariDispari
  1362  07A2  30BA               	movlw	186
  1363  07A3                     u177:
  1364  07A3  0B89               	decfsz	9,f
  1365  07A4  2FA3               	goto	u177
  1366  07A5  0BF0               	decfsz	??_PariDispari,f
  1367  07A6  2FA3               	goto	u177
  1368  07A7  0BF1               	decfsz	??_PariDispari+1,f
  1369  07A8  2FA3               	goto	u177
  1370  07A9  3200               	nop2
  1371                           
  1372                           ;main.c: 111:         for(i=0;i<3;i++)
  1373  07AA  01F2               	clrf	PariDispari@i
  1374  07AB                     l796:
  1375                           
  1376                           ;main.c: 112:         {;main.c: 113:             PORTB=PORTB<<2;
  1377  07AB  0020               	movlb	0	; select bank0
  1378  07AC  080D               	movf	13,w	;volatile
  1379  07AD  00F0               	movwf	??_PariDispari
  1380  07AE  3001               	movlw	1
  1381  07AF                     u55:
  1382  07AF  35F0               	lslf	??_PariDispari,f
  1383  07B0  3EFF               	addlw	-1
  1384  07B1  1D03               	skipz
  1385  07B2  2FAF               	goto	u55
  1386  07B3  3570               	lslf	??_PariDispari,w
  1387  07B4  008D               	movwf	13	;volatile
  1388  07B5                     l798:
  1389                           
  1390                           ;main.c: 114:             _delay((unsigned long)((200)*(4000000/4000.0)));
  1391  07B5  3002               	movlw	2
  1392  07B6  00F1               	movwf	??_PariDispari+1
  1393  07B7  3004               	movlw	4
  1394  07B8  00F0               	movwf	??_PariDispari
  1395  07B9  30BA               	movlw	186
  1396  07BA                     u187:
  1397  07BA  0B89               	decfsz	9,f
  1398  07BB  2FBA               	goto	u187
  1399  07BC  0BF0               	decfsz	??_PariDispari,f
  1400  07BD  2FBA               	goto	u187
  1401  07BE  0BF1               	decfsz	??_PariDispari+1,f
  1402  07BF  2FBA               	goto	u187
  1403  07C0  3200               	nop2
  1404  07C1                     l800:
  1405                           
  1406                           ;main.c: 115:         }
  1407  07C1  3001               	movlw	1
  1408  07C2  00F0               	movwf	??_PariDispari
  1409  07C3  0870               	movf	??_PariDispari,w
  1410  07C4  07F2               	addwf	PariDispari@i,f
  1411  07C5  3003               	movlw	3
  1412  07C6  0272               	subwf	PariDispari@i,w
  1413  07C7  1C03               	skipc
  1414  07C8  2FCA               	goto	u61
  1415  07C9  2FCB               	goto	u60
  1416  07CA                     u61:
  1417  07CA  2FAB               	goto	l796
  1418  07CB                     u60:
  1419  07CB                     l802:
  1420                           
  1421                           ;main.c: 116:         PORTB=0b01000000;
  1422  07CB  3040               	movlw	64
  1423  07CC  0020               	movlb	0	; select bank0
  1424  07CD  008D               	movwf	13	;volatile
  1425                           
  1426                           ;main.c: 117:         _delay((unsigned long)((200)*(4000000/4000.0)));
  1427  07CE  3002               	movlw	2
  1428  07CF  00F1               	movwf	??_PariDispari+1
  1429  07D0  3004               	movlw	4
  1430  07D1  00F0               	movwf	??_PariDispari
  1431  07D2  30BA               	movlw	186
  1432  07D3                     u197:
  1433  07D3  0B89               	decfsz	9,f
  1434  07D4  2FD3               	goto	u197
  1435  07D5  0BF0               	decfsz	??_PariDispari,f
  1436  07D6  2FD3               	goto	u197
  1437  07D7  0BF1               	decfsz	??_PariDispari+1,f
  1438  07D8  2FD3               	goto	u197
  1439  07D9  3200               	nop2
  1440  07DA                     l804:
  1441                           
  1442                           ;main.c: 118:         for(i=0;i<3;i++)
  1443  07DA  01F2               	clrf	PariDispari@i
  1444  07DB                     l810:
  1445                           
  1446                           ;main.c: 119:         {;main.c: 120:             PORTB=PORTB>>2;
  1447  07DB  0020               	movlb	0	; select bank0
  1448  07DC  080D               	movf	13,w	;volatile
  1449  07DD  00F0               	movwf	??_PariDispari
  1450  07DE  3002               	movlw	2
  1451  07DF                     u75:
  1452  07DF  36F0               	lsrf	??_PariDispari,f
  1453  07E0  0B89               	decfsz	9,f
  1454  07E1  2FDF               	goto	u75
  1455  07E2  0870               	movf	??_PariDispari,w
  1456  07E3  008D               	movwf	13	;volatile
  1457  07E4                     l812:
  1458                           
  1459                           ;main.c: 121:             _delay((unsigned long)((200)*(4000000/4000.0)));
  1460  07E4  3002               	movlw	2
  1461  07E5  00F1               	movwf	??_PariDispari+1
  1462  07E6  3004               	movlw	4
  1463  07E7  00F0               	movwf	??_PariDispari
  1464  07E8  30BA               	movlw	186
  1465  07E9                     u207:
  1466  07E9  0B89               	decfsz	9,f
  1467  07EA  2FE9               	goto	u207
  1468  07EB  0BF0               	decfsz	??_PariDispari,f
  1469  07EC  2FE9               	goto	u207
  1470  07ED  0BF1               	decfsz	??_PariDispari+1,f
  1471  07EE  2FE9               	goto	u207
  1472  07EF  3200               	nop2
  1473  07F0                     l814:
  1474                           
  1475                           ;main.c: 122:         }
  1476  07F0  3001               	movlw	1
  1477  07F1  00F0               	movwf	??_PariDispari
  1478  07F2  0870               	movf	??_PariDispari,w
  1479  07F3  07F2               	addwf	PariDispari@i,f
  1480  07F4  3003               	movlw	3
  1481  07F5  0272               	subwf	PariDispari@i,w
  1482  07F6  1C03               	skipc
  1483  07F7  2FF9               	goto	u81
  1484  07F8  2FFA               	goto	u80
  1485  07F9                     u81:
  1486  07F9  2FDB               	goto	l810
  1487  07FA                     u80:
  1488  07FA                     l81:
  1489  07FA  0008               	return
  1490  07FB                     __end_of_PariDispari:
  1491                           
  1492                           	psect	text7
  1493  0754                     __ptext7:	
  1494 ;; *************** function _PalleR *****************
  1495 ;; Defined at:
  1496 ;;		line 86 in file "main.c"
  1497 ;; Parameters:    Size  Location     Type
  1498 ;;		None
  1499 ;; Auto vars:     Size  Location     Type
  1500 ;;  i               1    3[COMMON] unsigned char 
  1501 ;;  b               1    2[COMMON] unsigned char 
  1502 ;;  a               1    1[COMMON] unsigned char 
  1503 ;; Return value:  Size  Location     Type
  1504 ;;                  1    wreg      void 
  1505 ;; Registers used:
  1506 ;;		wreg, status,2, status,0
  1507 ;; Tracked objects:
  1508 ;;		On entry : 0/0
  1509 ;;		On exit  : 0/0
  1510 ;;		Unchanged: 0/0
  1511 ;; Data sizes:     COMMON   BANK0   BANK1   BANK2   BANK3   BANK4
  1512 ;;      Params:         0       0       0       0       0       0
  1513 ;;      Locals:         3       0       0       0       0       0
  1514 ;;      Temps:          1       0       0       0       0       0
  1515 ;;      Totals:         4       0       0       0       0       0
  1516 ;;Total ram usage:        4 bytes
  1517 ;; Hardware stack levels used:    1
  1518 ;; This function calls:
  1519 ;;		Nothing
  1520 ;; This function is called by:
  1521 ;;		_main
  1522 ;; This function uses a non-reentrant model
  1523 ;;
  1524                           
  1525                           
  1526                           ;psect for function _PalleR
  1527  0754                     _PalleR:
  1528  0754                     l760:	
  1529                           ;incstack = 0
  1530                           ; Regs used in _PalleR: [wreg+status,2+status,0]
  1531                           
  1532                           
  1533                           ;main.c: 88:     char a=0b00010000;
  1534  0754  3010               	movlw	16
  1535  0755  00F0               	movwf	??_PalleR
  1536  0756  0870               	movf	??_PalleR,w
  1537  0757  00F1               	movwf	PalleR@a
  1538                           
  1539                           ;main.c: 89:     char b=0b00001000;
  1540  0758  3008               	movlw	8
  1541  0759  00F0               	movwf	??_PalleR
  1542  075A  0870               	movf	??_PalleR,w
  1543  075B  00F2               	movwf	PalleR@b
  1544  075C                     l762:
  1545  075C                     l764:
  1546                           
  1547                           ;main.c: 91:     for(i=0;i<3;i++)
  1548  075C  01F3               	clrf	PalleR@i
  1549  075D                     l768:
  1550                           
  1551                           ;main.c: 92:        {;main.c: 93:             PORTB=a|b;
  1552  075D  0871               	movf	PalleR@a,w
  1553  075E  0472               	iorwf	PalleR@b,w
  1554  075F  0020               	movlb	0	; select bank0
  1555  0760  008D               	movwf	13	;volatile
  1556                           
  1557                           ;main.c: 94:             a=a<<1;
  1558  0761  3571               	lslf	PalleR@a,w
  1559  0762  00F0               	movwf	??_PalleR
  1560  0763  0870               	movf	??_PalleR,w
  1561  0764  00F1               	movwf	PalleR@a
  1562                           
  1563                           ;main.c: 95:             b=b>>1;
  1564  0765  3672               	lsrf	PalleR@b,w
  1565  0766  00F0               	movwf	??_PalleR
  1566  0767  0870               	movf	??_PalleR,w
  1567  0768  00F2               	movwf	PalleR@b
  1568  0769                     l770:
  1569                           
  1570                           ;main.c: 96:             _delay((unsigned long)((50)*(4000000/4000.0)));
  1571  0769  3041               	movlw	65
  1572  076A  00F0               	movwf	??_PalleR
  1573  076B  30EE               	movlw	238
  1574  076C                     u217:
  1575  076C  0B89               	decfsz	9,f
  1576  076D  2F6C               	goto	u217
  1577  076E  0BF0               	decfsz	??_PalleR,f
  1578  076F  2F6C               	goto	u217
  1579  0770  3200               	nop2
  1580  0771                     l772:
  1581                           
  1582                           ;main.c: 97:        }
  1583  0771  3001               	movlw	1
  1584  0772  00F0               	movwf	??_PalleR
  1585  0773  0870               	movf	??_PalleR,w
  1586  0774  07F3               	addwf	PalleR@i,f
  1587  0775  3003               	movlw	3
  1588  0776  0273               	subwf	PalleR@i,w
  1589  0777  1C03               	skipc
  1590  0778  2F7A               	goto	u31
  1591  0779  2F7B               	goto	u30
  1592  077A                     u31:
  1593  077A  2F5D               	goto	l768
  1594  077B                     u30:
  1595  077B                     l774:
  1596                           
  1597                           ;main.c: 98:       for(i=0;i<3;i++)
  1598  077B  01F3               	clrf	PalleR@i
  1599  077C                     l780:
  1600                           
  1601                           ;main.c: 99:       {;main.c: 100:             PORTB=a|b;
  1602  077C  0871               	movf	PalleR@a,w
  1603  077D  0472               	iorwf	PalleR@b,w
  1604  077E  0020               	movlb	0	; select bank0
  1605  077F  008D               	movwf	13	;volatile
  1606                           
  1607                           ;main.c: 101:             a=a>>1;
  1608  0780  3671               	lsrf	PalleR@a,w
  1609  0781  00F0               	movwf	??_PalleR
  1610  0782  0870               	movf	??_PalleR,w
  1611  0783  00F1               	movwf	PalleR@a
  1612                           
  1613                           ;main.c: 102:             b=b<<1;
  1614  0784  3572               	lslf	PalleR@b,w
  1615  0785  00F0               	movwf	??_PalleR
  1616  0786  0870               	movf	??_PalleR,w
  1617  0787  00F2               	movwf	PalleR@b
  1618  0788                     l782:
  1619                           
  1620                           ;main.c: 103:             _delay((unsigned long)((50)*(4000000/4000.0)));
  1621  0788  3041               	movlw	65
  1622  0789  00F0               	movwf	??_PalleR
  1623  078A  30EE               	movlw	238
  1624  078B                     u227:
  1625  078B  0B89               	decfsz	9,f
  1626  078C  2F8B               	goto	u227
  1627  078D  0BF0               	decfsz	??_PalleR,f
  1628  078E  2F8B               	goto	u227
  1629  078F  3200               	nop2
  1630  0790                     l784:
  1631                           
  1632                           ;main.c: 104:       }
  1633  0790  3001               	movlw	1
  1634  0791  00F0               	movwf	??_PalleR
  1635  0792  0870               	movf	??_PalleR,w
  1636  0793  07F3               	addwf	PalleR@i,f
  1637  0794  3003               	movlw	3
  1638  0795  0273               	subwf	PalleR@i,w
  1639  0796  1C03               	skipc
  1640  0797  2F99               	goto	u41
  1641  0798  2F9A               	goto	u40
  1642  0799                     u41:
  1643  0799  2F7C               	goto	l780
  1644  079A                     u40:
  1645  079A                     l74:
  1646  079A  0008               	return
  1647  079B                     __end_of_PalleR:
  1648  007E                     btemp	set	126	;btemp
  1649  007E                     wtemp0	set	126
  1650                           
  1651                           	psect	config
  1652                           
  1653                           ;Config register CONFIG1 @ 0x8007
  1654                           ;	Oscillator Selection
  1655                           ;	FOSC = INTOSC, INTOSC oscillator: I/O function on CLKIN pin
  1656                           ;	Watchdog Timer Enable
  1657                           ;	WDTE = OFF, WDT disabled
  1658                           ;	Power-up Timer Enable
  1659                           ;	PWRTE = OFF, PWRT disabled
  1660                           ;	MCLR Pin Function Select
  1661                           ;	MCLRE = ON, MCLR/VPP pin function is MCLR
  1662                           ;	Flash Program Memory Code Protection
  1663                           ;	CP = OFF, Program memory code protection is disabled
  1664                           ;	Data Memory Code Protection
  1665                           ;	CPD = OFF, Data memory code protection is disabled
  1666                           ;	Brown-out Reset Enable
  1667                           ;	BOREN = ON, Brown-out Reset enabled
  1668                           ;	Clock Out Enable
  1669                           ;	CLKOUTEN = OFF, CLKOUT function is disabled. I/O or oscillator function on the CLKOUT 
      +                          pin
  1670                           ;	Internal/External Switchover
  1671                           ;	IESO = ON, Internal/External Switchover mode is enabled
  1672                           ;	Fail-Safe Clock Monitor Enable
  1673                           ;	FCMEN = ON, Fail-Safe Clock Monitor is enabled
  1674  8007                     	org	32775
  1675  8007  3FE4               	dw	16356
  1676                           
  1677                           ;Config register CONFIG2 @ 0x8008
  1678                           ;	Flash Memory Self-Write Protection
  1679                           ;	WRT = OFF, Write protection off
  1680                           ;	PLL Enable
  1681                           ;	PLLEN = OFF, 4x PLL disabled
  1682                           ;	Stack Overflow/Underflow Reset Enable
  1683                           ;	STVREN = ON, Stack Overflow or Underflow will cause a Reset
  1684                           ;	Brown-out Reset Voltage Selection
  1685                           ;	BORV = LO, Brown-out Reset Voltage (Vbor), low trip point selected.
  1686                           ;	Low-Voltage Programming Enable
  1687                           ;	LVP = ON, Low-voltage programming enabled
  1688  8008                     	org	32776
  1689  8008  3EFF               	dw	16127

Data Sizes:
    Strings     0
    Constant    0
    Data        0
    BSS         2
    Persistent  32
    Stack       0

Auto Spaces:
    Space          Size  Autos    Used
    COMMON           14      5       7
    BANK0            80      0       0
    BANK1            80      0       0
    BANK2            80      0       0
    BANK3            80      0       0
    BANK4            48      0       0

Pointer List with Targets:

    None.

Critical Paths under _main in COMMON

    _main->_PalleR

Critical Paths under _main in BANK0

    None.

Critical Paths under _main in BANK1

    None.

Critical Paths under _main in BANK2

    None.

Critical Paths under _main in BANK3

    None.

Critical Paths under _main in BANK4

    None.

Call Graph Tables:

 ---------------------------------------------------------------------------------
 (Depth) Function   	        Calls       Base Space   Used Autos Params    Refs
 ---------------------------------------------------------------------------------
 (0) _main                                                 1     1      0     300
                                              4 COMMON     1     1      0
                             _PalleR
                        _PariDispari
                  _SYSTEM_Initialize
                           _Supercar
 ---------------------------------------------------------------------------------
 (1) _Supercar                                             2     2      0      60
                                              0 COMMON     2     2      0
 ---------------------------------------------------------------------------------
 (1) _SYSTEM_Initialize                                    0     0      0       0
              _OSCILLATOR_Initialize
             _PIN_MANAGER_Initialize
                     _WDT_Initialize
 ---------------------------------------------------------------------------------
 (2) _WDT_Initialize                                       0     0      0       0
 ---------------------------------------------------------------------------------
 (2) _PIN_MANAGER_Initialize                               0     0      0       0
 ---------------------------------------------------------------------------------
 (2) _OSCILLATOR_Initialize                                0     0      0       0
 ---------------------------------------------------------------------------------
 (1) _PariDispari                                          3     3      0      60
                                              0 COMMON     3     3      0
 ---------------------------------------------------------------------------------
 (1) _PalleR                                               4     4      0     180
                                              0 COMMON     4     4      0
 ---------------------------------------------------------------------------------
 Estimated maximum stack depth 2
 ---------------------------------------------------------------------------------

 Call Graph Graphs:

 _main (ROOT)
   _PalleR
   _PariDispari
   _SYSTEM_Initialize
     _OSCILLATOR_Initialize
     _PIN_MANAGER_Initialize
     _WDT_Initialize
   _Supercar

 Address spaces:
Name               Size   Autos  Total    Cost      Usage
BIGRAM             170      0       0       0        0.0%
EEDATA             100      0       0       0        0.0%
NULL                 0      0       0       0        0.0%
CODE                 0      0       0       0        0.0%
BITCOMMON            E      0       0       1        0.0%
BITSFR0              0      0       0       1        0.0%
SFR0                 0      0       0       1        0.0%
COMMON               E      5       7       2       50.0%
BITSFR1              0      0       0       2        0.0%
SFR1                 0      0       0       2        0.0%
BITSFR2              0      0       0       3        0.0%
SFR2                 0      0       0       3        0.0%
STACK                0      0       0       3        0.0%
BITSFR3              0      0       0       4        0.0%
SFR3                 0      0       0       4        0.0%
ABS                  0      0       7       4        0.0%
BITBANK0            50      0       0       5        0.0%
BITSFR4              0      0       0       5        0.0%
SFR4                 0      0       0       5        0.0%
BANK0               50      0       0       6        0.0%
BITSFR5              0      0       0       6        0.0%
SFR5                 0      0       0       6        0.0%
BITBANK1            50      0       0       7        0.0%
BITSFR6              0      0       0       7        0.0%
SFR6                 0      0       0       7        0.0%
BANK1               50      0       0       8        0.0%
BITSFR7              0      0       0       8        0.0%
SFR7                 0      0       0       8        0.0%
BITBANK2            50      0       0       9        0.0%
BITSFR8              0      0       0       9        0.0%
SFR8                 0      0       0       9        0.0%
BANK2               50      0       0      10        0.0%
BITSFR9              0      0       0      10        0.0%
SFR9                 0      0       0      10        0.0%
BITBANK3            50      0       0      11        0.0%
BITSFR10             0      0       0      11        0.0%
SFR10                0      0       0      11        0.0%
BANK3               50      0       0      12        0.0%
BITSFR11             0      0       0      12        0.0%
SFR11                0      0       0      12        0.0%
BITBANK4            30      0       0      13        0.0%
BITSFR12             0      0       0      13        0.0%
SFR12                0      0       0      13        0.0%
BANK4               30      0       0      14        0.0%
BITSFR13             0      0       0      14        0.0%
SFR13                0      0       0      14        0.0%
BITSFR14             0      0       0      15        0.0%
SFR14                0      0       0      15        0.0%
DATA                 0      0       7      15        0.0%
BITSFR15             0      0       0      16        0.0%
SFR15                0      0       0      16        0.0%
BITSFR16             0      0       0      17        0.0%
SFR16                0      0       0      17        0.0%
BITSFR17             0      0       0      18        0.0%
SFR17                0      0       0      18        0.0%
BITSFR18             0      0       0      19        0.0%
SFR18                0      0       0      19        0.0%
BITSFR19             0      0       0      20        0.0%
SFR19                0      0       0      20        0.0%
BITSFR20             0      0       0      21        0.0%
SFR20                0      0       0      21        0.0%
BITSFR21             0      0       0      22        0.0%
SFR21                0      0       0      22        0.0%
BITSFR22             0      0       0      23        0.0%
SFR22                0      0       0      23        0.0%
BITSFR23             0      0       0      24        0.0%
SFR23                0      0       0      24        0.0%
BITSFR24             0      0       0      25        0.0%
SFR24                0      0       0      25        0.0%
BITSFR25             0      0       0      26        0.0%
SFR25                0      0       0      26        0.0%
BITSFR26             0      0       0      27        0.0%
SFR26                0      0       0      27        0.0%
BITSFR27             0      0       0      28        0.0%
SFR27                0      0       0      28        0.0%
BITSFR28             0      0       0      29        0.0%
SFR28                0      0       0      29        0.0%
BITSFR29             0      0       0      30        0.0%
SFR29                0      0       0      30        0.0%
BITSFR30             0      0       0      31        0.0%
SFR30                0      0       0      31        0.0%
BITSFR31             0      0       0      32        0.0%
SFR31                0      0       0      32        0.0%


Microchip Technology PIC Macro Assembler V2.31 build 20201012212115 
Symbol Table                                                                                   Thu Sep 16 09:52:57 2021

                              _c 0075                                _s 0076                               l25 06ED  
                             l53 0730                               l81 07FA                               l74 079A  
                             l67 071B                               l98 06D9                               u10 0706  
                             u11 0705                               u20 071B                               u21 071A  
                             u30 077B                               u31 077A                               u40 079A  
                             u41 0799                               u60 07CB                               u61 07CA  
                             u55 07AF                               u80 07FA                               u81 07F9  
                             u90 0726                               u75 07DF                               u91 0725  
                            l101 06CF                              l104 06C8                              l800 07C1  
                            l720 06E3                              l712 06DA                              l810 07DB  
                            l802 07CB                              l722 06E8                              l714 06DD  
                            l730 06C5                              l812 07E4                              l804 07DA  
                            l724 06C9                              l716 06E0                              l732 06D0  
                            l820 0721                              l814 07F0                              l726 06CC  
                            l718 06E1                              l742 06F2                              l734 06EE  
                            l830 0738                              l822 0726                              l760 0754  
                            l728 06CD                              l744 06F5                              l736 06EE  
                            l840 0750                              l832 073E                              l824 0728  
                            l816 071C                              l770 0769                              l762 075C  
                            l754 0707                              l746 06FC                              l738 06F1  
                            l834 0741                              l826 072C                              l818 071E  
                            l780 077C                              l772 0771                              l764 075C  
                            l756 070A                              l748 0706                              l836 0747  
                            l828 0735                              l782 0788                              l774 077B  
                            l790 079E                              l758 0711                              l838 074A  
                            l784 0790                              l768 075D                              l786 079B  
                            l796 07AB                              l788 079B                              l798 07B5  
                            u100 072C                              u101 072B                              u110 0735  
                            u111 0734                              u120 073E                              u121 073D  
                            u130 0747                              u131 0746                              u140 0750  
                            u141 074F                              u207 07E9                              u217 076C  
                            u227 078B                              u157 06F8                              u167 070D  
                            u177 07A3                              u187 07BA                              u197 07D3  
                            wreg 0009                             _LATA 010C                             _LATB 010D  
                           _WPUA 020C                             _WPUB 020D                             _main 071C  
                           btemp 007E                             start 0002                    ??_PariDispari 0070  
 __size_of_OSCILLATOR_Initialize 0007    __end_of_OSCILLATOR_Initialize 06D0                            ?_main 0070  
                          _PORTB 000D                            _TRISA 008C                            _TRISB 008D  
                 _WDT_Initialize 06C5                            status 0003                            wtemp0 007E  
                __initialization 07FB                     __end_of_main 0754                           ??_main 0074  
         __end_of_WDT_Initialize 06C9              __end_of_PariDispari 07FB                 __end_of_Supercar 071C  
                         _ANSELA 018C                           _ANSELB 018D                           _BORCON 0116  
                         _OSCCON 0099                           _WDTCON 0097                           _PalleR 0754  
                ?_WDT_Initialize 0070                _SYSTEM_Initialize 06D0          __end_of__initialization 07FD  
             ?_SYSTEM_Initialize 0070                     PariDispari@i 0072                   __pcstackCOMMON 0070  
            ??_SYSTEM_Initialize 0070                      _PariDispari 079B                   _OPTION_REGbits 0095  
      __end_of_SYSTEM_Initialize 06DA                          ?_PalleR 0070                       __pmaintext 071C  
                      ?_Supercar 0070                          _APFCON0 011D                          _APFCON1 011E  
                        _OSCTUNE 0098                          PalleR@a 0071                          PalleR@b 0072  
                        PalleR@i 0073                  __size_of_PalleR 0047                       ??_Supercar 0070  
                        __ptext1 06EE                          __ptext2 06D0                          __ptext3 06C5  
                        __ptext4 06DA                          __ptext5 06C9                          __ptext6 079B  
                        __ptext7 0754            _OSCILLATOR_Initialize 06C9         ??_PIN_MANAGER_Initialize 0070  
     __size_of_SYSTEM_Initialize 000A             end_of_initialization 07FD                 ??_WDT_Initialize 0070  
                      _PORTAbits 000C                   __end_of_PalleR 079B                     ?_PariDispari 0070  
         ?_OSCILLATOR_Initialize 0070              start_initialization 07FB  __size_of_PIN_MANAGER_Initialize 0014  
                       ??_PalleR 0070                __size_of_Supercar 002E                      __pbssCOMMON 0075  
                      ___latbits 0001                        Supercar@i 0071           _PIN_MANAGER_Initialize 06DA  
           __size_of_PariDispari 0060          ??_OSCILLATOR_Initialize 0070                         _Supercar 06EE  
                  __size_of_main 0038          __size_of_WDT_Initialize 0004          ?_PIN_MANAGER_Initialize 0070  
 __end_of_PIN_MANAGER_Initialize 06EE  
