

Microchip MPLAB XC8 Assembler V2.31 build 20201012212115 
                                                                                               Thu Oct 07 09:36:06 2021

Microchip MPLAB XC8 C Compiler v2.31 (Free license) build 20201012212115 Og1 
     1                           	processor	16F1827
     2                           	pagewidth 120
     3                           	opt	flic
     4                           	psect	cinit,global,class=CODE,merge=1,delta=2
     5                           	psect	cstackCOMMON,global,class=COMMON,space=1,delta=1,noexec
     6                           	psect	maintext,global,class=CODE,merge=1,split=1,delta=2
     7                           	psect	text1,local,class=CODE,merge=1,delta=2
     8                           	psect	text2,local,class=CODE,merge=1,delta=2
     9                           	psect	text3,local,class=CODE,merge=1,delta=2
    10                           	psect	text4,local,class=CODE,merge=1,delta=2
    11                           	psect	config,global,abs,ovrld,class=CONFIG,space=4,delta=2,noexec
    12                           	dabs	1,0x7E,2
    13  0000                     
    14                           ; Version 2.20
    15                           ; Generated 12/02/2020 GMT
    16                           ; 
    17                           ; Copyright © 2020, Microchip Technology Inc. and its subsidiaries ("Microchip")
    18                           ; All rights reserved.
    19                           ; 
    20                           ; This software is developed by Microchip Technology Inc. and its subsidiaries ("Microch
      +                          ip").
    21                           ; 
    22                           ; Redistribution and use in source and binary forms, with or without modification, are
    23                           ; permitted provided that the following conditions are met:
    24                           ; 
    25                           ;     1. Redistributions of source code must retain the above copyright notice, this lis
      +                          t of
    26                           ;        conditions and the following disclaimer.
    27                           ; 
    28                           ;     2. Redistributions in binary form must reproduce the above copyright notice, this 
      +                          list
    29                           ;        of conditions and the following disclaimer in the documentation and/or other
    30                           ;        materials provided with the distribution.
    31                           ; 
    32                           ;     3. Microchip's name may not be used to endorse or promote products derived from th
      +                          is
    33                           ;        software without specific prior written permission.
    34                           ; 
    35                           ; THIS SOFTWARE IS PROVIDED BY MICROCHIP "AS IS" AND ANY EXPRESS OR IMPLIED WARRANTIES,
    36                           ; INCLUDING, BUT NOT LIMITED TO, THE IMPLIED WARRANTIES OF MERCHANTABILITY AND FITNESS F
      +                          OR
    37                           ; PURPOSE ARE DISCLAIMED.  IN NO EVENT SHALL MICROCHIP BE LIABLE FOR ANY DIRECT, INDIREC
      +                          T,
    38                           ; INCIDENTAL, SPECIAL, EXEMPLARY, OR CONSEQUENTIAL DAMAGES (INCLUDING BUT NOT LIMITED TO
    39                           ; PROCUREMENT OF SUBSTITUTE GOODS OR SERVICES; LOSS OF USE, DATA OR PROFITS; OR BUSINESS
    40                           ; INTERRUPTION) HOWSOEVER CAUSED AND ON ANY THEORY OF LIABILITY, WHETHER IN CONTRACT, ST
      +                          RICT
    41                           ; LIABILITY, OR TORT (INCLUDING NEGLIGENCE OR OTHERWISE) ARISING IN ANY WAY OUT OF THE U
      +                          SE OF
    42                           ; THIS SOFTWARE, EVEN IF ADVISED OF THE POSSIBILITY OF SUCH DAMAGE.
    43                           ; 
    44                           ; 
    45                           ; Code-generator required, PIC16F1827 Definitions
    46                           ; 
    47                           ; SFR Addresses
    48  0000                     	;# 
    49  0001                     	;# 
    50  0002                     	;# 
    51  0003                     	;# 
    52  0004                     	;# 
    53  0005                     	;# 
    54  0006                     	;# 
    55  0007                     	;# 
    56  0008                     	;# 
    57  0009                     	;# 
    58  000A                     	;# 
    59  000B                     	;# 
    60  000C                     	;# 
    61  000D                     	;# 
    62  0011                     	;# 
    63  0012                     	;# 
    64  0013                     	;# 
    65  0014                     	;# 
    66  0015                     	;# 
    67  0016                     	;# 
    68  0016                     	;# 
    69  0017                     	;# 
    70  0018                     	;# 
    71  0019                     	;# 
    72  001A                     	;# 
    73  001B                     	;# 
    74  001C                     	;# 
    75  001E                     	;# 
    76  001F                     	;# 
    77  008C                     	;# 
    78  008D                     	;# 
    79  0091                     	;# 
    80  0092                     	;# 
    81  0093                     	;# 
    82  0094                     	;# 
    83  0095                     	;# 
    84  0096                     	;# 
    85  0097                     	;# 
    86  0098                     	;# 
    87  0099                     	;# 
    88  009A                     	;# 
    89  009B                     	;# 
    90  009B                     	;# 
    91  009C                     	;# 
    92  009D                     	;# 
    93  009E                     	;# 
    94  010C                     	;# 
    95  010D                     	;# 
    96  0111                     	;# 
    97  0112                     	;# 
    98  0113                     	;# 
    99  0114                     	;# 
   100  0115                     	;# 
   101  0116                     	;# 
   102  0117                     	;# 
   103  0118                     	;# 
   104  0119                     	;# 
   105  011A                     	;# 
   106  011B                     	;# 
   107  011D                     	;# 
   108  011E                     	;# 
   109  018C                     	;# 
   110  018D                     	;# 
   111  0191                     	;# 
   112  0191                     	;# 
   113  0192                     	;# 
   114  0193                     	;# 
   115  0193                     	;# 
   116  0193                     	;# 
   117  0194                     	;# 
   118  0195                     	;# 
   119  0196                     	;# 
   120  0199                     	;# 
   121  019A                     	;# 
   122  019B                     	;# 
   123  019B                     	;# 
   124  019B                     	;# 
   125  019B                     	;# 
   126  019C                     	;# 
   127  019C                     	;# 
   128  019D                     	;# 
   129  019E                     	;# 
   130  019F                     	;# 
   131  020C                     	;# 
   132  020D                     	;# 
   133  0211                     	;# 
   134  0211                     	;# 
   135  0212                     	;# 
   136  0212                     	;# 
   137  0213                     	;# 
   138  0213                     	;# 
   139  0214                     	;# 
   140  0214                     	;# 
   141  0215                     	;# 
   142  0215                     	;# 
   143  0215                     	;# 
   144  0216                     	;# 
   145  0216                     	;# 
   146  0217                     	;# 
   147  0217                     	;# 
   148  0219                     	;# 
   149  021A                     	;# 
   150  021B                     	;# 
   151  021C                     	;# 
   152  021D                     	;# 
   153  021E                     	;# 
   154  021F                     	;# 
   155  0291                     	;# 
   156  0291                     	;# 
   157  0292                     	;# 
   158  0293                     	;# 
   159  0294                     	;# 
   160  0295                     	;# 
   161  0295                     	;# 
   162  0296                     	;# 
   163  0298                     	;# 
   164  0298                     	;# 
   165  0299                     	;# 
   166  029A                     	;# 
   167  029B                     	;# 
   168  029C                     	;# 
   169  029C                     	;# 
   170  029D                     	;# 
   171  029E                     	;# 
   172  029E                     	;# 
   173  0311                     	;# 
   174  0311                     	;# 
   175  0312                     	;# 
   176  0313                     	;# 
   177  0318                     	;# 
   178  0318                     	;# 
   179  0319                     	;# 
   180  031A                     	;# 
   181  0394                     	;# 
   182  0395                     	;# 
   183  0396                     	;# 
   184  039A                     	;# 
   185  039C                     	;# 
   186  039D                     	;# 
   187  039E                     	;# 
   188  039F                     	;# 
   189  0415                     	;# 
   190  0416                     	;# 
   191  0417                     	;# 
   192  041C                     	;# 
   193  041D                     	;# 
   194  041E                     	;# 
   195  0FE4                     	;# 
   196  0FE5                     	;# 
   197  0FE6                     	;# 
   198  0FE7                     	;# 
   199  0FE8                     	;# 
   200  0FE9                     	;# 
   201  0FEA                     	;# 
   202  0FEB                     	;# 
   203  0FED                     	;# 
   204  0FEE                     	;# 
   205  0FEF                     	;# 
   206  0000                     	;# 
   207  0001                     	;# 
   208  0002                     	;# 
   209  0003                     	;# 
   210  0004                     	;# 
   211  0005                     	;# 
   212  0006                     	;# 
   213  0007                     	;# 
   214  0008                     	;# 
   215  0009                     	;# 
   216  000A                     	;# 
   217  000B                     	;# 
   218  000C                     	;# 
   219  000D                     	;# 
   220  0011                     	;# 
   221  0012                     	;# 
   222  0013                     	;# 
   223  0014                     	;# 
   224  0015                     	;# 
   225  0016                     	;# 
   226  0016                     	;# 
   227  0017                     	;# 
   228  0018                     	;# 
   229  0019                     	;# 
   230  001A                     	;# 
   231  001B                     	;# 
   232  001C                     	;# 
   233  001E                     	;# 
   234  001F                     	;# 
   235  008C                     	;# 
   236  008D                     	;# 
   237  0091                     	;# 
   238  0092                     	;# 
   239  0093                     	;# 
   240  0094                     	;# 
   241  0095                     	;# 
   242  0096                     	;# 
   243  0097                     	;# 
   244  0098                     	;# 
   245  0099                     	;# 
   246  009A                     	;# 
   247  009B                     	;# 
   248  009B                     	;# 
   249  009C                     	;# 
   250  009D                     	;# 
   251  009E                     	;# 
   252  010C                     	;# 
   253  010D                     	;# 
   254  0111                     	;# 
   255  0112                     	;# 
   256  0113                     	;# 
   257  0114                     	;# 
   258  0115                     	;# 
   259  0116                     	;# 
   260  0117                     	;# 
   261  0118                     	;# 
   262  0119                     	;# 
   263  011A                     	;# 
   264  011B                     	;# 
   265  011D                     	;# 
   266  011E                     	;# 
   267  018C                     	;# 
   268  018D                     	;# 
   269  0191                     	;# 
   270  0191                     	;# 
   271  0192                     	;# 
   272  0193                     	;# 
   273  0193                     	;# 
   274  0193                     	;# 
   275  0194                     	;# 
   276  0195                     	;# 
   277  0196                     	;# 
   278  0199                     	;# 
   279  019A                     	;# 
   280  019B                     	;# 
   281  019B                     	;# 
   282  019B                     	;# 
   283  019B                     	;# 
   284  019C                     	;# 
   285  019C                     	;# 
   286  019D                     	;# 
   287  019E                     	;# 
   288  019F                     	;# 
   289  020C                     	;# 
   290  020D                     	;# 
   291  0211                     	;# 
   292  0211                     	;# 
   293  0212                     	;# 
   294  0212                     	;# 
   295  0213                     	;# 
   296  0213                     	;# 
   297  0214                     	;# 
   298  0214                     	;# 
   299  0215                     	;# 
   300  0215                     	;# 
   301  0215                     	;# 
   302  0216                     	;# 
   303  0216                     	;# 
   304  0217                     	;# 
   305  0217                     	;# 
   306  0219                     	;# 
   307  021A                     	;# 
   308  021B                     	;# 
   309  021C                     	;# 
   310  021D                     	;# 
   311  021E                     	;# 
   312  021F                     	;# 
   313  0291                     	;# 
   314  0291                     	;# 
   315  0292                     	;# 
   316  0293                     	;# 
   317  0294                     	;# 
   318  0295                     	;# 
   319  0295                     	;# 
   320  0296                     	;# 
   321  0298                     	;# 
   322  0298                     	;# 
   323  0299                     	;# 
   324  029A                     	;# 
   325  029B                     	;# 
   326  029C                     	;# 
   327  029C                     	;# 
   328  029D                     	;# 
   329  029E                     	;# 
   330  029E                     	;# 
   331  0311                     	;# 
   332  0311                     	;# 
   333  0312                     	;# 
   334  0313                     	;# 
   335  0318                     	;# 
   336  0318                     	;# 
   337  0319                     	;# 
   338  031A                     	;# 
   339  0394                     	;# 
   340  0395                     	;# 
   341  0396                     	;# 
   342  039A                     	;# 
   343  039C                     	;# 
   344  039D                     	;# 
   345  039E                     	;# 
   346  039F                     	;# 
   347  0415                     	;# 
   348  0416                     	;# 
   349  0417                     	;# 
   350  041C                     	;# 
   351  041D                     	;# 
   352  041E                     	;# 
   353  0FE4                     	;# 
   354  0FE5                     	;# 
   355  0FE6                     	;# 
   356  0FE7                     	;# 
   357  0FE8                     	;# 
   358  0FE9                     	;# 
   359  0FEA                     	;# 
   360  0FEB                     	;# 
   361  0FED                     	;# 
   362  0FEE                     	;# 
   363  0FEF                     	;# 
   364  0000                     	;# 
   365  0001                     	;# 
   366  0002                     	;# 
   367  0003                     	;# 
   368  0004                     	;# 
   369  0005                     	;# 
   370  0006                     	;# 
   371  0007                     	;# 
   372  0008                     	;# 
   373  0009                     	;# 
   374  000A                     	;# 
   375  000B                     	;# 
   376  000C                     	;# 
   377  000D                     	;# 
   378  0011                     	;# 
   379  0012                     	;# 
   380  0013                     	;# 
   381  0014                     	;# 
   382  0015                     	;# 
   383  0016                     	;# 
   384  0016                     	;# 
   385  0017                     	;# 
   386  0018                     	;# 
   387  0019                     	;# 
   388  001A                     	;# 
   389  001B                     	;# 
   390  001C                     	;# 
   391  001E                     	;# 
   392  001F                     	;# 
   393  008C                     	;# 
   394  008D                     	;# 
   395  0091                     	;# 
   396  0092                     	;# 
   397  0093                     	;# 
   398  0094                     	;# 
   399  0095                     	;# 
   400  0096                     	;# 
   401  0097                     	;# 
   402  0098                     	;# 
   403  0099                     	;# 
   404  009A                     	;# 
   405  009B                     	;# 
   406  009B                     	;# 
   407  009C                     	;# 
   408  009D                     	;# 
   409  009E                     	;# 
   410  010C                     	;# 
   411  010D                     	;# 
   412  0111                     	;# 
   413  0112                     	;# 
   414  0113                     	;# 
   415  0114                     	;# 
   416  0115                     	;# 
   417  0116                     	;# 
   418  0117                     	;# 
   419  0118                     	;# 
   420  0119                     	;# 
   421  011A                     	;# 
   422  011B                     	;# 
   423  011D                     	;# 
   424  011E                     	;# 
   425  018C                     	;# 
   426  018D                     	;# 
   427  0191                     	;# 
   428  0191                     	;# 
   429  0192                     	;# 
   430  0193                     	;# 
   431  0193                     	;# 
   432  0193                     	;# 
   433  0194                     	;# 
   434  0195                     	;# 
   435  0196                     	;# 
   436  0199                     	;# 
   437  019A                     	;# 
   438  019B                     	;# 
   439  019B                     	;# 
   440  019B                     	;# 
   441  019B                     	;# 
   442  019C                     	;# 
   443  019C                     	;# 
   444  019D                     	;# 
   445  019E                     	;# 
   446  019F                     	;# 
   447  020C                     	;# 
   448  020D                     	;# 
   449  0211                     	;# 
   450  0211                     	;# 
   451  0212                     	;# 
   452  0212                     	;# 
   453  0213                     	;# 
   454  0213                     	;# 
   455  0214                     	;# 
   456  0214                     	;# 
   457  0215                     	;# 
   458  0215                     	;# 
   459  0215                     	;# 
   460  0216                     	;# 
   461  0216                     	;# 
   462  0217                     	;# 
   463  0217                     	;# 
   464  0219                     	;# 
   465  021A                     	;# 
   466  021B                     	;# 
   467  021C                     	;# 
   468  021D                     	;# 
   469  021E                     	;# 
   470  021F                     	;# 
   471  0291                     	;# 
   472  0291                     	;# 
   473  0292                     	;# 
   474  0293                     	;# 
   475  0294                     	;# 
   476  0295                     	;# 
   477  0295                     	;# 
   478  0296                     	;# 
   479  0298                     	;# 
   480  0298                     	;# 
   481  0299                     	;# 
   482  029A                     	;# 
   483  029B                     	;# 
   484  029C                     	;# 
   485  029C                     	;# 
   486  029D                     	;# 
   487  029E                     	;# 
   488  029E                     	;# 
   489  0311                     	;# 
   490  0311                     	;# 
   491  0312                     	;# 
   492  0313                     	;# 
   493  0318                     	;# 
   494  0318                     	;# 
   495  0319                     	;# 
   496  031A                     	;# 
   497  0394                     	;# 
   498  0395                     	;# 
   499  0396                     	;# 
   500  039A                     	;# 
   501  039C                     	;# 
   502  039D                     	;# 
   503  039E                     	;# 
   504  039F                     	;# 
   505  0415                     	;# 
   506  0416                     	;# 
   507  0417                     	;# 
   508  041C                     	;# 
   509  041D                     	;# 
   510  041E                     	;# 
   511  0FE4                     	;# 
   512  0FE5                     	;# 
   513  0FE6                     	;# 
   514  0FE7                     	;# 
   515  0FE8                     	;# 
   516  0FE9                     	;# 
   517  0FEA                     	;# 
   518  0FEB                     	;# 
   519  0FED                     	;# 
   520  0FEE                     	;# 
   521  0FEF                     	;# 
   522  0000                     	;# 
   523  0001                     	;# 
   524  0002                     	;# 
   525  0003                     	;# 
   526  0004                     	;# 
   527  0005                     	;# 
   528  0006                     	;# 
   529  0007                     	;# 
   530  0008                     	;# 
   531  0009                     	;# 
   532  000A                     	;# 
   533  000B                     	;# 
   534  000C                     	;# 
   535  000D                     	;# 
   536  0011                     	;# 
   537  0012                     	;# 
   538  0013                     	;# 
   539  0014                     	;# 
   540  0015                     	;# 
   541  0016                     	;# 
   542  0016                     	;# 
   543  0017                     	;# 
   544  0018                     	;# 
   545  0019                     	;# 
   546  001A                     	;# 
   547  001B                     	;# 
   548  001C                     	;# 
   549  001E                     	;# 
   550  001F                     	;# 
   551  008C                     	;# 
   552  008D                     	;# 
   553  0091                     	;# 
   554  0092                     	;# 
   555  0093                     	;# 
   556  0094                     	;# 
   557  0095                     	;# 
   558  0096                     	;# 
   559  0097                     	;# 
   560  0098                     	;# 
   561  0099                     	;# 
   562  009A                     	;# 
   563  009B                     	;# 
   564  009B                     	;# 
   565  009C                     	;# 
   566  009D                     	;# 
   567  009E                     	;# 
   568  010C                     	;# 
   569  010D                     	;# 
   570  0111                     	;# 
   571  0112                     	;# 
   572  0113                     	;# 
   573  0114                     	;# 
   574  0115                     	;# 
   575  0116                     	;# 
   576  0117                     	;# 
   577  0118                     	;# 
   578  0119                     	;# 
   579  011A                     	;# 
   580  011B                     	;# 
   581  011D                     	;# 
   582  011E                     	;# 
   583  018C                     	;# 
   584  018D                     	;# 
   585  0191                     	;# 
   586  0191                     	;# 
   587  0192                     	;# 
   588  0193                     	;# 
   589  0193                     	;# 
   590  0193                     	;# 
   591  0194                     	;# 
   592  0195                     	;# 
   593  0196                     	;# 
   594  0199                     	;# 
   595  019A                     	;# 
   596  019B                     	;# 
   597  019B                     	;# 
   598  019B                     	;# 
   599  019B                     	;# 
   600  019C                     	;# 
   601  019C                     	;# 
   602  019D                     	;# 
   603  019E                     	;# 
   604  019F                     	;# 
   605  020C                     	;# 
   606  020D                     	;# 
   607  0211                     	;# 
   608  0211                     	;# 
   609  0212                     	;# 
   610  0212                     	;# 
   611  0213                     	;# 
   612  0213                     	;# 
   613  0214                     	;# 
   614  0214                     	;# 
   615  0215                     	;# 
   616  0215                     	;# 
   617  0215                     	;# 
   618  0216                     	;# 
   619  0216                     	;# 
   620  0217                     	;# 
   621  0217                     	;# 
   622  0219                     	;# 
   623  021A                     	;# 
   624  021B                     	;# 
   625  021C                     	;# 
   626  021D                     	;# 
   627  021E                     	;# 
   628  021F                     	;# 
   629  0291                     	;# 
   630  0291                     	;# 
   631  0292                     	;# 
   632  0293                     	;# 
   633  0294                     	;# 
   634  0295                     	;# 
   635  0295                     	;# 
   636  0296                     	;# 
   637  0298                     	;# 
   638  0298                     	;# 
   639  0299                     	;# 
   640  029A                     	;# 
   641  029B                     	;# 
   642  029C                     	;# 
   643  029C                     	;# 
   644  029D                     	;# 
   645  029E                     	;# 
   646  029E                     	;# 
   647  0311                     	;# 
   648  0311                     	;# 
   649  0312                     	;# 
   650  0313                     	;# 
   651  0318                     	;# 
   652  0318                     	;# 
   653  0319                     	;# 
   654  031A                     	;# 
   655  0394                     	;# 
   656  0395                     	;# 
   657  0396                     	;# 
   658  039A                     	;# 
   659  039C                     	;# 
   660  039D                     	;# 
   661  039E                     	;# 
   662  039F                     	;# 
   663  0415                     	;# 
   664  0416                     	;# 
   665  0417                     	;# 
   666  041C                     	;# 
   667  041D                     	;# 
   668  041E                     	;# 
   669  0FE4                     	;# 
   670  0FE5                     	;# 
   671  0FE6                     	;# 
   672  0FE7                     	;# 
   673  0FE8                     	;# 
   674  0FE9                     	;# 
   675  0FEA                     	;# 
   676  0FEB                     	;# 
   677  0FED                     	;# 
   678  0FEE                     	;# 
   679  0FEF                     	;# 
   680  000D                     _PORTB	set	13
   681  000C                     _PORTAbits	set	12
   682  0097                     _WDTCON	set	151
   683  0098                     _OSCTUNE	set	152
   684  0099                     _OSCCON	set	153
   685  0095                     _OPTION_REGbits	set	149
   686  008D                     _TRISB	set	141
   687  008C                     _TRISA	set	140
   688  0116                     _BORCON	set	278
   689  011E                     _APFCON1	set	286
   690  011D                     _APFCON0	set	285
   691  010D                     _LATB	set	269
   692  010C                     _LATA	set	268
   693  018C                     _ANSELA	set	396
   694  018D                     _ANSELB	set	397
   695  020C                     _WPUA	set	524
   696  020D                     _WPUB	set	525
   697                           
   698                           	psect	cinit
   699  07FD                     start_initialization:	
   700                           ; #config settings
   701                           
   702  07FD                     __initialization:
   703  07FD                     end_of_initialization:	
   704                           ;End of C runtime variable initialization code
   705                           
   706  07FD                     __end_of__initialization:
   707  07FD  0020               	movlb	0
   708  07FE  3186  2E50         	ljmp	_main	;jump to C main() function
   709                           
   710                           	psect	cstackCOMMON
   711  0070                     __pcstackCOMMON:
   712  0070                     ?_OSCILLATOR_Initialize:
   713  0070                     ??_OSCILLATOR_Initialize:	
   714                           ; 1 bytes @ 0x0
   715                           
   716  0070                     ?_WDT_Initialize:	
   717                           ; 1 bytes @ 0x0
   718                           
   719  0070                     ??_WDT_Initialize:	
   720                           ; 1 bytes @ 0x0
   721                           
   722  0070                     ?_PIN_MANAGER_Initialize:	
   723                           ; 1 bytes @ 0x0
   724                           
   725  0070                     ??_PIN_MANAGER_Initialize:	
   726                           ; 1 bytes @ 0x0
   727                           
   728  0070                     ?_SYSTEM_Initialize:	
   729                           ; 1 bytes @ 0x0
   730                           
   731  0070                     ??_SYSTEM_Initialize:	
   732                           ; 1 bytes @ 0x0
   733                           
   734  0070                     ?_main:	
   735                           ; 1 bytes @ 0x0
   736                           
   737  0070                     ??_main:	
   738                           ; 1 bytes @ 0x0
   739                           
   740                           
   741                           ; 1 bytes @ 0x0
   742  0070                     	ds	1
   743  0071                     main@i:
   744                           
   745                           ; 2 bytes @ 0x1
   746  0071                     	ds	2
   747                           
   748                           	psect	maintext
   749  0650                     __pmaintext:	
   750 ;;
   751 ;;Main: autosize = 0, tempsize = 1, incstack = 0, save=0
   752 ;;
   753 ;; *************** function _main *****************
   754 ;; Defined at:
   755 ;;		line 15 in file "main.c"
   756 ;; Parameters:    Size  Location     Type
   757 ;;		None
   758 ;; Auto vars:     Size  Location     Type
   759 ;;  i               2    1[COMMON] int 
   760 ;; Return value:  Size  Location     Type
   761 ;;                  1    wreg      void 
   762 ;; Registers used:
   763 ;;		wreg, fsr0l, fsr0h, status,2, status,0, pclath, cstack
   764 ;; Tracked objects:
   765 ;;		On entry : B1F/0
   766 ;;		On exit  : 0/0
   767 ;;		Unchanged: 0/0
   768 ;; Data sizes:     COMMON   BANK0   BANK1   BANK2   BANK3   BANK4
   769 ;;      Params:         0       0       0       0       0       0
   770 ;;      Locals:         2       0       0       0       0       0
   771 ;;      Temps:          1       0       0       0       0       0
   772 ;;      Totals:         3       0       0       0       0       0
   773 ;;Total ram usage:        3 bytes
   774 ;; Hardware stack levels required when called:    2
   775 ;; This function calls:
   776 ;;		_SYSTEM_Initialize
   777 ;; This function is called by:
   778 ;;		Startup code after reset
   779 ;; This function uses a non-reentrant model
   780 ;;
   781                           
   782                           
   783                           ;psect for function _main
   784  0650                     _main:
   785  0650                     l739:	
   786                           ;incstack = 0
   787                           ; Regs used in _main: [wreg-fsr0h+status,2+status,0+pclath+cstack]
   788                           
   789                           
   790                           ;main.c: 17:     int i;;main.c: 18:     SYSTEM_Initialize();
   791  0650  3186  2631  3186   	fcall	_SYSTEM_Initialize
   792  0653                     l741:
   793                           
   794                           ;main.c: 22:             i=i++;
   795  0653  0020               	movlb	0	; select bank0
   796  0654  1D0C               	btfss	12,2	;volatile
   797  0655  2E57               	goto	u11
   798  0656  2E58               	goto	u10
   799  0657                     u11:
   800  0657  2F27               	goto	l65
   801  0658                     u10:
   802  0658                     l743:
   803  0658  3001               	movlw	1
   804  0659  07F1               	addwf	main@i,f
   805  065A  3000               	movlw	0
   806  065B  3DF2               	addwfc	main@i+1,f
   807                           
   808                           ;main.c: 23:                 switch(i){
   809  065C  2EF3               	goto	l777
   810  065D                     l745:
   811                           
   812                           ;main.c: 25:                         PORTB = 0b000000001;
   813  065D  3001               	movlw	1
   814  065E  008D               	movwf	13	;volatile
   815                           
   816                           ;main.c: 26:                         _delay((unsigned long)((100)*(4000000/4000.0)));
   817  065F  3082               	movlw	130
   818  0660  00F0               	movwf	??_main
   819  0661  30DE               	movlw	222
   820  0662                     u37:
   821  0662  0B89               	decfsz	9,f
   822  0663  2E62               	goto	u37
   823  0664  0BF0               	decfsz	??_main,f
   824  0665  2E62               	goto	u37
   825                           
   826                           ;main.c: 27:                         break;
   827  0666  2F27               	goto	l65
   828  0667                     l747:
   829                           
   830                           ;main.c: 29:                         PORTB = 0b00000010;
   831  0667  3002               	movlw	2
   832  0668  008D               	movwf	13	;volatile
   833                           
   834                           ;main.c: 30:                         _delay((unsigned long)((100)*(4000000/4000.0)));
   835  0669  3082               	movlw	130
   836  066A  00F0               	movwf	??_main
   837  066B  30DE               	movlw	222
   838  066C                     u47:
   839  066C  0B89               	decfsz	9,f
   840  066D  2E6C               	goto	u47
   841  066E  0BF0               	decfsz	??_main,f
   842  066F  2E6C               	goto	u47
   843                           
   844                           ;main.c: 31:                         break;
   845  0670  2F27               	goto	l65
   846  0671                     l749:
   847                           
   848                           ;main.c: 33:                         PORTB = 0b00000011;
   849  0671  3003               	movlw	3
   850  0672  008D               	movwf	13	;volatile
   851                           
   852                           ;main.c: 34:                         _delay((unsigned long)((100)*(4000000/4000.0)));
   853  0673  3082               	movlw	130
   854  0674  00F0               	movwf	??_main
   855  0675  30DE               	movlw	222
   856  0676                     u57:
   857  0676  0B89               	decfsz	9,f
   858  0677  2E76               	goto	u57
   859  0678  0BF0               	decfsz	??_main,f
   860  0679  2E76               	goto	u57
   861                           
   862                           ;main.c: 35:                         break;
   863  067A  2F27               	goto	l65
   864  067B                     l751:
   865                           
   866                           ;main.c: 37:                         PORTB = 0b00000100;
   867  067B  3004               	movlw	4
   868  067C  008D               	movwf	13	;volatile
   869                           
   870                           ;main.c: 38:                         _delay((unsigned long)((100)*(4000000/4000.0)));
   871  067D  3082               	movlw	130
   872  067E  00F0               	movwf	??_main
   873  067F  30DE               	movlw	222
   874  0680                     u67:
   875  0680  0B89               	decfsz	9,f
   876  0681  2E80               	goto	u67
   877  0682  0BF0               	decfsz	??_main,f
   878  0683  2E80               	goto	u67
   879                           
   880                           ;main.c: 39:                         break;
   881  0684  2F27               	goto	l65
   882  0685                     l753:
   883                           
   884                           ;main.c: 41:                         PORTB = 0b00000101;
   885  0685  3005               	movlw	5
   886  0686  008D               	movwf	13	;volatile
   887                           
   888                           ;main.c: 42:                         _delay((unsigned long)((100)*(4000000/4000.0)));
   889  0687  3082               	movlw	130
   890  0688  00F0               	movwf	??_main
   891  0689  30DE               	movlw	222
   892  068A                     u77:
   893  068A  0B89               	decfsz	9,f
   894  068B  2E8A               	goto	u77
   895  068C  0BF0               	decfsz	??_main,f
   896  068D  2E8A               	goto	u77
   897                           
   898                           ;main.c: 43:                         break;
   899  068E  2F27               	goto	l65
   900  068F                     l755:
   901                           
   902                           ;main.c: 45:                         PORTB = 0b00000110;
   903  068F  3006               	movlw	6
   904  0690  008D               	movwf	13	;volatile
   905                           
   906                           ;main.c: 46:                         _delay((unsigned long)((100)*(4000000/4000.0)));
   907  0691  3082               	movlw	130
   908  0692  00F0               	movwf	??_main
   909  0693  30DE               	movlw	222
   910  0694                     u87:
   911  0694  0B89               	decfsz	9,f
   912  0695  2E94               	goto	u87
   913  0696  0BF0               	decfsz	??_main,f
   914  0697  2E94               	goto	u87
   915                           
   916                           ;main.c: 47:                         break;
   917  0698  2F27               	goto	l65
   918  0699                     l757:
   919                           
   920                           ;main.c: 49:                         PORTB = 0b00000111;
   921  0699  3007               	movlw	7
   922  069A  008D               	movwf	13	;volatile
   923                           
   924                           ;main.c: 50:                         _delay((unsigned long)((100)*(4000000/4000.0)));
   925  069B  3082               	movlw	130
   926  069C  00F0               	movwf	??_main
   927  069D  30DE               	movlw	222
   928  069E                     u97:
   929  069E  0B89               	decfsz	9,f
   930  069F  2E9E               	goto	u97
   931  06A0  0BF0               	decfsz	??_main,f
   932  06A1  2E9E               	goto	u97
   933                           
   934                           ;main.c: 51:                         break;
   935  06A2  2F27               	goto	l65
   936  06A3                     l759:
   937                           
   938                           ;main.c: 53:                         PORTB = 0b00001000;
   939  06A3  3008               	movlw	8
   940  06A4  008D               	movwf	13	;volatile
   941                           
   942                           ;main.c: 54:                         _delay((unsigned long)((100)*(4000000/4000.0)));
   943  06A5  3082               	movlw	130
   944  06A6  00F0               	movwf	??_main
   945  06A7  30DE               	movlw	222
   946  06A8                     u107:
   947  06A8  0B89               	decfsz	9,f
   948  06A9  2EA8               	goto	u107
   949  06AA  0BF0               	decfsz	??_main,f
   950  06AB  2EA8               	goto	u107
   951                           
   952                           ;main.c: 55:                         break;
   953  06AC  2F27               	goto	l65
   954  06AD                     l761:
   955                           
   956                           ;main.c: 57:                         PORTB = 0b00001001;
   957  06AD  3009               	movlw	9
   958  06AE  008D               	movwf	13	;volatile
   959                           
   960                           ;main.c: 58:                         _delay((unsigned long)((100)*(4000000/4000.0)));
   961  06AF  3082               	movlw	130
   962  06B0  00F0               	movwf	??_main
   963  06B1  30DE               	movlw	222
   964  06B2                     u117:
   965  06B2  0B89               	decfsz	9,f
   966  06B3  2EB2               	goto	u117
   967  06B4  0BF0               	decfsz	??_main,f
   968  06B5  2EB2               	goto	u117
   969                           
   970                           ;main.c: 59:                         break;
   971  06B6  2F27               	goto	l65
   972  06B7                     l763:
   973                           
   974                           ;main.c: 61:                         PORTB = 0b00001010;
   975  06B7  300A               	movlw	10
   976  06B8  008D               	movwf	13	;volatile
   977                           
   978                           ;main.c: 62:                         _delay((unsigned long)((100)*(4000000/4000.0)));
   979  06B9  3082               	movlw	130
   980  06BA  00F0               	movwf	??_main
   981  06BB  30DE               	movlw	222
   982  06BC                     u127:
   983  06BC  0B89               	decfsz	9,f
   984  06BD  2EBC               	goto	u127
   985  06BE  0BF0               	decfsz	??_main,f
   986  06BF  2EBC               	goto	u127
   987                           
   988                           ;main.c: 63:                         break;
   989  06C0  2F27               	goto	l65
   990  06C1                     l765:
   991                           
   992                           ;main.c: 65:                         PORTB = 0b00001011;
   993  06C1  300B               	movlw	11
   994  06C2  008D               	movwf	13	;volatile
   995                           
   996                           ;main.c: 66:                         _delay((unsigned long)((100)*(4000000/4000.0)));
   997  06C3  3082               	movlw	130
   998  06C4  00F0               	movwf	??_main
   999  06C5  30DE               	movlw	222
  1000  06C6                     u137:
  1001  06C6  0B89               	decfsz	9,f
  1002  06C7  2EC6               	goto	u137
  1003  06C8  0BF0               	decfsz	??_main,f
  1004  06C9  2EC6               	goto	u137
  1005                           
  1006                           ;main.c: 67:                         break;
  1007  06CA  2F27               	goto	l65
  1008  06CB                     l767:
  1009                           
  1010                           ;main.c: 69:                         PORTB = 0b00001100;
  1011  06CB  300C               	movlw	12
  1012  06CC  008D               	movwf	13	;volatile
  1013                           
  1014                           ;main.c: 70:                         _delay((unsigned long)((100)*(4000000/4000.0)));
  1015  06CD  3082               	movlw	130
  1016  06CE  00F0               	movwf	??_main
  1017  06CF  30DE               	movlw	222
  1018  06D0                     u147:
  1019  06D0  0B89               	decfsz	9,f
  1020  06D1  2ED0               	goto	u147
  1021  06D2  0BF0               	decfsz	??_main,f
  1022  06D3  2ED0               	goto	u147
  1023                           
  1024                           ;main.c: 71:                         break;
  1025  06D4  2F27               	goto	l65
  1026  06D5                     l769:
  1027                           
  1028                           ;main.c: 73:                         PORTB = 0b00001101;
  1029  06D5  300D               	movlw	13
  1030  06D6  008D               	movwf	13	;volatile
  1031                           
  1032                           ;main.c: 74:                         _delay((unsigned long)((100)*(4000000/4000.0)));
  1033  06D7  3082               	movlw	130
  1034  06D8  00F0               	movwf	??_main
  1035  06D9  30DE               	movlw	222
  1036  06DA                     u157:
  1037  06DA  0B89               	decfsz	9,f
  1038  06DB  2EDA               	goto	u157
  1039  06DC  0BF0               	decfsz	??_main,f
  1040  06DD  2EDA               	goto	u157
  1041                           
  1042                           ;main.c: 75:                         break;
  1043  06DE  2F27               	goto	l65
  1044  06DF                     l771:
  1045                           
  1046                           ;main.c: 77:                         PORTB = 0b00001110;
  1047  06DF  300E               	movlw	14
  1048  06E0  008D               	movwf	13	;volatile
  1049                           
  1050                           ;main.c: 78:                         _delay((unsigned long)((100)*(4000000/4000.0)));
  1051  06E1  3082               	movlw	130
  1052  06E2  00F0               	movwf	??_main
  1053  06E3  30DE               	movlw	222
  1054  06E4                     u167:
  1055  06E4  0B89               	decfsz	9,f
  1056  06E5  2EE4               	goto	u167
  1057  06E6  0BF0               	decfsz	??_main,f
  1058  06E7  2EE4               	goto	u167
  1059                           
  1060                           ;main.c: 79:                         break;
  1061  06E8  2F27               	goto	l65
  1062  06E9                     l773:
  1063                           
  1064                           ;main.c: 81:                         PORTB = 0b00001111;
  1065  06E9  300F               	movlw	15
  1066  06EA  008D               	movwf	13	;volatile
  1067                           
  1068                           ;main.c: 82:                         _delay((unsigned long)((100)*(4000000/4000.0)));
  1069  06EB  3082               	movlw	130
  1070  06EC  00F0               	movwf	??_main
  1071  06ED  30DE               	movlw	222
  1072  06EE                     u177:
  1073  06EE  0B89               	decfsz	9,f
  1074  06EF  2EEE               	goto	u177
  1075  06F0  0BF0               	decfsz	??_main,f
  1076  06F1  2EEE               	goto	u177
  1077                           
  1078                           ;main.c: 83:                         break;
  1079  06F2  2F27               	goto	l65
  1080  06F3                     l777:
  1081                           
  1082                           ; Switch on 2 bytes has been partitioned into a top level switch of size 1, and 1 sub-sw
      +                          itches
  1083                           ; Switch size 1, requested type "simple"
  1084                           ; Number of cases is 1, Range of values is 0 to 0
  1085                           ; switch strategies available:
  1086                           ; Name         Instructions Cycles
  1087                           ; simple_byte            4     3 (average)
  1088                           ; direct_byte            8     6 (fixed)
  1089                           ; jumptable            260     6 (fixed)
  1090                           ;	Chosen strategy is simple_byte
  1091  06F3  0872               	movf	main@i+1,w
  1092  06F4  3A00               	xorlw	0	; case 0
  1093  06F5  1903               	skipnz
  1094  06F6  2EF8               	goto	l863
  1095  06F7  2F27               	goto	l65
  1096  06F8                     l863:
  1097                           
  1098                           ; Switch size 1, requested type "simple"
  1099                           ; Number of cases is 15, Range of values is 1 to 15
  1100                           ; switch strategies available:
  1101                           ; Name         Instructions Cycles
  1102                           ; direct_byte           39     9 (fixed)
  1103                           ; simple_byte           46    24 (average)
  1104                           ; jumptable            263     9 (fixed)
  1105                           ;	Chosen strategy is simple_byte
  1106  06F8  0871               	movf	main@i,w
  1107  06F9  3A01               	xorlw	1	; case 1
  1108  06FA  1903               	skipnz
  1109  06FB  2E5D               	goto	l745
  1110  06FC  3A03               	xorlw	3	; case 2
  1111  06FD  1903               	skipnz
  1112  06FE  2E67               	goto	l747
  1113  06FF  3A01               	xorlw	1	; case 3
  1114  0700  1903               	skipnz
  1115  0701  2E71               	goto	l749
  1116  0702  3A07               	xorlw	7	; case 4
  1117  0703  1903               	skipnz
  1118  0704  2E7B               	goto	l751
  1119  0705  3A01               	xorlw	1	; case 5
  1120  0706  1903               	skipnz
  1121  0707  2E85               	goto	l753
  1122  0708  3A03               	xorlw	3	; case 6
  1123  0709  1903               	skipnz
  1124  070A  2E8F               	goto	l755
  1125  070B  3A01               	xorlw	1	; case 7
  1126  070C  1903               	skipnz
  1127  070D  2E99               	goto	l757
  1128  070E  3A0F               	xorlw	15	; case 8
  1129  070F  1903               	skipnz
  1130  0710  2EA3               	goto	l759
  1131  0711  3A01               	xorlw	1	; case 9
  1132  0712  1903               	skipnz
  1133  0713  2EAD               	goto	l761
  1134  0714  3A03               	xorlw	3	; case 10
  1135  0715  1903               	skipnz
  1136  0716  2EB7               	goto	l763
  1137  0717  3A01               	xorlw	1	; case 11
  1138  0718  1903               	skipnz
  1139  0719  2EC1               	goto	l765
  1140  071A  3A07               	xorlw	7	; case 12
  1141  071B  1903               	skipnz
  1142  071C  2ECB               	goto	l767
  1143  071D  3A01               	xorlw	1	; case 13
  1144  071E  1903               	skipnz
  1145  071F  2ED5               	goto	l769
  1146  0720  3A03               	xorlw	3	; case 14
  1147  0721  1903               	skipnz
  1148  0722  2EDF               	goto	l771
  1149  0723  3A01               	xorlw	1	; case 15
  1150  0724  1903               	skipnz
  1151  0725  2EE9               	goto	l773
  1152  0726  2F27               	goto	l65
  1153  0727                     l65:	
  1154                           ;main.c: 86:             }
  1155                           
  1156                           
  1157                           ;main.c: 91:             i=i--;
  1158  0727  0020               	movlb	0	; select bank0
  1159  0728  1D8C               	btfss	12,3	;volatile
  1160  0729  2F2B               	goto	u21
  1161  072A  2F2C               	goto	u20
  1162  072B                     u21:
  1163  072B  2E53               	goto	l741
  1164  072C                     u20:
  1165  072C                     l779:
  1166  072C  30FF               	movlw	255
  1167  072D  07F1               	addwf	main@i,f
  1168  072E  30FF               	movlw	255
  1169  072F  3DF2               	addwfc	main@i+1,f
  1170                           
  1171                           ;main.c: 92:             switch(i){
  1172  0730  2FC7               	goto	l813
  1173  0731                     l781:
  1174                           
  1175                           ;main.c: 94:                         PORTB = 0b000000001;
  1176  0731  3001               	movlw	1
  1177  0732  008D               	movwf	13	;volatile
  1178                           
  1179                           ;main.c: 95:                         _delay((unsigned long)((100)*(4000000/4000.0)));
  1180  0733  3082               	movlw	130
  1181  0734  00F0               	movwf	??_main
  1182  0735  30DE               	movlw	222
  1183  0736                     u187:
  1184  0736  0B89               	decfsz	9,f
  1185  0737  2F36               	goto	u187
  1186  0738  0BF0               	decfsz	??_main,f
  1187  0739  2F36               	goto	u187
  1188                           
  1189                           ;main.c: 96:                         break;
  1190  073A  2E53               	goto	l741
  1191  073B                     l783:
  1192                           
  1193                           ;main.c: 98:                         PORTB = 0b00000010;
  1194  073B  3002               	movlw	2
  1195  073C  008D               	movwf	13	;volatile
  1196                           
  1197                           ;main.c: 99:                         _delay((unsigned long)((100)*(4000000/4000.0)));
  1198  073D  3082               	movlw	130
  1199  073E  00F0               	movwf	??_main
  1200  073F  30DE               	movlw	222
  1201  0740                     u197:
  1202  0740  0B89               	decfsz	9,f
  1203  0741  2F40               	goto	u197
  1204  0742  0BF0               	decfsz	??_main,f
  1205  0743  2F40               	goto	u197
  1206                           
  1207                           ;main.c: 100:                         break;
  1208  0744  2E53               	goto	l741
  1209  0745                     l785:
  1210                           
  1211                           ;main.c: 102:                         PORTB = 0b00000011;
  1212  0745  3003               	movlw	3
  1213  0746  008D               	movwf	13	;volatile
  1214                           
  1215                           ;main.c: 103:                         _delay((unsigned long)((100)*(4000000/4000.0)));
  1216  0747  3082               	movlw	130
  1217  0748  00F0               	movwf	??_main
  1218  0749  30DE               	movlw	222
  1219  074A                     u207:
  1220  074A  0B89               	decfsz	9,f
  1221  074B  2F4A               	goto	u207
  1222  074C  0BF0               	decfsz	??_main,f
  1223  074D  2F4A               	goto	u207
  1224                           
  1225                           ;main.c: 104:                         break;
  1226  074E  2E53               	goto	l741
  1227  074F                     l787:
  1228                           
  1229                           ;main.c: 106:                         PORTB = 0b00000100;
  1230  074F  3004               	movlw	4
  1231  0750  008D               	movwf	13	;volatile
  1232                           
  1233                           ;main.c: 107:                         _delay((unsigned long)((100)*(4000000/4000.0)));
  1234  0751  3082               	movlw	130
  1235  0752  00F0               	movwf	??_main
  1236  0753  30DE               	movlw	222
  1237  0754                     u217:
  1238  0754  0B89               	decfsz	9,f
  1239  0755  2F54               	goto	u217
  1240  0756  0BF0               	decfsz	??_main,f
  1241  0757  2F54               	goto	u217
  1242                           
  1243                           ;main.c: 108:                         break;
  1244  0758  2E53               	goto	l741
  1245  0759                     l789:
  1246                           
  1247                           ;main.c: 110:                         PORTB = 0b00000101;
  1248  0759  3005               	movlw	5
  1249  075A  008D               	movwf	13	;volatile
  1250                           
  1251                           ;main.c: 111:                         _delay((unsigned long)((100)*(4000000/4000.0)));
  1252  075B  3082               	movlw	130
  1253  075C  00F0               	movwf	??_main
  1254  075D  30DE               	movlw	222
  1255  075E                     u227:
  1256  075E  0B89               	decfsz	9,f
  1257  075F  2F5E               	goto	u227
  1258  0760  0BF0               	decfsz	??_main,f
  1259  0761  2F5E               	goto	u227
  1260                           
  1261                           ;main.c: 112:                         break;
  1262  0762  2E53               	goto	l741
  1263  0763                     l791:
  1264                           
  1265                           ;main.c: 114:                         PORTB = 0b00000110;
  1266  0763  3006               	movlw	6
  1267  0764  008D               	movwf	13	;volatile
  1268                           
  1269                           ;main.c: 115:                         _delay((unsigned long)((100)*(4000000/4000.0)));
  1270  0765  3082               	movlw	130
  1271  0766  00F0               	movwf	??_main
  1272  0767  30DE               	movlw	222
  1273  0768                     u237:
  1274  0768  0B89               	decfsz	9,f
  1275  0769  2F68               	goto	u237
  1276  076A  0BF0               	decfsz	??_main,f
  1277  076B  2F68               	goto	u237
  1278                           
  1279                           ;main.c: 116:                         break;
  1280  076C  2E53               	goto	l741
  1281  076D                     l793:
  1282                           
  1283                           ;main.c: 118:                         PORTB = 0b00000111;
  1284  076D  3007               	movlw	7
  1285  076E  008D               	movwf	13	;volatile
  1286                           
  1287                           ;main.c: 119:                         _delay((unsigned long)((100)*(4000000/4000.0)));
  1288  076F  3082               	movlw	130
  1289  0770  00F0               	movwf	??_main
  1290  0771  30DE               	movlw	222
  1291  0772                     u247:
  1292  0772  0B89               	decfsz	9,f
  1293  0773  2F72               	goto	u247
  1294  0774  0BF0               	decfsz	??_main,f
  1295  0775  2F72               	goto	u247
  1296                           
  1297                           ;main.c: 120:                         break;
  1298  0776  2E53               	goto	l741
  1299  0777                     l795:
  1300                           
  1301                           ;main.c: 122:                         PORTB = 0b00001000;
  1302  0777  3008               	movlw	8
  1303  0778  008D               	movwf	13	;volatile
  1304                           
  1305                           ;main.c: 123:                         _delay((unsigned long)((100)*(4000000/4000.0)));
  1306  0779  3082               	movlw	130
  1307  077A  00F0               	movwf	??_main
  1308  077B  30DE               	movlw	222
  1309  077C                     u257:
  1310  077C  0B89               	decfsz	9,f
  1311  077D  2F7C               	goto	u257
  1312  077E  0BF0               	decfsz	??_main,f
  1313  077F  2F7C               	goto	u257
  1314                           
  1315                           ;main.c: 124:                         break;
  1316  0780  2E53               	goto	l741
  1317  0781                     l797:
  1318                           
  1319                           ;main.c: 126:                         PORTB = 0b00001001;
  1320  0781  3009               	movlw	9
  1321  0782  008D               	movwf	13	;volatile
  1322                           
  1323                           ;main.c: 127:                         _delay((unsigned long)((100)*(4000000/4000.0)));
  1324  0783  3082               	movlw	130
  1325  0784  00F0               	movwf	??_main
  1326  0785  30DE               	movlw	222
  1327  0786                     u267:
  1328  0786  0B89               	decfsz	9,f
  1329  0787  2F86               	goto	u267
  1330  0788  0BF0               	decfsz	??_main,f
  1331  0789  2F86               	goto	u267
  1332                           
  1333                           ;main.c: 128:                         break;
  1334  078A  2E53               	goto	l741
  1335  078B                     l799:
  1336                           
  1337                           ;main.c: 130:                         PORTB = 0b00001010;
  1338  078B  300A               	movlw	10
  1339  078C  008D               	movwf	13	;volatile
  1340                           
  1341                           ;main.c: 131:                         _delay((unsigned long)((100)*(4000000/4000.0)));
  1342  078D  3082               	movlw	130
  1343  078E  00F0               	movwf	??_main
  1344  078F  30DE               	movlw	222
  1345  0790                     u277:
  1346  0790  0B89               	decfsz	9,f
  1347  0791  2F90               	goto	u277
  1348  0792  0BF0               	decfsz	??_main,f
  1349  0793  2F90               	goto	u277
  1350                           
  1351                           ;main.c: 132:                         break;
  1352  0794  2E53               	goto	l741
  1353  0795                     l801:
  1354                           
  1355                           ;main.c: 134:                         PORTB = 0b00001011;
  1356  0795  300B               	movlw	11
  1357  0796  008D               	movwf	13	;volatile
  1358                           
  1359                           ;main.c: 135:                         _delay((unsigned long)((100)*(4000000/4000.0)));
  1360  0797  3082               	movlw	130
  1361  0798  00F0               	movwf	??_main
  1362  0799  30DE               	movlw	222
  1363  079A                     u287:
  1364  079A  0B89               	decfsz	9,f
  1365  079B  2F9A               	goto	u287
  1366  079C  0BF0               	decfsz	??_main,f
  1367  079D  2F9A               	goto	u287
  1368                           
  1369                           ;main.c: 136:                         break;
  1370  079E  2E53               	goto	l741
  1371  079F                     l803:
  1372                           
  1373                           ;main.c: 138:                         PORTB = 0b00001100;
  1374  079F  300C               	movlw	12
  1375  07A0  008D               	movwf	13	;volatile
  1376                           
  1377                           ;main.c: 139:                         _delay((unsigned long)((100)*(4000000/4000.0)));
  1378  07A1  3082               	movlw	130
  1379  07A2  00F0               	movwf	??_main
  1380  07A3  30DE               	movlw	222
  1381  07A4                     u297:
  1382  07A4  0B89               	decfsz	9,f
  1383  07A5  2FA4               	goto	u297
  1384  07A6  0BF0               	decfsz	??_main,f
  1385  07A7  2FA4               	goto	u297
  1386                           
  1387                           ;main.c: 140:                         break;
  1388  07A8  2E53               	goto	l741
  1389  07A9                     l805:
  1390                           
  1391                           ;main.c: 142:                         PORTB = 0b00001101;
  1392  07A9  300D               	movlw	13
  1393  07AA  008D               	movwf	13	;volatile
  1394                           
  1395                           ;main.c: 143:                         _delay((unsigned long)((100)*(4000000/4000.0)));
  1396  07AB  3082               	movlw	130
  1397  07AC  00F0               	movwf	??_main
  1398  07AD  30DE               	movlw	222
  1399  07AE                     u307:
  1400  07AE  0B89               	decfsz	9,f
  1401  07AF  2FAE               	goto	u307
  1402  07B0  0BF0               	decfsz	??_main,f
  1403  07B1  2FAE               	goto	u307
  1404                           
  1405                           ;main.c: 144:                         break;
  1406  07B2  2E53               	goto	l741
  1407  07B3                     l807:
  1408                           
  1409                           ;main.c: 146:                         PORTB = 0b00001110;
  1410  07B3  300E               	movlw	14
  1411  07B4  008D               	movwf	13	;volatile
  1412                           
  1413                           ;main.c: 147:                         _delay((unsigned long)((100)*(4000000/4000.0)));
  1414  07B5  3082               	movlw	130
  1415  07B6  00F0               	movwf	??_main
  1416  07B7  30DE               	movlw	222
  1417  07B8                     u317:
  1418  07B8  0B89               	decfsz	9,f
  1419  07B9  2FB8               	goto	u317
  1420  07BA  0BF0               	decfsz	??_main,f
  1421  07BB  2FB8               	goto	u317
  1422                           
  1423                           ;main.c: 148:                         break;
  1424  07BC  2E53               	goto	l741
  1425  07BD                     l809:
  1426                           
  1427                           ;main.c: 150:                         PORTB = 0b00001111;
  1428  07BD  300F               	movlw	15
  1429  07BE  008D               	movwf	13	;volatile
  1430                           
  1431                           ;main.c: 151:                         _delay((unsigned long)((100)*(4000000/4000.0)));
  1432  07BF  3082               	movlw	130
  1433  07C0  00F0               	movwf	??_main
  1434  07C1  30DE               	movlw	222
  1435  07C2                     u327:
  1436  07C2  0B89               	decfsz	9,f
  1437  07C3  2FC2               	goto	u327
  1438  07C4  0BF0               	decfsz	??_main,f
  1439  07C5  2FC2               	goto	u327
  1440                           
  1441                           ;main.c: 152:                         break;
  1442  07C6  2E53               	goto	l741
  1443  07C7                     l813:
  1444                           
  1445                           ; Switch on 2 bytes has been partitioned into a top level switch of size 1, and 1 sub-sw
      +                          itches
  1446                           ; Switch size 1, requested type "simple"
  1447                           ; Number of cases is 1, Range of values is 0 to 0
  1448                           ; switch strategies available:
  1449                           ; Name         Instructions Cycles
  1450                           ; simple_byte            4     3 (average)
  1451                           ; direct_byte            8     6 (fixed)
  1452                           ; jumptable            260     6 (fixed)
  1453                           ;	Chosen strategy is simple_byte
  1454  07C7  0872               	movf	main@i+1,w
  1455  07C8  3A00               	xorlw	0	; case 0
  1456  07C9  1903               	skipnz
  1457  07CA  2FCC               	goto	l865
  1458  07CB  2E53               	goto	l741
  1459  07CC                     l865:
  1460                           
  1461                           ; Switch size 1, requested type "simple"
  1462                           ; Number of cases is 15, Range of values is 1 to 15
  1463                           ; switch strategies available:
  1464                           ; Name         Instructions Cycles
  1465                           ; direct_byte           39     9 (fixed)
  1466                           ; simple_byte           46    24 (average)
  1467                           ; jumptable            263     9 (fixed)
  1468                           ;	Chosen strategy is simple_byte
  1469  07CC  0871               	movf	main@i,w
  1470  07CD  3A01               	xorlw	1	; case 1
  1471  07CE  1903               	skipnz
  1472  07CF  2F31               	goto	l781
  1473  07D0  3A03               	xorlw	3	; case 2
  1474  07D1  1903               	skipnz
  1475  07D2  2F3B               	goto	l783
  1476  07D3  3A01               	xorlw	1	; case 3
  1477  07D4  1903               	skipnz
  1478  07D5  2F45               	goto	l785
  1479  07D6  3A07               	xorlw	7	; case 4
  1480  07D7  1903               	skipnz
  1481  07D8  2F4F               	goto	l787
  1482  07D9  3A01               	xorlw	1	; case 5
  1483  07DA  1903               	skipnz
  1484  07DB  2F59               	goto	l789
  1485  07DC  3A03               	xorlw	3	; case 6
  1486  07DD  1903               	skipnz
  1487  07DE  2F63               	goto	l791
  1488  07DF  3A01               	xorlw	1	; case 7
  1489  07E0  1903               	skipnz
  1490  07E1  2F6D               	goto	l793
  1491  07E2  3A0F               	xorlw	15	; case 8
  1492  07E3  1903               	skipnz
  1493  07E4  2F77               	goto	l795
  1494  07E5  3A01               	xorlw	1	; case 9
  1495  07E6  1903               	skipnz
  1496  07E7  2F81               	goto	l797
  1497  07E8  3A03               	xorlw	3	; case 10
  1498  07E9  1903               	skipnz
  1499  07EA  2F8B               	goto	l799
  1500  07EB  3A01               	xorlw	1	; case 11
  1501  07EC  1903               	skipnz
  1502  07ED  2F95               	goto	l801
  1503  07EE  3A07               	xorlw	7	; case 12
  1504  07EF  1903               	skipnz
  1505  07F0  2F9F               	goto	l803
  1506  07F1  3A01               	xorlw	1	; case 13
  1507  07F2  1903               	skipnz
  1508  07F3  2FA9               	goto	l805
  1509  07F4  3A03               	xorlw	3	; case 14
  1510  07F5  1903               	skipnz
  1511  07F6  2FB3               	goto	l807
  1512  07F7  3A01               	xorlw	1	; case 15
  1513  07F8  1903               	skipnz
  1514  07F9  2FBD               	goto	l809
  1515  07FA  2E53               	goto	l741
  1516  07FB  3180  2802         	ljmp	start
  1517  07FD                     __end_of_main:
  1518                           
  1519                           	psect	text1
  1520  0631                     __ptext1:	
  1521 ;; *************** function _SYSTEM_Initialize *****************
  1522 ;; Defined at:
  1523 ;;		line 50 in file "mcc_generated_files/mcc.c"
  1524 ;; Parameters:    Size  Location     Type
  1525 ;;		None
  1526 ;; Auto vars:     Size  Location     Type
  1527 ;;		None
  1528 ;; Return value:  Size  Location     Type
  1529 ;;                  1    wreg      void 
  1530 ;; Registers used:
  1531 ;;		wreg, status,2, status,0, pclath, cstack
  1532 ;; Tracked objects:
  1533 ;;		On entry : 0/0
  1534 ;;		On exit  : 0/0
  1535 ;;		Unchanged: 0/0
  1536 ;; Data sizes:     COMMON   BANK0   BANK1   BANK2   BANK3   BANK4
  1537 ;;      Params:         0       0       0       0       0       0
  1538 ;;      Locals:         0       0       0       0       0       0
  1539 ;;      Temps:          0       0       0       0       0       0
  1540 ;;      Totals:         0       0       0       0       0       0
  1541 ;;Total ram usage:        0 bytes
  1542 ;; Hardware stack levels used:    1
  1543 ;; Hardware stack levels required when called:    1
  1544 ;; This function calls:
  1545 ;;		_OSCILLATOR_Initialize
  1546 ;;		_PIN_MANAGER_Initialize
  1547 ;;		_WDT_Initialize
  1548 ;; This function is called by:
  1549 ;;		_main
  1550 ;; This function uses a non-reentrant model
  1551 ;;
  1552                           
  1553                           
  1554                           ;psect for function _SYSTEM_Initialize
  1555  0631                     _SYSTEM_Initialize:
  1556  0631                     l737:	
  1557                           ;incstack = 0
  1558                           ; Regs used in _SYSTEM_Initialize: [wreg+status,2+status,0+pclath+cstack]
  1559                           
  1560                           
  1561                           ;mcc_generated_files/mcc.c: 53:     PIN_MANAGER_Initialize();
  1562  0631  3186  263B  3186   	fcall	_PIN_MANAGER_Initialize
  1563                           
  1564                           ;mcc_generated_files/mcc.c: 54:     OSCILLATOR_Initialize();
  1565  0634  3186  262A  3186   	fcall	_OSCILLATOR_Initialize
  1566                           
  1567                           ;mcc_generated_files/mcc.c: 55:     WDT_Initialize();
  1568  0637  3186  2626  3186   	fcall	_WDT_Initialize
  1569  063A                     l45:
  1570  063A  0008               	return
  1571  063B                     __end_of_SYSTEM_Initialize:
  1572                           
  1573                           	psect	text2
  1574  0626                     __ptext2:	
  1575 ;; *************** function _WDT_Initialize *****************
  1576 ;; Defined at:
  1577 ;;		line 68 in file "mcc_generated_files/mcc.c"
  1578 ;; Parameters:    Size  Location     Type
  1579 ;;		None
  1580 ;; Auto vars:     Size  Location     Type
  1581 ;;		None
  1582 ;; Return value:  Size  Location     Type
  1583 ;;                  1    wreg      void 
  1584 ;; Registers used:
  1585 ;;		wreg
  1586 ;; Tracked objects:
  1587 ;;		On entry : 0/0
  1588 ;;		On exit  : 0/0
  1589 ;;		Unchanged: 0/0
  1590 ;; Data sizes:     COMMON   BANK0   BANK1   BANK2   BANK3   BANK4
  1591 ;;      Params:         0       0       0       0       0       0
  1592 ;;      Locals:         0       0       0       0       0       0
  1593 ;;      Temps:          0       0       0       0       0       0
  1594 ;;      Totals:         0       0       0       0       0       0
  1595 ;;Total ram usage:        0 bytes
  1596 ;; Hardware stack levels used:    1
  1597 ;; This function calls:
  1598 ;;		Nothing
  1599 ;; This function is called by:
  1600 ;;		_SYSTEM_Initialize
  1601 ;; This function uses a non-reentrant model
  1602 ;;
  1603                           
  1604                           
  1605                           ;psect for function _WDT_Initialize
  1606  0626                     _WDT_Initialize:
  1607  0626                     l735:	
  1608                           ;incstack = 0
  1609                           ; Regs used in _WDT_Initialize: [wreg]
  1610                           
  1611                           
  1612                           ;mcc_generated_files/mcc.c: 71:     WDTCON = 0x16;
  1613  0626  3016               	movlw	22
  1614  0627  0021               	movlb	1	; select bank1
  1615  0628  0097               	movwf	23	;volatile
  1616  0629                     l51:
  1617  0629  0008               	return
  1618  062A                     __end_of_WDT_Initialize:
  1619                           
  1620                           	psect	text3
  1621  063B                     __ptext3:	
  1622 ;; *************** function _PIN_MANAGER_Initialize *****************
  1623 ;; Defined at:
  1624 ;;		line 55 in file "mcc_generated_files/pin_manager.c"
  1625 ;; Parameters:    Size  Location     Type
  1626 ;;		None
  1627 ;; Auto vars:     Size  Location     Type
  1628 ;;		None
  1629 ;; Return value:  Size  Location     Type
  1630 ;;                  1    wreg      void 
  1631 ;; Registers used:
  1632 ;;		wreg, status,2
  1633 ;; Tracked objects:
  1634 ;;		On entry : 0/0
  1635 ;;		On exit  : 0/0
  1636 ;;		Unchanged: 0/0
  1637 ;; Data sizes:     COMMON   BANK0   BANK1   BANK2   BANK3   BANK4
  1638 ;;      Params:         0       0       0       0       0       0
  1639 ;;      Locals:         0       0       0       0       0       0
  1640 ;;      Temps:          0       0       0       0       0       0
  1641 ;;      Totals:         0       0       0       0       0       0
  1642 ;;Total ram usage:        0 bytes
  1643 ;; Hardware stack levels used:    1
  1644 ;; This function calls:
  1645 ;;		Nothing
  1646 ;; This function is called by:
  1647 ;;		_SYSTEM_Initialize
  1648 ;; This function uses a non-reentrant model
  1649 ;;
  1650                           
  1651                           
  1652                           ;psect for function _PIN_MANAGER_Initialize
  1653  063B                     _PIN_MANAGER_Initialize:
  1654  063B                     l711:	
  1655                           ;incstack = 0
  1656                           ; Regs used in _PIN_MANAGER_Initialize: [wreg+status,2]
  1657                           
  1658                           
  1659                           ;mcc_generated_files/pin_manager.c: 60:     LATA = 0x00;
  1660  063B  0022               	movlb	2	; select bank2
  1661  063C  018C               	clrf	12	;volatile
  1662                           
  1663                           ;mcc_generated_files/pin_manager.c: 61:     LATB = 0x00;
  1664  063D  018D               	clrf	13	;volatile
  1665  063E                     l713:
  1666                           
  1667                           ;mcc_generated_files/pin_manager.c: 66:     TRISA = 0xFF;
  1668  063E  30FF               	movlw	255
  1669  063F  0021               	movlb	1	; select bank1
  1670  0640  008C               	movwf	12	;volatile
  1671  0641                     l715:
  1672                           
  1673                           ;mcc_generated_files/pin_manager.c: 67:     TRISB = 0x01;
  1674  0641  3001               	movlw	1
  1675  0642  008D               	movwf	13	;volatile
  1676                           
  1677                           ;mcc_generated_files/pin_manager.c: 72:     ANSELB = 0x00;
  1678  0643  0023               	movlb	3	; select bank3
  1679  0644  018D               	clrf	13	;volatile
  1680  0645                     l717:
  1681                           
  1682                           ;mcc_generated_files/pin_manager.c: 73:     ANSELA = 0x03;
  1683  0645  3003               	movlw	3
  1684  0646  008C               	movwf	12	;volatile
  1685  0647                     l719:
  1686                           
  1687                           ;mcc_generated_files/pin_manager.c: 78:     WPUB = 0x00;
  1688  0647  0024               	movlb	4	; select bank4
  1689  0648  018D               	clrf	13	;volatile
  1690  0649                     l721:
  1691                           
  1692                           ;mcc_generated_files/pin_manager.c: 79:     WPUA = 0x00;
  1693  0649  018C               	clrf	12	;volatile
  1694  064A                     l723:
  1695                           
  1696                           ;mcc_generated_files/pin_manager.c: 80:     OPTION_REGbits.nWPUEN = 1;
  1697  064A  0021               	movlb	1	; select bank1
  1698  064B  1795               	bsf	21,7	;volatile
  1699  064C                     l725:
  1700                           
  1701                           ;mcc_generated_files/pin_manager.c: 86:     APFCON0 = 0x00;
  1702  064C  0022               	movlb	2	; select bank2
  1703  064D  019D               	clrf	29	;volatile
  1704  064E                     l727:
  1705                           
  1706                           ;mcc_generated_files/pin_manager.c: 87:     APFCON1 = 0x00;
  1707  064E  019E               	clrf	30	;volatile
  1708  064F                     l25:
  1709  064F  0008               	return
  1710  0650                     __end_of_PIN_MANAGER_Initialize:
  1711                           
  1712                           	psect	text4
  1713  062A                     __ptext4:	
  1714 ;; *************** function _OSCILLATOR_Initialize *****************
  1715 ;; Defined at:
  1716 ;;		line 58 in file "mcc_generated_files/mcc.c"
  1717 ;; Parameters:    Size  Location     Type
  1718 ;;		None
  1719 ;; Auto vars:     Size  Location     Type
  1720 ;;		None
  1721 ;; Return value:  Size  Location     Type
  1722 ;;                  1    wreg      void 
  1723 ;; Registers used:
  1724 ;;		wreg, status,2
  1725 ;; Tracked objects:
  1726 ;;		On entry : 0/0
  1727 ;;		On exit  : 0/0
  1728 ;;		Unchanged: 0/0
  1729 ;; Data sizes:     COMMON   BANK0   BANK1   BANK2   BANK3   BANK4
  1730 ;;      Params:         0       0       0       0       0       0
  1731 ;;      Locals:         0       0       0       0       0       0
  1732 ;;      Temps:          0       0       0       0       0       0
  1733 ;;      Totals:         0       0       0       0       0       0
  1734 ;;Total ram usage:        0 bytes
  1735 ;; Hardware stack levels used:    1
  1736 ;; This function calls:
  1737 ;;		Nothing
  1738 ;; This function is called by:
  1739 ;;		_SYSTEM_Initialize
  1740 ;; This function uses a non-reentrant model
  1741 ;;
  1742                           
  1743                           
  1744                           ;psect for function _OSCILLATOR_Initialize
  1745  062A                     _OSCILLATOR_Initialize:
  1746  062A                     l729:	
  1747                           ;incstack = 0
  1748                           ; Regs used in _OSCILLATOR_Initialize: [wreg+status,2]
  1749                           
  1750                           
  1751                           ;mcc_generated_files/mcc.c: 61:     OSCCON = 0x6A;
  1752  062A  306A               	movlw	106
  1753  062B  0021               	movlb	1	; select bank1
  1754  062C  0099               	movwf	25	;volatile
  1755  062D                     l731:
  1756                           
  1757                           ;mcc_generated_files/mcc.c: 63:     OSCTUNE = 0x00;
  1758  062D  0198               	clrf	24	;volatile
  1759  062E                     l733:
  1760                           
  1761                           ;mcc_generated_files/mcc.c: 65:     BORCON = 0x00;
  1762  062E  0022               	movlb	2	; select bank2
  1763  062F  0196               	clrf	22	;volatile
  1764  0630                     l48:
  1765  0630  0008               	return
  1766  0631                     __end_of_OSCILLATOR_Initialize:
  1767  007E                     btemp	set	126	;btemp
  1768  007E                     wtemp0	set	126
  1769                           
  1770                           	psect	config
  1771                           
  1772                           ;Config register CONFIG1 @ 0x8007
  1773                           ;	Oscillator Selection
  1774                           ;	FOSC = INTOSC, INTOSC oscillator: I/O function on CLKIN pin
  1775                           ;	Watchdog Timer Enable
  1776                           ;	WDTE = OFF, WDT disabled
  1777                           ;	Power-up Timer Enable
  1778                           ;	PWRTE = OFF, PWRT disabled
  1779                           ;	MCLR Pin Function Select
  1780                           ;	MCLRE = ON, MCLR/VPP pin function is MCLR
  1781                           ;	Flash Program Memory Code Protection
  1782                           ;	CP = OFF, Program memory code protection is disabled
  1783                           ;	Data Memory Code Protection
  1784                           ;	CPD = OFF, Data memory code protection is disabled
  1785                           ;	Brown-out Reset Enable
  1786                           ;	BOREN = ON, Brown-out Reset enabled
  1787                           ;	Clock Out Enable
  1788                           ;	CLKOUTEN = OFF, CLKOUT function is disabled. I/O or oscillator function on the CLKOUT 
      +                          pin
  1789                           ;	Internal/External Switchover
  1790                           ;	IESO = ON, Internal/External Switchover mode is enabled
  1791                           ;	Fail-Safe Clock Monitor Enable
  1792                           ;	FCMEN = ON, Fail-Safe Clock Monitor is enabled
  1793  8007                     	org	32775
  1794  8007  3FE4               	dw	16356
  1795                           
  1796                           ;Config register CONFIG2 @ 0x8008
  1797                           ;	Flash Memory Self-Write Protection
  1798                           ;	WRT = OFF, Write protection off
  1799                           ;	PLL Enable
  1800                           ;	PLLEN = OFF, 4x PLL disabled
  1801                           ;	Stack Overflow/Underflow Reset Enable
  1802                           ;	STVREN = ON, Stack Overflow or Underflow will cause a Reset
  1803                           ;	Brown-out Reset Voltage Selection
  1804                           ;	BORV = LO, Brown-out Reset Voltage (Vbor), low trip point selected.
  1805                           ;	Low-Voltage Programming Enable
  1806                           ;	LVP = ON, Low-voltage programming enabled
  1807  8008                     	org	32776
  1808  8008  3EFF               	dw	16127

Data Sizes:
    Strings     0
    Constant    0
    Data        0
    BSS         0
    Persistent  32
    Stack       0

Auto Spaces:
    Space          Size  Autos    Used
    COMMON           14      3       3
    BANK0            80      0       0
    BANK1            80      0       0
    BANK2            80      0       0
    BANK3            80      0       0
    BANK4            48      0       0

Pointer List with Targets:

    None.

Critical Paths under _main in COMMON

    None.

Critical Paths under _main in BANK0

    None.

Critical Paths under _main in BANK1

    None.

Critical Paths under _main in BANK2

    None.

Critical Paths under _main in BANK3

    None.

Critical Paths under _main in BANK4

    None.

Call Graph Tables:

 ---------------------------------------------------------------------------------
 (Depth) Function   	        Calls       Base Space   Used Autos Params    Refs
 ---------------------------------------------------------------------------------
 (0) _main                                                 3     3      0      30
                                              0 COMMON     3     3      0
                  _SYSTEM_Initialize
 ---------------------------------------------------------------------------------
 (1) _SYSTEM_Initialize                                    0     0      0       0
              _OSCILLATOR_Initialize
             _PIN_MANAGER_Initialize
                     _WDT_Initialize
 ---------------------------------------------------------------------------------
 (2) _WDT_Initialize                                       0     0      0       0
 ---------------------------------------------------------------------------------
 (2) _PIN_MANAGER_Initialize                               0     0      0       0
 ---------------------------------------------------------------------------------
 (2) _OSCILLATOR_Initialize                                0     0      0       0
 ---------------------------------------------------------------------------------
 Estimated maximum stack depth 2
 ---------------------------------------------------------------------------------

 Call Graph Graphs:

 _main (ROOT)
   _SYSTEM_Initialize
     _OSCILLATOR_Initialize
     _PIN_MANAGER_Initialize
     _WDT_Initialize

 Address spaces:
Name               Size   Autos  Total    Cost      Usage
BIGRAM             170      0       0       0        0.0%
EEDATA             100      0       0       0        0.0%
NULL                 0      0       0       0        0.0%
CODE                 0      0       0       0        0.0%
BITCOMMON            E      0       0       1        0.0%
BITSFR0              0      0       0       1        0.0%
SFR0                 0      0       0       1        0.0%
COMMON               E      3       3       2       21.4%
BITSFR1              0      0       0       2        0.0%
SFR1                 0      0       0       2        0.0%
BITSFR2              0      0       0       3        0.0%
SFR2                 0      0       0       3        0.0%
STACK                0      0       0       3        0.0%
BITSFR3              0      0       0       4        0.0%
SFR3                 0      0       0       4        0.0%
ABS                  0      0       0       4        0.0%
BITBANK0            50      0       0       5        0.0%
BITSFR4              0      0       0       5        0.0%
SFR4                 0      0       0       5        0.0%
BANK0               50      0       0       6        0.0%
BITSFR5              0      0       0       6        0.0%
SFR5                 0      0       0       6        0.0%
BITBANK1            50      0       0       7        0.0%
BITSFR6              0      0       0       7        0.0%
SFR6                 0      0       0       7        0.0%
BANK1               50      0       0       8        0.0%
BITSFR7              0      0       0       8        0.0%
SFR7                 0      0       0       8        0.0%
BITBANK2            50      0       0       9        0.0%
BITSFR8              0      0       0       9        0.0%
SFR8                 0      0       0       9        0.0%
BANK2               50      0       0      10        0.0%
BITSFR9              0      0       0      10        0.0%
SFR9                 0      0       0      10        0.0%
BITBANK3            50      0       0      11        0.0%
BITSFR10             0      0       0      11        0.0%
SFR10                0      0       0      11        0.0%
BANK3               50      0       0      12        0.0%
BITSFR11             0      0       0      12        0.0%
SFR11                0      0       0      12        0.0%
BITBANK4            30      0       0      13        0.0%
BITSFR12             0      0       0      13        0.0%
SFR12                0      0       0      13        0.0%
BANK4               30      0       0      14        0.0%
BITSFR13             0      0       0      14        0.0%
SFR13                0      0       0      14        0.0%
BITSFR14             0      0       0      15        0.0%
SFR14                0      0       0      15        0.0%
DATA                 0      0       0      15        0.0%
BITSFR15             0      0       0      16        0.0%
SFR15                0      0       0      16        0.0%
BITSFR16             0      0       0      17        0.0%
SFR16                0      0       0      17        0.0%
BITSFR17             0      0       0      18        0.0%
SFR17                0      0       0      18        0.0%
BITSFR18             0      0       0      19        0.0%
SFR18                0      0       0      19        0.0%
BITSFR19             0      0       0      20        0.0%
SFR19                0      0       0      20        0.0%
BITSFR20             0      0       0      21        0.0%
SFR20                0      0       0      21        0.0%
BITSFR21             0      0       0      22        0.0%
SFR21                0      0       0      22        0.0%
BITSFR22             0      0       0      23        0.0%
SFR22                0      0       0      23        0.0%
BITSFR23             0      0       0      24        0.0%
SFR23                0      0       0      24        0.0%
BITSFR24             0      0       0      25        0.0%
SFR24                0      0       0      25        0.0%
BITSFR25             0      0       0      26        0.0%
SFR25                0      0       0      26        0.0%
BITSFR26             0      0       0      27        0.0%
SFR26                0      0       0      27        0.0%
BITSFR27             0      0       0      28        0.0%
SFR27                0      0       0      28        0.0%
BITSFR28             0      0       0      29        0.0%
SFR28                0      0       0      29        0.0%
BITSFR29             0      0       0      30        0.0%
SFR29                0      0       0      30        0.0%
BITSFR30             0      0       0      31        0.0%
SFR30                0      0       0      31        0.0%
BITSFR31             0      0       0      32        0.0%
SFR31                0      0       0      32        0.0%


Microchip Technology PIC Macro Assembler V2.31 build 20201012212115 
Symbol Table                                                                                   Thu Oct 07 09:36:06 2021

                             l25 064F                               l51 0629                               l45 063A  
                             l48 0630                               l65 0727                               u10 0658  
                             u11 0657                               u20 072C                               u21 072B  
                             u37 0662                               u47 066C                               u57 0676  
                             u67 0680                               u77 068A                               u87 0694  
                             u97 069E                              l711 063B                              l721 0649  
                            l713 063E                              l801 0795                              l731 062D  
                            l723 064A                              l715 0641                              l803 079F  
                            l733 062E                              l725 064C                              l717 0645  
                            l805 07A9                              l813 07C7                              l741 0653  
                            l727 064E                              l719 0647                              l735 0626  
                            l807 07B3                              l751 067B                              l743 0658  
                            l729 062A                              l737 0631                              l809 07BD  
                            l761 06AD                              l753 0685                              l745 065D  
                            l771 06DF                              l763 06B7                              l755 068F  
                            l747 0667                              l739 0650                              l781 0731  
                            l773 06E9                              l765 06C1                              l757 0699  
                            l749 0671                              l791 0763                              l783 073B  
                            l863 06F8                              l767 06CB                              l759 06A3  
                            l865 07CC                              l793 076D                              l785 0745  
                            l769 06D5                              l777 06F3                              l795 0777  
                            l787 074F                              l779 072C                              l797 0781  
                            l789 0759                              l799 078B                              u107 06A8  
                            u117 06B2                              u207 074A                              u127 06BC  
                            u217 0754                              u137 06C6                              u307 07AE  
                            u227 075E                              u147 06D0                              u317 07B8  
                            u237 0768                              u157 06DA                              u327 07C2  
                            u247 0772                              u167 06E4                              u257 077C  
                            u177 06EE                              u267 0786                              u187 0736  
                            u277 0790                              u197 0740                              u287 079A  
                            u297 07A4                              wreg 0009                             _LATA 010C  
                           _LATB 010D                             _WPUA 020C                             _WPUB 020D  
                           _main 0650                             btemp 007E                             start 0002  
 __size_of_OSCILLATOR_Initialize 0007    __end_of_OSCILLATOR_Initialize 0631                            ?_main 0070  
                          _PORTB 000D                            _TRISA 008C                            _TRISB 008D  
                 _WDT_Initialize 0626                            main@i 0071                            wtemp0 007E  
                __initialization 07FD                     __end_of_main 07FD                           ??_main 0070  
         __end_of_WDT_Initialize 062A                           _ANSELA 018C                           _ANSELB 018D  
                         _BORCON 0116                           _OSCCON 0099                           _WDTCON 0097  
                ?_WDT_Initialize 0070                _SYSTEM_Initialize 0631          __end_of__initialization 07FD  
             ?_SYSTEM_Initialize 0070                   __pcstackCOMMON 0070              ??_SYSTEM_Initialize 0070  
                 _OPTION_REGbits 0095        __end_of_SYSTEM_Initialize 063B                       __pmaintext 0650  
                        _APFCON0 011D                          _APFCON1 011E                          _OSCTUNE 0098  
                        __ptext1 0631                          __ptext2 0626                          __ptext3 063B  
                        __ptext4 062A            _OSCILLATOR_Initialize 062A         ??_PIN_MANAGER_Initialize 0070  
     __size_of_SYSTEM_Initialize 000A             end_of_initialization 07FD                 ??_WDT_Initialize 0070  
                      _PORTAbits 000C           ?_OSCILLATOR_Initialize 0070              start_initialization 07FD  
__size_of_PIN_MANAGER_Initialize 0015                        ___latbits 0001           _PIN_MANAGER_Initialize 063B  
        ??_OSCILLATOR_Initialize 0070                    __size_of_main 01AD          __size_of_WDT_Initialize 0004  
        ?_PIN_MANAGER_Initialize 0070   __end_of_PIN_MANAGER_Initialize 0650  
