

Microchip MPLAB XC8 Assembler V2.31 build 20201012212115 
                                                                                               Thu Sep 16 10:32:04 2021

Microchip MPLAB XC8 C Compiler v2.31 (Free license) build 20201012212115 Og1 
     1                           	processor	16F1827
     2                           	pagewidth 120
     3                           	opt	flic
     4                           	psect	cinit,global,class=CODE,merge=1,delta=2
     5                           	psect	bssCOMMON,global,class=COMMON,space=1,delta=1,noexec
     6                           	psect	cstackCOMMON,global,class=COMMON,space=1,delta=1,noexec
     7                           	psect	maintext,global,class=CODE,merge=1,split=1,delta=2
     8                           	psect	text1,local,class=CODE,merge=1,delta=2
     9                           	psect	text2,local,class=CODE,merge=1,delta=2
    10                           	psect	text3,local,class=CODE,merge=1,delta=2
    11                           	psect	text4,local,class=CODE,merge=1,delta=2
    12                           	psect	text5,local,class=CODE,merge=1,delta=2
    13                           	psect	text6,local,class=CODE,merge=1,delta=2
    14                           	psect	text7,local,class=CODE,merge=1,delta=2
    15                           	psect	text8,local,class=CODE,merge=1,delta=2
    16                           	psect	config,global,abs,ovrld,class=CONFIG,space=4,delta=2,noexec
    17                           	dabs	1,0x7E,2
    18  0000                     
    19                           ; Version 2.20
    20                           ; Generated 12/02/2020 GMT
    21                           ; 
    22                           ; Copyright © 2020, Microchip Technology Inc. and its subsidiaries ("Microchip")
    23                           ; All rights reserved.
    24                           ; 
    25                           ; This software is developed by Microchip Technology Inc. and its subsidiaries ("Microch
      +                          ip").
    26                           ; 
    27                           ; Redistribution and use in source and binary forms, with or without modification, are
    28                           ; permitted provided that the following conditions are met:
    29                           ; 
    30                           ;     1. Redistributions of source code must retain the above copyright notice, this lis
      +                          t of
    31                           ;        conditions and the following disclaimer.
    32                           ; 
    33                           ;     2. Redistributions in binary form must reproduce the above copyright notice, this 
      +                          list
    34                           ;        of conditions and the following disclaimer in the documentation and/or other
    35                           ;        materials provided with the distribution.
    36                           ; 
    37                           ;     3. Microchip's name may not be used to endorse or promote products derived from th
      +                          is
    38                           ;        software without specific prior written permission.
    39                           ; 
    40                           ; THIS SOFTWARE IS PROVIDED BY MICROCHIP "AS IS" AND ANY EXPRESS OR IMPLIED WARRANTIES,
    41                           ; INCLUDING, BUT NOT LIMITED TO, THE IMPLIED WARRANTIES OF MERCHANTABILITY AND FITNESS F
      +                          OR
    42                           ; PURPOSE ARE DISCLAIMED.  IN NO EVENT SHALL MICROCHIP BE LIABLE FOR ANY DIRECT, INDIREC
      +                          T,
    43                           ; INCIDENTAL, SPECIAL, EXEMPLARY, OR CONSEQUENTIAL DAMAGES (INCLUDING BUT NOT LIMITED TO
    44                           ; PROCUREMENT OF SUBSTITUTE GOODS OR SERVICES; LOSS OF USE, DATA OR PROFITS; OR BUSINESS
    45                           ; INTERRUPTION) HOWSOEVER CAUSED AND ON ANY THEORY OF LIABILITY, WHETHER IN CONTRACT, ST
      +                          RICT
    46                           ; LIABILITY, OR TORT (INCLUDING NEGLIGENCE OR OTHERWISE) ARISING IN ANY WAY OUT OF THE U
      +                          SE OF
    47                           ; THIS SOFTWARE, EVEN IF ADVISED OF THE POSSIBILITY OF SUCH DAMAGE.
    48                           ; 
    49                           ; 
    50                           ; Code-generator required, PIC16F1827 Definitions
    51                           ; 
    52                           ; SFR Addresses
    53  0000                     	;# 
    54  0001                     	;# 
    55  0002                     	;# 
    56  0003                     	;# 
    57  0004                     	;# 
    58  0005                     	;# 
    59  0006                     	;# 
    60  0007                     	;# 
    61  0008                     	;# 
    62  0009                     	;# 
    63  000A                     	;# 
    64  000B                     	;# 
    65  000C                     	;# 
    66  000D                     	;# 
    67  0011                     	;# 
    68  0012                     	;# 
    69  0013                     	;# 
    70  0014                     	;# 
    71  0015                     	;# 
    72  0016                     	;# 
    73  0016                     	;# 
    74  0017                     	;# 
    75  0018                     	;# 
    76  0019                     	;# 
    77  001A                     	;# 
    78  001B                     	;# 
    79  001C                     	;# 
    80  001E                     	;# 
    81  001F                     	;# 
    82  008C                     	;# 
    83  008D                     	;# 
    84  0091                     	;# 
    85  0092                     	;# 
    86  0093                     	;# 
    87  0094                     	;# 
    88  0095                     	;# 
    89  0096                     	;# 
    90  0097                     	;# 
    91  0098                     	;# 
    92  0099                     	;# 
    93  009A                     	;# 
    94  009B                     	;# 
    95  009B                     	;# 
    96  009C                     	;# 
    97  009D                     	;# 
    98  009E                     	;# 
    99  010C                     	;# 
   100  010D                     	;# 
   101  0111                     	;# 
   102  0112                     	;# 
   103  0113                     	;# 
   104  0114                     	;# 
   105  0115                     	;# 
   106  0116                     	;# 
   107  0117                     	;# 
   108  0118                     	;# 
   109  0119                     	;# 
   110  011A                     	;# 
   111  011B                     	;# 
   112  011D                     	;# 
   113  011E                     	;# 
   114  018C                     	;# 
   115  018D                     	;# 
   116  0191                     	;# 
   117  0191                     	;# 
   118  0192                     	;# 
   119  0193                     	;# 
   120  0193                     	;# 
   121  0193                     	;# 
   122  0194                     	;# 
   123  0195                     	;# 
   124  0196                     	;# 
   125  0199                     	;# 
   126  019A                     	;# 
   127  019B                     	;# 
   128  019B                     	;# 
   129  019B                     	;# 
   130  019B                     	;# 
   131  019C                     	;# 
   132  019C                     	;# 
   133  019D                     	;# 
   134  019E                     	;# 
   135  019F                     	;# 
   136  020C                     	;# 
   137  020D                     	;# 
   138  0211                     	;# 
   139  0211                     	;# 
   140  0212                     	;# 
   141  0212                     	;# 
   142  0213                     	;# 
   143  0213                     	;# 
   144  0214                     	;# 
   145  0214                     	;# 
   146  0215                     	;# 
   147  0215                     	;# 
   148  0215                     	;# 
   149  0216                     	;# 
   150  0216                     	;# 
   151  0217                     	;# 
   152  0217                     	;# 
   153  0219                     	;# 
   154  021A                     	;# 
   155  021B                     	;# 
   156  021C                     	;# 
   157  021D                     	;# 
   158  021E                     	;# 
   159  021F                     	;# 
   160  0291                     	;# 
   161  0291                     	;# 
   162  0292                     	;# 
   163  0293                     	;# 
   164  0294                     	;# 
   165  0295                     	;# 
   166  0295                     	;# 
   167  0296                     	;# 
   168  0298                     	;# 
   169  0298                     	;# 
   170  0299                     	;# 
   171  029A                     	;# 
   172  029B                     	;# 
   173  029C                     	;# 
   174  029C                     	;# 
   175  029D                     	;# 
   176  029E                     	;# 
   177  029E                     	;# 
   178  0311                     	;# 
   179  0311                     	;# 
   180  0312                     	;# 
   181  0313                     	;# 
   182  0318                     	;# 
   183  0318                     	;# 
   184  0319                     	;# 
   185  031A                     	;# 
   186  0394                     	;# 
   187  0395                     	;# 
   188  0396                     	;# 
   189  039A                     	;# 
   190  039C                     	;# 
   191  039D                     	;# 
   192  039E                     	;# 
   193  039F                     	;# 
   194  0415                     	;# 
   195  0416                     	;# 
   196  0417                     	;# 
   197  041C                     	;# 
   198  041D                     	;# 
   199  041E                     	;# 
   200  0FE4                     	;# 
   201  0FE5                     	;# 
   202  0FE6                     	;# 
   203  0FE7                     	;# 
   204  0FE8                     	;# 
   205  0FE9                     	;# 
   206  0FEA                     	;# 
   207  0FEB                     	;# 
   208  0FED                     	;# 
   209  0FEE                     	;# 
   210  0FEF                     	;# 
   211  0000                     	;# 
   212  0001                     	;# 
   213  0002                     	;# 
   214  0003                     	;# 
   215  0004                     	;# 
   216  0005                     	;# 
   217  0006                     	;# 
   218  0007                     	;# 
   219  0008                     	;# 
   220  0009                     	;# 
   221  000A                     	;# 
   222  000B                     	;# 
   223  000C                     	;# 
   224  000D                     	;# 
   225  0011                     	;# 
   226  0012                     	;# 
   227  0013                     	;# 
   228  0014                     	;# 
   229  0015                     	;# 
   230  0016                     	;# 
   231  0016                     	;# 
   232  0017                     	;# 
   233  0018                     	;# 
   234  0019                     	;# 
   235  001A                     	;# 
   236  001B                     	;# 
   237  001C                     	;# 
   238  001E                     	;# 
   239  001F                     	;# 
   240  008C                     	;# 
   241  008D                     	;# 
   242  0091                     	;# 
   243  0092                     	;# 
   244  0093                     	;# 
   245  0094                     	;# 
   246  0095                     	;# 
   247  0096                     	;# 
   248  0097                     	;# 
   249  0098                     	;# 
   250  0099                     	;# 
   251  009A                     	;# 
   252  009B                     	;# 
   253  009B                     	;# 
   254  009C                     	;# 
   255  009D                     	;# 
   256  009E                     	;# 
   257  010C                     	;# 
   258  010D                     	;# 
   259  0111                     	;# 
   260  0112                     	;# 
   261  0113                     	;# 
   262  0114                     	;# 
   263  0115                     	;# 
   264  0116                     	;# 
   265  0117                     	;# 
   266  0118                     	;# 
   267  0119                     	;# 
   268  011A                     	;# 
   269  011B                     	;# 
   270  011D                     	;# 
   271  011E                     	;# 
   272  018C                     	;# 
   273  018D                     	;# 
   274  0191                     	;# 
   275  0191                     	;# 
   276  0192                     	;# 
   277  0193                     	;# 
   278  0193                     	;# 
   279  0193                     	;# 
   280  0194                     	;# 
   281  0195                     	;# 
   282  0196                     	;# 
   283  0199                     	;# 
   284  019A                     	;# 
   285  019B                     	;# 
   286  019B                     	;# 
   287  019B                     	;# 
   288  019B                     	;# 
   289  019C                     	;# 
   290  019C                     	;# 
   291  019D                     	;# 
   292  019E                     	;# 
   293  019F                     	;# 
   294  020C                     	;# 
   295  020D                     	;# 
   296  0211                     	;# 
   297  0211                     	;# 
   298  0212                     	;# 
   299  0212                     	;# 
   300  0213                     	;# 
   301  0213                     	;# 
   302  0214                     	;# 
   303  0214                     	;# 
   304  0215                     	;# 
   305  0215                     	;# 
   306  0215                     	;# 
   307  0216                     	;# 
   308  0216                     	;# 
   309  0217                     	;# 
   310  0217                     	;# 
   311  0219                     	;# 
   312  021A                     	;# 
   313  021B                     	;# 
   314  021C                     	;# 
   315  021D                     	;# 
   316  021E                     	;# 
   317  021F                     	;# 
   318  0291                     	;# 
   319  0291                     	;# 
   320  0292                     	;# 
   321  0293                     	;# 
   322  0294                     	;# 
   323  0295                     	;# 
   324  0295                     	;# 
   325  0296                     	;# 
   326  0298                     	;# 
   327  0298                     	;# 
   328  0299                     	;# 
   329  029A                     	;# 
   330  029B                     	;# 
   331  029C                     	;# 
   332  029C                     	;# 
   333  029D                     	;# 
   334  029E                     	;# 
   335  029E                     	;# 
   336  0311                     	;# 
   337  0311                     	;# 
   338  0312                     	;# 
   339  0313                     	;# 
   340  0318                     	;# 
   341  0318                     	;# 
   342  0319                     	;# 
   343  031A                     	;# 
   344  0394                     	;# 
   345  0395                     	;# 
   346  0396                     	;# 
   347  039A                     	;# 
   348  039C                     	;# 
   349  039D                     	;# 
   350  039E                     	;# 
   351  039F                     	;# 
   352  0415                     	;# 
   353  0416                     	;# 
   354  0417                     	;# 
   355  041C                     	;# 
   356  041D                     	;# 
   357  041E                     	;# 
   358  0FE4                     	;# 
   359  0FE5                     	;# 
   360  0FE6                     	;# 
   361  0FE7                     	;# 
   362  0FE8                     	;# 
   363  0FE9                     	;# 
   364  0FEA                     	;# 
   365  0FEB                     	;# 
   366  0FED                     	;# 
   367  0FEE                     	;# 
   368  0FEF                     	;# 
   369  0000                     	;# 
   370  0001                     	;# 
   371  0002                     	;# 
   372  0003                     	;# 
   373  0004                     	;# 
   374  0005                     	;# 
   375  0006                     	;# 
   376  0007                     	;# 
   377  0008                     	;# 
   378  0009                     	;# 
   379  000A                     	;# 
   380  000B                     	;# 
   381  000C                     	;# 
   382  000D                     	;# 
   383  0011                     	;# 
   384  0012                     	;# 
   385  0013                     	;# 
   386  0014                     	;# 
   387  0015                     	;# 
   388  0016                     	;# 
   389  0016                     	;# 
   390  0017                     	;# 
   391  0018                     	;# 
   392  0019                     	;# 
   393  001A                     	;# 
   394  001B                     	;# 
   395  001C                     	;# 
   396  001E                     	;# 
   397  001F                     	;# 
   398  008C                     	;# 
   399  008D                     	;# 
   400  0091                     	;# 
   401  0092                     	;# 
   402  0093                     	;# 
   403  0094                     	;# 
   404  0095                     	;# 
   405  0096                     	;# 
   406  0097                     	;# 
   407  0098                     	;# 
   408  0099                     	;# 
   409  009A                     	;# 
   410  009B                     	;# 
   411  009B                     	;# 
   412  009C                     	;# 
   413  009D                     	;# 
   414  009E                     	;# 
   415  010C                     	;# 
   416  010D                     	;# 
   417  0111                     	;# 
   418  0112                     	;# 
   419  0113                     	;# 
   420  0114                     	;# 
   421  0115                     	;# 
   422  0116                     	;# 
   423  0117                     	;# 
   424  0118                     	;# 
   425  0119                     	;# 
   426  011A                     	;# 
   427  011B                     	;# 
   428  011D                     	;# 
   429  011E                     	;# 
   430  018C                     	;# 
   431  018D                     	;# 
   432  0191                     	;# 
   433  0191                     	;# 
   434  0192                     	;# 
   435  0193                     	;# 
   436  0193                     	;# 
   437  0193                     	;# 
   438  0194                     	;# 
   439  0195                     	;# 
   440  0196                     	;# 
   441  0199                     	;# 
   442  019A                     	;# 
   443  019B                     	;# 
   444  019B                     	;# 
   445  019B                     	;# 
   446  019B                     	;# 
   447  019C                     	;# 
   448  019C                     	;# 
   449  019D                     	;# 
   450  019E                     	;# 
   451  019F                     	;# 
   452  020C                     	;# 
   453  020D                     	;# 
   454  0211                     	;# 
   455  0211                     	;# 
   456  0212                     	;# 
   457  0212                     	;# 
   458  0213                     	;# 
   459  0213                     	;# 
   460  0214                     	;# 
   461  0214                     	;# 
   462  0215                     	;# 
   463  0215                     	;# 
   464  0215                     	;# 
   465  0216                     	;# 
   466  0216                     	;# 
   467  0217                     	;# 
   468  0217                     	;# 
   469  0219                     	;# 
   470  021A                     	;# 
   471  021B                     	;# 
   472  021C                     	;# 
   473  021D                     	;# 
   474  021E                     	;# 
   475  021F                     	;# 
   476  0291                     	;# 
   477  0291                     	;# 
   478  0292                     	;# 
   479  0293                     	;# 
   480  0294                     	;# 
   481  0295                     	;# 
   482  0295                     	;# 
   483  0296                     	;# 
   484  0298                     	;# 
   485  0298                     	;# 
   486  0299                     	;# 
   487  029A                     	;# 
   488  029B                     	;# 
   489  029C                     	;# 
   490  029C                     	;# 
   491  029D                     	;# 
   492  029E                     	;# 
   493  029E                     	;# 
   494  0311                     	;# 
   495  0311                     	;# 
   496  0312                     	;# 
   497  0313                     	;# 
   498  0318                     	;# 
   499  0318                     	;# 
   500  0319                     	;# 
   501  031A                     	;# 
   502  0394                     	;# 
   503  0395                     	;# 
   504  0396                     	;# 
   505  039A                     	;# 
   506  039C                     	;# 
   507  039D                     	;# 
   508  039E                     	;# 
   509  039F                     	;# 
   510  0415                     	;# 
   511  0416                     	;# 
   512  0417                     	;# 
   513  041C                     	;# 
   514  041D                     	;# 
   515  041E                     	;# 
   516  0FE4                     	;# 
   517  0FE5                     	;# 
   518  0FE6                     	;# 
   519  0FE7                     	;# 
   520  0FE8                     	;# 
   521  0FE9                     	;# 
   522  0FEA                     	;# 
   523  0FEB                     	;# 
   524  0FED                     	;# 
   525  0FEE                     	;# 
   526  0FEF                     	;# 
   527  0000                     	;# 
   528  0001                     	;# 
   529  0002                     	;# 
   530  0003                     	;# 
   531  0004                     	;# 
   532  0005                     	;# 
   533  0006                     	;# 
   534  0007                     	;# 
   535  0008                     	;# 
   536  0009                     	;# 
   537  000A                     	;# 
   538  000B                     	;# 
   539  000C                     	;# 
   540  000D                     	;# 
   541  0011                     	;# 
   542  0012                     	;# 
   543  0013                     	;# 
   544  0014                     	;# 
   545  0015                     	;# 
   546  0016                     	;# 
   547  0016                     	;# 
   548  0017                     	;# 
   549  0018                     	;# 
   550  0019                     	;# 
   551  001A                     	;# 
   552  001B                     	;# 
   553  001C                     	;# 
   554  001E                     	;# 
   555  001F                     	;# 
   556  008C                     	;# 
   557  008D                     	;# 
   558  0091                     	;# 
   559  0092                     	;# 
   560  0093                     	;# 
   561  0094                     	;# 
   562  0095                     	;# 
   563  0096                     	;# 
   564  0097                     	;# 
   565  0098                     	;# 
   566  0099                     	;# 
   567  009A                     	;# 
   568  009B                     	;# 
   569  009B                     	;# 
   570  009C                     	;# 
   571  009D                     	;# 
   572  009E                     	;# 
   573  010C                     	;# 
   574  010D                     	;# 
   575  0111                     	;# 
   576  0112                     	;# 
   577  0113                     	;# 
   578  0114                     	;# 
   579  0115                     	;# 
   580  0116                     	;# 
   581  0117                     	;# 
   582  0118                     	;# 
   583  0119                     	;# 
   584  011A                     	;# 
   585  011B                     	;# 
   586  011D                     	;# 
   587  011E                     	;# 
   588  018C                     	;# 
   589  018D                     	;# 
   590  0191                     	;# 
   591  0191                     	;# 
   592  0192                     	;# 
   593  0193                     	;# 
   594  0193                     	;# 
   595  0193                     	;# 
   596  0194                     	;# 
   597  0195                     	;# 
   598  0196                     	;# 
   599  0199                     	;# 
   600  019A                     	;# 
   601  019B                     	;# 
   602  019B                     	;# 
   603  019B                     	;# 
   604  019B                     	;# 
   605  019C                     	;# 
   606  019C                     	;# 
   607  019D                     	;# 
   608  019E                     	;# 
   609  019F                     	;# 
   610  020C                     	;# 
   611  020D                     	;# 
   612  0211                     	;# 
   613  0211                     	;# 
   614  0212                     	;# 
   615  0212                     	;# 
   616  0213                     	;# 
   617  0213                     	;# 
   618  0214                     	;# 
   619  0214                     	;# 
   620  0215                     	;# 
   621  0215                     	;# 
   622  0215                     	;# 
   623  0216                     	;# 
   624  0216                     	;# 
   625  0217                     	;# 
   626  0217                     	;# 
   627  0219                     	;# 
   628  021A                     	;# 
   629  021B                     	;# 
   630  021C                     	;# 
   631  021D                     	;# 
   632  021E                     	;# 
   633  021F                     	;# 
   634  0291                     	;# 
   635  0291                     	;# 
   636  0292                     	;# 
   637  0293                     	;# 
   638  0294                     	;# 
   639  0295                     	;# 
   640  0295                     	;# 
   641  0296                     	;# 
   642  0298                     	;# 
   643  0298                     	;# 
   644  0299                     	;# 
   645  029A                     	;# 
   646  029B                     	;# 
   647  029C                     	;# 
   648  029C                     	;# 
   649  029D                     	;# 
   650  029E                     	;# 
   651  029E                     	;# 
   652  0311                     	;# 
   653  0311                     	;# 
   654  0312                     	;# 
   655  0313                     	;# 
   656  0318                     	;# 
   657  0318                     	;# 
   658  0319                     	;# 
   659  031A                     	;# 
   660  0394                     	;# 
   661  0395                     	;# 
   662  0396                     	;# 
   663  039A                     	;# 
   664  039C                     	;# 
   665  039D                     	;# 
   666  039E                     	;# 
   667  039F                     	;# 
   668  0415                     	;# 
   669  0416                     	;# 
   670  0417                     	;# 
   671  041C                     	;# 
   672  041D                     	;# 
   673  041E                     	;# 
   674  0FE4                     	;# 
   675  0FE5                     	;# 
   676  0FE6                     	;# 
   677  0FE7                     	;# 
   678  0FE8                     	;# 
   679  0FE9                     	;# 
   680  0FEA                     	;# 
   681  0FEB                     	;# 
   682  0FED                     	;# 
   683  0FEE                     	;# 
   684  0FEF                     	;# 
   685  000C                     _PORTAbits	set	12
   686  000D                     _PORTB	set	13
   687  0097                     _WDTCON	set	151
   688  0098                     _OSCTUNE	set	152
   689  0099                     _OSCCON	set	153
   690  0095                     _OPTION_REGbits	set	149
   691  008D                     _TRISB	set	141
   692  008C                     _TRISA	set	140
   693  0116                     _BORCON	set	278
   694  011E                     _APFCON1	set	286
   695  011D                     _APFCON0	set	285
   696  010D                     _LATB	set	269
   697  010C                     _LATA	set	268
   698  018C                     _ANSELA	set	396
   699  018D                     _ANSELB	set	397
   700  020C                     _WPUA	set	524
   701  020D                     _WPUB	set	525
   702                           
   703                           	psect	cinit
   704  07FB                     start_initialization:	
   705                           ; #config settings
   706                           
   707  07FB                     __initialization:
   708                           
   709                           ; Clear objects allocated to COMMON
   710  07FB  01F5               	clrf	__pbssCOMMON& (0+127)
   711  07FC  01F6               	clrf	(__pbssCOMMON+1)& (0+127)
   712  07FD                     end_of_initialization:	
   713                           ;End of C runtime variable initialization code
   714                           
   715  07FD                     __end_of__initialization:
   716  07FD  0020               	movlb	0
   717  07FE  3187  2F51         	ljmp	_main	;jump to C main() function
   718                           
   719                           	psect	bssCOMMON
   720  0075                     __pbssCOMMON:
   721  0075                     _c:
   722  0075                     	ds	1
   723  0076                     _s:
   724  0076                     	ds	1
   725                           
   726                           	psect	cstackCOMMON
   727  0070                     __pcstackCOMMON:
   728  0070                     ?_OSCILLATOR_Initialize:
   729  0070                     ??_OSCILLATOR_Initialize:	
   730                           ; 1 bytes @ 0x0
   731                           
   732  0070                     ?_WDT_Initialize:	
   733                           ; 1 bytes @ 0x0
   734                           
   735  0070                     ??_WDT_Initialize:	
   736                           ; 1 bytes @ 0x0
   737                           
   738  0070                     ?_Supercar:	
   739                           ; 1 bytes @ 0x0
   740                           
   741  0070                     ??_Supercar:	
   742                           ; 1 bytes @ 0x0
   743                           
   744  0070                     ?_PalleR:	
   745                           ; 1 bytes @ 0x0
   746                           
   747  0070                     ??_PalleR:	
   748                           ; 1 bytes @ 0x0
   749                           
   750  0070                     ?_PariDispari:	
   751                           ; 1 bytes @ 0x0
   752                           
   753  0070                     ??_PariDispari:	
   754                           ; 1 bytes @ 0x0
   755                           
   756  0070                     ?_LampSfas:	
   757                           ; 1 bytes @ 0x0
   758                           
   759  0070                     ??_LampSfas:	
   760                           ; 1 bytes @ 0x0
   761                           
   762  0070                     ?_PIN_MANAGER_Initialize:	
   763                           ; 1 bytes @ 0x0
   764                           
   765  0070                     ??_PIN_MANAGER_Initialize:	
   766                           ; 1 bytes @ 0x0
   767                           
   768  0070                     ?_SYSTEM_Initialize:	
   769                           ; 1 bytes @ 0x0
   770                           
   771  0070                     ??_SYSTEM_Initialize:	
   772                           ; 1 bytes @ 0x0
   773                           
   774  0070                     ?_main:	
   775                           ; 1 bytes @ 0x0
   776                           
   777                           
   778                           ; 1 bytes @ 0x0
   779  0070                     	ds	1
   780  0071                     Supercar@i:
   781  0071                     PalleR@a:	
   782                           ; 1 bytes @ 0x1
   783                           
   784                           
   785                           ; 1 bytes @ 0x1
   786  0071                     	ds	1
   787  0072                     PalleR@b:
   788  0072                     PariDispari@i:	
   789                           ; 1 bytes @ 0x2
   790                           
   791                           
   792                           ; 1 bytes @ 0x2
   793  0072                     	ds	1
   794  0073                     PalleR@i:
   795                           
   796                           ; 1 bytes @ 0x3
   797  0073                     	ds	1
   798  0074                     ??_main:
   799                           
   800                           ; 1 bytes @ 0x4
   801  0074                     	ds	1
   802                           
   803                           	psect	maintext
   804  0751                     __pmaintext:	
   805 ;;
   806 ;;Main: autosize = 0, tempsize = 1, incstack = 0, save=0
   807 ;;
   808 ;; *************** function _main *****************
   809 ;; Defined at:
   810 ;;		line 19 in file "main.c"
   811 ;; Parameters:    Size  Location     Type
   812 ;;		None
   813 ;; Auto vars:     Size  Location     Type
   814 ;;		None
   815 ;; Return value:  Size  Location     Type
   816 ;;                  1    wreg      void 
   817 ;; Registers used:
   818 ;;		wreg, status,2, status,0, pclath, cstack
   819 ;; Tracked objects:
   820 ;;		On entry : B1F/0
   821 ;;		On exit  : 0/0
   822 ;;		Unchanged: 0/0
   823 ;; Data sizes:     COMMON   BANK0   BANK1   BANK2   BANK3   BANK4
   824 ;;      Params:         0       0       0       0       0       0
   825 ;;      Locals:         0       0       0       0       0       0
   826 ;;      Temps:          1       0       0       0       0       0
   827 ;;      Totals:         1       0       0       0       0       0
   828 ;;Total ram usage:        1 bytes
   829 ;; Hardware stack levels required when called:    2
   830 ;; This function calls:
   831 ;;		_LampSfas
   832 ;;		_PalleR
   833 ;;		_PariDispari
   834 ;;		_SYSTEM_Initialize
   835 ;;		_Supercar
   836 ;; This function is called by:
   837 ;;		Startup code after reset
   838 ;; This function uses a non-reentrant model
   839 ;;
   840                           
   841                           
   842                           ;psect for function _main
   843  0751                     _main:
   844  0751                     l825:	
   845                           ;incstack = 0
   846                           ; Regs used in _main: [wreg+status,2+status,0+pclath+cstack]
   847                           
   848                           
   849                           ;main.c: 21:     PORTB=0b00000000;
   850  0751  0020               	movlb	0	; select bank0
   851  0752  018D               	clrf	13	;volatile
   852  0753                     l827:
   853                           
   854                           ;main.c: 24:     SYSTEM_Initialize();
   855  0753  3186  269F  3187   	fcall	_SYSTEM_Initialize
   856  0756                     l829:
   857                           
   858                           ;main.c: 42:     {;main.c: 43:         if(PORTAbits.RA3==1)
   859  0756  0020               	movlb	0	; select bank0
   860  0757  1D8C               	btfss	12,3	;volatile
   861  0758  2F5A               	goto	u91
   862  0759  2F5B               	goto	u90
   863  075A                     u91:
   864  075A  2F5D               	goto	l833
   865  075B                     u90:
   866  075B                     l831:
   867                           
   868                           ;main.c: 44:         {;main.c: 45:             c=0;
   869  075B  01F5               	clrf	_c
   870                           
   871                           ;main.c: 46:             PORTB=0b00000000;
   872  075C  018D               	clrf	13	;volatile
   873  075D                     l833:
   874                           
   875                           ;main.c: 49:         if(PORTAbits.RA2==1)
   876  075D  1D0C               	btfss	12,2	;volatile
   877  075E  2F60               	goto	u101
   878  075F  2F61               	goto	u100
   879  0760                     u101:
   880  0760  2F65               	goto	l78
   881  0761                     u100:
   882  0761                     l835:
   883                           
   884                           ;main.c: 50:         {;main.c: 51:             c++;
   885  0761  3001               	movlw	1
   886  0762  00F4               	movwf	??_main
   887  0763  0874               	movf	??_main,w
   888  0764  07F5               	addwf	_c,f
   889  0765                     l78:	
   890                           ;main.c: 52:         }
   891                           
   892                           
   893                           ;main.c: 53:         if(c==1)
   894  0765  0375               	decf	_c,w
   895  0766  1D03               	btfss	3,2
   896  0767  2F69               	goto	u111
   897  0768  2F6A               	goto	u110
   898  0769                     u111:
   899  0769  2F6D               	goto	l839
   900  076A                     u110:
   901  076A                     l837:
   902                           
   903                           ;main.c: 54:         {;main.c: 55:             Supercar();
   904  076A  3186  26DC  3187   	fcall	_Supercar
   905  076D                     l839:
   906                           
   907                           ;main.c: 57:         if(c==2)
   908  076D  3002               	movlw	2
   909  076E  0675               	xorwf	_c,w
   910  076F  1D03               	btfss	3,2
   911  0770  2F72               	goto	u121
   912  0771  2F73               	goto	u120
   913  0772                     u121:
   914  0772  2F76               	goto	l843
   915  0773                     u120:
   916  0773                     l841:
   917                           
   918                           ;main.c: 58:         {;main.c: 59:             PalleR();
   919  0773  3187  270A  3187   	fcall	_PalleR
   920  0776                     l843:
   921                           
   922                           ;main.c: 61:         if(c==3)
   923  0776  3003               	movlw	3
   924  0777  0675               	xorwf	_c,w
   925  0778  1D03               	btfss	3,2
   926  0779  2F7B               	goto	u131
   927  077A  2F7C               	goto	u130
   928  077B                     u131:
   929  077B  2F7F               	goto	l847
   930  077C                     u130:
   931  077C                     l845:
   932                           
   933                           ;main.c: 62:         {;main.c: 63:             PariDispari();
   934  077C  3187  279B  3187   	fcall	_PariDispari
   935  077F                     l847:
   936                           
   937                           ;main.c: 65:         if(c==4)
   938  077F  3004               	movlw	4
   939  0780  0675               	xorwf	_c,w
   940  0781  1D03               	btfss	3,2
   941  0782  2F84               	goto	u141
   942  0783  2F85               	goto	u140
   943  0784                     u141:
   944  0784  2F86               	goto	l851
   945  0785                     u140:
   946  0785                     l849:
   947                           
   948                           ;main.c: 66:         {;main.c: 67:             c=0;
   949  0785  01F5               	clrf	_c
   950  0786                     l851:
   951                           
   952                           ;main.c: 69:         if(PORTAbits.RA4==1)
   953  0786  0020               	movlb	0	; select bank0
   954  0787  1E0C               	btfss	12,4	;volatile
   955  0788  2F8A               	goto	u151
   956  0789  2F8B               	goto	u150
   957  078A                     u151:
   958  078A  2F8F               	goto	l855
   959  078B                     u150:
   960  078B                     l853:
   961                           
   962                           ;main.c: 70:         {;main.c: 71:             c=5;
   963  078B  3005               	movlw	5
   964  078C  00F4               	movwf	??_main
   965  078D  0874               	movf	??_main,w
   966  078E  00F5               	movwf	_c
   967  078F                     l855:
   968                           
   969                           ;main.c: 73:         if(c==5)
   970  078F  3005               	movlw	5
   971  0790  0675               	xorwf	_c,w
   972  0791  1D03               	btfss	3,2
   973  0792  2F94               	goto	u161
   974  0793  2F95               	goto	u160
   975  0794                     u161:
   976  0794  2F56               	goto	l829
   977  0795                     u160:
   978  0795                     l857:
   979                           
   980                           ;main.c: 74:         {;main.c: 75:              LampSfas();
   981  0795  3186  26BD  3187   	fcall	_LampSfas
   982  0798  2F56               	goto	l829
   983  0799  3180  2802         	ljmp	start
   984  079B                     __end_of_main:
   985                           
   986                           	psect	text1
   987  06DC                     __ptext1:	
   988 ;; *************** function _Supercar *****************
   989 ;; Defined at:
   990 ;;		line 79 in file "main.c"
   991 ;; Parameters:    Size  Location     Type
   992 ;;		None
   993 ;; Auto vars:     Size  Location     Type
   994 ;;  i               1    1[COMMON] unsigned char 
   995 ;; Return value:  Size  Location     Type
   996 ;;                  1    wreg      void 
   997 ;; Registers used:
   998 ;;		wreg, status,2, status,0
   999 ;; Tracked objects:
  1000 ;;		On entry : 0/0
  1001 ;;		On exit  : 0/0
  1002 ;;		Unchanged: 0/0
  1003 ;; Data sizes:     COMMON   BANK0   BANK1   BANK2   BANK3   BANK4
  1004 ;;      Params:         0       0       0       0       0       0
  1005 ;;      Locals:         1       0       0       0       0       0
  1006 ;;      Temps:          1       0       0       0       0       0
  1007 ;;      Totals:         2       0       0       0       0       0
  1008 ;;Total ram usage:        2 bytes
  1009 ;; Hardware stack levels used:    1
  1010 ;; This function calls:
  1011 ;;		Nothing
  1012 ;; This function is called by:
  1013 ;;		_main
  1014 ;; This function uses a non-reentrant model
  1015 ;;
  1016                           
  1017                           
  1018                           ;psect for function _Supercar
  1019  06DC                     _Supercar:
  1020  06DC                     l741:	
  1021                           ;incstack = 0
  1022                           ; Regs used in _Supercar: [wreg+status,2+status,0]
  1023                           
  1024  06DC                     l743:
  1025                           
  1026                           ;main.c: 82:     PORTB=0b00000001;
  1027  06DC  3001               	movlw	1
  1028  06DD  0020               	movlb	0	; select bank0
  1029  06DE  008D               	movwf	13	;volatile
  1030  06DF                     l745:
  1031                           
  1032                           ;main.c: 83:     for(i=0;i<7;i++)
  1033  06DF  01F1               	clrf	Supercar@i
  1034  06E0                     l749:
  1035                           
  1036                           ;main.c: 84:     {;main.c: 85:         PORTB=PORTB<<1;
  1037  06E0  0020               	movlb	0	; select bank0
  1038  06E1  350D               	lslf	13,w	;volatile
  1039  06E2  008D               	movwf	13	;volatile
  1040  06E3                     l751:
  1041                           
  1042                           ;main.c: 86:         _delay((unsigned long)((100)*(4000000/4000.0)));
  1043  06E3  3082               	movlw	130
  1044  06E4  00F0               	movwf	??_Supercar
  1045  06E5  30DE               	movlw	222
  1046  06E6                     u177:
  1047  06E6  0B89               	decfsz	9,f
  1048  06E7  2EE6               	goto	u177
  1049  06E8  0BF0               	decfsz	??_Supercar,f
  1050  06E9  2EE6               	goto	u177
  1051  06EA                     l753:
  1052                           
  1053                           ;main.c: 87:     }
  1054  06EA  3001               	movlw	1
  1055  06EB  00F0               	movwf	??_Supercar
  1056  06EC  0870               	movf	??_Supercar,w
  1057  06ED  07F1               	addwf	Supercar@i,f
  1058  06EE  3007               	movlw	7
  1059  06EF  0271               	subwf	Supercar@i,w
  1060  06F0  1C03               	skipc
  1061  06F1  2EF3               	goto	u11
  1062  06F2  2EF4               	goto	u10
  1063  06F3                     u11:
  1064  06F3  2EE0               	goto	l749
  1065  06F4                     u10:
  1066  06F4                     l755:
  1067                           
  1068                           ;main.c: 88:     for(i=0;i<7;i++)
  1069  06F4  01F1               	clrf	Supercar@i
  1070  06F5                     l761:
  1071                           
  1072                           ;main.c: 89:     {;main.c: 90:         PORTB=PORTB>>1;
  1073  06F5  0020               	movlb	0	; select bank0
  1074  06F6  360D               	lsrf	13,w	;volatile
  1075  06F7  008D               	movwf	13	;volatile
  1076  06F8                     l763:
  1077                           
  1078                           ;main.c: 91:         _delay((unsigned long)((100)*(4000000/4000.0)));
  1079  06F8  3082               	movlw	130
  1080  06F9  00F0               	movwf	??_Supercar
  1081  06FA  30DE               	movlw	222
  1082  06FB                     u187:
  1083  06FB  0B89               	decfsz	9,f
  1084  06FC  2EFB               	goto	u187
  1085  06FD  0BF0               	decfsz	??_Supercar,f
  1086  06FE  2EFB               	goto	u187
  1087  06FF                     l765:
  1088                           
  1089                           ;main.c: 92:     }
  1090  06FF  3001               	movlw	1
  1091  0700  00F0               	movwf	??_Supercar
  1092  0701  0870               	movf	??_Supercar,w
  1093  0702  07F1               	addwf	Supercar@i,f
  1094  0703  3007               	movlw	7
  1095  0704  0271               	subwf	Supercar@i,w
  1096  0705  1C03               	skipc
  1097  0706  2F08               	goto	u21
  1098  0707  2F09               	goto	u20
  1099  0708                     u21:
  1100  0708  2EF5               	goto	l761
  1101  0709                     u20:
  1102  0709                     l94:
  1103  0709  0008               	return
  1104  070A                     __end_of_Supercar:
  1105                           
  1106                           	psect	text2
  1107  069F                     __ptext2:	
  1108 ;; *************** function _SYSTEM_Initialize *****************
  1109 ;; Defined at:
  1110 ;;		line 50 in file "mcc_generated_files/mcc.c"
  1111 ;; Parameters:    Size  Location     Type
  1112 ;;		None
  1113 ;; Auto vars:     Size  Location     Type
  1114 ;;		None
  1115 ;; Return value:  Size  Location     Type
  1116 ;;                  1    wreg      void 
  1117 ;; Registers used:
  1118 ;;		wreg, status,2, status,0, pclath, cstack
  1119 ;; Tracked objects:
  1120 ;;		On entry : 0/0
  1121 ;;		On exit  : 0/0
  1122 ;;		Unchanged: 0/0
  1123 ;; Data sizes:     COMMON   BANK0   BANK1   BANK2   BANK3   BANK4
  1124 ;;      Params:         0       0       0       0       0       0
  1125 ;;      Locals:         0       0       0       0       0       0
  1126 ;;      Temps:          0       0       0       0       0       0
  1127 ;;      Totals:         0       0       0       0       0       0
  1128 ;;Total ram usage:        0 bytes
  1129 ;; Hardware stack levels used:    1
  1130 ;; Hardware stack levels required when called:    1
  1131 ;; This function calls:
  1132 ;;		_OSCILLATOR_Initialize
  1133 ;;		_PIN_MANAGER_Initialize
  1134 ;;		_WDT_Initialize
  1135 ;; This function is called by:
  1136 ;;		_main
  1137 ;; This function uses a non-reentrant model
  1138 ;;
  1139                           
  1140                           
  1141                           ;psect for function _SYSTEM_Initialize
  1142  069F                     _SYSTEM_Initialize:
  1143  069F                     l739:	
  1144                           ;incstack = 0
  1145                           ; Regs used in _SYSTEM_Initialize: [wreg+status,2+status,0+pclath+cstack]
  1146                           
  1147                           
  1148                           ;mcc_generated_files/mcc.c: 53:     PIN_MANAGER_Initialize();
  1149  069F  3186  26A9  3186   	fcall	_PIN_MANAGER_Initialize
  1150                           
  1151                           ;mcc_generated_files/mcc.c: 54:     OSCILLATOR_Initialize();
  1152  06A2  3186  2698  3186   	fcall	_OSCILLATOR_Initialize
  1153                           
  1154                           ;mcc_generated_files/mcc.c: 55:     WDT_Initialize();
  1155  06A5  3186  2694  3186   	fcall	_WDT_Initialize
  1156  06A8                     l45:
  1157  06A8  0008               	return
  1158  06A9                     __end_of_SYSTEM_Initialize:
  1159                           
  1160                           	psect	text3
  1161  0694                     __ptext3:	
  1162 ;; *************** function _WDT_Initialize *****************
  1163 ;; Defined at:
  1164 ;;		line 68 in file "mcc_generated_files/mcc.c"
  1165 ;; Parameters:    Size  Location     Type
  1166 ;;		None
  1167 ;; Auto vars:     Size  Location     Type
  1168 ;;		None
  1169 ;; Return value:  Size  Location     Type
  1170 ;;                  1    wreg      void 
  1171 ;; Registers used:
  1172 ;;		wreg
  1173 ;; Tracked objects:
  1174 ;;		On entry : 0/0
  1175 ;;		On exit  : 0/0
  1176 ;;		Unchanged: 0/0
  1177 ;; Data sizes:     COMMON   BANK0   BANK1   BANK2   BANK3   BANK4
  1178 ;;      Params:         0       0       0       0       0       0
  1179 ;;      Locals:         0       0       0       0       0       0
  1180 ;;      Temps:          0       0       0       0       0       0
  1181 ;;      Totals:         0       0       0       0       0       0
  1182 ;;Total ram usage:        0 bytes
  1183 ;; Hardware stack levels used:    1
  1184 ;; This function calls:
  1185 ;;		Nothing
  1186 ;; This function is called by:
  1187 ;;		_SYSTEM_Initialize
  1188 ;; This function uses a non-reentrant model
  1189 ;;
  1190                           
  1191                           
  1192                           ;psect for function _WDT_Initialize
  1193  0694                     _WDT_Initialize:
  1194  0694                     l737:	
  1195                           ;incstack = 0
  1196                           ; Regs used in _WDT_Initialize: [wreg]
  1197                           
  1198                           
  1199                           ;mcc_generated_files/mcc.c: 71:     WDTCON = 0x16;
  1200  0694  3016               	movlw	22
  1201  0695  0021               	movlb	1	; select bank1
  1202  0696  0097               	movwf	23	;volatile
  1203  0697                     l51:
  1204  0697  0008               	return
  1205  0698                     __end_of_WDT_Initialize:
  1206                           
  1207                           	psect	text4
  1208  06A9                     __ptext4:	
  1209 ;; *************** function _PIN_MANAGER_Initialize *****************
  1210 ;; Defined at:
  1211 ;;		line 55 in file "mcc_generated_files/pin_manager.c"
  1212 ;; Parameters:    Size  Location     Type
  1213 ;;		None
  1214 ;; Auto vars:     Size  Location     Type
  1215 ;;		None
  1216 ;; Return value:  Size  Location     Type
  1217 ;;                  1    wreg      void 
  1218 ;; Registers used:
  1219 ;;		wreg, status,2
  1220 ;; Tracked objects:
  1221 ;;		On entry : 0/0
  1222 ;;		On exit  : 0/0
  1223 ;;		Unchanged: 0/0
  1224 ;; Data sizes:     COMMON   BANK0   BANK1   BANK2   BANK3   BANK4
  1225 ;;      Params:         0       0       0       0       0       0
  1226 ;;      Locals:         0       0       0       0       0       0
  1227 ;;      Temps:          0       0       0       0       0       0
  1228 ;;      Totals:         0       0       0       0       0       0
  1229 ;;Total ram usage:        0 bytes
  1230 ;; Hardware stack levels used:    1
  1231 ;; This function calls:
  1232 ;;		Nothing
  1233 ;; This function is called by:
  1234 ;;		_SYSTEM_Initialize
  1235 ;; This function uses a non-reentrant model
  1236 ;;
  1237                           
  1238                           
  1239                           ;psect for function _PIN_MANAGER_Initialize
  1240  06A9                     _PIN_MANAGER_Initialize:
  1241  06A9                     l719:	
  1242                           ;incstack = 0
  1243                           ; Regs used in _PIN_MANAGER_Initialize: [wreg+status,2]
  1244                           
  1245                           
  1246                           ;mcc_generated_files/pin_manager.c: 60:     LATA = 0x00;
  1247  06A9  0022               	movlb	2	; select bank2
  1248  06AA  018C               	clrf	12	;volatile
  1249                           
  1250                           ;mcc_generated_files/pin_manager.c: 61:     LATB = 0x00;
  1251  06AB  018D               	clrf	13	;volatile
  1252  06AC                     l721:
  1253                           
  1254                           ;mcc_generated_files/pin_manager.c: 66:     TRISA = 0xFF;
  1255  06AC  30FF               	movlw	255
  1256  06AD  0021               	movlb	1	; select bank1
  1257  06AE  008C               	movwf	12	;volatile
  1258  06AF                     l723:
  1259                           
  1260                           ;mcc_generated_files/pin_manager.c: 67:     TRISB = 0x00;
  1261  06AF  018D               	clrf	13	;volatile
  1262  06B0                     l725:
  1263                           
  1264                           ;mcc_generated_files/pin_manager.c: 72:     ANSELB = 0x00;
  1265  06B0  0023               	movlb	3	; select bank3
  1266  06B1  018D               	clrf	13	;volatile
  1267  06B2                     l727:
  1268                           
  1269                           ;mcc_generated_files/pin_manager.c: 73:     ANSELA = 0x03;
  1270  06B2  3003               	movlw	3
  1271  06B3  008C               	movwf	12	;volatile
  1272                           
  1273                           ;mcc_generated_files/pin_manager.c: 78:     WPUB = 0x00;
  1274  06B4  0024               	movlb	4	; select bank4
  1275  06B5  018D               	clrf	13	;volatile
  1276                           
  1277                           ;mcc_generated_files/pin_manager.c: 79:     WPUA = 0x00;
  1278  06B6  018C               	clrf	12	;volatile
  1279  06B7                     l729:
  1280                           
  1281                           ;mcc_generated_files/pin_manager.c: 80:     OPTION_REGbits.nWPUEN = 1;
  1282  06B7  0021               	movlb	1	; select bank1
  1283  06B8  1795               	bsf	21,7	;volatile
  1284                           
  1285                           ;mcc_generated_files/pin_manager.c: 86:     APFCON0 = 0x00;
  1286  06B9  0022               	movlb	2	; select bank2
  1287  06BA  019D               	clrf	29	;volatile
  1288                           
  1289                           ;mcc_generated_files/pin_manager.c: 87:     APFCON1 = 0x00;
  1290  06BB  019E               	clrf	30	;volatile
  1291  06BC                     l25:
  1292  06BC  0008               	return
  1293  06BD                     __end_of_PIN_MANAGER_Initialize:
  1294                           
  1295                           	psect	text5
  1296  0698                     __ptext5:	
  1297 ;; *************** function _OSCILLATOR_Initialize *****************
  1298 ;; Defined at:
  1299 ;;		line 58 in file "mcc_generated_files/mcc.c"
  1300 ;; Parameters:    Size  Location     Type
  1301 ;;		None
  1302 ;; Auto vars:     Size  Location     Type
  1303 ;;		None
  1304 ;; Return value:  Size  Location     Type
  1305 ;;                  1    wreg      void 
  1306 ;; Registers used:
  1307 ;;		wreg, status,2
  1308 ;; Tracked objects:
  1309 ;;		On entry : 0/0
  1310 ;;		On exit  : 0/0
  1311 ;;		Unchanged: 0/0
  1312 ;; Data sizes:     COMMON   BANK0   BANK1   BANK2   BANK3   BANK4
  1313 ;;      Params:         0       0       0       0       0       0
  1314 ;;      Locals:         0       0       0       0       0       0
  1315 ;;      Temps:          0       0       0       0       0       0
  1316 ;;      Totals:         0       0       0       0       0       0
  1317 ;;Total ram usage:        0 bytes
  1318 ;; Hardware stack levels used:    1
  1319 ;; This function calls:
  1320 ;;		Nothing
  1321 ;; This function is called by:
  1322 ;;		_SYSTEM_Initialize
  1323 ;; This function uses a non-reentrant model
  1324 ;;
  1325                           
  1326                           
  1327                           ;psect for function _OSCILLATOR_Initialize
  1328  0698                     _OSCILLATOR_Initialize:
  1329  0698                     l731:	
  1330                           ;incstack = 0
  1331                           ; Regs used in _OSCILLATOR_Initialize: [wreg+status,2]
  1332                           
  1333                           
  1334                           ;mcc_generated_files/mcc.c: 61:     OSCCON = 0x6A;
  1335  0698  306A               	movlw	106
  1336  0699  0021               	movlb	1	; select bank1
  1337  069A  0099               	movwf	25	;volatile
  1338  069B                     l733:
  1339                           
  1340                           ;mcc_generated_files/mcc.c: 63:     OSCTUNE = 0x00;
  1341  069B  0198               	clrf	24	;volatile
  1342  069C                     l735:
  1343                           
  1344                           ;mcc_generated_files/mcc.c: 65:     BORCON = 0x00;
  1345  069C  0022               	movlb	2	; select bank2
  1346  069D  0196               	clrf	22	;volatile
  1347  069E                     l48:
  1348  069E  0008               	return
  1349  069F                     __end_of_OSCILLATOR_Initialize:
  1350                           
  1351                           	psect	text6
  1352  079B                     __ptext6:	
  1353 ;; *************** function _PariDispari *****************
  1354 ;; Defined at:
  1355 ;;		line 114 in file "main.c"
  1356 ;; Parameters:    Size  Location     Type
  1357 ;;		None
  1358 ;; Auto vars:     Size  Location     Type
  1359 ;;  i               1    2[COMMON] unsigned char 
  1360 ;; Return value:  Size  Location     Type
  1361 ;;                  1    wreg      void 
  1362 ;; Registers used:
  1363 ;;		wreg, status,2, status,0
  1364 ;; Tracked objects:
  1365 ;;		On entry : 0/0
  1366 ;;		On exit  : 0/0
  1367 ;;		Unchanged: 0/0
  1368 ;; Data sizes:     COMMON   BANK0   BANK1   BANK2   BANK3   BANK4
  1369 ;;      Params:         0       0       0       0       0       0
  1370 ;;      Locals:         1       0       0       0       0       0
  1371 ;;      Temps:          2       0       0       0       0       0
  1372 ;;      Totals:         3       0       0       0       0       0
  1373 ;;Total ram usage:        3 bytes
  1374 ;; Hardware stack levels used:    1
  1375 ;; This function calls:
  1376 ;;		Nothing
  1377 ;; This function is called by:
  1378 ;;		_main
  1379 ;; This function uses a non-reentrant model
  1380 ;;
  1381                           
  1382                           
  1383                           ;psect for function _PariDispari
  1384  079B                     _PariDispari:
  1385  079B                     l793:	
  1386                           ;incstack = 0
  1387                           ; Regs used in _PariDispari: [wreg+status,2+status,0]
  1388                           
  1389  079B                     l795:
  1390                           
  1391                           ;main.c: 117:         PORTB=0b00000010;
  1392  079B  3002               	movlw	2
  1393  079C  0020               	movlb	0	; select bank0
  1394  079D  008D               	movwf	13	;volatile
  1395  079E                     l797:
  1396                           
  1397                           ;main.c: 118:         _delay((unsigned long)((200)*(4000000/4000.0)));
  1398  079E  3002               	movlw	2
  1399  079F  00F1               	movwf	??_PariDispari+1
  1400  07A0  3004               	movlw	4
  1401  07A1  00F0               	movwf	??_PariDispari
  1402  07A2  30BA               	movlw	186
  1403  07A3                     u197:
  1404  07A3  0B89               	decfsz	9,f
  1405  07A4  2FA3               	goto	u197
  1406  07A5  0BF0               	decfsz	??_PariDispari,f
  1407  07A6  2FA3               	goto	u197
  1408  07A7  0BF1               	decfsz	??_PariDispari+1,f
  1409  07A8  2FA3               	goto	u197
  1410  07A9  3200               	nop2
  1411                           
  1412                           ;main.c: 119:         for(i=0;i<3;i++)
  1413  07AA  01F2               	clrf	PariDispari@i
  1414  07AB                     l803:
  1415                           
  1416                           ;main.c: 120:         {;main.c: 121:             PORTB=PORTB<<2;
  1417  07AB  0020               	movlb	0	; select bank0
  1418  07AC  080D               	movf	13,w	;volatile
  1419  07AD  00F0               	movwf	??_PariDispari
  1420  07AE  3001               	movlw	1
  1421  07AF                     u55:
  1422  07AF  35F0               	lslf	??_PariDispari,f
  1423  07B0  3EFF               	addlw	-1
  1424  07B1  1D03               	skipz
  1425  07B2  2FAF               	goto	u55
  1426  07B3  3570               	lslf	??_PariDispari,w
  1427  07B4  008D               	movwf	13	;volatile
  1428  07B5                     l805:
  1429                           
  1430                           ;main.c: 122:             _delay((unsigned long)((200)*(4000000/4000.0)));
  1431  07B5  3002               	movlw	2
  1432  07B6  00F1               	movwf	??_PariDispari+1
  1433  07B7  3004               	movlw	4
  1434  07B8  00F0               	movwf	??_PariDispari
  1435  07B9  30BA               	movlw	186
  1436  07BA                     u207:
  1437  07BA  0B89               	decfsz	9,f
  1438  07BB  2FBA               	goto	u207
  1439  07BC  0BF0               	decfsz	??_PariDispari,f
  1440  07BD  2FBA               	goto	u207
  1441  07BE  0BF1               	decfsz	??_PariDispari+1,f
  1442  07BF  2FBA               	goto	u207
  1443  07C0  3200               	nop2
  1444  07C1                     l807:
  1445                           
  1446                           ;main.c: 123:         }
  1447  07C1  3001               	movlw	1
  1448  07C2  00F0               	movwf	??_PariDispari
  1449  07C3  0870               	movf	??_PariDispari,w
  1450  07C4  07F2               	addwf	PariDispari@i,f
  1451  07C5  3003               	movlw	3
  1452  07C6  0272               	subwf	PariDispari@i,w
  1453  07C7  1C03               	skipc
  1454  07C8  2FCA               	goto	u61
  1455  07C9  2FCB               	goto	u60
  1456  07CA                     u61:
  1457  07CA  2FAB               	goto	l803
  1458  07CB                     u60:
  1459  07CB                     l809:
  1460                           
  1461                           ;main.c: 124:         PORTB=0b01000000;
  1462  07CB  3040               	movlw	64
  1463  07CC  0020               	movlb	0	; select bank0
  1464  07CD  008D               	movwf	13	;volatile
  1465                           
  1466                           ;main.c: 125:         _delay((unsigned long)((200)*(4000000/4000.0)));
  1467  07CE  3002               	movlw	2
  1468  07CF  00F1               	movwf	??_PariDispari+1
  1469  07D0  3004               	movlw	4
  1470  07D1  00F0               	movwf	??_PariDispari
  1471  07D2  30BA               	movlw	186
  1472  07D3                     u217:
  1473  07D3  0B89               	decfsz	9,f
  1474  07D4  2FD3               	goto	u217
  1475  07D5  0BF0               	decfsz	??_PariDispari,f
  1476  07D6  2FD3               	goto	u217
  1477  07D7  0BF1               	decfsz	??_PariDispari+1,f
  1478  07D8  2FD3               	goto	u217
  1479  07D9  3200               	nop2
  1480  07DA                     l811:
  1481                           
  1482                           ;main.c: 126:         for(i=0;i<3;i++)
  1483  07DA  01F2               	clrf	PariDispari@i
  1484  07DB                     l817:
  1485                           
  1486                           ;main.c: 127:         {;main.c: 128:             PORTB=PORTB>>2;
  1487  07DB  0020               	movlb	0	; select bank0
  1488  07DC  080D               	movf	13,w	;volatile
  1489  07DD  00F0               	movwf	??_PariDispari
  1490  07DE  3002               	movlw	2
  1491  07DF                     u75:
  1492  07DF  36F0               	lsrf	??_PariDispari,f
  1493  07E0  0B89               	decfsz	9,f
  1494  07E1  2FDF               	goto	u75
  1495  07E2  0870               	movf	??_PariDispari,w
  1496  07E3  008D               	movwf	13	;volatile
  1497  07E4                     l819:
  1498                           
  1499                           ;main.c: 129:             _delay((unsigned long)((200)*(4000000/4000.0)));
  1500  07E4  3002               	movlw	2
  1501  07E5  00F1               	movwf	??_PariDispari+1
  1502  07E6  3004               	movlw	4
  1503  07E7  00F0               	movwf	??_PariDispari
  1504  07E8  30BA               	movlw	186
  1505  07E9                     u227:
  1506  07E9  0B89               	decfsz	9,f
  1507  07EA  2FE9               	goto	u227
  1508  07EB  0BF0               	decfsz	??_PariDispari,f
  1509  07EC  2FE9               	goto	u227
  1510  07ED  0BF1               	decfsz	??_PariDispari+1,f
  1511  07EE  2FE9               	goto	u227
  1512  07EF  3200               	nop2
  1513  07F0                     l821:
  1514                           
  1515                           ;main.c: 130:         }
  1516  07F0  3001               	movlw	1
  1517  07F1  00F0               	movwf	??_PariDispari
  1518  07F2  0870               	movf	??_PariDispari,w
  1519  07F3  07F2               	addwf	PariDispari@i,f
  1520  07F4  3003               	movlw	3
  1521  07F5  0272               	subwf	PariDispari@i,w
  1522  07F6  1C03               	skipc
  1523  07F7  2FF9               	goto	u81
  1524  07F8  2FFA               	goto	u80
  1525  07F9                     u81:
  1526  07F9  2FDB               	goto	l817
  1527  07FA                     u80:
  1528  07FA                     l108:
  1529  07FA  0008               	return
  1530  07FB                     __end_of_PariDispari:
  1531                           
  1532                           	psect	text7
  1533  070A                     __ptext7:	
  1534 ;; *************** function _PalleR *****************
  1535 ;; Defined at:
  1536 ;;		line 94 in file "main.c"
  1537 ;; Parameters:    Size  Location     Type
  1538 ;;		None
  1539 ;; Auto vars:     Size  Location     Type
  1540 ;;  i               1    3[COMMON] unsigned char 
  1541 ;;  b               1    2[COMMON] unsigned char 
  1542 ;;  a               1    1[COMMON] unsigned char 
  1543 ;; Return value:  Size  Location     Type
  1544 ;;                  1    wreg      void 
  1545 ;; Registers used:
  1546 ;;		wreg, status,2, status,0
  1547 ;; Tracked objects:
  1548 ;;		On entry : 0/0
  1549 ;;		On exit  : 0/0
  1550 ;;		Unchanged: 0/0
  1551 ;; Data sizes:     COMMON   BANK0   BANK1   BANK2   BANK3   BANK4
  1552 ;;      Params:         0       0       0       0       0       0
  1553 ;;      Locals:         3       0       0       0       0       0
  1554 ;;      Temps:          1       0       0       0       0       0
  1555 ;;      Totals:         4       0       0       0       0       0
  1556 ;;Total ram usage:        4 bytes
  1557 ;; Hardware stack levels used:    1
  1558 ;; This function calls:
  1559 ;;		Nothing
  1560 ;; This function is called by:
  1561 ;;		_main
  1562 ;; This function uses a non-reentrant model
  1563 ;;
  1564                           
  1565                           
  1566                           ;psect for function _PalleR
  1567  070A                     _PalleR:
  1568  070A                     l767:	
  1569                           ;incstack = 0
  1570                           ; Regs used in _PalleR: [wreg+status,2+status,0]
  1571                           
  1572                           
  1573                           ;main.c: 96:     char a=0b00010000;
  1574  070A  3010               	movlw	16
  1575  070B  00F0               	movwf	??_PalleR
  1576  070C  0870               	movf	??_PalleR,w
  1577  070D  00F1               	movwf	PalleR@a
  1578                           
  1579                           ;main.c: 97:     char b=0b00001000;
  1580  070E  3008               	movlw	8
  1581  070F  00F0               	movwf	??_PalleR
  1582  0710  0870               	movf	??_PalleR,w
  1583  0711  00F2               	movwf	PalleR@b
  1584  0712                     l769:
  1585  0712                     l771:
  1586                           
  1587                           ;main.c: 99:     for(i=0;i<3;i++)
  1588  0712  01F3               	clrf	PalleR@i
  1589  0713                     l775:
  1590                           
  1591                           ;main.c: 100:        {;main.c: 101:             PORTB=a|b;
  1592  0713  0871               	movf	PalleR@a,w
  1593  0714  0472               	iorwf	PalleR@b,w
  1594  0715  0020               	movlb	0	; select bank0
  1595  0716  008D               	movwf	13	;volatile
  1596                           
  1597                           ;main.c: 102:             a=a<<1;
  1598  0717  3571               	lslf	PalleR@a,w
  1599  0718  00F0               	movwf	??_PalleR
  1600  0719  0870               	movf	??_PalleR,w
  1601  071A  00F1               	movwf	PalleR@a
  1602                           
  1603                           ;main.c: 103:             b=b>>1;
  1604  071B  3672               	lsrf	PalleR@b,w
  1605  071C  00F0               	movwf	??_PalleR
  1606  071D  0870               	movf	??_PalleR,w
  1607  071E  00F2               	movwf	PalleR@b
  1608  071F                     l777:
  1609                           
  1610                           ;main.c: 104:             _delay((unsigned long)((50)*(4000000/4000.0)));
  1611  071F  3041               	movlw	65
  1612  0720  00F0               	movwf	??_PalleR
  1613  0721  30EE               	movlw	238
  1614  0722                     u237:
  1615  0722  0B89               	decfsz	9,f
  1616  0723  2F22               	goto	u237
  1617  0724  0BF0               	decfsz	??_PalleR,f
  1618  0725  2F22               	goto	u237
  1619  0726  3200               	nop2
  1620  0727                     l779:
  1621                           
  1622                           ;main.c: 105:        }
  1623  0727  3001               	movlw	1
  1624  0728  00F0               	movwf	??_PalleR
  1625  0729  0870               	movf	??_PalleR,w
  1626  072A  07F3               	addwf	PalleR@i,f
  1627  072B  3003               	movlw	3
  1628  072C  0273               	subwf	PalleR@i,w
  1629  072D  1C03               	skipc
  1630  072E  2F30               	goto	u31
  1631  072F  2F31               	goto	u30
  1632  0730                     u31:
  1633  0730  2F13               	goto	l775
  1634  0731                     u30:
  1635  0731                     l781:
  1636                           
  1637                           ;main.c: 106:       for(i=0;i<3;i++)
  1638  0731  01F3               	clrf	PalleR@i
  1639  0732                     l787:
  1640                           
  1641                           ;main.c: 107:       {;main.c: 108:             PORTB=a|b;
  1642  0732  0871               	movf	PalleR@a,w
  1643  0733  0472               	iorwf	PalleR@b,w
  1644  0734  0020               	movlb	0	; select bank0
  1645  0735  008D               	movwf	13	;volatile
  1646                           
  1647                           ;main.c: 109:             a=a>>1;
  1648  0736  3671               	lsrf	PalleR@a,w
  1649  0737  00F0               	movwf	??_PalleR
  1650  0738  0870               	movf	??_PalleR,w
  1651  0739  00F1               	movwf	PalleR@a
  1652                           
  1653                           ;main.c: 110:             b=b<<1;
  1654  073A  3572               	lslf	PalleR@b,w
  1655  073B  00F0               	movwf	??_PalleR
  1656  073C  0870               	movf	??_PalleR,w
  1657  073D  00F2               	movwf	PalleR@b
  1658  073E                     l789:
  1659                           
  1660                           ;main.c: 111:             _delay((unsigned long)((50)*(4000000/4000.0)));
  1661  073E  3041               	movlw	65
  1662  073F  00F0               	movwf	??_PalleR
  1663  0740  30EE               	movlw	238
  1664  0741                     u247:
  1665  0741  0B89               	decfsz	9,f
  1666  0742  2F41               	goto	u247
  1667  0743  0BF0               	decfsz	??_PalleR,f
  1668  0744  2F41               	goto	u247
  1669  0745  3200               	nop2
  1670  0746                     l791:
  1671                           
  1672                           ;main.c: 112:       }
  1673  0746  3001               	movlw	1
  1674  0747  00F0               	movwf	??_PalleR
  1675  0748  0870               	movf	??_PalleR,w
  1676  0749  07F3               	addwf	PalleR@i,f
  1677  074A  3003               	movlw	3
  1678  074B  0273               	subwf	PalleR@i,w
  1679  074C  1C03               	skipc
  1680  074D  2F4F               	goto	u41
  1681  074E  2F50               	goto	u40
  1682  074F                     u41:
  1683  074F  2F32               	goto	l787
  1684  0750                     u40:
  1685  0750                     l101:
  1686  0750  0008               	return
  1687  0751                     __end_of_PalleR:
  1688                           
  1689                           	psect	text8
  1690  06BD                     __ptext8:	
  1691 ;; *************** function _LampSfas *****************
  1692 ;; Defined at:
  1693 ;;		line 132 in file "main.c"
  1694 ;; Parameters:    Size  Location     Type
  1695 ;;		None
  1696 ;; Auto vars:     Size  Location     Type
  1697 ;;		None
  1698 ;; Return value:  Size  Location     Type
  1699 ;;                  1    wreg      void 
  1700 ;; Registers used:
  1701 ;;		wreg
  1702 ;; Tracked objects:
  1703 ;;		On entry : 0/0
  1704 ;;		On exit  : 0/0
  1705 ;;		Unchanged: 0/0
  1706 ;; Data sizes:     COMMON   BANK0   BANK1   BANK2   BANK3   BANK4
  1707 ;;      Params:         0       0       0       0       0       0
  1708 ;;      Locals:         0       0       0       0       0       0
  1709 ;;      Temps:          2       0       0       0       0       0
  1710 ;;      Totals:         2       0       0       0       0       0
  1711 ;;Total ram usage:        2 bytes
  1712 ;; Hardware stack levels used:    1
  1713 ;; This function calls:
  1714 ;;		Nothing
  1715 ;; This function is called by:
  1716 ;;		_main
  1717 ;; This function uses a non-reentrant model
  1718 ;;
  1719                           
  1720                           
  1721                           ;psect for function _LampSfas
  1722  06BD                     _LampSfas:
  1723  06BD                     l823:	
  1724                           ;incstack = 0
  1725                           ; Regs used in _LampSfas: [wreg]
  1726                           
  1727                           
  1728                           ;main.c: 134:     PORTB=0b01010101;
  1729  06BD  3055               	movlw	85
  1730  06BE  0020               	movlb	0	; select bank0
  1731  06BF  008D               	movwf	13	;volatile
  1732                           
  1733                           ;main.c: 135:     _delay((unsigned long)((200)*(4000000/4000.0)));
  1734  06C0  3002               	movlw	2
  1735  06C1  00F1               	movwf	??_LampSfas+1
  1736  06C2  3004               	movlw	4
  1737  06C3  00F0               	movwf	??_LampSfas
  1738  06C4  30BA               	movlw	186
  1739  06C5                     u257:
  1740  06C5  0B89               	decfsz	9,f
  1741  06C6  2EC5               	goto	u257
  1742  06C7  0BF0               	decfsz	??_LampSfas,f
  1743  06C8  2EC5               	goto	u257
  1744  06C9  0BF1               	decfsz	??_LampSfas+1,f
  1745  06CA  2EC5               	goto	u257
  1746  06CB  3200               	nop2
  1747                           
  1748                           ;main.c: 136:     PORTB=0b10101010;
  1749  06CC  30AA               	movlw	170
  1750  06CD  0020               	movlb	0	; select bank0
  1751  06CE  008D               	movwf	13	;volatile
  1752                           
  1753                           ;main.c: 137:     _delay((unsigned long)((200)*(4000000/4000.0)));
  1754  06CF  3002               	movlw	2
  1755  06D0  00F1               	movwf	??_LampSfas+1
  1756  06D1  3004               	movlw	4
  1757  06D2  00F0               	movwf	??_LampSfas
  1758  06D3  30BA               	movlw	186
  1759  06D4                     u267:
  1760  06D4  0B89               	decfsz	9,f
  1761  06D5  2ED4               	goto	u267
  1762  06D6  0BF0               	decfsz	??_LampSfas,f
  1763  06D7  2ED4               	goto	u267
  1764  06D8  0BF1               	decfsz	??_LampSfas+1,f
  1765  06D9  2ED4               	goto	u267
  1766  06DA  3200               	nop2
  1767  06DB                     l111:
  1768  06DB  0008               	return
  1769  06DC                     __end_of_LampSfas:
  1770  007E                     btemp	set	126	;btemp
  1771  007E                     wtemp0	set	126
  1772                           
  1773                           	psect	config
  1774                           
  1775                           ;Config register CONFIG1 @ 0x8007
  1776                           ;	Oscillator Selection
  1777                           ;	FOSC = INTOSC, INTOSC oscillator: I/O function on CLKIN pin
  1778                           ;	Watchdog Timer Enable
  1779                           ;	WDTE = OFF, WDT disabled
  1780                           ;	Power-up Timer Enable
  1781                           ;	PWRTE = OFF, PWRT disabled
  1782                           ;	MCLR Pin Function Select
  1783                           ;	MCLRE = ON, MCLR/VPP pin function is MCLR
  1784                           ;	Flash Program Memory Code Protection
  1785                           ;	CP = OFF, Program memory code protection is disabled
  1786                           ;	Data Memory Code Protection
  1787                           ;	CPD = OFF, Data memory code protection is disabled
  1788                           ;	Brown-out Reset Enable
  1789                           ;	BOREN = ON, Brown-out Reset enabled
  1790                           ;	Clock Out Enable
  1791                           ;	CLKOUTEN = OFF, CLKOUT function is disabled. I/O or oscillator function on the CLKOUT 
      +                          pin
  1792                           ;	Internal/External Switchover
  1793                           ;	IESO = ON, Internal/External Switchover mode is enabled
  1794                           ;	Fail-Safe Clock Monitor Enable
  1795                           ;	FCMEN = ON, Fail-Safe Clock Monitor is enabled
  1796  8007                     	org	32775
  1797  8007  3FE4               	dw	16356
  1798                           
  1799                           ;Config register CONFIG2 @ 0x8008
  1800                           ;	Flash Memory Self-Write Protection
  1801                           ;	WRT = OFF, Write protection off
  1802                           ;	PLL Enable
  1803                           ;	PLLEN = OFF, 4x PLL disabled
  1804                           ;	Stack Overflow/Underflow Reset Enable
  1805                           ;	STVREN = ON, Stack Overflow or Underflow will cause a Reset
  1806                           ;	Brown-out Reset Voltage Selection
  1807                           ;	BORV = LO, Brown-out Reset Voltage (Vbor), low trip point selected.
  1808                           ;	Low-Voltage Programming Enable
  1809                           ;	LVP = ON, Low-voltage programming enabled
  1810  8008                     	org	32776
  1811  8008  3EFF               	dw	16127

Data Sizes:
    Strings     0
    Constant    0
    Data        0
    BSS         2
    Persistent  32
    Stack       0

Auto Spaces:
    Space          Size  Autos    Used
    COMMON           14      5       7
    BANK0            80      0       0
    BANK1            80      0       0
    BANK2            80      0       0
    BANK3            80      0       0
    BANK4            48      0       0

Pointer List with Targets:

    None.

Critical Paths under _main in COMMON

    _main->_PalleR

Critical Paths under _main in BANK0

    None.

Critical Paths under _main in BANK1

    None.

Critical Paths under _main in BANK2

    None.

Critical Paths under _main in BANK3

    None.

Critical Paths under _main in BANK4

    None.

Call Graph Tables:

 ---------------------------------------------------------------------------------
 (Depth) Function   	        Calls       Base Space   Used Autos Params    Refs
 ---------------------------------------------------------------------------------
 (0) _main                                                 1     1      0     300
                                              4 COMMON     1     1      0
                           _LampSfas
                             _PalleR
                        _PariDispari
                  _SYSTEM_Initialize
                           _Supercar
 ---------------------------------------------------------------------------------
 (1) _Supercar                                             2     2      0      60
                                              0 COMMON     2     2      0
 ---------------------------------------------------------------------------------
 (1) _SYSTEM_Initialize                                    0     0      0       0
              _OSCILLATOR_Initialize
             _PIN_MANAGER_Initialize
                     _WDT_Initialize
 ---------------------------------------------------------------------------------
 (2) _WDT_Initialize                                       0     0      0       0
 ---------------------------------------------------------------------------------
 (2) _PIN_MANAGER_Initialize                               0     0      0       0
 ---------------------------------------------------------------------------------
 (2) _OSCILLATOR_Initialize                                0     0      0       0
 ---------------------------------------------------------------------------------
 (1) _PariDispari                                          3     3      0      60
                                              0 COMMON     3     3      0
 ---------------------------------------------------------------------------------
 (1) _PalleR                                               4     4      0     180
                                              0 COMMON     4     4      0
 ---------------------------------------------------------------------------------
 (1) _LampSfas                                             2     2      0       0
                                              0 COMMON     2     2      0
 ---------------------------------------------------------------------------------
 Estimated maximum stack depth 2
 ---------------------------------------------------------------------------------

 Call Graph Graphs:

 _main (ROOT)
   _LampSfas
   _PalleR
   _PariDispari
   _SYSTEM_Initialize
     _OSCILLATOR_Initialize
     _PIN_MANAGER_Initialize
     _WDT_Initialize
   _Supercar

 Address spaces:
Name               Size   Autos  Total    Cost      Usage
BIGRAM             170      0       0       0        0.0%
EEDATA             100      0       0       0        0.0%
NULL                 0      0       0       0        0.0%
CODE                 0      0       0       0        0.0%
BITCOMMON            E      0       0       1        0.0%
BITSFR0              0      0       0       1        0.0%
SFR0                 0      0       0       1        0.0%
COMMON               E      5       7       2       50.0%
BITSFR1              0      0       0       2        0.0%
SFR1                 0      0       0       2        0.0%
BITSFR2              0      0       0       3        0.0%
SFR2                 0      0       0       3        0.0%
STACK                0      0       0       3        0.0%
BITSFR3              0      0       0       4        0.0%
SFR3                 0      0       0       4        0.0%
ABS                  0      0       7       4        0.0%
BITBANK0            50      0       0       5        0.0%
BITSFR4              0      0       0       5        0.0%
SFR4                 0      0       0       5        0.0%
BANK0               50      0       0       6        0.0%
BITSFR5              0      0       0       6        0.0%
SFR5                 0      0       0       6        0.0%
BITBANK1            50      0       0       7        0.0%
BITSFR6              0      0       0       7        0.0%
SFR6                 0      0       0       7        0.0%
BANK1               50      0       0       8        0.0%
BITSFR7              0      0       0       8        0.0%
SFR7                 0      0       0       8        0.0%
BITBANK2            50      0       0       9        0.0%
BITSFR8              0      0       0       9        0.0%
SFR8                 0      0       0       9        0.0%
BANK2               50      0       0      10        0.0%
BITSFR9              0      0       0      10        0.0%
SFR9                 0      0       0      10        0.0%
BITBANK3            50      0       0      11        0.0%
BITSFR10             0      0       0      11        0.0%
SFR10                0      0       0      11        0.0%
BANK3               50      0       0      12        0.0%
BITSFR11             0      0       0      12        0.0%
SFR11                0      0       0      12        0.0%
BITBANK4            30      0       0      13        0.0%
BITSFR12             0      0       0      13        0.0%
SFR12                0      0       0      13        0.0%
BANK4               30      0       0      14        0.0%
BITSFR13             0      0       0      14        0.0%
SFR13                0      0       0      14        0.0%
BITSFR14             0      0       0      15        0.0%
SFR14                0      0       0      15        0.0%
DATA                 0      0       7      15        0.0%
BITSFR15             0      0       0      16        0.0%
SFR15                0      0       0      16        0.0%
BITSFR16             0      0       0      17        0.0%
SFR16                0      0       0      17        0.0%
BITSFR17             0      0       0      18        0.0%
SFR17                0      0       0      18        0.0%
BITSFR18             0      0       0      19        0.0%
SFR18                0      0       0      19        0.0%
BITSFR19             0      0       0      20        0.0%
SFR19                0      0       0      20        0.0%
BITSFR20             0      0       0      21        0.0%
SFR20                0      0       0      21        0.0%
BITSFR21             0      0       0      22        0.0%
SFR21                0      0       0      22        0.0%
BITSFR22             0      0       0      23        0.0%
SFR22                0      0       0      23        0.0%
BITSFR23             0      0       0      24        0.0%
SFR23                0      0       0      24        0.0%
BITSFR24             0      0       0      25        0.0%
SFR24                0      0       0      25        0.0%
BITSFR25             0      0       0      26        0.0%
SFR25                0      0       0      26        0.0%
BITSFR26             0      0       0      27        0.0%
SFR26                0      0       0      27        0.0%
BITSFR27             0      0       0      28        0.0%
SFR27                0      0       0      28        0.0%
BITSFR28             0      0       0      29        0.0%
SFR28                0      0       0      29        0.0%
BITSFR29             0      0       0      30        0.0%
SFR29                0      0       0      30        0.0%
BITSFR30             0      0       0      31        0.0%
SFR30                0      0       0      31        0.0%
BITSFR31             0      0       0      32        0.0%
SFR31                0      0       0      32        0.0%


Microchip Technology PIC Macro Assembler V2.31 build 20201012212115 
Symbol Table                                                                                   Thu Sep 16 10:32:04 2021

                              _c 0075                                _s 0076                               l25 06BC  
                             l51 0697                               l45 06A8                               l48 069E  
                             l94 0709                               l78 0765                               u10 06F4  
                             u11 06F3                               u20 0709                               u21 0708  
                             u30 0731                               u31 0730                               u40 0750  
                             u41 074F                               u60 07CB                               u61 07CA  
                             u55 07AF                               u80 07FA                               u81 07F9  
                             u90 075B                               u75 07DF                               u91 075A  
                            l101 0750                              l111 06DB                              l108 07FA  
                            l721 06AC                              l811 07DA                              l803 07AB  
                            l731 0698                              l723 06AF                              l821 07F0  
                            l805 07B5                              l733 069B                              l725 06B0  
                            l741 06DC                              l823 06BD                              l807 07C1  
                            l735 069C                              l727 06B2                              l719 06A9  
                            l751 06E3                              l743 06DC                              l831 075B  
                            l817 07DB                              l809 07CB                              l729 06B7  
                            l737 0694                              l761 06F5                              l753 06EA  
                            l745 06DF                              l841 0773                              l833 075D  
                            l825 0751                              l771 0712                              l819 07E4  
                            l739 069F                              l763 06F8                              l755 06F4  
                            l851 0786                              l843 0776                              l835 0761  
                            l827 0753                              l781 0731                              l765 06FF  
                            l749 06E0                              l853 078B                              l845 077C  
                            l837 076A                              l829 0756                              l791 0746  
                            l775 0713                              l767 070A                              l855 078F  
                            l847 077F                              l839 076D                              l777 071F  
                            l769 0712                              l793 079B                              l857 0795  
                            l849 0785                              l787 0732                              l779 0727  
                            l795 079B                              l789 073E                              l797 079E  
                            u100 0761                              u101 0760                              u110 076A  
                            u111 0769                              u120 0773                              u121 0772  
                            u130 077C                              u131 077B                              u140 0785  
                            u141 0784                              u150 078B                              u207 07BA  
                            u151 078A                              u160 0795                              u217 07D3  
                            u161 0794                              u227 07E9                              u237 0722  
                            u247 0741                              u257 06C5                              u177 06E6  
                            u267 06D4                              u187 06FB                              u197 07A3  
                            wreg 0009                             _LATA 010C                             _LATB 010D  
                           _WPUA 020C                             _WPUB 020D                             _main 0751  
                           btemp 007E                             start 0002                    ??_PariDispari 0070  
 __size_of_OSCILLATOR_Initialize 0007    __end_of_OSCILLATOR_Initialize 069F                            ?_main 0070  
                          _PORTB 000D                            _TRISA 008C                            _TRISB 008D  
                 _WDT_Initialize 0694                            status 0003                            wtemp0 007E  
                __initialization 07FB                 __end_of_LampSfas 06DC                     __end_of_main 079B  
                         ??_main 0074           __end_of_WDT_Initialize 0698              __end_of_PariDispari 07FB  
               __end_of_Supercar 070A                           _ANSELA 018C                           _ANSELB 018D  
                         _BORCON 0116                           _OSCCON 0099                           _WDTCON 0097  
                         _PalleR 070A                  ?_WDT_Initialize 0070                _SYSTEM_Initialize 069F  
        __end_of__initialization 07FD               ?_SYSTEM_Initialize 0070                     PariDispari@i 0072  
                 __pcstackCOMMON 0070              ??_SYSTEM_Initialize 0070                      _PariDispari 079B  
                 _OPTION_REGbits 0095        __end_of_SYSTEM_Initialize 06A9                        ?_LampSfas 0070  
                        ?_PalleR 0070                       __pmaintext 0751                        ?_Supercar 0070  
                        _APFCON0 011D                          _APFCON1 011E                          _OSCTUNE 0098  
                     ??_LampSfas 0070                          PalleR@a 0071                          PalleR@b 0072  
                        PalleR@i 0073                  __size_of_PalleR 0047                       ??_Supercar 0070  
                        __ptext1 06DC                          __ptext2 069F                          __ptext3 0694  
                        __ptext4 06A9                          __ptext5 0698                          __ptext6 079B  
                        __ptext7 070A                          __ptext8 06BD            _OSCILLATOR_Initialize 0698  
       ??_PIN_MANAGER_Initialize 0070       __size_of_SYSTEM_Initialize 000A             end_of_initialization 07FD  
               ??_WDT_Initialize 0070                        _PORTAbits 000C                   __end_of_PalleR 0751  
                   ?_PariDispari 0070           ?_OSCILLATOR_Initialize 0070              start_initialization 07FB  
__size_of_PIN_MANAGER_Initialize 0014                __size_of_LampSfas 001F                         ??_PalleR 0070  
              __size_of_Supercar 002E                      __pbssCOMMON 0075                        ___latbits 0001  
                      Supercar@i 0071           _PIN_MANAGER_Initialize 06A9             __size_of_PariDispari 0060  
                       _LampSfas 06BD          ??_OSCILLATOR_Initialize 0070                         _Supercar 06DC  
                  __size_of_main 004A          __size_of_WDT_Initialize 0004          ?_PIN_MANAGER_Initialize 0070  
 __end_of_PIN_MANAGER_Initialize 06BD  
