

Microchip MPLAB XC8 Assembler V2.31 build 20201012212115 
                                                                                               Thu Oct 07 09:37:47 2021

Microchip MPLAB XC8 C Compiler v2.31 (Free license) build 20201012212115 Og1 
     1                           	processor	16F1827
     2                           	pagewidth 120
     3                           	opt	flic
     4                           	psect	cinit,global,class=CODE,merge=1,delta=2
     5                           	psect	cstackCOMMON,global,class=COMMON,space=1,delta=1,noexec
     6                           	psect	maintext,global,class=CODE,merge=1,split=1,delta=2
     7                           	psect	text1,local,class=CODE,merge=1,delta=2
     8                           	psect	text2,local,class=CODE,merge=1,delta=2
     9                           	psect	text3,local,class=CODE,merge=1,delta=2
    10                           	psect	text4,local,class=CODE,merge=1,delta=2
    11                           	psect	config,global,abs,ovrld,class=CONFIG,space=4,delta=2,noexec
    12                           	dabs	1,0x7E,2
    13  0000                     
    14                           ; Version 2.20
    15                           ; Generated 12/02/2020 GMT
    16                           ; 
    17                           ; Copyright © 2020, Microchip Technology Inc. and its subsidiaries ("Microchip")
    18                           ; All rights reserved.
    19                           ; 
    20                           ; This software is developed by Microchip Technology Inc. and its subsidiaries ("Microch
      +                          ip").
    21                           ; 
    22                           ; Redistribution and use in source and binary forms, with or without modification, are
    23                           ; permitted provided that the following conditions are met:
    24                           ; 
    25                           ;     1. Redistributions of source code must retain the above copyright notice, this lis
      +                          t of
    26                           ;        conditions and the following disclaimer.
    27                           ; 
    28                           ;     2. Redistributions in binary form must reproduce the above copyright notice, this 
      +                          list
    29                           ;        of conditions and the following disclaimer in the documentation and/or other
    30                           ;        materials provided with the distribution.
    31                           ; 
    32                           ;     3. Microchip's name may not be used to endorse or promote products derived from th
      +                          is
    33                           ;        software without specific prior written permission.
    34                           ; 
    35                           ; THIS SOFTWARE IS PROVIDED BY MICROCHIP "AS IS" AND ANY EXPRESS OR IMPLIED WARRANTIES,
    36                           ; INCLUDING, BUT NOT LIMITED TO, THE IMPLIED WARRANTIES OF MERCHANTABILITY AND FITNESS F
      +                          OR
    37                           ; PURPOSE ARE DISCLAIMED.  IN NO EVENT SHALL MICROCHIP BE LIABLE FOR ANY DIRECT, INDIREC
      +                          T,
    38                           ; INCIDENTAL, SPECIAL, EXEMPLARY, OR CONSEQUENTIAL DAMAGES (INCLUDING BUT NOT LIMITED TO
    39                           ; PROCUREMENT OF SUBSTITUTE GOODS OR SERVICES; LOSS OF USE, DATA OR PROFITS; OR BUSINESS
    40                           ; INTERRUPTION) HOWSOEVER CAUSED AND ON ANY THEORY OF LIABILITY, WHETHER IN CONTRACT, ST
      +                          RICT
    41                           ; LIABILITY, OR TORT (INCLUDING NEGLIGENCE OR OTHERWISE) ARISING IN ANY WAY OUT OF THE U
      +                          SE OF
    42                           ; THIS SOFTWARE, EVEN IF ADVISED OF THE POSSIBILITY OF SUCH DAMAGE.
    43                           ; 
    44                           ; 
    45                           ; Code-generator required, PIC16F1827 Definitions
    46                           ; 
    47                           ; SFR Addresses
    48  0000                     	;# 
    49  0001                     	;# 
    50  0002                     	;# 
    51  0003                     	;# 
    52  0004                     	;# 
    53  0005                     	;# 
    54  0006                     	;# 
    55  0007                     	;# 
    56  0008                     	;# 
    57  0009                     	;# 
    58  000A                     	;# 
    59  000B                     	;# 
    60  000C                     	;# 
    61  000D                     	;# 
    62  0011                     	;# 
    63  0012                     	;# 
    64  0013                     	;# 
    65  0014                     	;# 
    66  0015                     	;# 
    67  0016                     	;# 
    68  0016                     	;# 
    69  0017                     	;# 
    70  0018                     	;# 
    71  0019                     	;# 
    72  001A                     	;# 
    73  001B                     	;# 
    74  001C                     	;# 
    75  001E                     	;# 
    76  001F                     	;# 
    77  008C                     	;# 
    78  008D                     	;# 
    79  0091                     	;# 
    80  0092                     	;# 
    81  0093                     	;# 
    82  0094                     	;# 
    83  0095                     	;# 
    84  0096                     	;# 
    85  0097                     	;# 
    86  0098                     	;# 
    87  0099                     	;# 
    88  009A                     	;# 
    89  009B                     	;# 
    90  009B                     	;# 
    91  009C                     	;# 
    92  009D                     	;# 
    93  009E                     	;# 
    94  010C                     	;# 
    95  010D                     	;# 
    96  0111                     	;# 
    97  0112                     	;# 
    98  0113                     	;# 
    99  0114                     	;# 
   100  0115                     	;# 
   101  0116                     	;# 
   102  0117                     	;# 
   103  0118                     	;# 
   104  0119                     	;# 
   105  011A                     	;# 
   106  011B                     	;# 
   107  011D                     	;# 
   108  011E                     	;# 
   109  018C                     	;# 
   110  018D                     	;# 
   111  0191                     	;# 
   112  0191                     	;# 
   113  0192                     	;# 
   114  0193                     	;# 
   115  0193                     	;# 
   116  0193                     	;# 
   117  0194                     	;# 
   118  0195                     	;# 
   119  0196                     	;# 
   120  0199                     	;# 
   121  019A                     	;# 
   122  019B                     	;# 
   123  019B                     	;# 
   124  019B                     	;# 
   125  019B                     	;# 
   126  019C                     	;# 
   127  019C                     	;# 
   128  019D                     	;# 
   129  019E                     	;# 
   130  019F                     	;# 
   131  020C                     	;# 
   132  020D                     	;# 
   133  0211                     	;# 
   134  0211                     	;# 
   135  0212                     	;# 
   136  0212                     	;# 
   137  0213                     	;# 
   138  0213                     	;# 
   139  0214                     	;# 
   140  0214                     	;# 
   141  0215                     	;# 
   142  0215                     	;# 
   143  0215                     	;# 
   144  0216                     	;# 
   145  0216                     	;# 
   146  0217                     	;# 
   147  0217                     	;# 
   148  0219                     	;# 
   149  021A                     	;# 
   150  021B                     	;# 
   151  021C                     	;# 
   152  021D                     	;# 
   153  021E                     	;# 
   154  021F                     	;# 
   155  0291                     	;# 
   156  0291                     	;# 
   157  0292                     	;# 
   158  0293                     	;# 
   159  0294                     	;# 
   160  0295                     	;# 
   161  0295                     	;# 
   162  0296                     	;# 
   163  0298                     	;# 
   164  0298                     	;# 
   165  0299                     	;# 
   166  029A                     	;# 
   167  029B                     	;# 
   168  029C                     	;# 
   169  029C                     	;# 
   170  029D                     	;# 
   171  029E                     	;# 
   172  029E                     	;# 
   173  0311                     	;# 
   174  0311                     	;# 
   175  0312                     	;# 
   176  0313                     	;# 
   177  0318                     	;# 
   178  0318                     	;# 
   179  0319                     	;# 
   180  031A                     	;# 
   181  0394                     	;# 
   182  0395                     	;# 
   183  0396                     	;# 
   184  039A                     	;# 
   185  039C                     	;# 
   186  039D                     	;# 
   187  039E                     	;# 
   188  039F                     	;# 
   189  0415                     	;# 
   190  0416                     	;# 
   191  0417                     	;# 
   192  041C                     	;# 
   193  041D                     	;# 
   194  041E                     	;# 
   195  0FE4                     	;# 
   196  0FE5                     	;# 
   197  0FE6                     	;# 
   198  0FE7                     	;# 
   199  0FE8                     	;# 
   200  0FE9                     	;# 
   201  0FEA                     	;# 
   202  0FEB                     	;# 
   203  0FED                     	;# 
   204  0FEE                     	;# 
   205  0FEF                     	;# 
   206  0000                     	;# 
   207  0001                     	;# 
   208  0002                     	;# 
   209  0003                     	;# 
   210  0004                     	;# 
   211  0005                     	;# 
   212  0006                     	;# 
   213  0007                     	;# 
   214  0008                     	;# 
   215  0009                     	;# 
   216  000A                     	;# 
   217  000B                     	;# 
   218  000C                     	;# 
   219  000D                     	;# 
   220  0011                     	;# 
   221  0012                     	;# 
   222  0013                     	;# 
   223  0014                     	;# 
   224  0015                     	;# 
   225  0016                     	;# 
   226  0016                     	;# 
   227  0017                     	;# 
   228  0018                     	;# 
   229  0019                     	;# 
   230  001A                     	;# 
   231  001B                     	;# 
   232  001C                     	;# 
   233  001E                     	;# 
   234  001F                     	;# 
   235  008C                     	;# 
   236  008D                     	;# 
   237  0091                     	;# 
   238  0092                     	;# 
   239  0093                     	;# 
   240  0094                     	;# 
   241  0095                     	;# 
   242  0096                     	;# 
   243  0097                     	;# 
   244  0098                     	;# 
   245  0099                     	;# 
   246  009A                     	;# 
   247  009B                     	;# 
   248  009B                     	;# 
   249  009C                     	;# 
   250  009D                     	;# 
   251  009E                     	;# 
   252  010C                     	;# 
   253  010D                     	;# 
   254  0111                     	;# 
   255  0112                     	;# 
   256  0113                     	;# 
   257  0114                     	;# 
   258  0115                     	;# 
   259  0116                     	;# 
   260  0117                     	;# 
   261  0118                     	;# 
   262  0119                     	;# 
   263  011A                     	;# 
   264  011B                     	;# 
   265  011D                     	;# 
   266  011E                     	;# 
   267  018C                     	;# 
   268  018D                     	;# 
   269  0191                     	;# 
   270  0191                     	;# 
   271  0192                     	;# 
   272  0193                     	;# 
   273  0193                     	;# 
   274  0193                     	;# 
   275  0194                     	;# 
   276  0195                     	;# 
   277  0196                     	;# 
   278  0199                     	;# 
   279  019A                     	;# 
   280  019B                     	;# 
   281  019B                     	;# 
   282  019B                     	;# 
   283  019B                     	;# 
   284  019C                     	;# 
   285  019C                     	;# 
   286  019D                     	;# 
   287  019E                     	;# 
   288  019F                     	;# 
   289  020C                     	;# 
   290  020D                     	;# 
   291  0211                     	;# 
   292  0211                     	;# 
   293  0212                     	;# 
   294  0212                     	;# 
   295  0213                     	;# 
   296  0213                     	;# 
   297  0214                     	;# 
   298  0214                     	;# 
   299  0215                     	;# 
   300  0215                     	;# 
   301  0215                     	;# 
   302  0216                     	;# 
   303  0216                     	;# 
   304  0217                     	;# 
   305  0217                     	;# 
   306  0219                     	;# 
   307  021A                     	;# 
   308  021B                     	;# 
   309  021C                     	;# 
   310  021D                     	;# 
   311  021E                     	;# 
   312  021F                     	;# 
   313  0291                     	;# 
   314  0291                     	;# 
   315  0292                     	;# 
   316  0293                     	;# 
   317  0294                     	;# 
   318  0295                     	;# 
   319  0295                     	;# 
   320  0296                     	;# 
   321  0298                     	;# 
   322  0298                     	;# 
   323  0299                     	;# 
   324  029A                     	;# 
   325  029B                     	;# 
   326  029C                     	;# 
   327  029C                     	;# 
   328  029D                     	;# 
   329  029E                     	;# 
   330  029E                     	;# 
   331  0311                     	;# 
   332  0311                     	;# 
   333  0312                     	;# 
   334  0313                     	;# 
   335  0318                     	;# 
   336  0318                     	;# 
   337  0319                     	;# 
   338  031A                     	;# 
   339  0394                     	;# 
   340  0395                     	;# 
   341  0396                     	;# 
   342  039A                     	;# 
   343  039C                     	;# 
   344  039D                     	;# 
   345  039E                     	;# 
   346  039F                     	;# 
   347  0415                     	;# 
   348  0416                     	;# 
   349  0417                     	;# 
   350  041C                     	;# 
   351  041D                     	;# 
   352  041E                     	;# 
   353  0FE4                     	;# 
   354  0FE5                     	;# 
   355  0FE6                     	;# 
   356  0FE7                     	;# 
   357  0FE8                     	;# 
   358  0FE9                     	;# 
   359  0FEA                     	;# 
   360  0FEB                     	;# 
   361  0FED                     	;# 
   362  0FEE                     	;# 
   363  0FEF                     	;# 
   364  0000                     	;# 
   365  0001                     	;# 
   366  0002                     	;# 
   367  0003                     	;# 
   368  0004                     	;# 
   369  0005                     	;# 
   370  0006                     	;# 
   371  0007                     	;# 
   372  0008                     	;# 
   373  0009                     	;# 
   374  000A                     	;# 
   375  000B                     	;# 
   376  000C                     	;# 
   377  000D                     	;# 
   378  0011                     	;# 
   379  0012                     	;# 
   380  0013                     	;# 
   381  0014                     	;# 
   382  0015                     	;# 
   383  0016                     	;# 
   384  0016                     	;# 
   385  0017                     	;# 
   386  0018                     	;# 
   387  0019                     	;# 
   388  001A                     	;# 
   389  001B                     	;# 
   390  001C                     	;# 
   391  001E                     	;# 
   392  001F                     	;# 
   393  008C                     	;# 
   394  008D                     	;# 
   395  0091                     	;# 
   396  0092                     	;# 
   397  0093                     	;# 
   398  0094                     	;# 
   399  0095                     	;# 
   400  0096                     	;# 
   401  0097                     	;# 
   402  0098                     	;# 
   403  0099                     	;# 
   404  009A                     	;# 
   405  009B                     	;# 
   406  009B                     	;# 
   407  009C                     	;# 
   408  009D                     	;# 
   409  009E                     	;# 
   410  010C                     	;# 
   411  010D                     	;# 
   412  0111                     	;# 
   413  0112                     	;# 
   414  0113                     	;# 
   415  0114                     	;# 
   416  0115                     	;# 
   417  0116                     	;# 
   418  0117                     	;# 
   419  0118                     	;# 
   420  0119                     	;# 
   421  011A                     	;# 
   422  011B                     	;# 
   423  011D                     	;# 
   424  011E                     	;# 
   425  018C                     	;# 
   426  018D                     	;# 
   427  0191                     	;# 
   428  0191                     	;# 
   429  0192                     	;# 
   430  0193                     	;# 
   431  0193                     	;# 
   432  0193                     	;# 
   433  0194                     	;# 
   434  0195                     	;# 
   435  0196                     	;# 
   436  0199                     	;# 
   437  019A                     	;# 
   438  019B                     	;# 
   439  019B                     	;# 
   440  019B                     	;# 
   441  019B                     	;# 
   442  019C                     	;# 
   443  019C                     	;# 
   444  019D                     	;# 
   445  019E                     	;# 
   446  019F                     	;# 
   447  020C                     	;# 
   448  020D                     	;# 
   449  0211                     	;# 
   450  0211                     	;# 
   451  0212                     	;# 
   452  0212                     	;# 
   453  0213                     	;# 
   454  0213                     	;# 
   455  0214                     	;# 
   456  0214                     	;# 
   457  0215                     	;# 
   458  0215                     	;# 
   459  0215                     	;# 
   460  0216                     	;# 
   461  0216                     	;# 
   462  0217                     	;# 
   463  0217                     	;# 
   464  0219                     	;# 
   465  021A                     	;# 
   466  021B                     	;# 
   467  021C                     	;# 
   468  021D                     	;# 
   469  021E                     	;# 
   470  021F                     	;# 
   471  0291                     	;# 
   472  0291                     	;# 
   473  0292                     	;# 
   474  0293                     	;# 
   475  0294                     	;# 
   476  0295                     	;# 
   477  0295                     	;# 
   478  0296                     	;# 
   479  0298                     	;# 
   480  0298                     	;# 
   481  0299                     	;# 
   482  029A                     	;# 
   483  029B                     	;# 
   484  029C                     	;# 
   485  029C                     	;# 
   486  029D                     	;# 
   487  029E                     	;# 
   488  029E                     	;# 
   489  0311                     	;# 
   490  0311                     	;# 
   491  0312                     	;# 
   492  0313                     	;# 
   493  0318                     	;# 
   494  0318                     	;# 
   495  0319                     	;# 
   496  031A                     	;# 
   497  0394                     	;# 
   498  0395                     	;# 
   499  0396                     	;# 
   500  039A                     	;# 
   501  039C                     	;# 
   502  039D                     	;# 
   503  039E                     	;# 
   504  039F                     	;# 
   505  0415                     	;# 
   506  0416                     	;# 
   507  0417                     	;# 
   508  041C                     	;# 
   509  041D                     	;# 
   510  041E                     	;# 
   511  0FE4                     	;# 
   512  0FE5                     	;# 
   513  0FE6                     	;# 
   514  0FE7                     	;# 
   515  0FE8                     	;# 
   516  0FE9                     	;# 
   517  0FEA                     	;# 
   518  0FEB                     	;# 
   519  0FED                     	;# 
   520  0FEE                     	;# 
   521  0FEF                     	;# 
   522  0000                     	;# 
   523  0001                     	;# 
   524  0002                     	;# 
   525  0003                     	;# 
   526  0004                     	;# 
   527  0005                     	;# 
   528  0006                     	;# 
   529  0007                     	;# 
   530  0008                     	;# 
   531  0009                     	;# 
   532  000A                     	;# 
   533  000B                     	;# 
   534  000C                     	;# 
   535  000D                     	;# 
   536  0011                     	;# 
   537  0012                     	;# 
   538  0013                     	;# 
   539  0014                     	;# 
   540  0015                     	;# 
   541  0016                     	;# 
   542  0016                     	;# 
   543  0017                     	;# 
   544  0018                     	;# 
   545  0019                     	;# 
   546  001A                     	;# 
   547  001B                     	;# 
   548  001C                     	;# 
   549  001E                     	;# 
   550  001F                     	;# 
   551  008C                     	;# 
   552  008D                     	;# 
   553  0091                     	;# 
   554  0092                     	;# 
   555  0093                     	;# 
   556  0094                     	;# 
   557  0095                     	;# 
   558  0096                     	;# 
   559  0097                     	;# 
   560  0098                     	;# 
   561  0099                     	;# 
   562  009A                     	;# 
   563  009B                     	;# 
   564  009B                     	;# 
   565  009C                     	;# 
   566  009D                     	;# 
   567  009E                     	;# 
   568  010C                     	;# 
   569  010D                     	;# 
   570  0111                     	;# 
   571  0112                     	;# 
   572  0113                     	;# 
   573  0114                     	;# 
   574  0115                     	;# 
   575  0116                     	;# 
   576  0117                     	;# 
   577  0118                     	;# 
   578  0119                     	;# 
   579  011A                     	;# 
   580  011B                     	;# 
   581  011D                     	;# 
   582  011E                     	;# 
   583  018C                     	;# 
   584  018D                     	;# 
   585  0191                     	;# 
   586  0191                     	;# 
   587  0192                     	;# 
   588  0193                     	;# 
   589  0193                     	;# 
   590  0193                     	;# 
   591  0194                     	;# 
   592  0195                     	;# 
   593  0196                     	;# 
   594  0199                     	;# 
   595  019A                     	;# 
   596  019B                     	;# 
   597  019B                     	;# 
   598  019B                     	;# 
   599  019B                     	;# 
   600  019C                     	;# 
   601  019C                     	;# 
   602  019D                     	;# 
   603  019E                     	;# 
   604  019F                     	;# 
   605  020C                     	;# 
   606  020D                     	;# 
   607  0211                     	;# 
   608  0211                     	;# 
   609  0212                     	;# 
   610  0212                     	;# 
   611  0213                     	;# 
   612  0213                     	;# 
   613  0214                     	;# 
   614  0214                     	;# 
   615  0215                     	;# 
   616  0215                     	;# 
   617  0215                     	;# 
   618  0216                     	;# 
   619  0216                     	;# 
   620  0217                     	;# 
   621  0217                     	;# 
   622  0219                     	;# 
   623  021A                     	;# 
   624  021B                     	;# 
   625  021C                     	;# 
   626  021D                     	;# 
   627  021E                     	;# 
   628  021F                     	;# 
   629  0291                     	;# 
   630  0291                     	;# 
   631  0292                     	;# 
   632  0293                     	;# 
   633  0294                     	;# 
   634  0295                     	;# 
   635  0295                     	;# 
   636  0296                     	;# 
   637  0298                     	;# 
   638  0298                     	;# 
   639  0299                     	;# 
   640  029A                     	;# 
   641  029B                     	;# 
   642  029C                     	;# 
   643  029C                     	;# 
   644  029D                     	;# 
   645  029E                     	;# 
   646  029E                     	;# 
   647  0311                     	;# 
   648  0311                     	;# 
   649  0312                     	;# 
   650  0313                     	;# 
   651  0318                     	;# 
   652  0318                     	;# 
   653  0319                     	;# 
   654  031A                     	;# 
   655  0394                     	;# 
   656  0395                     	;# 
   657  0396                     	;# 
   658  039A                     	;# 
   659  039C                     	;# 
   660  039D                     	;# 
   661  039E                     	;# 
   662  039F                     	;# 
   663  0415                     	;# 
   664  0416                     	;# 
   665  0417                     	;# 
   666  041C                     	;# 
   667  041D                     	;# 
   668  041E                     	;# 
   669  0FE4                     	;# 
   670  0FE5                     	;# 
   671  0FE6                     	;# 
   672  0FE7                     	;# 
   673  0FE8                     	;# 
   674  0FE9                     	;# 
   675  0FEA                     	;# 
   676  0FEB                     	;# 
   677  0FED                     	;# 
   678  0FEE                     	;# 
   679  0FEF                     	;# 
   680  000D                     _PORTB	set	13
   681  000C                     _PORTAbits	set	12
   682  0095                     _OPTION_REGbits	set	149
   683  008D                     _TRISB	set	141
   684  008C                     _TRISA	set	140
   685  0097                     _WDTCON	set	151
   686  0098                     _OSCTUNE	set	152
   687  0099                     _OSCCON	set	153
   688  011E                     _APFCON1	set	286
   689  011D                     _APFCON0	set	285
   690  010D                     _LATB	set	269
   691  010C                     _LATA	set	268
   692  0116                     _BORCON	set	278
   693  018C                     _ANSELA	set	396
   694  018D                     _ANSELB	set	397
   695  020C                     _WPUA	set	524
   696  020D                     _WPUB	set	525
   697                           
   698                           	psect	cinit
   699  07FD                     start_initialization:	
   700                           ; #config settings
   701                           
   702  07FD                     __initialization:
   703  07FD                     end_of_initialization:	
   704                           ;End of C runtime variable initialization code
   705                           
   706  07FD                     __end_of__initialization:
   707  07FD  0020               	movlb	0
   708  07FE  3187  2F07         	ljmp	_main	;jump to C main() function
   709                           
   710                           	psect	cstackCOMMON
   711  0070                     __pcstackCOMMON:
   712  0070                     ?_SYSTEM_Initialize:
   713  0070                     ??_SYSTEM_Initialize:	
   714                           ; 1 bytes @ 0x0
   715                           
   716  0070                     ?_PIN_MANAGER_Initialize:	
   717                           ; 1 bytes @ 0x0
   718                           
   719  0070                     ??_PIN_MANAGER_Initialize:	
   720                           ; 1 bytes @ 0x0
   721                           
   722  0070                     ?_OSCILLATOR_Initialize:	
   723                           ; 1 bytes @ 0x0
   724                           
   725  0070                     ??_OSCILLATOR_Initialize:	
   726                           ; 1 bytes @ 0x0
   727                           
   728  0070                     ?_WDT_Initialize:	
   729                           ; 1 bytes @ 0x0
   730                           
   731  0070                     ??_WDT_Initialize:	
   732                           ; 1 bytes @ 0x0
   733                           
   734  0070                     ?_main:	
   735                           ; 1 bytes @ 0x0
   736                           
   737  0070                     ??_main:	
   738                           ; 1 bytes @ 0x0
   739                           
   740                           
   741                           ; 1 bytes @ 0x0
   742  0070                     	ds	1
   743  0071                     main@i:
   744                           
   745                           ; 2 bytes @ 0x1
   746  0071                     	ds	2
   747                           
   748                           	psect	maintext
   749  0707                     __pmaintext:	
   750 ;;
   751 ;;Main: autosize = 0, tempsize = 1, incstack = 0, save=0
   752 ;;
   753 ;; *************** function _main *****************
   754 ;; Defined at:
   755 ;;		line 12 in file "main.c"
   756 ;; Parameters:    Size  Location     Type
   757 ;;		None
   758 ;; Auto vars:     Size  Location     Type
   759 ;;  i               2    1[COMMON] int 
   760 ;; Return value:  Size  Location     Type
   761 ;;                  1    wreg      void 
   762 ;; Registers used:
   763 ;;		wreg, fsr0l, fsr0h, status,2, status,0, pclath, cstack
   764 ;; Tracked objects:
   765 ;;		On entry : B1F/0
   766 ;;		On exit  : 0/0
   767 ;;		Unchanged: 0/0
   768 ;; Data sizes:     COMMON   BANK0   BANK1   BANK2   BANK3   BANK4
   769 ;;      Params:         0       0       0       0       0       0
   770 ;;      Locals:         2       0       0       0       0       0
   771 ;;      Temps:          1       0       0       0       0       0
   772 ;;      Totals:         3       0       0       0       0       0
   773 ;;Total ram usage:        3 bytes
   774 ;; Hardware stack levels required when called:    2
   775 ;; This function calls:
   776 ;;		_SYSTEM_Initialize
   777 ;; This function is called by:
   778 ;;		Startup code after reset
   779 ;; This function uses a non-reentrant model
   780 ;;
   781                           
   782                           
   783                           ;psect for function _main
   784  0707                     _main:
   785  0707                     l715:	
   786                           ;incstack = 0
   787                           ; Regs used in _main: [wreg-fsr0h+status,2+status,0+pclath+cstack]
   788                           
   789                           
   790                           ;main.c: 14:     int i;;main.c: 15:     SYSTEM_Initialize();
   791  0707  3186  26E9  3187   	fcall	_SYSTEM_Initialize
   792  070A                     l717:
   793                           
   794                           ;main.c: 19:             i=i++;
   795  070A  0020               	movlb	0	; select bank0
   796  070B  1D0C               	btfss	12,2	;volatile
   797  070C  2F0E               	goto	u11
   798  070D  2F0F               	goto	u10
   799  070E                     u11:
   800  070E  2F83               	goto	l14
   801  070F                     u10:
   802  070F                     l719:
   803  070F  3001               	movlw	1
   804  0710  07F1               	addwf	main@i,f
   805  0711  3000               	movlw	0
   806  0712  3DF2               	addwfc	main@i+1,f
   807                           
   808                           ;main.c: 20:                 switch(i){
   809  0713  2F64               	goto	l739
   810  0714                     l721:
   811                           
   812                           ;main.c: 22:                         PORTB = 0b10000000;
   813  0714  3080               	movlw	128
   814  0715  008D               	movwf	13	;volatile
   815                           
   816                           ;main.c: 23:                         _delay((unsigned long)((100)*(4000000/4000.0)));
   817  0716  3082               	movlw	130
   818  0717  00F0               	movwf	??_main
   819  0718  30DE               	movlw	222
   820  0719                     u37:
   821  0719  0B89               	decfsz	9,f
   822  071A  2F19               	goto	u37
   823  071B  0BF0               	decfsz	??_main,f
   824  071C  2F19               	goto	u37
   825                           
   826                           ;main.c: 24:                         break;
   827  071D  2F83               	goto	l14
   828  071E                     l723:
   829                           
   830                           ;main.c: 26:                         PORTB = 0b11000000;
   831  071E  30C0               	movlw	192
   832  071F  008D               	movwf	13	;volatile
   833                           
   834                           ;main.c: 27:                         _delay((unsigned long)((100)*(4000000/4000.0)));
   835  0720  3082               	movlw	130
   836  0721  00F0               	movwf	??_main
   837  0722  30DE               	movlw	222
   838  0723                     u47:
   839  0723  0B89               	decfsz	9,f
   840  0724  2F23               	goto	u47
   841  0725  0BF0               	decfsz	??_main,f
   842  0726  2F23               	goto	u47
   843                           
   844                           ;main.c: 28:                         break;
   845  0727  2F83               	goto	l14
   846  0728                     l725:
   847                           
   848                           ;main.c: 30:                         PORTB = 0b11100000;
   849  0728  30E0               	movlw	224
   850  0729  008D               	movwf	13	;volatile
   851                           
   852                           ;main.c: 31:                         _delay((unsigned long)((100)*(4000000/4000.0)));
   853  072A  3082               	movlw	130
   854  072B  00F0               	movwf	??_main
   855  072C  30DE               	movlw	222
   856  072D                     u57:
   857  072D  0B89               	decfsz	9,f
   858  072E  2F2D               	goto	u57
   859  072F  0BF0               	decfsz	??_main,f
   860  0730  2F2D               	goto	u57
   861                           
   862                           ;main.c: 32:                         break;
   863  0731  2F83               	goto	l14
   864  0732                     l727:
   865                           
   866                           ;main.c: 34:                         PORTB = 0b11110000;
   867  0732  30F0               	movlw	240
   868  0733  008D               	movwf	13	;volatile
   869                           
   870                           ;main.c: 35:                         _delay((unsigned long)((100)*(4000000/4000.0)));
   871  0734  3082               	movlw	130
   872  0735  00F0               	movwf	??_main
   873  0736  30DE               	movlw	222
   874  0737                     u67:
   875  0737  0B89               	decfsz	9,f
   876  0738  2F37               	goto	u67
   877  0739  0BF0               	decfsz	??_main,f
   878  073A  2F37               	goto	u67
   879                           
   880                           ;main.c: 36:                         break;
   881  073B  2F83               	goto	l14
   882  073C                     l729:
   883                           
   884                           ;main.c: 38:                         PORTB = 0b11111000;
   885  073C  30F8               	movlw	248
   886  073D  008D               	movwf	13	;volatile
   887                           
   888                           ;main.c: 39:                         _delay((unsigned long)((100)*(4000000/4000.0)));
   889  073E  3082               	movlw	130
   890  073F  00F0               	movwf	??_main
   891  0740  30DE               	movlw	222
   892  0741                     u77:
   893  0741  0B89               	decfsz	9,f
   894  0742  2F41               	goto	u77
   895  0743  0BF0               	decfsz	??_main,f
   896  0744  2F41               	goto	u77
   897                           
   898                           ;main.c: 40:                         break;
   899  0745  2F83               	goto	l14
   900  0746                     l731:
   901                           
   902                           ;main.c: 42:                         PORTB = 0b11111100;
   903  0746  30FC               	movlw	252
   904  0747  008D               	movwf	13	;volatile
   905                           
   906                           ;main.c: 43:                         _delay((unsigned long)((100)*(4000000/4000.0)));
   907  0748  3082               	movlw	130
   908  0749  00F0               	movwf	??_main
   909  074A  30DE               	movlw	222
   910  074B                     u87:
   911  074B  0B89               	decfsz	9,f
   912  074C  2F4B               	goto	u87
   913  074D  0BF0               	decfsz	??_main,f
   914  074E  2F4B               	goto	u87
   915                           
   916                           ;main.c: 44:                         break;
   917  074F  2F83               	goto	l14
   918  0750                     l733:
   919                           
   920                           ;main.c: 46:                         PORTB = 0b11111110;
   921  0750  30FE               	movlw	254
   922  0751  008D               	movwf	13	;volatile
   923                           
   924                           ;main.c: 47:                         _delay((unsigned long)((100)*(4000000/4000.0)));
   925  0752  3082               	movlw	130
   926  0753  00F0               	movwf	??_main
   927  0754  30DE               	movlw	222
   928  0755                     u97:
   929  0755  0B89               	decfsz	9,f
   930  0756  2F55               	goto	u97
   931  0757  0BF0               	decfsz	??_main,f
   932  0758  2F55               	goto	u97
   933                           
   934                           ;main.c: 48:                         break;
   935  0759  2F83               	goto	l14
   936  075A                     l735:
   937                           
   938                           ;main.c: 50:                         PORTB = 0b11111111;
   939  075A  30FF               	movlw	255
   940  075B  008D               	movwf	13	;volatile
   941                           
   942                           ;main.c: 51:                         _delay((unsigned long)((100)*(4000000/4000.0)));
   943  075C  3082               	movlw	130
   944  075D  00F0               	movwf	??_main
   945  075E  30DE               	movlw	222
   946  075F                     u107:
   947  075F  0B89               	decfsz	9,f
   948  0760  2F5F               	goto	u107
   949  0761  0BF0               	decfsz	??_main,f
   950  0762  2F5F               	goto	u107
   951                           
   952                           ;main.c: 52:                         break;
   953  0763  2F83               	goto	l14
   954  0764                     l739:
   955                           
   956                           ; Switch on 2 bytes has been partitioned into a top level switch of size 1, and 1 sub-sw
      +                          itches
   957                           ; Switch size 1, requested type "simple"
   958                           ; Number of cases is 1, Range of values is 0 to 0
   959                           ; switch strategies available:
   960                           ; Name         Instructions Cycles
   961                           ; simple_byte            4     3 (average)
   962                           ; direct_byte            8     6 (fixed)
   963                           ; jumptable            260     6 (fixed)
   964                           ;	Chosen strategy is simple_byte
   965  0764  0872               	movf	main@i+1,w
   966  0765  3A00               	xorlw	0	; case 0
   967  0766  1903               	skipnz
   968  0767  2F69               	goto	l813
   969  0768  2F83               	goto	l14
   970  0769                     l813:
   971                           
   972                           ; Switch size 1, requested type "simple"
   973                           ; Number of cases is 8, Range of values is 1 to 8
   974                           ; switch strategies available:
   975                           ; Name         Instructions Cycles
   976                           ; direct_byte           25     9 (fixed)
   977                           ; simple_byte           25    13 (average)
   978                           ; jumptable            263     9 (fixed)
   979                           ;	Chosen strategy is simple_byte
   980  0769  0871               	movf	main@i,w
   981  076A  3A01               	xorlw	1	; case 1
   982  076B  1903               	skipnz
   983  076C  2F14               	goto	l721
   984  076D  3A03               	xorlw	3	; case 2
   985  076E  1903               	skipnz
   986  076F  2F1E               	goto	l723
   987  0770  3A01               	xorlw	1	; case 3
   988  0771  1903               	skipnz
   989  0772  2F28               	goto	l725
   990  0773  3A07               	xorlw	7	; case 4
   991  0774  1903               	skipnz
   992  0775  2F32               	goto	l727
   993  0776  3A01               	xorlw	1	; case 5
   994  0777  1903               	skipnz
   995  0778  2F3C               	goto	l729
   996  0779  3A03               	xorlw	3	; case 6
   997  077A  1903               	skipnz
   998  077B  2F46               	goto	l731
   999  077C  3A01               	xorlw	1	; case 7
  1000  077D  1903               	skipnz
  1001  077E  2F50               	goto	l733
  1002  077F  3A0F               	xorlw	15	; case 8
  1003  0780  1903               	skipnz
  1004  0781  2F5A               	goto	l735
  1005  0782  2F83               	goto	l14
  1006  0783                     l14:	
  1007                           ;main.c: 54:             }
  1008                           
  1009                           
  1010                           ;main.c: 59:             i=i--;
  1011  0783  0020               	movlb	0	; select bank0
  1012  0784  1D8C               	btfss	12,3	;volatile
  1013  0785  2F87               	goto	u21
  1014  0786  2F88               	goto	u20
  1015  0787                     u21:
  1016  0787  2F0A               	goto	l717
  1017  0788                     u20:
  1018  0788                     l741:
  1019  0788  30FF               	movlw	255
  1020  0789  07F1               	addwf	main@i,f
  1021  078A  30FF               	movlw	255
  1022  078B  3DF2               	addwfc	main@i+1,f
  1023                           
  1024                           ;main.c: 61:                 switch(i){
  1025  078C  2FDC               	goto	l763
  1026  078D                     l743:
  1027                           
  1028                           ;main.c: 63:                         PORTB = 0b00000000;
  1029  078D  018D               	clrf	13	;volatile
  1030  078E                     l745:
  1031                           
  1032                           ;main.c: 64:                         _delay((unsigned long)((100)*(4000000/4000.0)));
  1033  078E  3082               	movlw	130
  1034  078F  00F0               	movwf	??_main
  1035  0790  30DE               	movlw	222
  1036  0791                     u117:
  1037  0791  0B89               	decfsz	9,f
  1038  0792  2F91               	goto	u117
  1039  0793  0BF0               	decfsz	??_main,f
  1040  0794  2F91               	goto	u117
  1041                           
  1042                           ;main.c: 65:                         break;
  1043  0795  2F0A               	goto	l717
  1044  0796                     l747:
  1045                           
  1046                           ;main.c: 67:                         PORTB = 0b10000000;
  1047  0796  3080               	movlw	128
  1048  0797  008D               	movwf	13	;volatile
  1049                           
  1050                           ;main.c: 68:                         _delay((unsigned long)((100)*(4000000/4000.0)));
  1051  0798  3082               	movlw	130
  1052  0799  00F0               	movwf	??_main
  1053  079A  30DE               	movlw	222
  1054  079B                     u127:
  1055  079B  0B89               	decfsz	9,f
  1056  079C  2F9B               	goto	u127
  1057  079D  0BF0               	decfsz	??_main,f
  1058  079E  2F9B               	goto	u127
  1059                           
  1060                           ;main.c: 69:                         break;
  1061  079F  2F0A               	goto	l717
  1062  07A0                     l749:
  1063                           
  1064                           ;main.c: 71:                         PORTB = 0b11000000;
  1065  07A0  30C0               	movlw	192
  1066  07A1  008D               	movwf	13	;volatile
  1067                           
  1068                           ;main.c: 72:                         _delay((unsigned long)((100)*(4000000/4000.0)));
  1069  07A2  3082               	movlw	130
  1070  07A3  00F0               	movwf	??_main
  1071  07A4  30DE               	movlw	222
  1072  07A5                     u137:
  1073  07A5  0B89               	decfsz	9,f
  1074  07A6  2FA5               	goto	u137
  1075  07A7  0BF0               	decfsz	??_main,f
  1076  07A8  2FA5               	goto	u137
  1077                           
  1078                           ;main.c: 73:                         break;
  1079  07A9  2F0A               	goto	l717
  1080  07AA                     l751:
  1081                           
  1082                           ;main.c: 75:                         PORTB = 0b11100000;
  1083  07AA  30E0               	movlw	224
  1084  07AB  008D               	movwf	13	;volatile
  1085                           
  1086                           ;main.c: 76:                         _delay((unsigned long)((100)*(4000000/4000.0)));
  1087  07AC  3082               	movlw	130
  1088  07AD  00F0               	movwf	??_main
  1089  07AE  30DE               	movlw	222
  1090  07AF                     u147:
  1091  07AF  0B89               	decfsz	9,f
  1092  07B0  2FAF               	goto	u147
  1093  07B1  0BF0               	decfsz	??_main,f
  1094  07B2  2FAF               	goto	u147
  1095                           
  1096                           ;main.c: 77:                         break;
  1097  07B3  2F0A               	goto	l717
  1098  07B4                     l753:
  1099                           
  1100                           ;main.c: 79:                         PORTB = 0b11110000;
  1101  07B4  30F0               	movlw	240
  1102  07B5  008D               	movwf	13	;volatile
  1103                           
  1104                           ;main.c: 80:                         _delay((unsigned long)((100)*(4000000/4000.0)));
  1105  07B6  3082               	movlw	130
  1106  07B7  00F0               	movwf	??_main
  1107  07B8  30DE               	movlw	222
  1108  07B9                     u157:
  1109  07B9  0B89               	decfsz	9,f
  1110  07BA  2FB9               	goto	u157
  1111  07BB  0BF0               	decfsz	??_main,f
  1112  07BC  2FB9               	goto	u157
  1113                           
  1114                           ;main.c: 81:                         break;
  1115  07BD  2F0A               	goto	l717
  1116  07BE                     l755:
  1117                           
  1118                           ;main.c: 83:                         PORTB = 0b11111000;
  1119  07BE  30F8               	movlw	248
  1120  07BF  008D               	movwf	13	;volatile
  1121                           
  1122                           ;main.c: 84:                         _delay((unsigned long)((100)*(4000000/4000.0)));
  1123  07C0  3082               	movlw	130
  1124  07C1  00F0               	movwf	??_main
  1125  07C2  30DE               	movlw	222
  1126  07C3                     u167:
  1127  07C3  0B89               	decfsz	9,f
  1128  07C4  2FC3               	goto	u167
  1129  07C5  0BF0               	decfsz	??_main,f
  1130  07C6  2FC3               	goto	u167
  1131                           
  1132                           ;main.c: 85:                         break;
  1133  07C7  2F0A               	goto	l717
  1134  07C8                     l757:
  1135                           
  1136                           ;main.c: 87:                         PORTB = 0b11111100;
  1137  07C8  30FC               	movlw	252
  1138  07C9  008D               	movwf	13	;volatile
  1139                           
  1140                           ;main.c: 88:                         _delay((unsigned long)((100)*(4000000/4000.0)));
  1141  07CA  3082               	movlw	130
  1142  07CB  00F0               	movwf	??_main
  1143  07CC  30DE               	movlw	222
  1144  07CD                     u177:
  1145  07CD  0B89               	decfsz	9,f
  1146  07CE  2FCD               	goto	u177
  1147  07CF  0BF0               	decfsz	??_main,f
  1148  07D0  2FCD               	goto	u177
  1149                           
  1150                           ;main.c: 89:                         break;
  1151  07D1  2F0A               	goto	l717
  1152  07D2                     l759:
  1153                           
  1154                           ;main.c: 91:                         PORTB = 0b11111110;
  1155  07D2  30FE               	movlw	254
  1156  07D3  008D               	movwf	13	;volatile
  1157                           
  1158                           ;main.c: 92:                         _delay((unsigned long)((100)*(4000000/4000.0)));
  1159  07D4  3082               	movlw	130
  1160  07D5  00F0               	movwf	??_main
  1161  07D6  30DE               	movlw	222
  1162  07D7                     u187:
  1163  07D7  0B89               	decfsz	9,f
  1164  07D8  2FD7               	goto	u187
  1165  07D9  0BF0               	decfsz	??_main,f
  1166  07DA  2FD7               	goto	u187
  1167                           
  1168                           ;main.c: 93:                         break;
  1169  07DB  2F0A               	goto	l717
  1170  07DC                     l763:
  1171                           
  1172                           ; Switch on 2 bytes has been partitioned into a top level switch of size 1, and 1 sub-sw
      +                          itches
  1173                           ; Switch size 1, requested type "simple"
  1174                           ; Number of cases is 1, Range of values is 0 to 0
  1175                           ; switch strategies available:
  1176                           ; Name         Instructions Cycles
  1177                           ; simple_byte            4     3 (average)
  1178                           ; direct_byte            8     6 (fixed)
  1179                           ; jumptable            260     6 (fixed)
  1180                           ;	Chosen strategy is simple_byte
  1181  07DC  0872               	movf	main@i+1,w
  1182  07DD  3A00               	xorlw	0	; case 0
  1183  07DE  1903               	skipnz
  1184  07DF  2FE1               	goto	l815
  1185  07E0  2F0A               	goto	l717
  1186  07E1                     l815:
  1187                           
  1188                           ; Switch size 1, requested type "simple"
  1189                           ; Number of cases is 8, Range of values is 1 to 8
  1190                           ; switch strategies available:
  1191                           ; Name         Instructions Cycles
  1192                           ; direct_byte           25     9 (fixed)
  1193                           ; simple_byte           25    13 (average)
  1194                           ; jumptable            263     9 (fixed)
  1195                           ;	Chosen strategy is simple_byte
  1196  07E1  0871               	movf	main@i,w
  1197  07E2  3A01               	xorlw	1	; case 1
  1198  07E3  1903               	skipnz
  1199  07E4  2F8D               	goto	l743
  1200  07E5  3A03               	xorlw	3	; case 2
  1201  07E6  1903               	skipnz
  1202  07E7  2F96               	goto	l747
  1203  07E8  3A01               	xorlw	1	; case 3
  1204  07E9  1903               	skipnz
  1205  07EA  2FA0               	goto	l749
  1206  07EB  3A07               	xorlw	7	; case 4
  1207  07EC  1903               	skipnz
  1208  07ED  2FAA               	goto	l751
  1209  07EE  3A01               	xorlw	1	; case 5
  1210  07EF  1903               	skipnz
  1211  07F0  2FB4               	goto	l753
  1212  07F1  3A03               	xorlw	3	; case 6
  1213  07F2  1903               	skipnz
  1214  07F3  2FBE               	goto	l755
  1215  07F4  3A01               	xorlw	1	; case 7
  1216  07F5  1903               	skipnz
  1217  07F6  2FC8               	goto	l757
  1218  07F7  3A0F               	xorlw	15	; case 8
  1219  07F8  1903               	skipnz
  1220  07F9  2FD2               	goto	l759
  1221  07FA  2F0A               	goto	l717
  1222  07FB  3180  2802         	ljmp	start
  1223  07FD                     __end_of_main:
  1224                           
  1225                           	psect	text1
  1226  06E9                     __ptext1:	
  1227 ;; *************** function _SYSTEM_Initialize *****************
  1228 ;; Defined at:
  1229 ;;		line 50 in file "mcc_generated_files/mcc.c"
  1230 ;; Parameters:    Size  Location     Type
  1231 ;;		None
  1232 ;; Auto vars:     Size  Location     Type
  1233 ;;		None
  1234 ;; Return value:  Size  Location     Type
  1235 ;;                  1    wreg      void 
  1236 ;; Registers used:
  1237 ;;		wreg, status,2, status,0, pclath, cstack
  1238 ;; Tracked objects:
  1239 ;;		On entry : 0/0
  1240 ;;		On exit  : 0/0
  1241 ;;		Unchanged: 0/0
  1242 ;; Data sizes:     COMMON   BANK0   BANK1   BANK2   BANK3   BANK4
  1243 ;;      Params:         0       0       0       0       0       0
  1244 ;;      Locals:         0       0       0       0       0       0
  1245 ;;      Temps:          0       0       0       0       0       0
  1246 ;;      Totals:         0       0       0       0       0       0
  1247 ;;Total ram usage:        0 bytes
  1248 ;; Hardware stack levels used:    1
  1249 ;; Hardware stack levels required when called:    1
  1250 ;; This function calls:
  1251 ;;		_OSCILLATOR_Initialize
  1252 ;;		_PIN_MANAGER_Initialize
  1253 ;;		_WDT_Initialize
  1254 ;; This function is called by:
  1255 ;;		_main
  1256 ;; This function uses a non-reentrant model
  1257 ;;
  1258                           
  1259                           
  1260                           ;psect for function _SYSTEM_Initialize
  1261  06E9                     _SYSTEM_Initialize:
  1262  06E9                     l713:	
  1263                           ;incstack = 0
  1264                           ; Regs used in _SYSTEM_Initialize: [wreg+status,2+status,0+pclath+cstack]
  1265                           
  1266                           
  1267                           ;mcc_generated_files/mcc.c: 53:     PIN_MANAGER_Initialize();
  1268  06E9  3186  26F3  3186   	fcall	_PIN_MANAGER_Initialize
  1269                           
  1270                           ;mcc_generated_files/mcc.c: 54:     OSCILLATOR_Initialize();
  1271  06EC  3186  26E2  3186   	fcall	_OSCILLATOR_Initialize
  1272                           
  1273                           ;mcc_generated_files/mcc.c: 55:     WDT_Initialize();
  1274  06EF  3186  26DE  3186   	fcall	_WDT_Initialize
  1275  06F2                     l55:
  1276  06F2  0008               	return
  1277  06F3                     __end_of_SYSTEM_Initialize:
  1278                           
  1279                           	psect	text2
  1280  06DE                     __ptext2:	
  1281 ;; *************** function _WDT_Initialize *****************
  1282 ;; Defined at:
  1283 ;;		line 68 in file "mcc_generated_files/mcc.c"
  1284 ;; Parameters:    Size  Location     Type
  1285 ;;		None
  1286 ;; Auto vars:     Size  Location     Type
  1287 ;;		None
  1288 ;; Return value:  Size  Location     Type
  1289 ;;                  1    wreg      void 
  1290 ;; Registers used:
  1291 ;;		wreg
  1292 ;; Tracked objects:
  1293 ;;		On entry : 0/0
  1294 ;;		On exit  : 0/0
  1295 ;;		Unchanged: 0/0
  1296 ;; Data sizes:     COMMON   BANK0   BANK1   BANK2   BANK3   BANK4
  1297 ;;      Params:         0       0       0       0       0       0
  1298 ;;      Locals:         0       0       0       0       0       0
  1299 ;;      Temps:          0       0       0       0       0       0
  1300 ;;      Totals:         0       0       0       0       0       0
  1301 ;;Total ram usage:        0 bytes
  1302 ;; Hardware stack levels used:    1
  1303 ;; This function calls:
  1304 ;;		Nothing
  1305 ;; This function is called by:
  1306 ;;		_SYSTEM_Initialize
  1307 ;; This function uses a non-reentrant model
  1308 ;;
  1309                           
  1310                           
  1311                           ;psect for function _WDT_Initialize
  1312  06DE                     _WDT_Initialize:
  1313  06DE                     l711:	
  1314                           ;incstack = 0
  1315                           ; Regs used in _WDT_Initialize: [wreg]
  1316                           
  1317                           
  1318                           ;mcc_generated_files/mcc.c: 71:     WDTCON = 0x16;
  1319  06DE  3016               	movlw	22
  1320  06DF  0021               	movlb	1	; select bank1
  1321  06E0  0097               	movwf	23	;volatile
  1322  06E1                     l61:
  1323  06E1  0008               	return
  1324  06E2                     __end_of_WDT_Initialize:
  1325                           
  1326                           	psect	text3
  1327  06F3                     __ptext3:	
  1328 ;; *************** function _PIN_MANAGER_Initialize *****************
  1329 ;; Defined at:
  1330 ;;		line 55 in file "mcc_generated_files/pin_manager.c"
  1331 ;; Parameters:    Size  Location     Type
  1332 ;;		None
  1333 ;; Auto vars:     Size  Location     Type
  1334 ;;		None
  1335 ;; Return value:  Size  Location     Type
  1336 ;;                  1    wreg      void 
  1337 ;; Registers used:
  1338 ;;		wreg, status,2
  1339 ;; Tracked objects:
  1340 ;;		On entry : 0/0
  1341 ;;		On exit  : 0/0
  1342 ;;		Unchanged: 0/0
  1343 ;; Data sizes:     COMMON   BANK0   BANK1   BANK2   BANK3   BANK4
  1344 ;;      Params:         0       0       0       0       0       0
  1345 ;;      Locals:         0       0       0       0       0       0
  1346 ;;      Temps:          0       0       0       0       0       0
  1347 ;;      Totals:         0       0       0       0       0       0
  1348 ;;Total ram usage:        0 bytes
  1349 ;; Hardware stack levels used:    1
  1350 ;; This function calls:
  1351 ;;		Nothing
  1352 ;; This function is called by:
  1353 ;;		_SYSTEM_Initialize
  1354 ;; This function uses a non-reentrant model
  1355 ;;
  1356                           
  1357                           
  1358                           ;psect for function _PIN_MANAGER_Initialize
  1359  06F3                     _PIN_MANAGER_Initialize:
  1360  06F3                     l697:	
  1361                           ;incstack = 0
  1362                           ; Regs used in _PIN_MANAGER_Initialize: [wreg+status,2]
  1363                           
  1364                           
  1365                           ;mcc_generated_files/pin_manager.c: 60:     LATA = 0x00;
  1366  06F3  0022               	movlb	2	; select bank2
  1367  06F4  018C               	clrf	12	;volatile
  1368                           
  1369                           ;mcc_generated_files/pin_manager.c: 61:     LATB = 0x00;
  1370  06F5  018D               	clrf	13	;volatile
  1371  06F6                     l699:
  1372                           
  1373                           ;mcc_generated_files/pin_manager.c: 66:     TRISA = 0xFC;
  1374  06F6  30FC               	movlw	252
  1375  06F7  0021               	movlb	1	; select bank1
  1376  06F8  008C               	movwf	12	;volatile
  1377  06F9                     l701:
  1378                           
  1379                           ;mcc_generated_files/pin_manager.c: 67:     TRISB = 0x01;
  1380  06F9  3001               	movlw	1
  1381  06FA  008D               	movwf	13	;volatile
  1382                           
  1383                           ;mcc_generated_files/pin_manager.c: 72:     ANSELB = 0x00;
  1384  06FB  0023               	movlb	3	; select bank3
  1385  06FC  018D               	clrf	13	;volatile
  1386                           
  1387                           ;mcc_generated_files/pin_manager.c: 73:     ANSELA = 0x00;
  1388  06FD  018C               	clrf	12	;volatile
  1389                           
  1390                           ;mcc_generated_files/pin_manager.c: 78:     WPUB = 0x00;
  1391  06FE  0024               	movlb	4	; select bank4
  1392  06FF  018D               	clrf	13	;volatile
  1393                           
  1394                           ;mcc_generated_files/pin_manager.c: 79:     WPUA = 0x00;
  1395  0700  018C               	clrf	12	;volatile
  1396  0701                     l703:
  1397                           
  1398                           ;mcc_generated_files/pin_manager.c: 80:     OPTION_REGbits.nWPUEN = 1;
  1399  0701  0021               	movlb	1	; select bank1
  1400  0702  1795               	bsf	21,7	;volatile
  1401                           
  1402                           ;mcc_generated_files/pin_manager.c: 86:     APFCON0 = 0x00;
  1403  0703  0022               	movlb	2	; select bank2
  1404  0704  019D               	clrf	29	;volatile
  1405                           
  1406                           ;mcc_generated_files/pin_manager.c: 87:     APFCON1 = 0x00;
  1407  0705  019E               	clrf	30	;volatile
  1408  0706                     l86:
  1409  0706  0008               	return
  1410  0707                     __end_of_PIN_MANAGER_Initialize:
  1411                           
  1412                           	psect	text4
  1413  06E2                     __ptext4:	
  1414 ;; *************** function _OSCILLATOR_Initialize *****************
  1415 ;; Defined at:
  1416 ;;		line 58 in file "mcc_generated_files/mcc.c"
  1417 ;; Parameters:    Size  Location     Type
  1418 ;;		None
  1419 ;; Auto vars:     Size  Location     Type
  1420 ;;		None
  1421 ;; Return value:  Size  Location     Type
  1422 ;;                  1    wreg      void 
  1423 ;; Registers used:
  1424 ;;		wreg, status,2
  1425 ;; Tracked objects:
  1426 ;;		On entry : 0/0
  1427 ;;		On exit  : 0/0
  1428 ;;		Unchanged: 0/0
  1429 ;; Data sizes:     COMMON   BANK0   BANK1   BANK2   BANK3   BANK4
  1430 ;;      Params:         0       0       0       0       0       0
  1431 ;;      Locals:         0       0       0       0       0       0
  1432 ;;      Temps:          0       0       0       0       0       0
  1433 ;;      Totals:         0       0       0       0       0       0
  1434 ;;Total ram usage:        0 bytes
  1435 ;; Hardware stack levels used:    1
  1436 ;; This function calls:
  1437 ;;		Nothing
  1438 ;; This function is called by:
  1439 ;;		_SYSTEM_Initialize
  1440 ;; This function uses a non-reentrant model
  1441 ;;
  1442                           
  1443                           
  1444                           ;psect for function _OSCILLATOR_Initialize
  1445  06E2                     _OSCILLATOR_Initialize:
  1446  06E2                     l705:	
  1447                           ;incstack = 0
  1448                           ; Regs used in _OSCILLATOR_Initialize: [wreg+status,2]
  1449                           
  1450                           
  1451                           ;mcc_generated_files/mcc.c: 61:     OSCCON = 0x6A;
  1452  06E2  306A               	movlw	106
  1453  06E3  0021               	movlb	1	; select bank1
  1454  06E4  0099               	movwf	25	;volatile
  1455  06E5                     l707:
  1456                           
  1457                           ;mcc_generated_files/mcc.c: 63:     OSCTUNE = 0x00;
  1458  06E5  0198               	clrf	24	;volatile
  1459  06E6                     l709:
  1460                           
  1461                           ;mcc_generated_files/mcc.c: 65:     BORCON = 0x00;
  1462  06E6  0022               	movlb	2	; select bank2
  1463  06E7  0196               	clrf	22	;volatile
  1464  06E8                     l58:
  1465  06E8  0008               	return
  1466  06E9                     __end_of_OSCILLATOR_Initialize:
  1467  007E                     btemp	set	126	;btemp
  1468  007E                     wtemp0	set	126
  1469                           
  1470                           	psect	config
  1471                           
  1472                           ;Config register CONFIG1 @ 0x8007
  1473                           ;	Oscillator Selection
  1474                           ;	FOSC = INTOSC, INTOSC oscillator: I/O function on CLKIN pin
  1475                           ;	Watchdog Timer Enable
  1476                           ;	WDTE = OFF, WDT disabled
  1477                           ;	Power-up Timer Enable
  1478                           ;	PWRTE = OFF, PWRT disabled
  1479                           ;	MCLR Pin Function Select
  1480                           ;	MCLRE = ON, MCLR/VPP pin function is MCLR
  1481                           ;	Flash Program Memory Code Protection
  1482                           ;	CP = OFF, Program memory code protection is disabled
  1483                           ;	Data Memory Code Protection
  1484                           ;	CPD = OFF, Data memory code protection is disabled
  1485                           ;	Brown-out Reset Enable
  1486                           ;	BOREN = ON, Brown-out Reset enabled
  1487                           ;	Clock Out Enable
  1488                           ;	CLKOUTEN = OFF, CLKOUT function is disabled. I/O or oscillator function on the CLKOUT 
      +                          pin
  1489                           ;	Internal/External Switchover
  1490                           ;	IESO = ON, Internal/External Switchover mode is enabled
  1491                           ;	Fail-Safe Clock Monitor Enable
  1492                           ;	FCMEN = ON, Fail-Safe Clock Monitor is enabled
  1493  8007                     	org	32775
  1494  8007  3FE4               	dw	16356
  1495                           
  1496                           ;Config register CONFIG2 @ 0x8008
  1497                           ;	Flash Memory Self-Write Protection
  1498                           ;	WRT = OFF, Write protection off
  1499                           ;	PLL Enable
  1500                           ;	PLLEN = OFF, 4x PLL disabled
  1501                           ;	Stack Overflow/Underflow Reset Enable
  1502                           ;	STVREN = ON, Stack Overflow or Underflow will cause a Reset
  1503                           ;	Brown-out Reset Voltage Selection
  1504                           ;	BORV = LO, Brown-out Reset Voltage (Vbor), low trip point selected.
  1505                           ;	Low-Voltage Programming Enable
  1506                           ;	LVP = ON, Low-voltage programming enabled
  1507  8008                     	org	32776
  1508  8008  3EFF               	dw	16127

Data Sizes:
    Strings     0
    Constant    0
    Data        0
    BSS         0
    Persistent  32
    Stack       0

Auto Spaces:
    Space          Size  Autos    Used
    COMMON           14      3       3
    BANK0            80      0       0
    BANK1            80      0       0
    BANK2            80      0       0
    BANK3            80      0       0
    BANK4            48      0       0

Pointer List with Targets:

    None.

Critical Paths under _main in COMMON

    None.

Critical Paths under _main in BANK0

    None.

Critical Paths under _main in BANK1

    None.

Critical Paths under _main in BANK2

    None.

Critical Paths under _main in BANK3

    None.

Critical Paths under _main in BANK4

    None.

Call Graph Tables:

 ---------------------------------------------------------------------------------
 (Depth) Function   	        Calls       Base Space   Used Autos Params    Refs
 ---------------------------------------------------------------------------------
 (0) _main                                                 3     3      0      30
                                              0 COMMON     3     3      0
                  _SYSTEM_Initialize
 ---------------------------------------------------------------------------------
 (1) _SYSTEM_Initialize                                    0     0      0       0
              _OSCILLATOR_Initialize
             _PIN_MANAGER_Initialize
                     _WDT_Initialize
 ---------------------------------------------------------------------------------
 (2) _WDT_Initialize                                       0     0      0       0
 ---------------------------------------------------------------------------------
 (2) _PIN_MANAGER_Initialize                               0     0      0       0
 ---------------------------------------------------------------------------------
 (2) _OSCILLATOR_Initialize                                0     0      0       0
 ---------------------------------------------------------------------------------
 Estimated maximum stack depth 2
 ---------------------------------------------------------------------------------

 Call Graph Graphs:

 _main (ROOT)
   _SYSTEM_Initialize
     _OSCILLATOR_Initialize
     _PIN_MANAGER_Initialize
     _WDT_Initialize

 Address spaces:
Name               Size   Autos  Total    Cost      Usage
BIGRAM             170      0       0       0        0.0%
EEDATA             100      0       0       0        0.0%
NULL                 0      0       0       0        0.0%
CODE                 0      0       0       0        0.0%
BITCOMMON            E      0       0       1        0.0%
BITSFR0              0      0       0       1        0.0%
SFR0                 0      0       0       1        0.0%
COMMON               E      3       3       2       21.4%
BITSFR1              0      0       0       2        0.0%
SFR1                 0      0       0       2        0.0%
BITSFR2              0      0       0       3        0.0%
SFR2                 0      0       0       3        0.0%
STACK                0      0       0       3        0.0%
BITSFR3              0      0       0       4        0.0%
SFR3                 0      0       0       4        0.0%
ABS                  0      0       0       4        0.0%
BITBANK0            50      0       0       5        0.0%
BITSFR4              0      0       0       5        0.0%
SFR4                 0      0       0       5        0.0%
BANK0               50      0       0       6        0.0%
BITSFR5              0      0       0       6        0.0%
SFR5                 0      0       0       6        0.0%
BITBANK1            50      0       0       7        0.0%
BITSFR6              0      0       0       7        0.0%
SFR6                 0      0       0       7        0.0%
BANK1               50      0       0       8        0.0%
BITSFR7              0      0       0       8        0.0%
SFR7                 0      0       0       8        0.0%
BITBANK2            50      0       0       9        0.0%
BITSFR8              0      0       0       9        0.0%
SFR8                 0      0       0       9        0.0%
BANK2               50      0       0      10        0.0%
BITSFR9              0      0       0      10        0.0%
SFR9                 0      0       0      10        0.0%
BITBANK3            50      0       0      11        0.0%
BITSFR10             0      0       0      11        0.0%
SFR10                0      0       0      11        0.0%
BANK3               50      0       0      12        0.0%
BITSFR11             0      0       0      12        0.0%
SFR11                0      0       0      12        0.0%
BITBANK4            30      0       0      13        0.0%
BITSFR12             0      0       0      13        0.0%
SFR12                0      0       0      13        0.0%
BANK4               30      0       0      14        0.0%
BITSFR13             0      0       0      14        0.0%
SFR13                0      0       0      14        0.0%
BITSFR14             0      0       0      15        0.0%
SFR14                0      0       0      15        0.0%
DATA                 0      0       0      15        0.0%
BITSFR15             0      0       0      16        0.0%
SFR15                0      0       0      16        0.0%
BITSFR16             0      0       0      17        0.0%
SFR16                0      0       0      17        0.0%
BITSFR17             0      0       0      18        0.0%
SFR17                0      0       0      18        0.0%
BITSFR18             0      0       0      19        0.0%
SFR18                0      0       0      19        0.0%
BITSFR19             0      0       0      20        0.0%
SFR19                0      0       0      20        0.0%
BITSFR20             0      0       0      21        0.0%
SFR20                0      0       0      21        0.0%
BITSFR21             0      0       0      22        0.0%
SFR21                0      0       0      22        0.0%
BITSFR22             0      0       0      23        0.0%
SFR22                0      0       0      23        0.0%
BITSFR23             0      0       0      24        0.0%
SFR23                0      0       0      24        0.0%
BITSFR24             0      0       0      25        0.0%
SFR24                0      0       0      25        0.0%
BITSFR25             0      0       0      26        0.0%
SFR25                0      0       0      26        0.0%
BITSFR26             0      0       0      27        0.0%
SFR26                0      0       0      27        0.0%
BITSFR27             0      0       0      28        0.0%
SFR27                0      0       0      28        0.0%
BITSFR28             0      0       0      29        0.0%
SFR28                0      0       0      29        0.0%
BITSFR29             0      0       0      30        0.0%
SFR29                0      0       0      30        0.0%
BITSFR30             0      0       0      31        0.0%
SFR30                0      0       0      31        0.0%
BITSFR31             0      0       0      32        0.0%
SFR31                0      0       0      32        0.0%


Microchip Technology PIC Macro Assembler V2.31 build 20201012212115 
Symbol Table                                                                                   Thu Oct 07 09:37:47 2021

                             l14 0783                               l61 06E1                               l55 06F2  
                             l58 06E8                               l86 0706                               u10 070F  
                             u11 070E                               u20 0788                               u21 0787  
                             u37 0719                               u47 0723                               u57 072D  
                             u67 0737                               u77 0741                               u87 074B  
                             u97 0755                              l701 06F9                              l703 0701  
                            l711 06DE                              l705 06E2                              l713 06E9  
                            l721 0714                              l707 06E5                              l731 0746  
                            l723 071E                              l715 0707                              l709 06E6  
                            l741 0788                              l813 0769                              l733 0750  
                            l725 0728                              l717 070A                              l815 07E1  
                            l751 07AA                              l743 078D                              l735 075A  
                            l727 0732                              l719 070F                              l753 07B4  
                            l745 078E                              l729 073C                              l755 07BE  
                            l747 0796                              l763 07DC                              l739 0764  
                            l757 07C8                              l749 07A0                              l759 07D2  
                            l697 06F3                              l699 06F6                              u107 075F  
                            u117 0791                              u127 079B                              u137 07A5  
                            u147 07AF                              u157 07B9                              u167 07C3  
                            u177 07CD                              u187 07D7                              wreg 0009  
                           _LATA 010C                             _LATB 010D                             _WPUA 020C  
                           _WPUB 020D                             _main 0707                             btemp 007E  
                           start 0002   __size_of_OSCILLATOR_Initialize 0007    __end_of_OSCILLATOR_Initialize 06E9  
                          ?_main 0070                            _PORTB 000D                            _TRISA 008C  
                          _TRISB 008D                   _WDT_Initialize 06DE                            main@i 0071  
                          wtemp0 007E                  __initialization 07FD                     __end_of_main 07FD  
                         ??_main 0070           __end_of_WDT_Initialize 06E2                           _ANSELA 018C  
                         _ANSELB 018D                           _BORCON 0116                           _OSCCON 0099  
                         _WDTCON 0097                  ?_WDT_Initialize 0070                _SYSTEM_Initialize 06E9  
        __end_of__initialization 07FD               ?_SYSTEM_Initialize 0070                   __pcstackCOMMON 0070  
            ??_SYSTEM_Initialize 0070                   _OPTION_REGbits 0095        __end_of_SYSTEM_Initialize 06F3  
                     __pmaintext 0707                          _APFCON0 011D                          _APFCON1 011E  
                        _OSCTUNE 0098                          __ptext1 06E9                          __ptext2 06DE  
                        __ptext3 06F3                          __ptext4 06E2            _OSCILLATOR_Initialize 06E2  
       ??_PIN_MANAGER_Initialize 0070       __size_of_SYSTEM_Initialize 000A             end_of_initialization 07FD  
               ??_WDT_Initialize 0070                        _PORTAbits 000C           ?_OSCILLATOR_Initialize 0070  
            start_initialization 07FD  __size_of_PIN_MANAGER_Initialize 0014                        ___latbits 0001  
         _PIN_MANAGER_Initialize 06F3          ??_OSCILLATOR_Initialize 0070                    __size_of_main 00F6  
        __size_of_WDT_Initialize 0004          ?_PIN_MANAGER_Initialize 0070   __end_of_PIN_MANAGER_Initialize 0707  
