

Microchip MPLAB XC8 Assembler V2.31 build 20201012212115 
                                                                                               Thu Oct 14 08:33:10 2021

Microchip MPLAB XC8 C Compiler v2.31 (Free license) build 20201012212115 Og1 
     1                           	processor	16F1827
     2                           	pagewidth 120
     3                           	opt	flic
     4                           	psect	cinit,global,class=CODE,merge=1,delta=2
     5                           	psect	cstackCOMMON,global,class=COMMON,space=1,delta=1,noexec
     6                           	psect	maintext,global,class=CODE,merge=1,split=1,delta=2
     7                           	psect	text1,local,class=CODE,merge=1,delta=2
     8                           	psect	text2,local,class=CODE,merge=1,delta=2
     9                           	psect	text3,local,class=CODE,merge=1,delta=2
    10                           	psect	text4,local,class=CODE,merge=1,delta=2
    11                           	psect	config,global,abs,ovrld,class=CONFIG,space=4,delta=2,noexec
    12                           	dabs	1,0x7E,2
    13  0000                     
    14                           ; Version 2.20
    15                           ; Generated 12/02/2020 GMT
    16                           ; 
    17                           ; Copyright © 2020, Microchip Technology Inc. and its subsidiaries ("Microchip")
    18                           ; All rights reserved.
    19                           ; 
    20                           ; This software is developed by Microchip Technology Inc. and its subsidiaries ("Microch
      +                          ip").
    21                           ; 
    22                           ; Redistribution and use in source and binary forms, with or without modification, are
    23                           ; permitted provided that the following conditions are met:
    24                           ; 
    25                           ;     1. Redistributions of source code must retain the above copyright notice, this lis
      +                          t of
    26                           ;        conditions and the following disclaimer.
    27                           ; 
    28                           ;     2. Redistributions in binary form must reproduce the above copyright notice, this 
      +                          list
    29                           ;        of conditions and the following disclaimer in the documentation and/or other
    30                           ;        materials provided with the distribution.
    31                           ; 
    32                           ;     3. Microchip's name may not be used to endorse or promote products derived from th
      +                          is
    33                           ;        software without specific prior written permission.
    34                           ; 
    35                           ; THIS SOFTWARE IS PROVIDED BY MICROCHIP "AS IS" AND ANY EXPRESS OR IMPLIED WARRANTIES,
    36                           ; INCLUDING, BUT NOT LIMITED TO, THE IMPLIED WARRANTIES OF MERCHANTABILITY AND FITNESS F
      +                          OR
    37                           ; PURPOSE ARE DISCLAIMED.  IN NO EVENT SHALL MICROCHIP BE LIABLE FOR ANY DIRECT, INDIREC
      +                          T,
    38                           ; INCIDENTAL, SPECIAL, EXEMPLARY, OR CONSEQUENTIAL DAMAGES (INCLUDING BUT NOT LIMITED TO
    39                           ; PROCUREMENT OF SUBSTITUTE GOODS OR SERVICES; LOSS OF USE, DATA OR PROFITS; OR BUSINESS
    40                           ; INTERRUPTION) HOWSOEVER CAUSED AND ON ANY THEORY OF LIABILITY, WHETHER IN CONTRACT, ST
      +                          RICT
    41                           ; LIABILITY, OR TORT (INCLUDING NEGLIGENCE OR OTHERWISE) ARISING IN ANY WAY OUT OF THE U
      +                          SE OF
    42                           ; THIS SOFTWARE, EVEN IF ADVISED OF THE POSSIBILITY OF SUCH DAMAGE.
    43                           ; 
    44                           ; 
    45                           ; Code-generator required, PIC16F1827 Definitions
    46                           ; 
    47                           ; SFR Addresses
    48  0000                     	;# 
    49  0001                     	;# 
    50  0002                     	;# 
    51  0003                     	;# 
    52  0004                     	;# 
    53  0005                     	;# 
    54  0006                     	;# 
    55  0007                     	;# 
    56  0008                     	;# 
    57  0009                     	;# 
    58  000A                     	;# 
    59  000B                     	;# 
    60  000C                     	;# 
    61  000D                     	;# 
    62  0011                     	;# 
    63  0012                     	;# 
    64  0013                     	;# 
    65  0014                     	;# 
    66  0015                     	;# 
    67  0016                     	;# 
    68  0016                     	;# 
    69  0017                     	;# 
    70  0018                     	;# 
    71  0019                     	;# 
    72  001A                     	;# 
    73  001B                     	;# 
    74  001C                     	;# 
    75  001E                     	;# 
    76  001F                     	;# 
    77  008C                     	;# 
    78  008D                     	;# 
    79  0091                     	;# 
    80  0092                     	;# 
    81  0093                     	;# 
    82  0094                     	;# 
    83  0095                     	;# 
    84  0096                     	;# 
    85  0097                     	;# 
    86  0098                     	;# 
    87  0099                     	;# 
    88  009A                     	;# 
    89  009B                     	;# 
    90  009B                     	;# 
    91  009C                     	;# 
    92  009D                     	;# 
    93  009E                     	;# 
    94  010C                     	;# 
    95  010D                     	;# 
    96  0111                     	;# 
    97  0112                     	;# 
    98  0113                     	;# 
    99  0114                     	;# 
   100  0115                     	;# 
   101  0116                     	;# 
   102  0117                     	;# 
   103  0118                     	;# 
   104  0119                     	;# 
   105  011A                     	;# 
   106  011B                     	;# 
   107  011D                     	;# 
   108  011E                     	;# 
   109  018C                     	;# 
   110  018D                     	;# 
   111  0191                     	;# 
   112  0191                     	;# 
   113  0192                     	;# 
   114  0193                     	;# 
   115  0193                     	;# 
   116  0193                     	;# 
   117  0194                     	;# 
   118  0195                     	;# 
   119  0196                     	;# 
   120  0199                     	;# 
   121  019A                     	;# 
   122  019B                     	;# 
   123  019B                     	;# 
   124  019B                     	;# 
   125  019B                     	;# 
   126  019C                     	;# 
   127  019C                     	;# 
   128  019D                     	;# 
   129  019E                     	;# 
   130  019F                     	;# 
   131  020C                     	;# 
   132  020D                     	;# 
   133  0211                     	;# 
   134  0211                     	;# 
   135  0212                     	;# 
   136  0212                     	;# 
   137  0213                     	;# 
   138  0213                     	;# 
   139  0214                     	;# 
   140  0214                     	;# 
   141  0215                     	;# 
   142  0215                     	;# 
   143  0215                     	;# 
   144  0216                     	;# 
   145  0216                     	;# 
   146  0217                     	;# 
   147  0217                     	;# 
   148  0219                     	;# 
   149  021A                     	;# 
   150  021B                     	;# 
   151  021C                     	;# 
   152  021D                     	;# 
   153  021E                     	;# 
   154  021F                     	;# 
   155  0291                     	;# 
   156  0291                     	;# 
   157  0292                     	;# 
   158  0293                     	;# 
   159  0294                     	;# 
   160  0295                     	;# 
   161  0295                     	;# 
   162  0296                     	;# 
   163  0298                     	;# 
   164  0298                     	;# 
   165  0299                     	;# 
   166  029A                     	;# 
   167  029B                     	;# 
   168  029C                     	;# 
   169  029C                     	;# 
   170  029D                     	;# 
   171  029E                     	;# 
   172  029E                     	;# 
   173  0311                     	;# 
   174  0311                     	;# 
   175  0312                     	;# 
   176  0313                     	;# 
   177  0318                     	;# 
   178  0318                     	;# 
   179  0319                     	;# 
   180  031A                     	;# 
   181  0394                     	;# 
   182  0395                     	;# 
   183  0396                     	;# 
   184  039A                     	;# 
   185  039C                     	;# 
   186  039D                     	;# 
   187  039E                     	;# 
   188  039F                     	;# 
   189  0415                     	;# 
   190  0416                     	;# 
   191  0417                     	;# 
   192  041C                     	;# 
   193  041D                     	;# 
   194  041E                     	;# 
   195  0FE4                     	;# 
   196  0FE5                     	;# 
   197  0FE6                     	;# 
   198  0FE7                     	;# 
   199  0FE8                     	;# 
   200  0FE9                     	;# 
   201  0FEA                     	;# 
   202  0FEB                     	;# 
   203  0FED                     	;# 
   204  0FEE                     	;# 
   205  0FEF                     	;# 
   206  0000                     	;# 
   207  0001                     	;# 
   208  0002                     	;# 
   209  0003                     	;# 
   210  0004                     	;# 
   211  0005                     	;# 
   212  0006                     	;# 
   213  0007                     	;# 
   214  0008                     	;# 
   215  0009                     	;# 
   216  000A                     	;# 
   217  000B                     	;# 
   218  000C                     	;# 
   219  000D                     	;# 
   220  0011                     	;# 
   221  0012                     	;# 
   222  0013                     	;# 
   223  0014                     	;# 
   224  0015                     	;# 
   225  0016                     	;# 
   226  0016                     	;# 
   227  0017                     	;# 
   228  0018                     	;# 
   229  0019                     	;# 
   230  001A                     	;# 
   231  001B                     	;# 
   232  001C                     	;# 
   233  001E                     	;# 
   234  001F                     	;# 
   235  008C                     	;# 
   236  008D                     	;# 
   237  0091                     	;# 
   238  0092                     	;# 
   239  0093                     	;# 
   240  0094                     	;# 
   241  0095                     	;# 
   242  0096                     	;# 
   243  0097                     	;# 
   244  0098                     	;# 
   245  0099                     	;# 
   246  009A                     	;# 
   247  009B                     	;# 
   248  009B                     	;# 
   249  009C                     	;# 
   250  009D                     	;# 
   251  009E                     	;# 
   252  010C                     	;# 
   253  010D                     	;# 
   254  0111                     	;# 
   255  0112                     	;# 
   256  0113                     	;# 
   257  0114                     	;# 
   258  0115                     	;# 
   259  0116                     	;# 
   260  0117                     	;# 
   261  0118                     	;# 
   262  0119                     	;# 
   263  011A                     	;# 
   264  011B                     	;# 
   265  011D                     	;# 
   266  011E                     	;# 
   267  018C                     	;# 
   268  018D                     	;# 
   269  0191                     	;# 
   270  0191                     	;# 
   271  0192                     	;# 
   272  0193                     	;# 
   273  0193                     	;# 
   274  0193                     	;# 
   275  0194                     	;# 
   276  0195                     	;# 
   277  0196                     	;# 
   278  0199                     	;# 
   279  019A                     	;# 
   280  019B                     	;# 
   281  019B                     	;# 
   282  019B                     	;# 
   283  019B                     	;# 
   284  019C                     	;# 
   285  019C                     	;# 
   286  019D                     	;# 
   287  019E                     	;# 
   288  019F                     	;# 
   289  020C                     	;# 
   290  020D                     	;# 
   291  0211                     	;# 
   292  0211                     	;# 
   293  0212                     	;# 
   294  0212                     	;# 
   295  0213                     	;# 
   296  0213                     	;# 
   297  0214                     	;# 
   298  0214                     	;# 
   299  0215                     	;# 
   300  0215                     	;# 
   301  0215                     	;# 
   302  0216                     	;# 
   303  0216                     	;# 
   304  0217                     	;# 
   305  0217                     	;# 
   306  0219                     	;# 
   307  021A                     	;# 
   308  021B                     	;# 
   309  021C                     	;# 
   310  021D                     	;# 
   311  021E                     	;# 
   312  021F                     	;# 
   313  0291                     	;# 
   314  0291                     	;# 
   315  0292                     	;# 
   316  0293                     	;# 
   317  0294                     	;# 
   318  0295                     	;# 
   319  0295                     	;# 
   320  0296                     	;# 
   321  0298                     	;# 
   322  0298                     	;# 
   323  0299                     	;# 
   324  029A                     	;# 
   325  029B                     	;# 
   326  029C                     	;# 
   327  029C                     	;# 
   328  029D                     	;# 
   329  029E                     	;# 
   330  029E                     	;# 
   331  0311                     	;# 
   332  0311                     	;# 
   333  0312                     	;# 
   334  0313                     	;# 
   335  0318                     	;# 
   336  0318                     	;# 
   337  0319                     	;# 
   338  031A                     	;# 
   339  0394                     	;# 
   340  0395                     	;# 
   341  0396                     	;# 
   342  039A                     	;# 
   343  039C                     	;# 
   344  039D                     	;# 
   345  039E                     	;# 
   346  039F                     	;# 
   347  0415                     	;# 
   348  0416                     	;# 
   349  0417                     	;# 
   350  041C                     	;# 
   351  041D                     	;# 
   352  041E                     	;# 
   353  0FE4                     	;# 
   354  0FE5                     	;# 
   355  0FE6                     	;# 
   356  0FE7                     	;# 
   357  0FE8                     	;# 
   358  0FE9                     	;# 
   359  0FEA                     	;# 
   360  0FEB                     	;# 
   361  0FED                     	;# 
   362  0FEE                     	;# 
   363  0FEF                     	;# 
   364  0000                     	;# 
   365  0001                     	;# 
   366  0002                     	;# 
   367  0003                     	;# 
   368  0004                     	;# 
   369  0005                     	;# 
   370  0006                     	;# 
   371  0007                     	;# 
   372  0008                     	;# 
   373  0009                     	;# 
   374  000A                     	;# 
   375  000B                     	;# 
   376  000C                     	;# 
   377  000D                     	;# 
   378  0011                     	;# 
   379  0012                     	;# 
   380  0013                     	;# 
   381  0014                     	;# 
   382  0015                     	;# 
   383  0016                     	;# 
   384  0016                     	;# 
   385  0017                     	;# 
   386  0018                     	;# 
   387  0019                     	;# 
   388  001A                     	;# 
   389  001B                     	;# 
   390  001C                     	;# 
   391  001E                     	;# 
   392  001F                     	;# 
   393  008C                     	;# 
   394  008D                     	;# 
   395  0091                     	;# 
   396  0092                     	;# 
   397  0093                     	;# 
   398  0094                     	;# 
   399  0095                     	;# 
   400  0096                     	;# 
   401  0097                     	;# 
   402  0098                     	;# 
   403  0099                     	;# 
   404  009A                     	;# 
   405  009B                     	;# 
   406  009B                     	;# 
   407  009C                     	;# 
   408  009D                     	;# 
   409  009E                     	;# 
   410  010C                     	;# 
   411  010D                     	;# 
   412  0111                     	;# 
   413  0112                     	;# 
   414  0113                     	;# 
   415  0114                     	;# 
   416  0115                     	;# 
   417  0116                     	;# 
   418  0117                     	;# 
   419  0118                     	;# 
   420  0119                     	;# 
   421  011A                     	;# 
   422  011B                     	;# 
   423  011D                     	;# 
   424  011E                     	;# 
   425  018C                     	;# 
   426  018D                     	;# 
   427  0191                     	;# 
   428  0191                     	;# 
   429  0192                     	;# 
   430  0193                     	;# 
   431  0193                     	;# 
   432  0193                     	;# 
   433  0194                     	;# 
   434  0195                     	;# 
   435  0196                     	;# 
   436  0199                     	;# 
   437  019A                     	;# 
   438  019B                     	;# 
   439  019B                     	;# 
   440  019B                     	;# 
   441  019B                     	;# 
   442  019C                     	;# 
   443  019C                     	;# 
   444  019D                     	;# 
   445  019E                     	;# 
   446  019F                     	;# 
   447  020C                     	;# 
   448  020D                     	;# 
   449  0211                     	;# 
   450  0211                     	;# 
   451  0212                     	;# 
   452  0212                     	;# 
   453  0213                     	;# 
   454  0213                     	;# 
   455  0214                     	;# 
   456  0214                     	;# 
   457  0215                     	;# 
   458  0215                     	;# 
   459  0215                     	;# 
   460  0216                     	;# 
   461  0216                     	;# 
   462  0217                     	;# 
   463  0217                     	;# 
   464  0219                     	;# 
   465  021A                     	;# 
   466  021B                     	;# 
   467  021C                     	;# 
   468  021D                     	;# 
   469  021E                     	;# 
   470  021F                     	;# 
   471  0291                     	;# 
   472  0291                     	;# 
   473  0292                     	;# 
   474  0293                     	;# 
   475  0294                     	;# 
   476  0295                     	;# 
   477  0295                     	;# 
   478  0296                     	;# 
   479  0298                     	;# 
   480  0298                     	;# 
   481  0299                     	;# 
   482  029A                     	;# 
   483  029B                     	;# 
   484  029C                     	;# 
   485  029C                     	;# 
   486  029D                     	;# 
   487  029E                     	;# 
   488  029E                     	;# 
   489  0311                     	;# 
   490  0311                     	;# 
   491  0312                     	;# 
   492  0313                     	;# 
   493  0318                     	;# 
   494  0318                     	;# 
   495  0319                     	;# 
   496  031A                     	;# 
   497  0394                     	;# 
   498  0395                     	;# 
   499  0396                     	;# 
   500  039A                     	;# 
   501  039C                     	;# 
   502  039D                     	;# 
   503  039E                     	;# 
   504  039F                     	;# 
   505  0415                     	;# 
   506  0416                     	;# 
   507  0417                     	;# 
   508  041C                     	;# 
   509  041D                     	;# 
   510  041E                     	;# 
   511  0FE4                     	;# 
   512  0FE5                     	;# 
   513  0FE6                     	;# 
   514  0FE7                     	;# 
   515  0FE8                     	;# 
   516  0FE9                     	;# 
   517  0FEA                     	;# 
   518  0FEB                     	;# 
   519  0FED                     	;# 
   520  0FEE                     	;# 
   521  0FEF                     	;# 
   522  0000                     	;# 
   523  0001                     	;# 
   524  0002                     	;# 
   525  0003                     	;# 
   526  0004                     	;# 
   527  0005                     	;# 
   528  0006                     	;# 
   529  0007                     	;# 
   530  0008                     	;# 
   531  0009                     	;# 
   532  000A                     	;# 
   533  000B                     	;# 
   534  000C                     	;# 
   535  000D                     	;# 
   536  0011                     	;# 
   537  0012                     	;# 
   538  0013                     	;# 
   539  0014                     	;# 
   540  0015                     	;# 
   541  0016                     	;# 
   542  0016                     	;# 
   543  0017                     	;# 
   544  0018                     	;# 
   545  0019                     	;# 
   546  001A                     	;# 
   547  001B                     	;# 
   548  001C                     	;# 
   549  001E                     	;# 
   550  001F                     	;# 
   551  008C                     	;# 
   552  008D                     	;# 
   553  0091                     	;# 
   554  0092                     	;# 
   555  0093                     	;# 
   556  0094                     	;# 
   557  0095                     	;# 
   558  0096                     	;# 
   559  0097                     	;# 
   560  0098                     	;# 
   561  0099                     	;# 
   562  009A                     	;# 
   563  009B                     	;# 
   564  009B                     	;# 
   565  009C                     	;# 
   566  009D                     	;# 
   567  009E                     	;# 
   568  010C                     	;# 
   569  010D                     	;# 
   570  0111                     	;# 
   571  0112                     	;# 
   572  0113                     	;# 
   573  0114                     	;# 
   574  0115                     	;# 
   575  0116                     	;# 
   576  0117                     	;# 
   577  0118                     	;# 
   578  0119                     	;# 
   579  011A                     	;# 
   580  011B                     	;# 
   581  011D                     	;# 
   582  011E                     	;# 
   583  018C                     	;# 
   584  018D                     	;# 
   585  0191                     	;# 
   586  0191                     	;# 
   587  0192                     	;# 
   588  0193                     	;# 
   589  0193                     	;# 
   590  0193                     	;# 
   591  0194                     	;# 
   592  0195                     	;# 
   593  0196                     	;# 
   594  0199                     	;# 
   595  019A                     	;# 
   596  019B                     	;# 
   597  019B                     	;# 
   598  019B                     	;# 
   599  019B                     	;# 
   600  019C                     	;# 
   601  019C                     	;# 
   602  019D                     	;# 
   603  019E                     	;# 
   604  019F                     	;# 
   605  020C                     	;# 
   606  020D                     	;# 
   607  0211                     	;# 
   608  0211                     	;# 
   609  0212                     	;# 
   610  0212                     	;# 
   611  0213                     	;# 
   612  0213                     	;# 
   613  0214                     	;# 
   614  0214                     	;# 
   615  0215                     	;# 
   616  0215                     	;# 
   617  0215                     	;# 
   618  0216                     	;# 
   619  0216                     	;# 
   620  0217                     	;# 
   621  0217                     	;# 
   622  0219                     	;# 
   623  021A                     	;# 
   624  021B                     	;# 
   625  021C                     	;# 
   626  021D                     	;# 
   627  021E                     	;# 
   628  021F                     	;# 
   629  0291                     	;# 
   630  0291                     	;# 
   631  0292                     	;# 
   632  0293                     	;# 
   633  0294                     	;# 
   634  0295                     	;# 
   635  0295                     	;# 
   636  0296                     	;# 
   637  0298                     	;# 
   638  0298                     	;# 
   639  0299                     	;# 
   640  029A                     	;# 
   641  029B                     	;# 
   642  029C                     	;# 
   643  029C                     	;# 
   644  029D                     	;# 
   645  029E                     	;# 
   646  029E                     	;# 
   647  0311                     	;# 
   648  0311                     	;# 
   649  0312                     	;# 
   650  0313                     	;# 
   651  0318                     	;# 
   652  0318                     	;# 
   653  0319                     	;# 
   654  031A                     	;# 
   655  0394                     	;# 
   656  0395                     	;# 
   657  0396                     	;# 
   658  039A                     	;# 
   659  039C                     	;# 
   660  039D                     	;# 
   661  039E                     	;# 
   662  039F                     	;# 
   663  0415                     	;# 
   664  0416                     	;# 
   665  0417                     	;# 
   666  041C                     	;# 
   667  041D                     	;# 
   668  041E                     	;# 
   669  0FE4                     	;# 
   670  0FE5                     	;# 
   671  0FE6                     	;# 
   672  0FE7                     	;# 
   673  0FE8                     	;# 
   674  0FE9                     	;# 
   675  0FEA                     	;# 
   676  0FEB                     	;# 
   677  0FED                     	;# 
   678  0FEE                     	;# 
   679  0FEF                     	;# 
   680  000D                     _PORTB	set	13
   681  000C                     _PORTAbits	set	12
   682  0097                     _WDTCON	set	151
   683  0098                     _OSCTUNE	set	152
   684  0099                     _OSCCON	set	153
   685  0095                     _OPTION_REGbits	set	149
   686  008D                     _TRISB	set	141
   687  008C                     _TRISA	set	140
   688  0116                     _BORCON	set	278
   689  011E                     _APFCON1	set	286
   690  011D                     _APFCON0	set	285
   691  010D                     _LATB	set	269
   692  010C                     _LATA	set	268
   693  018C                     _ANSELA	set	396
   694  018D                     _ANSELB	set	397
   695  020C                     _WPUA	set	524
   696  020D                     _WPUB	set	525
   697                           
   698                           	psect	cinit
   699  07FD                     start_initialization:	
   700                           ; #config settings
   701                           
   702  07FD                     __initialization:
   703  07FD                     end_of_initialization:	
   704                           ;End of C runtime variable initialization code
   705                           
   706  07FD                     __end_of__initialization:
   707  07FD  0020               	movlb	0
   708  07FE  3186  2E8A         	ljmp	_main	;jump to C main() function
   709                           
   710                           	psect	cstackCOMMON
   711  0070                     __pcstackCOMMON:
   712  0070                     ?_SYSTEM_Initialize:
   713  0070                     ??_SYSTEM_Initialize:	
   714                           ; 1 bytes @ 0x0
   715                           
   716  0070                     ?_OSCILLATOR_Initialize:	
   717                           ; 1 bytes @ 0x0
   718                           
   719  0070                     ??_OSCILLATOR_Initialize:	
   720                           ; 1 bytes @ 0x0
   721                           
   722  0070                     ?_WDT_Initialize:	
   723                           ; 1 bytes @ 0x0
   724                           
   725  0070                     ??_WDT_Initialize:	
   726                           ; 1 bytes @ 0x0
   727                           
   728  0070                     ?_main:	
   729                           ; 1 bytes @ 0x0
   730                           
   731  0070                     ??_main:	
   732                           ; 1 bytes @ 0x0
   733                           
   734  0070                     ?_PIN_MANAGER_Initialize:	
   735                           ; 1 bytes @ 0x0
   736                           
   737  0070                     ??_PIN_MANAGER_Initialize:	
   738                           ; 1 bytes @ 0x0
   739                           
   740                           
   741                           ; 1 bytes @ 0x0
   742  0070                     	ds	2
   743  0072                     main@i:
   744                           
   745                           ; 2 bytes @ 0x2
   746  0072                     	ds	2
   747                           
   748                           	psect	maintext
   749  068A                     __pmaintext:	
   750 ;;
   751 ;;Main: autosize = 0, tempsize = 2, incstack = 0, save=0
   752 ;;
   753 ;; *************** function _main *****************
   754 ;; Defined at:
   755 ;;		line 13 in file "main.c"
   756 ;; Parameters:    Size  Location     Type
   757 ;;		None
   758 ;; Auto vars:     Size  Location     Type
   759 ;;  i               2    2[COMMON] int 
   760 ;; Return value:  Size  Location     Type
   761 ;;                  1    wreg      void 
   762 ;; Registers used:
   763 ;;		wreg, fsr0l, fsr0h, status,2, status,0, pclath, cstack
   764 ;; Tracked objects:
   765 ;;		On entry : B1F/0
   766 ;;		On exit  : 0/0
   767 ;;		Unchanged: 0/0
   768 ;; Data sizes:     COMMON   BANK0   BANK1   BANK2   BANK3   BANK4
   769 ;;      Params:         0       0       0       0       0       0
   770 ;;      Locals:         2       0       0       0       0       0
   771 ;;      Temps:          2       0       0       0       0       0
   772 ;;      Totals:         4       0       0       0       0       0
   773 ;;Total ram usage:        4 bytes
   774 ;; Hardware stack levels required when called:    2
   775 ;; This function calls:
   776 ;;		_SYSTEM_Initialize
   777 ;; This function is called by:
   778 ;;		Startup code after reset
   779 ;; This function uses a non-reentrant model
   780 ;;
   781                           
   782                           
   783                           ;psect for function _main
   784  068A                     _main:
   785  068A                     l722:	
   786                           ;incstack = 0
   787                           ; Regs used in _main: [wreg-fsr0h+status,2+status,0+pclath+cstack]
   788                           
   789                           
   790                           ;main.c: 15:     int i;;main.c: 16:     SYSTEM_Initialize();
   791  068A  3186  266C  3186   	fcall	_SYSTEM_Initialize
   792  068D                     l724:
   793                           
   794                           ;main.c: 17:     i = 0;
   795  068D  01F2               	clrf	main@i
   796  068E  01F3               	clrf	main@i+1
   797  068F                     l726:
   798                           
   799                           ;main.c: 21:                 i=i++;
   800  068F  0020               	movlb	0	; select bank0
   801  0690  1D0C               	btfss	12,2	;volatile
   802  0691  2E93               	goto	u11
   803  0692  2E94               	goto	u10
   804  0693                     u11:
   805  0693  2F41               	goto	l14
   806  0694                     u10:
   807  0694                     l728:
   808  0694  3001               	movlw	1
   809  0695  07F2               	addwf	main@i,f
   810  0696  3000               	movlw	0
   811  0697  3DF3               	addwfc	main@i+1,f
   812                           
   813                           ;main.c: 22:                   switch(i){
   814  0698  2F1F               	goto	l752
   815  0699                     l730:
   816                           
   817                           ;main.c: 24:                         PORTB = 0b00000000;
   818  0699  018D               	clrf	13	;volatile
   819  069A                     l732:
   820                           
   821                           ;main.c: 25:                         _delay((unsigned long)((200)*(4000000/4000.0)));
   822  069A  3002               	movlw	2
   823  069B  00F1               	movwf	??_main+1
   824  069C  3004               	movlw	4
   825  069D  00F0               	movwf	??_main
   826  069E  30BA               	movlw	186
   827  069F                     u57:
   828  069F  0B89               	decfsz	9,f
   829  06A0  2E9F               	goto	u57
   830  06A1  0BF0               	decfsz	??_main,f
   831  06A2  2E9F               	goto	u57
   832  06A3  0BF1               	decfsz	??_main+1,f
   833  06A4  2E9F               	goto	u57
   834  06A5  3200               	nop2
   835                           
   836                           ;main.c: 26:                         break;
   837  06A6  2F41               	goto	l14
   838  06A7                     l734:
   839                           
   840                           ;main.c: 28:                         PORTB = 0b10000000;
   841  06A7  3080               	movlw	128
   842  06A8  008D               	movwf	13	;volatile
   843                           
   844                           ;main.c: 29:                         _delay((unsigned long)((200)*(4000000/4000.0)));
   845  06A9  3002               	movlw	2
   846  06AA  00F1               	movwf	??_main+1
   847  06AB  3004               	movlw	4
   848  06AC  00F0               	movwf	??_main
   849  06AD  30BA               	movlw	186
   850  06AE                     u67:
   851  06AE  0B89               	decfsz	9,f
   852  06AF  2EAE               	goto	u67
   853  06B0  0BF0               	decfsz	??_main,f
   854  06B1  2EAE               	goto	u67
   855  06B2  0BF1               	decfsz	??_main+1,f
   856  06B3  2EAE               	goto	u67
   857  06B4  3200               	nop2
   858                           
   859                           ;main.c: 30:                            break;
   860  06B5  2F41               	goto	l14
   861  06B6                     l736:
   862                           
   863                           ;main.c: 32:                         PORTB = 0b11000000;
   864  06B6  30C0               	movlw	192
   865  06B7  008D               	movwf	13	;volatile
   866                           
   867                           ;main.c: 33:                         _delay((unsigned long)((200)*(4000000/4000.0)));
   868  06B8  3002               	movlw	2
   869  06B9  00F1               	movwf	??_main+1
   870  06BA  3004               	movlw	4
   871  06BB  00F0               	movwf	??_main
   872  06BC  30BA               	movlw	186
   873  06BD                     u77:
   874  06BD  0B89               	decfsz	9,f
   875  06BE  2EBD               	goto	u77
   876  06BF  0BF0               	decfsz	??_main,f
   877  06C0  2EBD               	goto	u77
   878  06C1  0BF1               	decfsz	??_main+1,f
   879  06C2  2EBD               	goto	u77
   880  06C3  3200               	nop2
   881                           
   882                           ;main.c: 34:                         break;
   883  06C4  2F41               	goto	l14
   884  06C5                     l738:
   885                           
   886                           ;main.c: 36:                         PORTB = 0b11100000;
   887  06C5  30E0               	movlw	224
   888  06C6  008D               	movwf	13	;volatile
   889                           
   890                           ;main.c: 37:                         _delay((unsigned long)((200)*(4000000/4000.0)));
   891  06C7  3002               	movlw	2
   892  06C8  00F1               	movwf	??_main+1
   893  06C9  3004               	movlw	4
   894  06CA  00F0               	movwf	??_main
   895  06CB  30BA               	movlw	186
   896  06CC                     u87:
   897  06CC  0B89               	decfsz	9,f
   898  06CD  2ECC               	goto	u87
   899  06CE  0BF0               	decfsz	??_main,f
   900  06CF  2ECC               	goto	u87
   901  06D0  0BF1               	decfsz	??_main+1,f
   902  06D1  2ECC               	goto	u87
   903  06D2  3200               	nop2
   904                           
   905                           ;main.c: 38:                         break;
   906  06D3  2F41               	goto	l14
   907  06D4                     l740:
   908                           
   909                           ;main.c: 40:                         PORTB = 0b11110000;
   910  06D4  30F0               	movlw	240
   911  06D5  008D               	movwf	13	;volatile
   912                           
   913                           ;main.c: 41:                         _delay((unsigned long)((200)*(4000000/4000.0)));
   914  06D6  3002               	movlw	2
   915  06D7  00F1               	movwf	??_main+1
   916  06D8  3004               	movlw	4
   917  06D9  00F0               	movwf	??_main
   918  06DA  30BA               	movlw	186
   919  06DB                     u97:
   920  06DB  0B89               	decfsz	9,f
   921  06DC  2EDB               	goto	u97
   922  06DD  0BF0               	decfsz	??_main,f
   923  06DE  2EDB               	goto	u97
   924  06DF  0BF1               	decfsz	??_main+1,f
   925  06E0  2EDB               	goto	u97
   926  06E1  3200               	nop2
   927                           
   928                           ;main.c: 42:                         break;
   929  06E2  2F41               	goto	l14
   930  06E3                     l742:
   931                           
   932                           ;main.c: 44:                         PORTB = 0b11111000;
   933  06E3  30F8               	movlw	248
   934  06E4  008D               	movwf	13	;volatile
   935                           
   936                           ;main.c: 45:                         _delay((unsigned long)((200)*(4000000/4000.0)));
   937  06E5  3002               	movlw	2
   938  06E6  00F1               	movwf	??_main+1
   939  06E7  3004               	movlw	4
   940  06E8  00F0               	movwf	??_main
   941  06E9  30BA               	movlw	186
   942  06EA                     u107:
   943  06EA  0B89               	decfsz	9,f
   944  06EB  2EEA               	goto	u107
   945  06EC  0BF0               	decfsz	??_main,f
   946  06ED  2EEA               	goto	u107
   947  06EE  0BF1               	decfsz	??_main+1,f
   948  06EF  2EEA               	goto	u107
   949  06F0  3200               	nop2
   950                           
   951                           ;main.c: 46:                         break;
   952  06F1  2F41               	goto	l14
   953  06F2                     l744:
   954                           
   955                           ;main.c: 48:                         PORTB = 0b11111100;
   956  06F2  30FC               	movlw	252
   957  06F3  008D               	movwf	13	;volatile
   958                           
   959                           ;main.c: 49:                         _delay((unsigned long)((200)*(4000000/4000.0)));
   960  06F4  3002               	movlw	2
   961  06F5  00F1               	movwf	??_main+1
   962  06F6  3004               	movlw	4
   963  06F7  00F0               	movwf	??_main
   964  06F8  30BA               	movlw	186
   965  06F9                     u117:
   966  06F9  0B89               	decfsz	9,f
   967  06FA  2EF9               	goto	u117
   968  06FB  0BF0               	decfsz	??_main,f
   969  06FC  2EF9               	goto	u117
   970  06FD  0BF1               	decfsz	??_main+1,f
   971  06FE  2EF9               	goto	u117
   972  06FF  3200               	nop2
   973                           
   974                           ;main.c: 50:                         break;
   975  0700  2F41               	goto	l14
   976  0701                     l746:
   977                           
   978                           ;main.c: 52:                         PORTB = 0b11111110;
   979  0701  30FE               	movlw	254
   980  0702  008D               	movwf	13	;volatile
   981                           
   982                           ;main.c: 53:                         _delay((unsigned long)((200)*(4000000/4000.0)));
   983  0703  3002               	movlw	2
   984  0704  00F1               	movwf	??_main+1
   985  0705  3004               	movlw	4
   986  0706  00F0               	movwf	??_main
   987  0707  30BA               	movlw	186
   988  0708                     u127:
   989  0708  0B89               	decfsz	9,f
   990  0709  2F08               	goto	u127
   991  070A  0BF0               	decfsz	??_main,f
   992  070B  2F08               	goto	u127
   993  070C  0BF1               	decfsz	??_main+1,f
   994  070D  2F08               	goto	u127
   995  070E  3200               	nop2
   996                           
   997                           ;main.c: 54:                         break;
   998  070F  2F41               	goto	l14
   999  0710                     l748:
  1000                           
  1001                           ;main.c: 56:                         PORTB = 0b11111111;
  1002  0710  30FF               	movlw	255
  1003  0711  008D               	movwf	13	;volatile
  1004                           
  1005                           ;main.c: 57:                         _delay((unsigned long)((200)*(4000000/4000.0)));
  1006  0712  3002               	movlw	2
  1007  0713  00F1               	movwf	??_main+1
  1008  0714  3004               	movlw	4
  1009  0715  00F0               	movwf	??_main
  1010  0716  30BA               	movlw	186
  1011  0717                     u137:
  1012  0717  0B89               	decfsz	9,f
  1013  0718  2F17               	goto	u137
  1014  0719  0BF0               	decfsz	??_main,f
  1015  071A  2F17               	goto	u137
  1016  071B  0BF1               	decfsz	??_main+1,f
  1017  071C  2F17               	goto	u137
  1018  071D  3200               	nop2
  1019                           
  1020                           ;main.c: 58:                         break;
  1021  071E  2F41               	goto	l14
  1022  071F                     l752:
  1023                           
  1024                           ; Switch on 2 bytes has been partitioned into a top level switch of size 1, and 1 sub-sw
      +                          itches
  1025                           ; Switch size 1, requested type "simple"
  1026                           ; Number of cases is 1, Range of values is 0 to 0
  1027                           ; switch strategies available:
  1028                           ; Name         Instructions Cycles
  1029                           ; simple_byte            4     3 (average)
  1030                           ; direct_byte            8     6 (fixed)
  1031                           ; jumptable            260     6 (fixed)
  1032                           ;	Chosen strategy is simple_byte
  1033  071F  0873               	movf	main@i+1,w
  1034  0720  3A00               	xorlw	0	; case 0
  1035  0721  1903               	skipnz
  1036  0722  2F24               	goto	l832
  1037  0723  2F41               	goto	l14
  1038  0724                     l832:
  1039                           
  1040                           ; Switch size 1, requested type "simple"
  1041                           ; Number of cases is 9, Range of values is 0 to 8
  1042                           ; switch strategies available:
  1043                           ; Name         Instructions Cycles
  1044                           ; direct_byte           24     6 (fixed)
  1045                           ; simple_byte           28    15 (average)
  1046                           ; jumptable            260     6 (fixed)
  1047                           ;	Chosen strategy is simple_byte
  1048  0724  0872               	movf	main@i,w
  1049  0725  3A00               	xorlw	0	; case 0
  1050  0726  1903               	skipnz
  1051  0727  2E99               	goto	l730
  1052  0728  3A01               	xorlw	1	; case 1
  1053  0729  1903               	skipnz
  1054  072A  2EA7               	goto	l734
  1055  072B  3A03               	xorlw	3	; case 2
  1056  072C  1903               	skipnz
  1057  072D  2EB6               	goto	l736
  1058  072E  3A01               	xorlw	1	; case 3
  1059  072F  1903               	skipnz
  1060  0730  2EC5               	goto	l738
  1061  0731  3A07               	xorlw	7	; case 4
  1062  0732  1903               	skipnz
  1063  0733  2ED4               	goto	l740
  1064  0734  3A01               	xorlw	1	; case 5
  1065  0735  1903               	skipnz
  1066  0736  2EE3               	goto	l742
  1067  0737  3A03               	xorlw	3	; case 6
  1068  0738  1903               	skipnz
  1069  0739  2EF2               	goto	l744
  1070  073A  3A01               	xorlw	1	; case 7
  1071  073B  1903               	skipnz
  1072  073C  2F01               	goto	l746
  1073  073D  3A0F               	xorlw	15	; case 8
  1074  073E  1903               	skipnz
  1075  073F  2F10               	goto	l748
  1076  0740  2F41               	goto	l14
  1077  0741                     l14:	
  1078                           ;main.c: 60:             }
  1079                           
  1080                           
  1081                           ;main.c: 65:             i=i--;
  1082  0741  0020               	movlb	0	; select bank0
  1083  0742  1D8C               	btfss	12,3	;volatile
  1084  0743  2F45               	goto	u21
  1085  0744  2F46               	goto	u20
  1086  0745                     u21:
  1087  0745  2FE1               	goto	l26
  1088  0746                     u20:
  1089  0746                     l754:
  1090  0746  30FF               	movlw	255
  1091  0747  07F2               	addwf	main@i,f
  1092  0748  30FF               	movlw	255
  1093  0749  3DF3               	addwfc	main@i+1,f
  1094                           
  1095                           ;main.c: 66:                 switch(i){
  1096  074A  2FC2               	goto	l776
  1097  074B                     l756:
  1098                           
  1099                           ;main.c: 68:                         PORTB = 0b00000000;
  1100  074B  018D               	clrf	13	;volatile
  1101  074C                     l758:
  1102                           
  1103                           ;main.c: 69:                         _delay((unsigned long)((200)*(4000000/4000.0)));
  1104  074C  3002               	movlw	2
  1105  074D  00F1               	movwf	??_main+1
  1106  074E  3004               	movlw	4
  1107  074F  00F0               	movwf	??_main
  1108  0750  30BA               	movlw	186
  1109  0751                     u147:
  1110  0751  0B89               	decfsz	9,f
  1111  0752  2F51               	goto	u147
  1112  0753  0BF0               	decfsz	??_main,f
  1113  0754  2F51               	goto	u147
  1114  0755  0BF1               	decfsz	??_main+1,f
  1115  0756  2F51               	goto	u147
  1116  0757  3200               	nop2
  1117                           
  1118                           ;main.c: 70:                         break;
  1119  0758  2FE1               	goto	l26
  1120  0759                     l760:
  1121                           
  1122                           ;main.c: 72:                         PORTB = 0b10000000;
  1123  0759  3080               	movlw	128
  1124  075A  008D               	movwf	13	;volatile
  1125                           
  1126                           ;main.c: 73:                         _delay((unsigned long)((200)*(4000000/4000.0)));
  1127  075B  3002               	movlw	2
  1128  075C  00F1               	movwf	??_main+1
  1129  075D  3004               	movlw	4
  1130  075E  00F0               	movwf	??_main
  1131  075F  30BA               	movlw	186
  1132  0760                     u157:
  1133  0760  0B89               	decfsz	9,f
  1134  0761  2F60               	goto	u157
  1135  0762  0BF0               	decfsz	??_main,f
  1136  0763  2F60               	goto	u157
  1137  0764  0BF1               	decfsz	??_main+1,f
  1138  0765  2F60               	goto	u157
  1139  0766  3200               	nop2
  1140                           
  1141                           ;main.c: 74:                         break;
  1142  0767  2FE1               	goto	l26
  1143  0768                     l762:
  1144                           
  1145                           ;main.c: 76:                         PORTB = 0b11000000;
  1146  0768  30C0               	movlw	192
  1147  0769  008D               	movwf	13	;volatile
  1148                           
  1149                           ;main.c: 77:                         _delay((unsigned long)((200)*(4000000/4000.0)));
  1150  076A  3002               	movlw	2
  1151  076B  00F1               	movwf	??_main+1
  1152  076C  3004               	movlw	4
  1153  076D  00F0               	movwf	??_main
  1154  076E  30BA               	movlw	186
  1155  076F                     u167:
  1156  076F  0B89               	decfsz	9,f
  1157  0770  2F6F               	goto	u167
  1158  0771  0BF0               	decfsz	??_main,f
  1159  0772  2F6F               	goto	u167
  1160  0773  0BF1               	decfsz	??_main+1,f
  1161  0774  2F6F               	goto	u167
  1162  0775  3200               	nop2
  1163                           
  1164                           ;main.c: 78:                         break;
  1165  0776  2FE1               	goto	l26
  1166  0777                     l764:
  1167                           
  1168                           ;main.c: 80:                         PORTB = 0b11100000;
  1169  0777  30E0               	movlw	224
  1170  0778  008D               	movwf	13	;volatile
  1171                           
  1172                           ;main.c: 81:                         _delay((unsigned long)((200)*(4000000/4000.0)));
  1173  0779  3002               	movlw	2
  1174  077A  00F1               	movwf	??_main+1
  1175  077B  3004               	movlw	4
  1176  077C  00F0               	movwf	??_main
  1177  077D  30BA               	movlw	186
  1178  077E                     u177:
  1179  077E  0B89               	decfsz	9,f
  1180  077F  2F7E               	goto	u177
  1181  0780  0BF0               	decfsz	??_main,f
  1182  0781  2F7E               	goto	u177
  1183  0782  0BF1               	decfsz	??_main+1,f
  1184  0783  2F7E               	goto	u177
  1185  0784  3200               	nop2
  1186                           
  1187                           ;main.c: 82:                         break;
  1188  0785  2FE1               	goto	l26
  1189  0786                     l766:
  1190                           
  1191                           ;main.c: 84:                         PORTB = 0b11110000;
  1192  0786  30F0               	movlw	240
  1193  0787  008D               	movwf	13	;volatile
  1194                           
  1195                           ;main.c: 85:                         _delay((unsigned long)((200)*(4000000/4000.0)));
  1196  0788  3002               	movlw	2
  1197  0789  00F1               	movwf	??_main+1
  1198  078A  3004               	movlw	4
  1199  078B  00F0               	movwf	??_main
  1200  078C  30BA               	movlw	186
  1201  078D                     u187:
  1202  078D  0B89               	decfsz	9,f
  1203  078E  2F8D               	goto	u187
  1204  078F  0BF0               	decfsz	??_main,f
  1205  0790  2F8D               	goto	u187
  1206  0791  0BF1               	decfsz	??_main+1,f
  1207  0792  2F8D               	goto	u187
  1208  0793  3200               	nop2
  1209                           
  1210                           ;main.c: 86:                         break;
  1211  0794  2FE1               	goto	l26
  1212  0795                     l768:
  1213                           
  1214                           ;main.c: 88:                         PORTB = 0b11111000;
  1215  0795  30F8               	movlw	248
  1216  0796  008D               	movwf	13	;volatile
  1217                           
  1218                           ;main.c: 89:                         _delay((unsigned long)((200)*(4000000/4000.0)));
  1219  0797  3002               	movlw	2
  1220  0798  00F1               	movwf	??_main+1
  1221  0799  3004               	movlw	4
  1222  079A  00F0               	movwf	??_main
  1223  079B  30BA               	movlw	186
  1224  079C                     u197:
  1225  079C  0B89               	decfsz	9,f
  1226  079D  2F9C               	goto	u197
  1227  079E  0BF0               	decfsz	??_main,f
  1228  079F  2F9C               	goto	u197
  1229  07A0  0BF1               	decfsz	??_main+1,f
  1230  07A1  2F9C               	goto	u197
  1231  07A2  3200               	nop2
  1232                           
  1233                           ;main.c: 90:                         break;
  1234  07A3  2FE1               	goto	l26
  1235  07A4                     l770:
  1236                           
  1237                           ;main.c: 92:                         PORTB = 0b11111100;
  1238  07A4  30FC               	movlw	252
  1239  07A5  008D               	movwf	13	;volatile
  1240                           
  1241                           ;main.c: 93:                         _delay((unsigned long)((200)*(4000000/4000.0)));
  1242  07A6  3002               	movlw	2
  1243  07A7  00F1               	movwf	??_main+1
  1244  07A8  3004               	movlw	4
  1245  07A9  00F0               	movwf	??_main
  1246  07AA  30BA               	movlw	186
  1247  07AB                     u207:
  1248  07AB  0B89               	decfsz	9,f
  1249  07AC  2FAB               	goto	u207
  1250  07AD  0BF0               	decfsz	??_main,f
  1251  07AE  2FAB               	goto	u207
  1252  07AF  0BF1               	decfsz	??_main+1,f
  1253  07B0  2FAB               	goto	u207
  1254  07B1  3200               	nop2
  1255                           
  1256                           ;main.c: 94:                         break;
  1257  07B2  2FE1               	goto	l26
  1258  07B3                     l772:
  1259                           
  1260                           ;main.c: 96:                         PORTB = 0b11111110;
  1261  07B3  30FE               	movlw	254
  1262  07B4  008D               	movwf	13	;volatile
  1263                           
  1264                           ;main.c: 97:                         _delay((unsigned long)((200)*(4000000/4000.0)));
  1265  07B5  3002               	movlw	2
  1266  07B6  00F1               	movwf	??_main+1
  1267  07B7  3004               	movlw	4
  1268  07B8  00F0               	movwf	??_main
  1269  07B9  30BA               	movlw	186
  1270  07BA                     u217:
  1271  07BA  0B89               	decfsz	9,f
  1272  07BB  2FBA               	goto	u217
  1273  07BC  0BF0               	decfsz	??_main,f
  1274  07BD  2FBA               	goto	u217
  1275  07BE  0BF1               	decfsz	??_main+1,f
  1276  07BF  2FBA               	goto	u217
  1277  07C0  3200               	nop2
  1278                           
  1279                           ;main.c: 98:                         break;
  1280  07C1  2FE1               	goto	l26
  1281  07C2                     l776:
  1282                           
  1283                           ; Switch on 2 bytes has been partitioned into a top level switch of size 1, and 1 sub-sw
      +                          itches
  1284                           ; Switch size 1, requested type "simple"
  1285                           ; Number of cases is 1, Range of values is 0 to 0
  1286                           ; switch strategies available:
  1287                           ; Name         Instructions Cycles
  1288                           ; simple_byte            4     3 (average)
  1289                           ; direct_byte            8     6 (fixed)
  1290                           ; jumptable            260     6 (fixed)
  1291                           ;	Chosen strategy is simple_byte
  1292  07C2  0873               	movf	main@i+1,w
  1293  07C3  3A00               	xorlw	0	; case 0
  1294  07C4  1903               	skipnz
  1295  07C5  2FC7               	goto	l834
  1296  07C6  2FE1               	goto	l26
  1297  07C7                     l834:
  1298                           
  1299                           ; Switch size 1, requested type "simple"
  1300                           ; Number of cases is 8, Range of values is 0 to 7
  1301                           ; switch strategies available:
  1302                           ; Name         Instructions Cycles
  1303                           ; direct_byte           22     6 (fixed)
  1304                           ; simple_byte           25    13 (average)
  1305                           ; jumptable            260     6 (fixed)
  1306                           ;	Chosen strategy is simple_byte
  1307  07C7  0872               	movf	main@i,w
  1308  07C8  3A00               	xorlw	0	; case 0
  1309  07C9  1903               	skipnz
  1310  07CA  2F4B               	goto	l756
  1311  07CB  3A01               	xorlw	1	; case 1
  1312  07CC  1903               	skipnz
  1313  07CD  2F59               	goto	l760
  1314  07CE  3A03               	xorlw	3	; case 2
  1315  07CF  1903               	skipnz
  1316  07D0  2F68               	goto	l762
  1317  07D1  3A01               	xorlw	1	; case 3
  1318  07D2  1903               	skipnz
  1319  07D3  2F77               	goto	l764
  1320  07D4  3A07               	xorlw	7	; case 4
  1321  07D5  1903               	skipnz
  1322  07D6  2F86               	goto	l766
  1323  07D7  3A01               	xorlw	1	; case 5
  1324  07D8  1903               	skipnz
  1325  07D9  2F95               	goto	l768
  1326  07DA  3A03               	xorlw	3	; case 6
  1327  07DB  1903               	skipnz
  1328  07DC  2FA4               	goto	l770
  1329  07DD  3A01               	xorlw	1	; case 7
  1330  07DE  1903               	skipnz
  1331  07DF  2FB3               	goto	l772
  1332  07E0  2FE1               	goto	l26
  1333  07E1                     l26:	
  1334                           ;main.c: 100:             }
  1335                           
  1336                           
  1337                           ;main.c: 101:             if(PORTAbits.RA4 == 1 ){
  1338  07E1  0020               	movlb	0	; select bank0
  1339  07E2  1E0C               	btfss	12,4	;volatile
  1340  07E3  2FE5               	goto	u31
  1341  07E4  2FE6               	goto	u30
  1342  07E5                     u31:
  1343  07E5  2E8F               	goto	l726
  1344  07E6                     u30:
  1345  07E6                     l778:
  1346                           
  1347                           ;main.c: 102:                 _delay((unsigned long)((5000)*(4000000/4000.0)));
  1348  07E6  301A               	movlw	26
  1349  07E7  00F1               	movwf	??_main+1
  1350  07E8  305E               	movlw	94
  1351  07E9  00F0               	movwf	??_main
  1352  07EA  306E               	movlw	110
  1353  07EB                     u227:
  1354  07EB  0B89               	decfsz	9,f
  1355  07EC  2FEB               	goto	u227
  1356  07ED  0BF0               	decfsz	??_main,f
  1357  07EE  2FEB               	goto	u227
  1358  07EF  0BF1               	decfsz	??_main+1,f
  1359  07F0  2FEB               	goto	u227
  1360  07F1  3200               	nop2
  1361  07F2                     l780:
  1362                           
  1363                           ;main.c: 103:                 if(PORTAbits.RA4 == 1){
  1364  07F2  0020               	movlb	0	; select bank0
  1365  07F3  1E0C               	btfss	12,4	;volatile
  1366  07F4  2FF6               	goto	u41
  1367  07F5  2FF7               	goto	u40
  1368  07F6                     u41:
  1369  07F6  2E8F               	goto	l726
  1370  07F7                     u40:
  1371  07F7                     l782:
  1372                           
  1373                           ;main.c: 104:                     i=0;
  1374  07F7  01F2               	clrf	main@i
  1375  07F8  01F3               	clrf	main@i+1
  1376                           
  1377                           ;main.c: 105:                     PORTB = 0b00000000;
  1378  07F9  018D               	clrf	13	;volatile
  1379  07FA  2E8F               	goto	l726
  1380  07FB  3180  2802         	ljmp	start
  1381  07FD                     __end_of_main:
  1382                           
  1383                           	psect	text1
  1384  066C                     __ptext1:	
  1385 ;; *************** function _SYSTEM_Initialize *****************
  1386 ;; Defined at:
  1387 ;;		line 50 in file "mcc_generated_files/mcc.c"
  1388 ;; Parameters:    Size  Location     Type
  1389 ;;		None
  1390 ;; Auto vars:     Size  Location     Type
  1391 ;;		None
  1392 ;; Return value:  Size  Location     Type
  1393 ;;                  1    wreg      void 
  1394 ;; Registers used:
  1395 ;;		wreg, status,2, status,0, pclath, cstack
  1396 ;; Tracked objects:
  1397 ;;		On entry : 0/0
  1398 ;;		On exit  : 0/0
  1399 ;;		Unchanged: 0/0
  1400 ;; Data sizes:     COMMON   BANK0   BANK1   BANK2   BANK3   BANK4
  1401 ;;      Params:         0       0       0       0       0       0
  1402 ;;      Locals:         0       0       0       0       0       0
  1403 ;;      Temps:          0       0       0       0       0       0
  1404 ;;      Totals:         0       0       0       0       0       0
  1405 ;;Total ram usage:        0 bytes
  1406 ;; Hardware stack levels used:    1
  1407 ;; Hardware stack levels required when called:    1
  1408 ;; This function calls:
  1409 ;;		_OSCILLATOR_Initialize
  1410 ;;		_PIN_MANAGER_Initialize
  1411 ;;		_WDT_Initialize
  1412 ;; This function is called by:
  1413 ;;		_main
  1414 ;; This function uses a non-reentrant model
  1415 ;;
  1416                           
  1417                           
  1418                           ;psect for function _SYSTEM_Initialize
  1419  066C                     _SYSTEM_Initialize:
  1420  066C                     l720:	
  1421                           ;incstack = 0
  1422                           ; Regs used in _SYSTEM_Initialize: [wreg+status,2+status,0+pclath+cstack]
  1423                           
  1424                           
  1425                           ;mcc_generated_files/mcc.c: 53:     PIN_MANAGER_Initialize();
  1426  066C  3186  2676  3186   	fcall	_PIN_MANAGER_Initialize
  1427                           
  1428                           ;mcc_generated_files/mcc.c: 54:     OSCILLATOR_Initialize();
  1429  066F  3186  2665  3186   	fcall	_OSCILLATOR_Initialize
  1430                           
  1431                           ;mcc_generated_files/mcc.c: 55:     WDT_Initialize();
  1432  0672  3186  2661  3186   	fcall	_WDT_Initialize
  1433  0675                     l86:
  1434  0675  0008               	return
  1435  0676                     __end_of_SYSTEM_Initialize:
  1436                           
  1437                           	psect	text2
  1438  0661                     __ptext2:	
  1439 ;; *************** function _WDT_Initialize *****************
  1440 ;; Defined at:
  1441 ;;		line 68 in file "mcc_generated_files/mcc.c"
  1442 ;; Parameters:    Size  Location     Type
  1443 ;;		None
  1444 ;; Auto vars:     Size  Location     Type
  1445 ;;		None
  1446 ;; Return value:  Size  Location     Type
  1447 ;;                  1    wreg      void 
  1448 ;; Registers used:
  1449 ;;		wreg
  1450 ;; Tracked objects:
  1451 ;;		On entry : 0/0
  1452 ;;		On exit  : 0/0
  1453 ;;		Unchanged: 0/0
  1454 ;; Data sizes:     COMMON   BANK0   BANK1   BANK2   BANK3   BANK4
  1455 ;;      Params:         0       0       0       0       0       0
  1456 ;;      Locals:         0       0       0       0       0       0
  1457 ;;      Temps:          0       0       0       0       0       0
  1458 ;;      Totals:         0       0       0       0       0       0
  1459 ;;Total ram usage:        0 bytes
  1460 ;; Hardware stack levels used:    1
  1461 ;; This function calls:
  1462 ;;		Nothing
  1463 ;; This function is called by:
  1464 ;;		_SYSTEM_Initialize
  1465 ;; This function uses a non-reentrant model
  1466 ;;
  1467                           
  1468                           
  1469                           ;psect for function _WDT_Initialize
  1470  0661                     _WDT_Initialize:
  1471  0661                     l718:	
  1472                           ;incstack = 0
  1473                           ; Regs used in _WDT_Initialize: [wreg]
  1474                           
  1475                           
  1476                           ;mcc_generated_files/mcc.c: 71:     WDTCON = 0x16;
  1477  0661  3016               	movlw	22
  1478  0662  0021               	movlb	1	; select bank1
  1479  0663  0097               	movwf	23	;volatile
  1480  0664                     l92:
  1481  0664  0008               	return
  1482  0665                     __end_of_WDT_Initialize:
  1483                           
  1484                           	psect	text3
  1485  0676                     __ptext3:	
  1486 ;; *************** function _PIN_MANAGER_Initialize *****************
  1487 ;; Defined at:
  1488 ;;		line 55 in file "mcc_generated_files/pin_manager.c"
  1489 ;; Parameters:    Size  Location     Type
  1490 ;;		None
  1491 ;; Auto vars:     Size  Location     Type
  1492 ;;		None
  1493 ;; Return value:  Size  Location     Type
  1494 ;;                  1    wreg      void 
  1495 ;; Registers used:
  1496 ;;		wreg, status,2
  1497 ;; Tracked objects:
  1498 ;;		On entry : 0/0
  1499 ;;		On exit  : 0/0
  1500 ;;		Unchanged: 0/0
  1501 ;; Data sizes:     COMMON   BANK0   BANK1   BANK2   BANK3   BANK4
  1502 ;;      Params:         0       0       0       0       0       0
  1503 ;;      Locals:         0       0       0       0       0       0
  1504 ;;      Temps:          0       0       0       0       0       0
  1505 ;;      Totals:         0       0       0       0       0       0
  1506 ;;Total ram usage:        0 bytes
  1507 ;; Hardware stack levels used:    1
  1508 ;; This function calls:
  1509 ;;		Nothing
  1510 ;; This function is called by:
  1511 ;;		_SYSTEM_Initialize
  1512 ;; This function uses a non-reentrant model
  1513 ;;
  1514                           
  1515                           
  1516                           ;psect for function _PIN_MANAGER_Initialize
  1517  0676                     _PIN_MANAGER_Initialize:
  1518  0676                     l700:	
  1519                           ;incstack = 0
  1520                           ; Regs used in _PIN_MANAGER_Initialize: [wreg+status,2]
  1521                           
  1522                           
  1523                           ;mcc_generated_files/pin_manager.c: 60:     LATA = 0x00;
  1524  0676  0022               	movlb	2	; select bank2
  1525  0677  018C               	clrf	12	;volatile
  1526                           
  1527                           ;mcc_generated_files/pin_manager.c: 61:     LATB = 0x00;
  1528  0678  018D               	clrf	13	;volatile
  1529  0679                     l702:
  1530                           
  1531                           ;mcc_generated_files/pin_manager.c: 66:     TRISA = 0xFF;
  1532  0679  30FF               	movlw	255
  1533  067A  0021               	movlb	1	; select bank1
  1534  067B  008C               	movwf	12	;volatile
  1535  067C                     l704:
  1536                           
  1537                           ;mcc_generated_files/pin_manager.c: 67:     TRISB = 0x00;
  1538  067C  018D               	clrf	13	;volatile
  1539  067D                     l706:
  1540                           
  1541                           ;mcc_generated_files/pin_manager.c: 72:     ANSELB = 0x00;
  1542  067D  0023               	movlb	3	; select bank3
  1543  067E  018D               	clrf	13	;volatile
  1544  067F                     l708:
  1545                           
  1546                           ;mcc_generated_files/pin_manager.c: 73:     ANSELA = 0x03;
  1547  067F  3003               	movlw	3
  1548  0680  008C               	movwf	12	;volatile
  1549                           
  1550                           ;mcc_generated_files/pin_manager.c: 78:     WPUB = 0x00;
  1551  0681  0024               	movlb	4	; select bank4
  1552  0682  018D               	clrf	13	;volatile
  1553                           
  1554                           ;mcc_generated_files/pin_manager.c: 79:     WPUA = 0x00;
  1555  0683  018C               	clrf	12	;volatile
  1556  0684                     l710:
  1557                           
  1558                           ;mcc_generated_files/pin_manager.c: 80:     OPTION_REGbits.nWPUEN = 1;
  1559  0684  0021               	movlb	1	; select bank1
  1560  0685  1795               	bsf	21,7	;volatile
  1561                           
  1562                           ;mcc_generated_files/pin_manager.c: 86:     APFCON0 = 0x00;
  1563  0686  0022               	movlb	2	; select bank2
  1564  0687  019D               	clrf	29	;volatile
  1565                           
  1566                           ;mcc_generated_files/pin_manager.c: 87:     APFCON1 = 0x00;
  1567  0688  019E               	clrf	30	;volatile
  1568  0689                     l66:
  1569  0689  0008               	return
  1570  068A                     __end_of_PIN_MANAGER_Initialize:
  1571                           
  1572                           	psect	text4
  1573  0665                     __ptext4:	
  1574 ;; *************** function _OSCILLATOR_Initialize *****************
  1575 ;; Defined at:
  1576 ;;		line 58 in file "mcc_generated_files/mcc.c"
  1577 ;; Parameters:    Size  Location     Type
  1578 ;;		None
  1579 ;; Auto vars:     Size  Location     Type
  1580 ;;		None
  1581 ;; Return value:  Size  Location     Type
  1582 ;;                  1    wreg      void 
  1583 ;; Registers used:
  1584 ;;		wreg, status,2
  1585 ;; Tracked objects:
  1586 ;;		On entry : 0/0
  1587 ;;		On exit  : 0/0
  1588 ;;		Unchanged: 0/0
  1589 ;; Data sizes:     COMMON   BANK0   BANK1   BANK2   BANK3   BANK4
  1590 ;;      Params:         0       0       0       0       0       0
  1591 ;;      Locals:         0       0       0       0       0       0
  1592 ;;      Temps:          0       0       0       0       0       0
  1593 ;;      Totals:         0       0       0       0       0       0
  1594 ;;Total ram usage:        0 bytes
  1595 ;; Hardware stack levels used:    1
  1596 ;; This function calls:
  1597 ;;		Nothing
  1598 ;; This function is called by:
  1599 ;;		_SYSTEM_Initialize
  1600 ;; This function uses a non-reentrant model
  1601 ;;
  1602                           
  1603                           
  1604                           ;psect for function _OSCILLATOR_Initialize
  1605  0665                     _OSCILLATOR_Initialize:
  1606  0665                     l712:	
  1607                           ;incstack = 0
  1608                           ; Regs used in _OSCILLATOR_Initialize: [wreg+status,2]
  1609                           
  1610                           
  1611                           ;mcc_generated_files/mcc.c: 61:     OSCCON = 0x6A;
  1612  0665  306A               	movlw	106
  1613  0666  0021               	movlb	1	; select bank1
  1614  0667  0099               	movwf	25	;volatile
  1615  0668                     l714:
  1616                           
  1617                           ;mcc_generated_files/mcc.c: 63:     OSCTUNE = 0x00;
  1618  0668  0198               	clrf	24	;volatile
  1619  0669                     l716:
  1620                           
  1621                           ;mcc_generated_files/mcc.c: 65:     BORCON = 0x00;
  1622  0669  0022               	movlb	2	; select bank2
  1623  066A  0196               	clrf	22	;volatile
  1624  066B                     l89:
  1625  066B  0008               	return
  1626  066C                     __end_of_OSCILLATOR_Initialize:
  1627  007E                     btemp	set	126	;btemp
  1628  007E                     wtemp0	set	126
  1629                           
  1630                           	psect	config
  1631                           
  1632                           ;Config register CONFIG1 @ 0x8007
  1633                           ;	Oscillator Selection
  1634                           ;	FOSC = INTOSC, INTOSC oscillator: I/O function on CLKIN pin
  1635                           ;	Watchdog Timer Enable
  1636                           ;	WDTE = OFF, WDT disabled
  1637                           ;	Power-up Timer Enable
  1638                           ;	PWRTE = OFF, PWRT disabled
  1639                           ;	MCLR Pin Function Select
  1640                           ;	MCLRE = ON, MCLR/VPP pin function is MCLR
  1641                           ;	Flash Program Memory Code Protection
  1642                           ;	CP = OFF, Program memory code protection is disabled
  1643                           ;	Data Memory Code Protection
  1644                           ;	CPD = OFF, Data memory code protection is disabled
  1645                           ;	Brown-out Reset Enable
  1646                           ;	BOREN = ON, Brown-out Reset enabled
  1647                           ;	Clock Out Enable
  1648                           ;	CLKOUTEN = OFF, CLKOUT function is disabled. I/O or oscillator function on the CLKOUT 
      +                          pin
  1649                           ;	Internal/External Switchover
  1650                           ;	IESO = ON, Internal/External Switchover mode is enabled
  1651                           ;	Fail-Safe Clock Monitor Enable
  1652                           ;	FCMEN = ON, Fail-Safe Clock Monitor is enabled
  1653  8007                     	org	32775
  1654  8007  3FE4               	dw	16356
  1655                           
  1656                           ;Config register CONFIG2 @ 0x8008
  1657                           ;	Flash Memory Self-Write Protection
  1658                           ;	WRT = OFF, Write protection off
  1659                           ;	PLL Enable
  1660                           ;	PLLEN = OFF, 4x PLL disabled
  1661                           ;	Stack Overflow/Underflow Reset Enable
  1662                           ;	STVREN = ON, Stack Overflow or Underflow will cause a Reset
  1663                           ;	Brown-out Reset Voltage Selection
  1664                           ;	BORV = LO, Brown-out Reset Voltage (Vbor), low trip point selected.
  1665                           ;	Low-Voltage Programming Enable
  1666                           ;	LVP = ON, Low-voltage programming enabled
  1667  8008                     	org	32776
  1668  8008  3EFF               	dw	16127

Data Sizes:
    Strings     0
    Constant    0
    Data        0
    BSS         0
    Persistent  32
    Stack       0

Auto Spaces:
    Space          Size  Autos    Used
    COMMON           14      4       4
    BANK0            80      0       0
    BANK1            80      0       0
    BANK2            80      0       0
    BANK3            80      0       0
    BANK4            48      0       0

Pointer List with Targets:

    None.

Critical Paths under _main in COMMON

    None.

Critical Paths under _main in BANK0

    None.

Critical Paths under _main in BANK1

    None.

Critical Paths under _main in BANK2

    None.

Critical Paths under _main in BANK3

    None.

Critical Paths under _main in BANK4

    None.

Call Graph Tables:

 ---------------------------------------------------------------------------------
 (Depth) Function   	        Calls       Base Space   Used Autos Params    Refs
 ---------------------------------------------------------------------------------
 (0) _main                                                 4     4      0      30
                                              0 COMMON     4     4      0
                  _SYSTEM_Initialize
 ---------------------------------------------------------------------------------
 (1) _SYSTEM_Initialize                                    0     0      0       0
              _OSCILLATOR_Initialize
             _PIN_MANAGER_Initialize
                     _WDT_Initialize
 ---------------------------------------------------------------------------------
 (2) _WDT_Initialize                                       0     0      0       0
 ---------------------------------------------------------------------------------
 (2) _PIN_MANAGER_Initialize                               0     0      0       0
 ---------------------------------------------------------------------------------
 (2) _OSCILLATOR_Initialize                                0     0      0       0
 ---------------------------------------------------------------------------------
 Estimated maximum stack depth 2
 ---------------------------------------------------------------------------------

 Call Graph Graphs:

 _main (ROOT)
   _SYSTEM_Initialize
     _OSCILLATOR_Initialize
     _PIN_MANAGER_Initialize
     _WDT_Initialize

 Address spaces:
Name               Size   Autos  Total    Cost      Usage
BIGRAM             170      0       0       0        0.0%
EEDATA             100      0       0       0        0.0%
NULL                 0      0       0       0        0.0%
CODE                 0      0       0       0        0.0%
BITCOMMON            E      0       0       1        0.0%
BITSFR0              0      0       0       1        0.0%
SFR0                 0      0       0       1        0.0%
COMMON               E      4       4       2       28.6%
BITSFR1              0      0       0       2        0.0%
SFR1                 0      0       0       2        0.0%
BITSFR2              0      0       0       3        0.0%
SFR2                 0      0       0       3        0.0%
STACK                0      0       0       3        0.0%
BITSFR3              0      0       0       4        0.0%
SFR3                 0      0       0       4        0.0%
ABS                  0      0       0       4        0.0%
BITBANK0            50      0       0       5        0.0%
BITSFR4              0      0       0       5        0.0%
SFR4                 0      0       0       5        0.0%
BANK0               50      0       0       6        0.0%
BITSFR5              0      0       0       6        0.0%
SFR5                 0      0       0       6        0.0%
BITBANK1            50      0       0       7        0.0%
BITSFR6              0      0       0       7        0.0%
SFR6                 0      0       0       7        0.0%
BANK1               50      0       0       8        0.0%
BITSFR7              0      0       0       8        0.0%
SFR7                 0      0       0       8        0.0%
BITBANK2            50      0       0       9        0.0%
BITSFR8              0      0       0       9        0.0%
SFR8                 0      0       0       9        0.0%
BANK2               50      0       0      10        0.0%
BITSFR9              0      0       0      10        0.0%
SFR9                 0      0       0      10        0.0%
BITBANK3            50      0       0      11        0.0%
BITSFR10             0      0       0      11        0.0%
SFR10                0      0       0      11        0.0%
BANK3               50      0       0      12        0.0%
BITSFR11             0      0       0      12        0.0%
SFR11                0      0       0      12        0.0%
BITBANK4            30      0       0      13        0.0%
BITSFR12             0      0       0      13        0.0%
SFR12                0      0       0      13        0.0%
BANK4               30      0       0      14        0.0%
BITSFR13             0      0       0      14        0.0%
SFR13                0      0       0      14        0.0%
BITSFR14             0      0       0      15        0.0%
SFR14                0      0       0      15        0.0%
DATA                 0      0       0      15        0.0%
BITSFR15             0      0       0      16        0.0%
SFR15                0      0       0      16        0.0%
BITSFR16             0      0       0      17        0.0%
SFR16                0      0       0      17        0.0%
BITSFR17             0      0       0      18        0.0%
SFR17                0      0       0      18        0.0%
BITSFR18             0      0       0      19        0.0%
SFR18                0      0       0      19        0.0%
BITSFR19             0      0       0      20        0.0%
SFR19                0      0       0      20        0.0%
BITSFR20             0      0       0      21        0.0%
SFR20                0      0       0      21        0.0%
BITSFR21             0      0       0      22        0.0%
SFR21                0      0       0      22        0.0%
BITSFR22             0      0       0      23        0.0%
SFR22                0      0       0      23        0.0%
BITSFR23             0      0       0      24        0.0%
SFR23                0      0       0      24        0.0%
BITSFR24             0      0       0      25        0.0%
SFR24                0      0       0      25        0.0%
BITSFR25             0      0       0      26        0.0%
SFR25                0      0       0      26        0.0%
BITSFR26             0      0       0      27        0.0%
SFR26                0      0       0      27        0.0%
BITSFR27             0      0       0      28        0.0%
SFR27                0      0       0      28        0.0%
BITSFR28             0      0       0      29        0.0%
SFR28                0      0       0      29        0.0%
BITSFR29             0      0       0      30        0.0%
SFR29                0      0       0      30        0.0%
BITSFR30             0      0       0      31        0.0%
SFR30                0      0       0      31        0.0%
BITSFR31             0      0       0      32        0.0%
SFR31                0      0       0      32        0.0%


Microchip Technology PIC Macro Assembler V2.31 build 20201012212115 
Symbol Table                                                                                   Thu Oct 14 08:33:10 2021

                             l14 0741                               l26 07E1                               l66 0689  
                             l92 0664                               l86 0675                               l89 066B  
                             u10 0694                               u11 0693                               u20 0746  
                             u21 0745                               u30 07E6                               u31 07E5  
                             u40 07F7                               u41 07F6                               u57 069F  
                             u67 06AE                               u77 06BD                               u87 06CC  
                             u97 06DB                              l700 0676                              l710 0684  
                            l702 0679                              l712 0665                              l704 067C  
                            l720 066C                              l714 0668                              l706 067D  
                            l730 0699                              l722 068A                              l716 0669  
                            l708 067F                              l740 06D4                              l732 069A  
                            l724 068D                              l718 0661                              l742 06E3  
                            l734 06A7                              l726 068F                              l760 0759  
                            l832 0724                              l744 06F2                              l736 06B6  
                            l752 071F                              l728 0694                              l834 07C7  
                            l770 07A4                              l762 0768                              l754 0746  
                            l746 0701                              l738 06C5                              l780 07F2  
                            l772 07B3                              l764 0777                              l756 074B  
                            l748 0710                              l782 07F7                              l766 0786  
                            l758 074C                              l768 0795                              l776 07C2  
                            l778 07E6                              u107 06EA                              u117 06F9  
                            u207 07AB                              u127 0708                              u217 07BA  
                            u137 0717                              u227 07EB                              u147 0751  
                            u157 0760                              u167 076F                              u177 077E  
                            u187 078D                              u197 079C                              wreg 0009  
                           _LATA 010C                             _LATB 010D                             _WPUA 020C  
                           _WPUB 020D                             _main 068A                             btemp 007E  
                           start 0002   __size_of_OSCILLATOR_Initialize 0007    __end_of_OSCILLATOR_Initialize 066C  
                          ?_main 0070                            _PORTB 000D                            _TRISA 008C  
                          _TRISB 008D                   _WDT_Initialize 0661                            main@i 0072  
                          wtemp0 007E                  __initialization 07FD                     __end_of_main 07FD  
                         ??_main 0070           __end_of_WDT_Initialize 0665                           _ANSELA 018C  
                         _ANSELB 018D                           _BORCON 0116                           _OSCCON 0099  
                         _WDTCON 0097                  ?_WDT_Initialize 0070                _SYSTEM_Initialize 066C  
        __end_of__initialization 07FD               ?_SYSTEM_Initialize 0070                   __pcstackCOMMON 0070  
            ??_SYSTEM_Initialize 0070                   _OPTION_REGbits 0095        __end_of_SYSTEM_Initialize 0676  
                     __pmaintext 068A                          _APFCON0 011D                          _APFCON1 011E  
                        _OSCTUNE 0098                          __ptext1 066C                          __ptext2 0661  
                        __ptext3 0676                          __ptext4 0665            _OSCILLATOR_Initialize 0665  
       ??_PIN_MANAGER_Initialize 0070       __size_of_SYSTEM_Initialize 000A             end_of_initialization 07FD  
               ??_WDT_Initialize 0070                        _PORTAbits 000C           ?_OSCILLATOR_Initialize 0070  
            start_initialization 07FD  __size_of_PIN_MANAGER_Initialize 0014                        ___latbits 0001  
         _PIN_MANAGER_Initialize 0676          ??_OSCILLATOR_Initialize 0070                    __size_of_main 0173  
        __size_of_WDT_Initialize 0004          ?_PIN_MANAGER_Initialize 0070   __end_of_PIN_MANAGER_Initialize 068A  
