

Microchip MPLAB XC8 Assembler V2.31 build 20201012212115 
                                                                                               Thu Sep 30 09:23:22 2021

Microchip MPLAB XC8 C Compiler v2.31 (Free license) build 20201012212115 Og1 
     1                           	processor	16F1827
     2                           	pagewidth 120
     3                           	opt	flic
     4                           	psect	cinit,global,class=CODE,merge=1,delta=2
     5                           	psect	cstackCOMMON,global,class=COMMON,space=1,delta=1,noexec
     6                           	psect	maintext,global,class=CODE,merge=1,split=1,delta=2
     7                           	psect	text1,local,class=CODE,merge=1,delta=2
     8                           	psect	text2,local,class=CODE,merge=1,delta=2
     9                           	psect	text3,local,class=CODE,merge=1,delta=2
    10                           	psect	text4,local,class=CODE,merge=1,delta=2
    11                           	psect	config,global,abs,ovrld,class=CONFIG,space=4,delta=2,noexec
    12                           	dabs	1,0x7E,2
    13  0000                     
    14                           ; Version 2.20
    15                           ; Generated 12/02/2020 GMT
    16                           ; 
    17                           ; Copyright © 2020, Microchip Technology Inc. and its subsidiaries ("Microchip")
    18                           ; All rights reserved.
    19                           ; 
    20                           ; This software is developed by Microchip Technology Inc. and its subsidiaries ("Microch
      +                          ip").
    21                           ; 
    22                           ; Redistribution and use in source and binary forms, with or without modification, are
    23                           ; permitted provided that the following conditions are met:
    24                           ; 
    25                           ;     1. Redistributions of source code must retain the above copyright notice, this lis
      +                          t of
    26                           ;        conditions and the following disclaimer.
    27                           ; 
    28                           ;     2. Redistributions in binary form must reproduce the above copyright notice, this 
      +                          list
    29                           ;        of conditions and the following disclaimer in the documentation and/or other
    30                           ;        materials provided with the distribution.
    31                           ; 
    32                           ;     3. Microchip's name may not be used to endorse or promote products derived from th
      +                          is
    33                           ;        software without specific prior written permission.
    34                           ; 
    35                           ; THIS SOFTWARE IS PROVIDED BY MICROCHIP "AS IS" AND ANY EXPRESS OR IMPLIED WARRANTIES,
    36                           ; INCLUDING, BUT NOT LIMITED TO, THE IMPLIED WARRANTIES OF MERCHANTABILITY AND FITNESS F
      +                          OR
    37                           ; PURPOSE ARE DISCLAIMED.  IN NO EVENT SHALL MICROCHIP BE LIABLE FOR ANY DIRECT, INDIREC
      +                          T,
    38                           ; INCIDENTAL, SPECIAL, EXEMPLARY, OR CONSEQUENTIAL DAMAGES (INCLUDING BUT NOT LIMITED TO
    39                           ; PROCUREMENT OF SUBSTITUTE GOODS OR SERVICES; LOSS OF USE, DATA OR PROFITS; OR BUSINESS
    40                           ; INTERRUPTION) HOWSOEVER CAUSED AND ON ANY THEORY OF LIABILITY, WHETHER IN CONTRACT, ST
      +                          RICT
    41                           ; LIABILITY, OR TORT (INCLUDING NEGLIGENCE OR OTHERWISE) ARISING IN ANY WAY OUT OF THE U
      +                          SE OF
    42                           ; THIS SOFTWARE, EVEN IF ADVISED OF THE POSSIBILITY OF SUCH DAMAGE.
    43                           ; 
    44                           ; 
    45                           ; Code-generator required, PIC16F1827 Definitions
    46                           ; 
    47                           ; SFR Addresses
    48  0000                     	;# 
    49  0001                     	;# 
    50  0002                     	;# 
    51  0003                     	;# 
    52  0004                     	;# 
    53  0005                     	;# 
    54  0006                     	;# 
    55  0007                     	;# 
    56  0008                     	;# 
    57  0009                     	;# 
    58  000A                     	;# 
    59  000B                     	;# 
    60  000C                     	;# 
    61  000D                     	;# 
    62  0011                     	;# 
    63  0012                     	;# 
    64  0013                     	;# 
    65  0014                     	;# 
    66  0015                     	;# 
    67  0016                     	;# 
    68  0016                     	;# 
    69  0017                     	;# 
    70  0018                     	;# 
    71  0019                     	;# 
    72  001A                     	;# 
    73  001B                     	;# 
    74  001C                     	;# 
    75  001E                     	;# 
    76  001F                     	;# 
    77  008C                     	;# 
    78  008D                     	;# 
    79  0091                     	;# 
    80  0092                     	;# 
    81  0093                     	;# 
    82  0094                     	;# 
    83  0095                     	;# 
    84  0096                     	;# 
    85  0097                     	;# 
    86  0098                     	;# 
    87  0099                     	;# 
    88  009A                     	;# 
    89  009B                     	;# 
    90  009B                     	;# 
    91  009C                     	;# 
    92  009D                     	;# 
    93  009E                     	;# 
    94  010C                     	;# 
    95  010D                     	;# 
    96  0111                     	;# 
    97  0112                     	;# 
    98  0113                     	;# 
    99  0114                     	;# 
   100  0115                     	;# 
   101  0116                     	;# 
   102  0117                     	;# 
   103  0118                     	;# 
   104  0119                     	;# 
   105  011A                     	;# 
   106  011B                     	;# 
   107  011D                     	;# 
   108  011E                     	;# 
   109  018C                     	;# 
   110  018D                     	;# 
   111  0191                     	;# 
   112  0191                     	;# 
   113  0192                     	;# 
   114  0193                     	;# 
   115  0193                     	;# 
   116  0193                     	;# 
   117  0194                     	;# 
   118  0195                     	;# 
   119  0196                     	;# 
   120  0199                     	;# 
   121  019A                     	;# 
   122  019B                     	;# 
   123  019B                     	;# 
   124  019B                     	;# 
   125  019B                     	;# 
   126  019C                     	;# 
   127  019C                     	;# 
   128  019D                     	;# 
   129  019E                     	;# 
   130  019F                     	;# 
   131  020C                     	;# 
   132  020D                     	;# 
   133  0211                     	;# 
   134  0211                     	;# 
   135  0212                     	;# 
   136  0212                     	;# 
   137  0213                     	;# 
   138  0213                     	;# 
   139  0214                     	;# 
   140  0214                     	;# 
   141  0215                     	;# 
   142  0215                     	;# 
   143  0215                     	;# 
   144  0216                     	;# 
   145  0216                     	;# 
   146  0217                     	;# 
   147  0217                     	;# 
   148  0219                     	;# 
   149  021A                     	;# 
   150  021B                     	;# 
   151  021C                     	;# 
   152  021D                     	;# 
   153  021E                     	;# 
   154  021F                     	;# 
   155  0291                     	;# 
   156  0291                     	;# 
   157  0292                     	;# 
   158  0293                     	;# 
   159  0294                     	;# 
   160  0295                     	;# 
   161  0295                     	;# 
   162  0296                     	;# 
   163  0298                     	;# 
   164  0298                     	;# 
   165  0299                     	;# 
   166  029A                     	;# 
   167  029B                     	;# 
   168  029C                     	;# 
   169  029C                     	;# 
   170  029D                     	;# 
   171  029E                     	;# 
   172  029E                     	;# 
   173  0311                     	;# 
   174  0311                     	;# 
   175  0312                     	;# 
   176  0313                     	;# 
   177  0318                     	;# 
   178  0318                     	;# 
   179  0319                     	;# 
   180  031A                     	;# 
   181  0394                     	;# 
   182  0395                     	;# 
   183  0396                     	;# 
   184  039A                     	;# 
   185  039C                     	;# 
   186  039D                     	;# 
   187  039E                     	;# 
   188  039F                     	;# 
   189  0415                     	;# 
   190  0416                     	;# 
   191  0417                     	;# 
   192  041C                     	;# 
   193  041D                     	;# 
   194  041E                     	;# 
   195  0FE4                     	;# 
   196  0FE5                     	;# 
   197  0FE6                     	;# 
   198  0FE7                     	;# 
   199  0FE8                     	;# 
   200  0FE9                     	;# 
   201  0FEA                     	;# 
   202  0FEB                     	;# 
   203  0FED                     	;# 
   204  0FEE                     	;# 
   205  0FEF                     	;# 
   206  0000                     	;# 
   207  0001                     	;# 
   208  0002                     	;# 
   209  0003                     	;# 
   210  0004                     	;# 
   211  0005                     	;# 
   212  0006                     	;# 
   213  0007                     	;# 
   214  0008                     	;# 
   215  0009                     	;# 
   216  000A                     	;# 
   217  000B                     	;# 
   218  000C                     	;# 
   219  000D                     	;# 
   220  0011                     	;# 
   221  0012                     	;# 
   222  0013                     	;# 
   223  0014                     	;# 
   224  0015                     	;# 
   225  0016                     	;# 
   226  0016                     	;# 
   227  0017                     	;# 
   228  0018                     	;# 
   229  0019                     	;# 
   230  001A                     	;# 
   231  001B                     	;# 
   232  001C                     	;# 
   233  001E                     	;# 
   234  001F                     	;# 
   235  008C                     	;# 
   236  008D                     	;# 
   237  0091                     	;# 
   238  0092                     	;# 
   239  0093                     	;# 
   240  0094                     	;# 
   241  0095                     	;# 
   242  0096                     	;# 
   243  0097                     	;# 
   244  0098                     	;# 
   245  0099                     	;# 
   246  009A                     	;# 
   247  009B                     	;# 
   248  009B                     	;# 
   249  009C                     	;# 
   250  009D                     	;# 
   251  009E                     	;# 
   252  010C                     	;# 
   253  010D                     	;# 
   254  0111                     	;# 
   255  0112                     	;# 
   256  0113                     	;# 
   257  0114                     	;# 
   258  0115                     	;# 
   259  0116                     	;# 
   260  0117                     	;# 
   261  0118                     	;# 
   262  0119                     	;# 
   263  011A                     	;# 
   264  011B                     	;# 
   265  011D                     	;# 
   266  011E                     	;# 
   267  018C                     	;# 
   268  018D                     	;# 
   269  0191                     	;# 
   270  0191                     	;# 
   271  0192                     	;# 
   272  0193                     	;# 
   273  0193                     	;# 
   274  0193                     	;# 
   275  0194                     	;# 
   276  0195                     	;# 
   277  0196                     	;# 
   278  0199                     	;# 
   279  019A                     	;# 
   280  019B                     	;# 
   281  019B                     	;# 
   282  019B                     	;# 
   283  019B                     	;# 
   284  019C                     	;# 
   285  019C                     	;# 
   286  019D                     	;# 
   287  019E                     	;# 
   288  019F                     	;# 
   289  020C                     	;# 
   290  020D                     	;# 
   291  0211                     	;# 
   292  0211                     	;# 
   293  0212                     	;# 
   294  0212                     	;# 
   295  0213                     	;# 
   296  0213                     	;# 
   297  0214                     	;# 
   298  0214                     	;# 
   299  0215                     	;# 
   300  0215                     	;# 
   301  0215                     	;# 
   302  0216                     	;# 
   303  0216                     	;# 
   304  0217                     	;# 
   305  0217                     	;# 
   306  0219                     	;# 
   307  021A                     	;# 
   308  021B                     	;# 
   309  021C                     	;# 
   310  021D                     	;# 
   311  021E                     	;# 
   312  021F                     	;# 
   313  0291                     	;# 
   314  0291                     	;# 
   315  0292                     	;# 
   316  0293                     	;# 
   317  0294                     	;# 
   318  0295                     	;# 
   319  0295                     	;# 
   320  0296                     	;# 
   321  0298                     	;# 
   322  0298                     	;# 
   323  0299                     	;# 
   324  029A                     	;# 
   325  029B                     	;# 
   326  029C                     	;# 
   327  029C                     	;# 
   328  029D                     	;# 
   329  029E                     	;# 
   330  029E                     	;# 
   331  0311                     	;# 
   332  0311                     	;# 
   333  0312                     	;# 
   334  0313                     	;# 
   335  0318                     	;# 
   336  0318                     	;# 
   337  0319                     	;# 
   338  031A                     	;# 
   339  0394                     	;# 
   340  0395                     	;# 
   341  0396                     	;# 
   342  039A                     	;# 
   343  039C                     	;# 
   344  039D                     	;# 
   345  039E                     	;# 
   346  039F                     	;# 
   347  0415                     	;# 
   348  0416                     	;# 
   349  0417                     	;# 
   350  041C                     	;# 
   351  041D                     	;# 
   352  041E                     	;# 
   353  0FE4                     	;# 
   354  0FE5                     	;# 
   355  0FE6                     	;# 
   356  0FE7                     	;# 
   357  0FE8                     	;# 
   358  0FE9                     	;# 
   359  0FEA                     	;# 
   360  0FEB                     	;# 
   361  0FED                     	;# 
   362  0FEE                     	;# 
   363  0FEF                     	;# 
   364  0000                     	;# 
   365  0001                     	;# 
   366  0002                     	;# 
   367  0003                     	;# 
   368  0004                     	;# 
   369  0005                     	;# 
   370  0006                     	;# 
   371  0007                     	;# 
   372  0008                     	;# 
   373  0009                     	;# 
   374  000A                     	;# 
   375  000B                     	;# 
   376  000C                     	;# 
   377  000D                     	;# 
   378  0011                     	;# 
   379  0012                     	;# 
   380  0013                     	;# 
   381  0014                     	;# 
   382  0015                     	;# 
   383  0016                     	;# 
   384  0016                     	;# 
   385  0017                     	;# 
   386  0018                     	;# 
   387  0019                     	;# 
   388  001A                     	;# 
   389  001B                     	;# 
   390  001C                     	;# 
   391  001E                     	;# 
   392  001F                     	;# 
   393  008C                     	;# 
   394  008D                     	;# 
   395  0091                     	;# 
   396  0092                     	;# 
   397  0093                     	;# 
   398  0094                     	;# 
   399  0095                     	;# 
   400  0096                     	;# 
   401  0097                     	;# 
   402  0098                     	;# 
   403  0099                     	;# 
   404  009A                     	;# 
   405  009B                     	;# 
   406  009B                     	;# 
   407  009C                     	;# 
   408  009D                     	;# 
   409  009E                     	;# 
   410  010C                     	;# 
   411  010D                     	;# 
   412  0111                     	;# 
   413  0112                     	;# 
   414  0113                     	;# 
   415  0114                     	;# 
   416  0115                     	;# 
   417  0116                     	;# 
   418  0117                     	;# 
   419  0118                     	;# 
   420  0119                     	;# 
   421  011A                     	;# 
   422  011B                     	;# 
   423  011D                     	;# 
   424  011E                     	;# 
   425  018C                     	;# 
   426  018D                     	;# 
   427  0191                     	;# 
   428  0191                     	;# 
   429  0192                     	;# 
   430  0193                     	;# 
   431  0193                     	;# 
   432  0193                     	;# 
   433  0194                     	;# 
   434  0195                     	;# 
   435  0196                     	;# 
   436  0199                     	;# 
   437  019A                     	;# 
   438  019B                     	;# 
   439  019B                     	;# 
   440  019B                     	;# 
   441  019B                     	;# 
   442  019C                     	;# 
   443  019C                     	;# 
   444  019D                     	;# 
   445  019E                     	;# 
   446  019F                     	;# 
   447  020C                     	;# 
   448  020D                     	;# 
   449  0211                     	;# 
   450  0211                     	;# 
   451  0212                     	;# 
   452  0212                     	;# 
   453  0213                     	;# 
   454  0213                     	;# 
   455  0214                     	;# 
   456  0214                     	;# 
   457  0215                     	;# 
   458  0215                     	;# 
   459  0215                     	;# 
   460  0216                     	;# 
   461  0216                     	;# 
   462  0217                     	;# 
   463  0217                     	;# 
   464  0219                     	;# 
   465  021A                     	;# 
   466  021B                     	;# 
   467  021C                     	;# 
   468  021D                     	;# 
   469  021E                     	;# 
   470  021F                     	;# 
   471  0291                     	;# 
   472  0291                     	;# 
   473  0292                     	;# 
   474  0293                     	;# 
   475  0294                     	;# 
   476  0295                     	;# 
   477  0295                     	;# 
   478  0296                     	;# 
   479  0298                     	;# 
   480  0298                     	;# 
   481  0299                     	;# 
   482  029A                     	;# 
   483  029B                     	;# 
   484  029C                     	;# 
   485  029C                     	;# 
   486  029D                     	;# 
   487  029E                     	;# 
   488  029E                     	;# 
   489  0311                     	;# 
   490  0311                     	;# 
   491  0312                     	;# 
   492  0313                     	;# 
   493  0318                     	;# 
   494  0318                     	;# 
   495  0319                     	;# 
   496  031A                     	;# 
   497  0394                     	;# 
   498  0395                     	;# 
   499  0396                     	;# 
   500  039A                     	;# 
   501  039C                     	;# 
   502  039D                     	;# 
   503  039E                     	;# 
   504  039F                     	;# 
   505  0415                     	;# 
   506  0416                     	;# 
   507  0417                     	;# 
   508  041C                     	;# 
   509  041D                     	;# 
   510  041E                     	;# 
   511  0FE4                     	;# 
   512  0FE5                     	;# 
   513  0FE6                     	;# 
   514  0FE7                     	;# 
   515  0FE8                     	;# 
   516  0FE9                     	;# 
   517  0FEA                     	;# 
   518  0FEB                     	;# 
   519  0FED                     	;# 
   520  0FEE                     	;# 
   521  0FEF                     	;# 
   522  0000                     	;# 
   523  0001                     	;# 
   524  0002                     	;# 
   525  0003                     	;# 
   526  0004                     	;# 
   527  0005                     	;# 
   528  0006                     	;# 
   529  0007                     	;# 
   530  0008                     	;# 
   531  0009                     	;# 
   532  000A                     	;# 
   533  000B                     	;# 
   534  000C                     	;# 
   535  000D                     	;# 
   536  0011                     	;# 
   537  0012                     	;# 
   538  0013                     	;# 
   539  0014                     	;# 
   540  0015                     	;# 
   541  0016                     	;# 
   542  0016                     	;# 
   543  0017                     	;# 
   544  0018                     	;# 
   545  0019                     	;# 
   546  001A                     	;# 
   547  001B                     	;# 
   548  001C                     	;# 
   549  001E                     	;# 
   550  001F                     	;# 
   551  008C                     	;# 
   552  008D                     	;# 
   553  0091                     	;# 
   554  0092                     	;# 
   555  0093                     	;# 
   556  0094                     	;# 
   557  0095                     	;# 
   558  0096                     	;# 
   559  0097                     	;# 
   560  0098                     	;# 
   561  0099                     	;# 
   562  009A                     	;# 
   563  009B                     	;# 
   564  009B                     	;# 
   565  009C                     	;# 
   566  009D                     	;# 
   567  009E                     	;# 
   568  010C                     	;# 
   569  010D                     	;# 
   570  0111                     	;# 
   571  0112                     	;# 
   572  0113                     	;# 
   573  0114                     	;# 
   574  0115                     	;# 
   575  0116                     	;# 
   576  0117                     	;# 
   577  0118                     	;# 
   578  0119                     	;# 
   579  011A                     	;# 
   580  011B                     	;# 
   581  011D                     	;# 
   582  011E                     	;# 
   583  018C                     	;# 
   584  018D                     	;# 
   585  0191                     	;# 
   586  0191                     	;# 
   587  0192                     	;# 
   588  0193                     	;# 
   589  0193                     	;# 
   590  0193                     	;# 
   591  0194                     	;# 
   592  0195                     	;# 
   593  0196                     	;# 
   594  0199                     	;# 
   595  019A                     	;# 
   596  019B                     	;# 
   597  019B                     	;# 
   598  019B                     	;# 
   599  019B                     	;# 
   600  019C                     	;# 
   601  019C                     	;# 
   602  019D                     	;# 
   603  019E                     	;# 
   604  019F                     	;# 
   605  020C                     	;# 
   606  020D                     	;# 
   607  0211                     	;# 
   608  0211                     	;# 
   609  0212                     	;# 
   610  0212                     	;# 
   611  0213                     	;# 
   612  0213                     	;# 
   613  0214                     	;# 
   614  0214                     	;# 
   615  0215                     	;# 
   616  0215                     	;# 
   617  0215                     	;# 
   618  0216                     	;# 
   619  0216                     	;# 
   620  0217                     	;# 
   621  0217                     	;# 
   622  0219                     	;# 
   623  021A                     	;# 
   624  021B                     	;# 
   625  021C                     	;# 
   626  021D                     	;# 
   627  021E                     	;# 
   628  021F                     	;# 
   629  0291                     	;# 
   630  0291                     	;# 
   631  0292                     	;# 
   632  0293                     	;# 
   633  0294                     	;# 
   634  0295                     	;# 
   635  0295                     	;# 
   636  0296                     	;# 
   637  0298                     	;# 
   638  0298                     	;# 
   639  0299                     	;# 
   640  029A                     	;# 
   641  029B                     	;# 
   642  029C                     	;# 
   643  029C                     	;# 
   644  029D                     	;# 
   645  029E                     	;# 
   646  029E                     	;# 
   647  0311                     	;# 
   648  0311                     	;# 
   649  0312                     	;# 
   650  0313                     	;# 
   651  0318                     	;# 
   652  0318                     	;# 
   653  0319                     	;# 
   654  031A                     	;# 
   655  0394                     	;# 
   656  0395                     	;# 
   657  0396                     	;# 
   658  039A                     	;# 
   659  039C                     	;# 
   660  039D                     	;# 
   661  039E                     	;# 
   662  039F                     	;# 
   663  0415                     	;# 
   664  0416                     	;# 
   665  0417                     	;# 
   666  041C                     	;# 
   667  041D                     	;# 
   668  041E                     	;# 
   669  0FE4                     	;# 
   670  0FE5                     	;# 
   671  0FE6                     	;# 
   672  0FE7                     	;# 
   673  0FE8                     	;# 
   674  0FE9                     	;# 
   675  0FEA                     	;# 
   676  0FEB                     	;# 
   677  0FED                     	;# 
   678  0FEE                     	;# 
   679  0FEF                     	;# 
   680  000C                     _PORTAbits	set	12
   681  000D                     _PORTB	set	13
   682  0095                     _OPTION_REGbits	set	149
   683  008D                     _TRISB	set	141
   684  008C                     _TRISA	set	140
   685  0097                     _WDTCON	set	151
   686  0098                     _OSCTUNE	set	152
   687  0099                     _OSCCON	set	153
   688  011E                     _APFCON1	set	286
   689  011D                     _APFCON0	set	285
   690  010D                     _LATB	set	269
   691  010C                     _LATA	set	268
   692  0116                     _BORCON	set	278
   693  018C                     _ANSELA	set	396
   694  018D                     _ANSELB	set	397
   695  020C                     _WPUA	set	524
   696  020D                     _WPUB	set	525
   697                           
   698                           	psect	cinit
   699  07FD                     start_initialization:	
   700                           ; #config settings
   701                           
   702  07FD                     __initialization:
   703  07FD                     end_of_initialization:	
   704                           ;End of C runtime variable initialization code
   705                           
   706  07FD                     __end_of__initialization:
   707  07FD  0020               	movlb	0
   708  07FE  3186  2EDC         	ljmp	_main	;jump to C main() function
   709                           
   710                           	psect	cstackCOMMON
   711  0070                     __pcstackCOMMON:
   712  0070                     ?_PIN_MANAGER_Initialize:
   713  0070                     ??_PIN_MANAGER_Initialize:	
   714                           ; 1 bytes @ 0x0
   715                           
   716  0070                     ?_OSCILLATOR_Initialize:	
   717                           ; 1 bytes @ 0x0
   718                           
   719  0070                     ??_OSCILLATOR_Initialize:	
   720                           ; 1 bytes @ 0x0
   721                           
   722  0070                     ?_WDT_Initialize:	
   723                           ; 1 bytes @ 0x0
   724                           
   725  0070                     ??_WDT_Initialize:	
   726                           ; 1 bytes @ 0x0
   727                           
   728  0070                     ?_SYSTEM_Initialize:	
   729                           ; 1 bytes @ 0x0
   730                           
   731  0070                     ??_SYSTEM_Initialize:	
   732                           ; 1 bytes @ 0x0
   733                           
   734  0070                     ?_main:	
   735                           ; 1 bytes @ 0x0
   736                           
   737  0070                     ??_main:	
   738                           ; 1 bytes @ 0x0
   739                           
   740                           
   741                           ; 1 bytes @ 0x0
   742  0070                     	ds	2
   743                           
   744                           	psect	maintext
   745  06DC                     __pmaintext:	
   746 ;;
   747 ;;Main: autosize = 0, tempsize = 2, incstack = 0, save=0
   748 ;;
   749 ;; *************** function _main *****************
   750 ;; Defined at:
   751 ;;		line 54 in file "main.c"
   752 ;; Parameters:    Size  Location     Type
   753 ;;		None
   754 ;; Auto vars:     Size  Location     Type
   755 ;;		None
   756 ;; Return value:  Size  Location     Type
   757 ;;                  1    wreg      void 
   758 ;; Registers used:
   759 ;;		wreg, status,2, status,0, pclath, cstack
   760 ;; Tracked objects:
   761 ;;		On entry : B1F/0
   762 ;;		On exit  : 0/0
   763 ;;		Unchanged: 0/0
   764 ;; Data sizes:     COMMON   BANK0   BANK1   BANK2   BANK3   BANK4
   765 ;;      Params:         0       0       0       0       0       0
   766 ;;      Locals:         0       0       0       0       0       0
   767 ;;      Temps:          2       0       0       0       0       0
   768 ;;      Totals:         2       0       0       0       0       0
   769 ;;Total ram usage:        2 bytes
   770 ;; Hardware stack levels required when called:    2
   771 ;; This function calls:
   772 ;;		_SYSTEM_Initialize
   773 ;; This function is called by:
   774 ;;		Startup code after reset
   775 ;; This function uses a non-reentrant model
   776 ;;
   777                           
   778                           
   779                           ;psect for function _main
   780  06DC                     _main:
   781  06DC                     l713:	
   782                           ;incstack = 0
   783                           ; Regs used in _main: [wreg+status,2+status,0+pclath+cstack]
   784                           
   785                           
   786                           ;main.c: 57:     SYSTEM_Initialize();
   787  06DC  3186  26BF  3186   	fcall	_SYSTEM_Initialize
   788  06DF                     l715:
   789                           
   790                           ;main.c: 61:         PORTB = 0b00000001;
   791  06DF  3001               	movlw	1
   792  06E0  0020               	movlb	0	; select bank0
   793  06E1  008D               	movwf	13	;volatile
   794  06E2                     l717:
   795                           
   796                           ;main.c: 62:         _delay((unsigned long)((100)*(4000000/4000.0)));
   797  06E2  3082               	movlw	130
   798  06E3  00F0               	movwf	??_main
   799  06E4  30DE               	movlw	222
   800  06E5                     u117:
   801  06E5  0B89               	decfsz	9,f
   802  06E6  2EE5               	goto	u117
   803  06E7  0BF0               	decfsz	??_main,f
   804  06E8  2EE5               	goto	u117
   805  06E9                     l719:
   806                           
   807                           ;main.c: 63:         PORTB = 0b00000010;
   808  06E9  3002               	movlw	2
   809  06EA  0020               	movlb	0	; select bank0
   810  06EB  008D               	movwf	13	;volatile
   811  06EC                     l721:
   812                           
   813                           ;main.c: 64:         _delay((unsigned long)((100)*(4000000/4000.0)));
   814  06EC  3082               	movlw	130
   815  06ED  00F0               	movwf	??_main
   816  06EE  30DE               	movlw	222
   817  06EF                     u127:
   818  06EF  0B89               	decfsz	9,f
   819  06F0  2EEF               	goto	u127
   820  06F1  0BF0               	decfsz	??_main,f
   821  06F2  2EEF               	goto	u127
   822  06F3                     l723:
   823                           
   824                           ;main.c: 65:         PORTB = 0b00000100;
   825  06F3  3004               	movlw	4
   826  06F4  0020               	movlb	0	; select bank0
   827  06F5  008D               	movwf	13	;volatile
   828  06F6                     l725:
   829                           
   830                           ;main.c: 66:         _delay((unsigned long)((100)*(4000000/4000.0)));
   831  06F6  3082               	movlw	130
   832  06F7  00F0               	movwf	??_main
   833  06F8  30DE               	movlw	222
   834  06F9                     u137:
   835  06F9  0B89               	decfsz	9,f
   836  06FA  2EF9               	goto	u137
   837  06FB  0BF0               	decfsz	??_main,f
   838  06FC  2EF9               	goto	u137
   839  06FD                     l727:
   840                           
   841                           ;main.c: 67:         PORTB = 0b00001000;
   842  06FD  3008               	movlw	8
   843  06FE  0020               	movlb	0	; select bank0
   844  06FF  008D               	movwf	13	;volatile
   845  0700                     l729:
   846                           
   847                           ;main.c: 68:         _delay((unsigned long)((100)*(4000000/4000.0)));
   848  0700  3082               	movlw	130
   849  0701  00F0               	movwf	??_main
   850  0702  30DE               	movlw	222
   851  0703                     u147:
   852  0703  0B89               	decfsz	9,f
   853  0704  2F03               	goto	u147
   854  0705  0BF0               	decfsz	??_main,f
   855  0706  2F03               	goto	u147
   856  0707                     l731:
   857                           
   858                           ;main.c: 70:         PORTAbits.RA1 = 1;
   859  0707  0020               	movlb	0	; select bank0
   860  0708  148C               	bsf	12,1	;volatile
   861  0709                     l733:
   862                           
   863                           ;main.c: 71:         PORTB = 0b00001000;
   864  0709  3008               	movlw	8
   865  070A  008D               	movwf	13	;volatile
   866  070B                     l735:
   867                           
   868                           ;main.c: 72:         _delay((unsigned long)((100)*(4000000/4000.0)));
   869  070B  3082               	movlw	130
   870  070C  00F0               	movwf	??_main
   871  070D  30DE               	movlw	222
   872  070E                     u157:
   873  070E  0B89               	decfsz	9,f
   874  070F  2F0E               	goto	u157
   875  0710  0BF0               	decfsz	??_main,f
   876  0711  2F0E               	goto	u157
   877  0712                     l737:
   878                           
   879                           ;main.c: 73:         PORTAbits.RA1 = 0;
   880  0712  0020               	movlb	0	; select bank0
   881  0713  108C               	bcf	12,1	;volatile
   882  0714                     l739:
   883                           
   884                           ;main.c: 75:         PORTAbits.RA0 = 1;
   885  0714  140C               	bsf	12,0	;volatile
   886  0715                     l741:
   887                           
   888                           ;main.c: 76:         PORTB = 0b00001000;
   889  0715  3008               	movlw	8
   890  0716  008D               	movwf	13	;volatile
   891  0717                     l743:
   892                           
   893                           ;main.c: 77:         _delay((unsigned long)((100)*(4000000/4000.0)));
   894  0717  3082               	movlw	130
   895  0718  00F0               	movwf	??_main
   896  0719  30DE               	movlw	222
   897  071A                     u167:
   898  071A  0B89               	decfsz	9,f
   899  071B  2F1A               	goto	u167
   900  071C  0BF0               	decfsz	??_main,f
   901  071D  2F1A               	goto	u167
   902  071E                     l745:
   903                           
   904                           ;main.c: 79:         if(PORTAbits.RA2 == 1 && PORTAbits.RA4 == 1){
   905  071E  0020               	movlb	0	; select bank0
   906  071F  1D0C               	btfss	12,2	;volatile
   907  0720  2F22               	goto	u11
   908  0721  2F23               	goto	u10
   909  0722                     u11:
   910  0722  2FCF               	goto	l779
   911  0723                     u10:
   912  0723                     l747:
   913  0723  1E0C               	btfss	12,4	;volatile
   914  0724  2F26               	goto	u21
   915  0725  2F27               	goto	u20
   916  0726                     u21:
   917  0726  2FCF               	goto	l779
   918  0727                     u20:
   919  0727                     l66:	
   920                           ;main.c: 81:             while(1){
   921                           
   922                           
   923                           ;main.c: 83:                 if (PORTAbits.RA2 == 1 && PORTAbits.RA3 == 1 && PORTAbits.R
      +                          A4 == 1){
   924  0727  1D0C               	btfss	12,2	;volatile
   925  0728  2F2A               	goto	u31
   926  0729  2F2B               	goto	u30
   927  072A                     u31:
   928  072A  2F3E               	goto	l67
   929  072B                     u30:
   930  072B                     l749:
   931  072B  1D8C               	btfss	12,3	;volatile
   932  072C  2F2E               	goto	u41
   933  072D  2F2F               	goto	u40
   934  072E                     u41:
   935  072E  2F3E               	goto	l67
   936  072F                     u40:
   937  072F                     l751:
   938  072F  1E0C               	btfss	12,4	;volatile
   939  0730  2F32               	goto	u51
   940  0731  2F33               	goto	u50
   941  0732                     u51:
   942  0732  2F3E               	goto	l67
   943  0733                     u50:
   944  0733                     l753:
   945                           
   946                           ;main.c: 84:                      _delay((unsigned long)((1000)*(4000000/4000.0))) ;
   947  0733  3006               	movlw	6
   948  0734  00F1               	movwf	??_main+1
   949  0735  3013               	movlw	19
   950  0736  00F0               	movwf	??_main
   951  0737  30AE               	movlw	174
   952  0738                     u177:
   953  0738  0B89               	decfsz	9,f
   954  0739  2F38               	goto	u177
   955  073A  0BF0               	decfsz	??_main,f
   956  073B  2F38               	goto	u177
   957  073C  0BF1               	decfsz	??_main+1,f
   958  073D  2F38               	goto	u177
   959  073E                     l67:	
   960                           ;main.c: 85:                 }
   961                           
   962                           
   963                           ;main.c: 87:                 PORTB = 0b00001000;
   964  073E  3008               	movlw	8
   965  073F  0020               	movlb	0	; select bank0
   966  0740  008D               	movwf	13	;volatile
   967  0741                     l755:
   968                           
   969                           ;main.c: 88:                 PORTAbits.RA0 = 0;
   970  0741  100C               	bcf	12,0	;volatile
   971  0742                     l757:
   972                           
   973                           ;main.c: 90:                 PORTAbits.RA1 = 1;
   974  0742  148C               	bsf	12,1	;volatile
   975                           
   976                           ;main.c: 91:                 PORTB = 0b00001000;
   977  0743  3008               	movlw	8
   978  0744  008D               	movwf	13	;volatile
   979                           
   980                           ;main.c: 92:                 _delay((unsigned long)((100)*(4000000/4000.0)));
   981  0745  3082               	movlw	130
   982  0746  00F0               	movwf	??_main
   983  0747  30DE               	movlw	222
   984  0748                     u187:
   985  0748  0B89               	decfsz	9,f
   986  0749  2F48               	goto	u187
   987  074A  0BF0               	decfsz	??_main,f
   988  074B  2F48               	goto	u187
   989  074C                     l759:
   990                           
   991                           ;main.c: 93:                 PORTAbits.RA1 = 0;
   992  074C  0020               	movlb	0	; select bank0
   993  074D  108C               	bcf	12,1	;volatile
   994                           
   995                           ;main.c: 95:                 PORTB = 0b00001000;
   996  074E  3008               	movlw	8
   997  074F  008D               	movwf	13	;volatile
   998                           
   999                           ;main.c: 96:                 _delay((unsigned long)((100)*(4000000/4000.0)));
  1000  0750  3082               	movlw	130
  1001  0751  00F0               	movwf	??_main
  1002  0752  30DE               	movlw	222
  1003  0753                     u197:
  1004  0753  0B89               	decfsz	9,f
  1005  0754  2F53               	goto	u197
  1006  0755  0BF0               	decfsz	??_main,f
  1007  0756  2F53               	goto	u197
  1008                           
  1009                           ;main.c: 97:                 PORTB = 0b00000100;
  1010  0757  3004               	movlw	4
  1011  0758  0020               	movlb	0	; select bank0
  1012  0759  008D               	movwf	13	;volatile
  1013                           
  1014                           ;main.c: 98:                 _delay((unsigned long)((100)*(4000000/4000.0)));
  1015  075A  3082               	movlw	130
  1016  075B  00F0               	movwf	??_main
  1017  075C  30DE               	movlw	222
  1018  075D                     u207:
  1019  075D  0B89               	decfsz	9,f
  1020  075E  2F5D               	goto	u207
  1021  075F  0BF0               	decfsz	??_main,f
  1022  0760  2F5D               	goto	u207
  1023                           
  1024                           ;main.c: 99:                 PORTB = 0B00000010;
  1025  0761  3002               	movlw	2
  1026  0762  0020               	movlb	0	; select bank0
  1027  0763  008D               	movwf	13	;volatile
  1028                           
  1029                           ;main.c: 100:                 _delay((unsigned long)((100)*(4000000/4000.0)));
  1030  0764  3082               	movlw	130
  1031  0765  00F0               	movwf	??_main
  1032  0766  30DE               	movlw	222
  1033  0767                     u217:
  1034  0767  0B89               	decfsz	9,f
  1035  0768  2F67               	goto	u217
  1036  0769  0BF0               	decfsz	??_main,f
  1037  076A  2F67               	goto	u217
  1038                           
  1039                           ;main.c: 101:                 PORTB = 0b00000001;
  1040  076B  3001               	movlw	1
  1041  076C  0020               	movlb	0	; select bank0
  1042  076D  008D               	movwf	13	;volatile
  1043                           
  1044                           ;main.c: 102:                 _delay((unsigned long)((100)*(4000000/4000.0)));
  1045  076E  3082               	movlw	130
  1046  076F  00F0               	movwf	??_main
  1047  0770  30DE               	movlw	222
  1048  0771                     u227:
  1049  0771  0B89               	decfsz	9,f
  1050  0772  2F71               	goto	u227
  1051  0773  0BF0               	decfsz	??_main,f
  1052  0774  2F71               	goto	u227
  1053  0775                     l761:
  1054                           
  1055                           ;main.c: 104:                 PORTAbits.RA1 = 1;
  1056  0775  0020               	movlb	0	; select bank0
  1057  0776  148C               	bsf	12,1	;volatile
  1058                           
  1059                           ;main.c: 105:                 PORTB = 0b00000001;
  1060  0777  3001               	movlw	1
  1061  0778  008D               	movwf	13	;volatile
  1062                           
  1063                           ;main.c: 106:                 _delay((unsigned long)((100)*(4000000/4000.0)));
  1064  0779  3082               	movlw	130
  1065  077A  00F0               	movwf	??_main
  1066  077B  30DE               	movlw	222
  1067  077C                     u237:
  1068  077C  0B89               	decfsz	9,f
  1069  077D  2F7C               	goto	u237
  1070  077E  0BF0               	decfsz	??_main,f
  1071  077F  2F7C               	goto	u237
  1072  0780                     l763:
  1073                           
  1074                           ;main.c: 107:                 PORTAbits.RA1 = 0;
  1075  0780  0020               	movlb	0	; select bank0
  1076  0781  108C               	bcf	12,1	;volatile
  1077  0782                     l765:
  1078                           
  1079                           ;main.c: 109:                 PORTAbits.RA0 = 1;
  1080  0782  140C               	bsf	12,0	;volatile
  1081                           
  1082                           ;main.c: 110:                 PORTB = 0B00000001;
  1083  0783  3001               	movlw	1
  1084  0784  008D               	movwf	13	;volatile
  1085                           
  1086                           ;main.c: 111:                 _delay((unsigned long)((100)*(4000000/4000.0)));
  1087  0785  3082               	movlw	130
  1088  0786  00F0               	movwf	??_main
  1089  0787  30DE               	movlw	222
  1090  0788                     u247:
  1091  0788  0B89               	decfsz	9,f
  1092  0789  2F88               	goto	u247
  1093  078A  0BF0               	decfsz	??_main,f
  1094  078B  2F88               	goto	u247
  1095                           
  1096                           ;main.c: 112:                 PORTB = 0b00100000;
  1097  078C  3020               	movlw	32
  1098  078D  0020               	movlb	0	; select bank0
  1099  078E  008D               	movwf	13	;volatile
  1100                           
  1101                           ;main.c: 113:                 _delay((unsigned long)((100)*(4000000/4000.0)));
  1102  078F  3082               	movlw	130
  1103  0790  00F0               	movwf	??_main
  1104  0791  30DE               	movlw	222
  1105  0792                     u257:
  1106  0792  0B89               	decfsz	9,f
  1107  0793  2F92               	goto	u257
  1108  0794  0BF0               	decfsz	??_main,f
  1109  0795  2F92               	goto	u257
  1110                           
  1111                           ;main.c: 114:                 PORTB = 0b00010000;
  1112  0796  3010               	movlw	16
  1113  0797  0020               	movlb	0	; select bank0
  1114  0798  008D               	movwf	13	;volatile
  1115                           
  1116                           ;main.c: 115:                 _delay((unsigned long)((100)*(4000000/4000.0)));
  1117  0799  3082               	movlw	130
  1118  079A  00F0               	movwf	??_main
  1119  079B  30DE               	movlw	222
  1120  079C                     u267:
  1121  079C  0B89               	decfsz	9,f
  1122  079D  2F9C               	goto	u267
  1123  079E  0BF0               	decfsz	??_main,f
  1124  079F  2F9C               	goto	u267
  1125                           
  1126                           ;main.c: 116:                 PORTB = 0b00001000;
  1127  07A0  3008               	movlw	8
  1128  07A1  0020               	movlb	0	; select bank0
  1129  07A2  008D               	movwf	13	;volatile
  1130                           
  1131                           ;main.c: 117:                 _delay((unsigned long)((100)*(4000000/4000.0)));
  1132  07A3  3082               	movlw	130
  1133  07A4  00F0               	movwf	??_main
  1134  07A5  30DE               	movlw	222
  1135  07A6                     u277:
  1136  07A6  0B89               	decfsz	9,f
  1137  07A7  2FA6               	goto	u277
  1138  07A8  0BF0               	decfsz	??_main,f
  1139  07A9  2FA6               	goto	u277
  1140  07AA                     l767:
  1141                           
  1142                           ;main.c: 119:                 if (PORTAbits.RA2 == 1 && PORTAbits.RA3 == 1 && PORTAbits.
      +                          RA4 == 1){
  1143  07AA  0020               	movlb	0	; select bank0
  1144  07AB  1D0C               	btfss	12,2	;volatile
  1145  07AC  2FAE               	goto	u61
  1146  07AD  2FAF               	goto	u60
  1147  07AE                     u61:
  1148  07AE  2FC3               	goto	l68
  1149  07AF                     u60:
  1150  07AF                     l769:
  1151  07AF  1D8C               	btfss	12,3	;volatile
  1152  07B0  2FB2               	goto	u71
  1153  07B1  2FB3               	goto	u70
  1154  07B2                     u71:
  1155  07B2  2FC3               	goto	l68
  1156  07B3                     u70:
  1157  07B3                     l771:
  1158  07B3  1E0C               	btfss	12,4	;volatile
  1159  07B4  2FB6               	goto	u81
  1160  07B5  2FB7               	goto	u80
  1161  07B6                     u81:
  1162  07B6  2FC3               	goto	l68
  1163  07B7                     u80:
  1164  07B7                     l773:
  1165                           
  1166                           ;main.c: 120:                      _delay((unsigned long)((1000)*(4000000/4000.0))) ;
  1167  07B7  3006               	movlw	6
  1168  07B8  00F1               	movwf	??_main+1
  1169  07B9  3013               	movlw	19
  1170  07BA  00F0               	movwf	??_main
  1171  07BB  30AE               	movlw	174
  1172  07BC                     u287:
  1173  07BC  0B89               	decfsz	9,f
  1174  07BD  2FBC               	goto	u287
  1175  07BE  0BF0               	decfsz	??_main,f
  1176  07BF  2FBC               	goto	u287
  1177  07C0  0BF1               	decfsz	??_main+1,f
  1178  07C1  2FBC               	goto	u287
  1179                           
  1180                           ;main.c: 121:                 }
  1181  07C2  2FCC               	goto	l69
  1182  07C3                     l68:	
  1183                           ;main.c: 122:                 else if(PORTAbits.RA2 == 1 && PORTAbits.RA4 == 1){
  1184                           
  1185  07C3  1D0C               	btfss	12,2	;volatile
  1186  07C4  2FC6               	goto	u91
  1187  07C5  2FC7               	goto	u90
  1188  07C6                     u91:
  1189  07C6  2FCC               	goto	l69
  1190  07C7                     u90:
  1191  07C7                     l775:
  1192  07C7  1E0C               	btfss	12,4	;volatile
  1193  07C8  2FCA               	goto	u101
  1194  07C9  2FCB               	goto	u100
  1195  07CA                     u101:
  1196  07CA  2FCC               	goto	l69
  1197  07CB                     u100:
  1198  07CB  2FCF               	goto	l779
  1199  07CC                     l69:
  1200                           
  1201                           ;main.c: 125:                     PORTAbits.RA0 = 0;
  1202  07CC  0020               	movlb	0	; select bank0
  1203  07CD  100C               	bcf	12,0	;volatile
  1204  07CE  2F27               	goto	l66
  1205  07CF                     l779:
  1206                           
  1207                           ;main.c: 130:         PORTB = 0b00010000;
  1208  07CF  3010               	movlw	16
  1209  07D0  008D               	movwf	13	;volatile
  1210                           
  1211                           ;main.c: 131:         _delay((unsigned long)((100)*(4000000/4000.0)));
  1212  07D1  3082               	movlw	130
  1213  07D2  00F0               	movwf	??_main
  1214  07D3  30DE               	movlw	222
  1215  07D4                     u297:
  1216  07D4  0B89               	decfsz	9,f
  1217  07D5  2FD4               	goto	u297
  1218  07D6  0BF0               	decfsz	??_main,f
  1219  07D7  2FD4               	goto	u297
  1220                           
  1221                           ;main.c: 132:         PORTB = 0b00100000;
  1222  07D8  3020               	movlw	32
  1223  07D9  0020               	movlb	0	; select bank0
  1224  07DA  008D               	movwf	13	;volatile
  1225                           
  1226                           ;main.c: 133:         _delay((unsigned long)((100)*(4000000/4000.0)));
  1227  07DB  3082               	movlw	130
  1228  07DC  00F0               	movwf	??_main
  1229  07DD  30DE               	movlw	222
  1230  07DE                     u307:
  1231  07DE  0B89               	decfsz	9,f
  1232  07DF  2FDE               	goto	u307
  1233  07E0  0BF0               	decfsz	??_main,f
  1234  07E1  2FDE               	goto	u307
  1235                           
  1236                           ;main.c: 134:         PORTB = 0B00000001;
  1237  07E2  3001               	movlw	1
  1238  07E3  0020               	movlb	0	; select bank0
  1239  07E4  008D               	movwf	13	;volatile
  1240                           
  1241                           ;main.c: 135:         _delay((unsigned long)((100)*(4000000/4000.0)));
  1242  07E5  3082               	movlw	130
  1243  07E6  00F0               	movwf	??_main
  1244  07E7  30DE               	movlw	222
  1245  07E8                     u317:
  1246  07E8  0B89               	decfsz	9,f
  1247  07E9  2FE8               	goto	u317
  1248  07EA  0BF0               	decfsz	??_main,f
  1249  07EB  2FE8               	goto	u317
  1250  07EC                     l781:
  1251                           
  1252                           ;main.c: 136:         PORTAbits.RA0 = 0;
  1253  07EC  0020               	movlb	0	; select bank0
  1254  07ED  100C               	bcf	12,0	;volatile
  1255  07EE                     l783:
  1256                           
  1257                           ;main.c: 138:         PORTAbits.RA1 = 1;
  1258  07EE  148C               	bsf	12,1	;volatile
  1259                           
  1260                           ;main.c: 139:         PORTB = 0b00000001;
  1261  07EF  3001               	movlw	1
  1262  07F0  008D               	movwf	13	;volatile
  1263                           
  1264                           ;main.c: 140:         _delay((unsigned long)((100)*(4000000/4000.0)));
  1265  07F1  3082               	movlw	130
  1266  07F2  00F0               	movwf	??_main
  1267  07F3  30DE               	movlw	222
  1268  07F4                     u327:
  1269  07F4  0B89               	decfsz	9,f
  1270  07F5  2FF4               	goto	u327
  1271  07F6  0BF0               	decfsz	??_main,f
  1272  07F7  2FF4               	goto	u327
  1273  07F8                     l785:
  1274                           
  1275                           ;main.c: 141:         PORTAbits.RA1 = 0;
  1276  07F8  0020               	movlb	0	; select bank0
  1277  07F9  108C               	bcf	12,1	;volatile
  1278  07FA  2EDF               	goto	l715
  1279  07FB  3180  2802         	ljmp	start
  1280  07FD                     __end_of_main:
  1281                           
  1282                           	psect	text1
  1283  06BF                     __ptext1:	
  1284 ;; *************** function _SYSTEM_Initialize *****************
  1285 ;; Defined at:
  1286 ;;		line 50 in file "mcc_generated_files/mcc.c"
  1287 ;; Parameters:    Size  Location     Type
  1288 ;;		None
  1289 ;; Auto vars:     Size  Location     Type
  1290 ;;		None
  1291 ;; Return value:  Size  Location     Type
  1292 ;;                  1    wreg      void 
  1293 ;; Registers used:
  1294 ;;		wreg, status,2, status,0, pclath, cstack
  1295 ;; Tracked objects:
  1296 ;;		On entry : 0/0
  1297 ;;		On exit  : 0/0
  1298 ;;		Unchanged: 0/0
  1299 ;; Data sizes:     COMMON   BANK0   BANK1   BANK2   BANK3   BANK4
  1300 ;;      Params:         0       0       0       0       0       0
  1301 ;;      Locals:         0       0       0       0       0       0
  1302 ;;      Temps:          0       0       0       0       0       0
  1303 ;;      Totals:         0       0       0       0       0       0
  1304 ;;Total ram usage:        0 bytes
  1305 ;; Hardware stack levels used:    1
  1306 ;; Hardware stack levels required when called:    1
  1307 ;; This function calls:
  1308 ;;		_OSCILLATOR_Initialize
  1309 ;;		_PIN_MANAGER_Initialize
  1310 ;;		_WDT_Initialize
  1311 ;; This function is called by:
  1312 ;;		_main
  1313 ;; This function uses a non-reentrant model
  1314 ;;
  1315                           
  1316                           
  1317                           ;psect for function _SYSTEM_Initialize
  1318  06BF                     _SYSTEM_Initialize:
  1319  06BF                     l711:	
  1320                           ;incstack = 0
  1321                           ; Regs used in _SYSTEM_Initialize: [wreg+status,2+status,0+pclath+cstack]
  1322                           
  1323                           
  1324                           ;mcc_generated_files/mcc.c: 53:     PIN_MANAGER_Initialize();
  1325  06BF  3186  26C9  3186   	fcall	_PIN_MANAGER_Initialize
  1326                           
  1327                           ;mcc_generated_files/mcc.c: 54:     OSCILLATOR_Initialize();
  1328  06C2  3186  26B8  3186   	fcall	_OSCILLATOR_Initialize
  1329                           
  1330                           ;mcc_generated_files/mcc.c: 55:     WDT_Initialize();
  1331  06C5  3186  26B4  3186   	fcall	_WDT_Initialize
  1332  06C8                     l17:
  1333  06C8  0008               	return
  1334  06C9                     __end_of_SYSTEM_Initialize:
  1335                           
  1336                           	psect	text2
  1337  06B4                     __ptext2:	
  1338 ;; *************** function _WDT_Initialize *****************
  1339 ;; Defined at:
  1340 ;;		line 68 in file "mcc_generated_files/mcc.c"
  1341 ;; Parameters:    Size  Location     Type
  1342 ;;		None
  1343 ;; Auto vars:     Size  Location     Type
  1344 ;;		None
  1345 ;; Return value:  Size  Location     Type
  1346 ;;                  1    wreg      void 
  1347 ;; Registers used:
  1348 ;;		wreg
  1349 ;; Tracked objects:
  1350 ;;		On entry : 0/0
  1351 ;;		On exit  : 0/0
  1352 ;;		Unchanged: 0/0
  1353 ;; Data sizes:     COMMON   BANK0   BANK1   BANK2   BANK3   BANK4
  1354 ;;      Params:         0       0       0       0       0       0
  1355 ;;      Locals:         0       0       0       0       0       0
  1356 ;;      Temps:          0       0       0       0       0       0
  1357 ;;      Totals:         0       0       0       0       0       0
  1358 ;;Total ram usage:        0 bytes
  1359 ;; Hardware stack levels used:    1
  1360 ;; This function calls:
  1361 ;;		Nothing
  1362 ;; This function is called by:
  1363 ;;		_SYSTEM_Initialize
  1364 ;; This function uses a non-reentrant model
  1365 ;;
  1366                           
  1367                           
  1368                           ;psect for function _WDT_Initialize
  1369  06B4                     _WDT_Initialize:
  1370  06B4                     l709:	
  1371                           ;incstack = 0
  1372                           ; Regs used in _WDT_Initialize: [wreg]
  1373                           
  1374                           
  1375                           ;mcc_generated_files/mcc.c: 71:     WDTCON = 0x16;
  1376  06B4  3016               	movlw	22
  1377  06B5  0021               	movlb	1	; select bank1
  1378  06B6  0097               	movwf	23	;volatile
  1379  06B7                     l23:
  1380  06B7  0008               	return
  1381  06B8                     __end_of_WDT_Initialize:
  1382                           
  1383                           	psect	text3
  1384  06C9                     __ptext3:	
  1385 ;; *************** function _PIN_MANAGER_Initialize *****************
  1386 ;; Defined at:
  1387 ;;		line 55 in file "mcc_generated_files/pin_manager.c"
  1388 ;; Parameters:    Size  Location     Type
  1389 ;;		None
  1390 ;; Auto vars:     Size  Location     Type
  1391 ;;		None
  1392 ;; Return value:  Size  Location     Type
  1393 ;;                  1    wreg      void 
  1394 ;; Registers used:
  1395 ;;		wreg, status,2
  1396 ;; Tracked objects:
  1397 ;;		On entry : 0/0
  1398 ;;		On exit  : 0/0
  1399 ;;		Unchanged: 0/0
  1400 ;; Data sizes:     COMMON   BANK0   BANK1   BANK2   BANK3   BANK4
  1401 ;;      Params:         0       0       0       0       0       0
  1402 ;;      Locals:         0       0       0       0       0       0
  1403 ;;      Temps:          0       0       0       0       0       0
  1404 ;;      Totals:         0       0       0       0       0       0
  1405 ;;Total ram usage:        0 bytes
  1406 ;; Hardware stack levels used:    1
  1407 ;; This function calls:
  1408 ;;		Nothing
  1409 ;; This function is called by:
  1410 ;;		_SYSTEM_Initialize
  1411 ;; This function uses a non-reentrant model
  1412 ;;
  1413                           
  1414                           
  1415                           ;psect for function _PIN_MANAGER_Initialize
  1416  06C9                     _PIN_MANAGER_Initialize:
  1417  06C9                     l683:	
  1418                           ;incstack = 0
  1419                           ; Regs used in _PIN_MANAGER_Initialize: [wreg+status,2]
  1420                           
  1421                           
  1422                           ;mcc_generated_files/pin_manager.c: 60:     LATA = 0x00;
  1423  06C9  0022               	movlb	2	; select bank2
  1424  06CA  018C               	clrf	12	;volatile
  1425                           
  1426                           ;mcc_generated_files/pin_manager.c: 61:     LATB = 0x00;
  1427  06CB  018D               	clrf	13	;volatile
  1428  06CC                     l685:
  1429                           
  1430                           ;mcc_generated_files/pin_manager.c: 66:     TRISA = 0xFC;
  1431  06CC  30FC               	movlw	252
  1432  06CD  0021               	movlb	1	; select bank1
  1433  06CE  008C               	movwf	12	;volatile
  1434  06CF                     l687:
  1435                           
  1436                           ;mcc_generated_files/pin_manager.c: 67:     TRISB = 0x00;
  1437  06CF  018D               	clrf	13	;volatile
  1438  06D0                     l689:
  1439                           
  1440                           ;mcc_generated_files/pin_manager.c: 72:     ANSELB = 0x00;
  1441  06D0  0023               	movlb	3	; select bank3
  1442  06D1  018D               	clrf	13	;volatile
  1443  06D2                     l691:
  1444                           
  1445                           ;mcc_generated_files/pin_manager.c: 73:     ANSELA = 0x00;
  1446  06D2  018C               	clrf	12	;volatile
  1447  06D3                     l693:
  1448                           
  1449                           ;mcc_generated_files/pin_manager.c: 78:     WPUB = 0x00;
  1450  06D3  0024               	movlb	4	; select bank4
  1451  06D4  018D               	clrf	13	;volatile
  1452  06D5                     l695:
  1453                           
  1454                           ;mcc_generated_files/pin_manager.c: 79:     WPUA = 0x00;
  1455  06D5  018C               	clrf	12	;volatile
  1456  06D6                     l697:
  1457                           
  1458                           ;mcc_generated_files/pin_manager.c: 80:     OPTION_REGbits.nWPUEN = 1;
  1459  06D6  0021               	movlb	1	; select bank1
  1460  06D7  1795               	bsf	21,7	;volatile
  1461  06D8                     l699:
  1462                           
  1463                           ;mcc_generated_files/pin_manager.c: 86:     APFCON0 = 0x00;
  1464  06D8  0022               	movlb	2	; select bank2
  1465  06D9  019D               	clrf	29	;volatile
  1466  06DA                     l701:
  1467                           
  1468                           ;mcc_generated_files/pin_manager.c: 87:     APFCON1 = 0x00;
  1469  06DA  019E               	clrf	30	;volatile
  1470  06DB                     l48:
  1471  06DB  0008               	return
  1472  06DC                     __end_of_PIN_MANAGER_Initialize:
  1473                           
  1474                           	psect	text4
  1475  06B8                     __ptext4:	
  1476 ;; *************** function _OSCILLATOR_Initialize *****************
  1477 ;; Defined at:
  1478 ;;		line 58 in file "mcc_generated_files/mcc.c"
  1479 ;; Parameters:    Size  Location     Type
  1480 ;;		None
  1481 ;; Auto vars:     Size  Location     Type
  1482 ;;		None
  1483 ;; Return value:  Size  Location     Type
  1484 ;;                  1    wreg      void 
  1485 ;; Registers used:
  1486 ;;		wreg, status,2
  1487 ;; Tracked objects:
  1488 ;;		On entry : 0/0
  1489 ;;		On exit  : 0/0
  1490 ;;		Unchanged: 0/0
  1491 ;; Data sizes:     COMMON   BANK0   BANK1   BANK2   BANK3   BANK4
  1492 ;;      Params:         0       0       0       0       0       0
  1493 ;;      Locals:         0       0       0       0       0       0
  1494 ;;      Temps:          0       0       0       0       0       0
  1495 ;;      Totals:         0       0       0       0       0       0
  1496 ;;Total ram usage:        0 bytes
  1497 ;; Hardware stack levels used:    1
  1498 ;; This function calls:
  1499 ;;		Nothing
  1500 ;; This function is called by:
  1501 ;;		_SYSTEM_Initialize
  1502 ;; This function uses a non-reentrant model
  1503 ;;
  1504                           
  1505                           
  1506                           ;psect for function _OSCILLATOR_Initialize
  1507  06B8                     _OSCILLATOR_Initialize:
  1508  06B8                     l703:	
  1509                           ;incstack = 0
  1510                           ; Regs used in _OSCILLATOR_Initialize: [wreg+status,2]
  1511                           
  1512                           
  1513                           ;mcc_generated_files/mcc.c: 61:     OSCCON = 0x6A;
  1514  06B8  306A               	movlw	106
  1515  06B9  0021               	movlb	1	; select bank1
  1516  06BA  0099               	movwf	25	;volatile
  1517  06BB                     l705:
  1518                           
  1519                           ;mcc_generated_files/mcc.c: 63:     OSCTUNE = 0x00;
  1520  06BB  0198               	clrf	24	;volatile
  1521  06BC                     l707:
  1522                           
  1523                           ;mcc_generated_files/mcc.c: 65:     BORCON = 0x00;
  1524  06BC  0022               	movlb	2	; select bank2
  1525  06BD  0196               	clrf	22	;volatile
  1526  06BE                     l20:
  1527  06BE  0008               	return
  1528  06BF                     __end_of_OSCILLATOR_Initialize:
  1529  007E                     btemp	set	126	;btemp
  1530  007E                     wtemp0	set	126
  1531                           
  1532                           	psect	config
  1533                           
  1534                           ;Config register CONFIG1 @ 0x8007
  1535                           ;	Oscillator Selection
  1536                           ;	FOSC = INTOSC, INTOSC oscillator: I/O function on CLKIN pin
  1537                           ;	Watchdog Timer Enable
  1538                           ;	WDTE = OFF, WDT disabled
  1539                           ;	Power-up Timer Enable
  1540                           ;	PWRTE = OFF, PWRT disabled
  1541                           ;	MCLR Pin Function Select
  1542                           ;	MCLRE = ON, MCLR/VPP pin function is MCLR
  1543                           ;	Flash Program Memory Code Protection
  1544                           ;	CP = OFF, Program memory code protection is disabled
  1545                           ;	Data Memory Code Protection
  1546                           ;	CPD = OFF, Data memory code protection is disabled
  1547                           ;	Brown-out Reset Enable
  1548                           ;	BOREN = ON, Brown-out Reset enabled
  1549                           ;	Clock Out Enable
  1550                           ;	CLKOUTEN = OFF, CLKOUT function is disabled. I/O or oscillator function on the CLKOUT 
      +                          pin
  1551                           ;	Internal/External Switchover
  1552                           ;	IESO = ON, Internal/External Switchover mode is enabled
  1553                           ;	Fail-Safe Clock Monitor Enable
  1554                           ;	FCMEN = ON, Fail-Safe Clock Monitor is enabled
  1555  8007                     	org	32775
  1556  8007  3FE4               	dw	16356
  1557                           
  1558                           ;Config register CONFIG2 @ 0x8008
  1559                           ;	Flash Memory Self-Write Protection
  1560                           ;	WRT = OFF, Write protection off
  1561                           ;	PLL Enable
  1562                           ;	PLLEN = OFF, 4x PLL disabled
  1563                           ;	Stack Overflow/Underflow Reset Enable
  1564                           ;	STVREN = ON, Stack Overflow or Underflow will cause a Reset
  1565                           ;	Brown-out Reset Voltage Selection
  1566                           ;	BORV = LO, Brown-out Reset Voltage (Vbor), low trip point selected.
  1567                           ;	Low-Voltage Programming Enable
  1568                           ;	LVP = ON, Low-voltage programming enabled
  1569  8008                     	org	32776
  1570  8008  3EFF               	dw	16127

Data Sizes:
    Strings     0
    Constant    0
    Data        0
    BSS         0
    Persistent  32
    Stack       0

Auto Spaces:
    Space          Size  Autos    Used
    COMMON           14      2       2
    BANK0            80      0       0
    BANK1            80      0       0
    BANK2            80      0       0
    BANK3            80      0       0
    BANK4            48      0       0

Pointer List with Targets:

    None.

Critical Paths under _main in COMMON

    None.

Critical Paths under _main in BANK0

    None.

Critical Paths under _main in BANK1

    None.

Critical Paths under _main in BANK2

    None.

Critical Paths under _main in BANK3

    None.

Critical Paths under _main in BANK4

    None.

Call Graph Tables:

 ---------------------------------------------------------------------------------
 (Depth) Function   	        Calls       Base Space   Used Autos Params    Refs
 ---------------------------------------------------------------------------------
 (0) _main                                                 2     2      0       0
                                              0 COMMON     2     2      0
                  _SYSTEM_Initialize
 ---------------------------------------------------------------------------------
 (1) _SYSTEM_Initialize                                    0     0      0       0
              _OSCILLATOR_Initialize
             _PIN_MANAGER_Initialize
                     _WDT_Initialize
 ---------------------------------------------------------------------------------
 (2) _WDT_Initialize                                       0     0      0       0
 ---------------------------------------------------------------------------------
 (2) _PIN_MANAGER_Initialize                               0     0      0       0
 ---------------------------------------------------------------------------------
 (2) _OSCILLATOR_Initialize                                0     0      0       0
 ---------------------------------------------------------------------------------
 Estimated maximum stack depth 2
 ---------------------------------------------------------------------------------

 Call Graph Graphs:

 _main (ROOT)
   _SYSTEM_Initialize
     _OSCILLATOR_Initialize
     _PIN_MANAGER_Initialize
     _WDT_Initialize

 Address spaces:
Name               Size   Autos  Total    Cost      Usage
BIGRAM             170      0       0       0        0.0%
EEDATA             100      0       0       0        0.0%
NULL                 0      0       0       0        0.0%
CODE                 0      0       0       0        0.0%
BITCOMMON            E      0       0       1        0.0%
BITSFR0              0      0       0       1        0.0%
SFR0                 0      0       0       1        0.0%
COMMON               E      2       2       2       14.3%
BITSFR1              0      0       0       2        0.0%
SFR1                 0      0       0       2        0.0%
BITSFR2              0      0       0       3        0.0%
SFR2                 0      0       0       3        0.0%
STACK                0      0       0       3        0.0%
BITSFR3              0      0       0       4        0.0%
SFR3                 0      0       0       4        0.0%
ABS                  0      0       0       4        0.0%
BITBANK0            50      0       0       5        0.0%
BITSFR4              0      0       0       5        0.0%
SFR4                 0      0       0       5        0.0%
BANK0               50      0       0       6        0.0%
BITSFR5              0      0       0       6        0.0%
SFR5                 0      0       0       6        0.0%
BITBANK1            50      0       0       7        0.0%
BITSFR6              0      0       0       7        0.0%
SFR6                 0      0       0       7        0.0%
BANK1               50      0       0       8        0.0%
BITSFR7              0      0       0       8        0.0%
SFR7                 0      0       0       8        0.0%
BITBANK2            50      0       0       9        0.0%
BITSFR8              0      0       0       9        0.0%
SFR8                 0      0       0       9        0.0%
BANK2               50      0       0      10        0.0%
BITSFR9              0      0       0      10        0.0%
SFR9                 0      0       0      10        0.0%
BITBANK3            50      0       0      11        0.0%
BITSFR10             0      0       0      11        0.0%
SFR10                0      0       0      11        0.0%
BANK3               50      0       0      12        0.0%
BITSFR11             0      0       0      12        0.0%
SFR11                0      0       0      12        0.0%
BITBANK4            30      0       0      13        0.0%
BITSFR12             0      0       0      13        0.0%
SFR12                0      0       0      13        0.0%
BANK4               30      0       0      14        0.0%
BITSFR13             0      0       0      14        0.0%
SFR13                0      0       0      14        0.0%
BITSFR14             0      0       0      15        0.0%
SFR14                0      0       0      15        0.0%
DATA                 0      0       0      15        0.0%
BITSFR15             0      0       0      16        0.0%
SFR15                0      0       0      16        0.0%
BITSFR16             0      0       0      17        0.0%
SFR16                0      0       0      17        0.0%
BITSFR17             0      0       0      18        0.0%
SFR17                0      0       0      18        0.0%
BITSFR18             0      0       0      19        0.0%
SFR18                0      0       0      19        0.0%
BITSFR19             0      0       0      20        0.0%
SFR19                0      0       0      20        0.0%
BITSFR20             0      0       0      21        0.0%
SFR20                0      0       0      21        0.0%
BITSFR21             0      0       0      22        0.0%
SFR21                0      0       0      22        0.0%
BITSFR22             0      0       0      23        0.0%
SFR22                0      0       0      23        0.0%
BITSFR23             0      0       0      24        0.0%
SFR23                0      0       0      24        0.0%
BITSFR24             0      0       0      25        0.0%
SFR24                0      0       0      25        0.0%
BITSFR25             0      0       0      26        0.0%
SFR25                0      0       0      26        0.0%
BITSFR26             0      0       0      27        0.0%
SFR26                0      0       0      27        0.0%
BITSFR27             0      0       0      28        0.0%
SFR27                0      0       0      28        0.0%
BITSFR28             0      0       0      29        0.0%
SFR28                0      0       0      29        0.0%
BITSFR29             0      0       0      30        0.0%
SFR29                0      0       0      30        0.0%
BITSFR30             0      0       0      31        0.0%
SFR30                0      0       0      31        0.0%
BITSFR31             0      0       0      32        0.0%
SFR31                0      0       0      32        0.0%


Microchip Technology PIC Macro Assembler V2.31 build 20201012212115 
Symbol Table                                                                                   Thu Sep 30 09:23:22 2021

                             l20 06BE                               l23 06B7                               l17 06C8  
                             l48 06DB                               l66 0727                               l67 073E  
                             l68 07C3                               l69 07CC                               u10 0723  
                             u11 0722                               u20 0727                               u21 0726  
                             u30 072B                               u31 072A                               u40 072F  
                             u41 072E                               u50 0733                               u51 0732  
                             u60 07AF                               u61 07AE                               u70 07B3  
                             u71 07B2                               u80 07B7                               u81 07B6  
                             u90 07C7                               u91 07C6                              l701 06DA  
                            l703 06B8                              l711 06BF                              l705 06BB  
                            l721 06EC                              l713 06DC                              l707 06BC  
                            l731 0707                              l723 06F3                              l715 06DF  
                            l709 06B4                              l741 0715                              l733 0709  
                            l725 06F6                              l717 06E2                              l751 072F  
                            l743 0717                              l735 070B                              l727 06FD  
                            l719 06E9                              l761 0775                              l753 0733  
                            l745 071E                              l737 0712                              l729 0700  
                            l691 06D2                              l683 06C9                              l771 07B3  
                            l763 0780                              l755 0741                              l747 0723  
                            l739 0714                              l693 06D3                              l685 06CC  
                            l781 07EC                              l773 07B7                              l765 0782  
                            l757 0742                              l749 072B                              l695 06D5  
                            l687 06CF                              l783 07EE                              l775 07C7  
                            l767 07AA                              l759 074C                              l697 06D6  
                            l689 06D0                              l785 07F8                              l769 07AF  
                            l699 06D8                              l779 07CF                              u100 07CB  
                            u101 07CA                              u117 06E5                              u207 075D  
                            u127 06EF                              u217 0767                              u137 06F9  
                            u307 07DE                              u227 0771                              u147 0703  
                            u317 07E8                              u237 077C                              u157 070E  
                            u327 07F4                              u247 0788                              u167 071A  
                            u257 0792                              u177 0738                              u267 079C  
                            u187 0748                              u277 07A6                              u197 0753  
                            u287 07BC                              u297 07D4                              wreg 0009  
                           _LATA 010C                             _LATB 010D                             _WPUA 020C  
                           _WPUB 020D                             _main 06DC                             btemp 007E  
                           start 0002   __size_of_OSCILLATOR_Initialize 0007    __end_of_OSCILLATOR_Initialize 06BF  
                          ?_main 0070                            _PORTB 000D                            _TRISA 008C  
                          _TRISB 008D                   _WDT_Initialize 06B4                            wtemp0 007E  
                __initialization 07FD                     __end_of_main 07FD                           ??_main 0070  
         __end_of_WDT_Initialize 06B8                           _ANSELA 018C                           _ANSELB 018D  
                         _BORCON 0116                           _OSCCON 0099                           _WDTCON 0097  
                ?_WDT_Initialize 0070                _SYSTEM_Initialize 06BF          __end_of__initialization 07FD  
             ?_SYSTEM_Initialize 0070                   __pcstackCOMMON 0070              ??_SYSTEM_Initialize 0070  
                 _OPTION_REGbits 0095        __end_of_SYSTEM_Initialize 06C9                       __pmaintext 06DC  
                        _APFCON0 011D                          _APFCON1 011E                          _OSCTUNE 0098  
                        __ptext1 06BF                          __ptext2 06B4                          __ptext3 06C9  
                        __ptext4 06B8            _OSCILLATOR_Initialize 06B8         ??_PIN_MANAGER_Initialize 0070  
     __size_of_SYSTEM_Initialize 000A             end_of_initialization 07FD                 ??_WDT_Initialize 0070  
                      _PORTAbits 000C           ?_OSCILLATOR_Initialize 0070              start_initialization 07FD  
__size_of_PIN_MANAGER_Initialize 0013                        ___latbits 0001           _PIN_MANAGER_Initialize 06C9  
        ??_OSCILLATOR_Initialize 0070                    __size_of_main 0121          __size_of_WDT_Initialize 0004  
        ?_PIN_MANAGER_Initialize 0070   __end_of_PIN_MANAGER_Initialize 06DC  
